[0017] 2020-03-09 01:38:23 INFO  > :thinking_face: Starting experiment 0017_xgboost.small
[0017] 2020-03-09 01:38:23 INFO  > Options indicated: Namespace(nomsg=True, seed=42, small=True, version='0017')
[0017] 2020-03-09 01:38:24 INFO  > Start main
[0017] 2020-03-09 01:38:24 INFO  > Start Preprocess
[0017] 2020-03-09 01:38:27 DEBUG > Loaded feature cdeotte
[0017] 2020-03-09 01:38:28 DEBUG > train.shape: (591, 292), test.shape: (507, 291)
[0017] 2020-03-09 01:38:28 INFO  > End   Preprocess: [elapsed] >> 00:00:04
[0017] 2020-03-09 01:38:28 INFO  > Start Tune hyper params
[0017] 2020-03-09 01:38:28 DEBUG > Start ModelFactory.create
[0017] 2020-03-09 01:38:28 DEBUG > Creating model xgboost
[0017] 2020-03-09 01:38:28 DEBUG > Start XGBoost.__init__
[0017] 2020-03-09 01:38:28 DEBUG > End   XGBoost.__init__: [elapsed] >> 00:00:00
[0017] 2020-03-09 01:38:28 DEBUG > End   ModelFactory.create: [elapsed] >> 00:00:00
[0017] 2020-03-09 01:38:28 INFO  > Fold 1 withholding month 12
[0017] 2020-03-09 01:38:28 INFO  > rows of train= 463, rows of holdout= 128
[0017] 2020-03-09 01:38:28 DEBUG > Start XGBoost.train
[0017] 2020-03-09 01:38:29 DEBUG > Start ModelFactory.create
[0017] 2020-03-09 01:38:29 DEBUG > Creating model xgboost
[0017] 2020-03-09 01:38:29 DEBUG > Start XGBoost.__init__
[0017] 2020-03-09 01:38:29 DEBUG > End   XGBoost.__init__: [elapsed] >> 00:00:00
[0017] 2020-03-09 01:38:29 DEBUG > End   ModelFactory.create: [elapsed] >> 00:00:00
[0017] 2020-03-09 01:38:29 INFO  > Fold 1 withholding month 12
[0017] 2020-03-09 01:38:29 INFO  > rows of train= 463, rows of holdout= 128
[0017] 2020-03-09 01:38:29 DEBUG > Start XGBoost.train
[0017] 2020-03-09 01:38:29 DEBUG > Start ModelFactory.create
[0017] 2020-03-09 01:38:29 DEBUG > Creating model xgboost
[0017] 2020-03-09 01:38:29 DEBUG > Start XGBoost.__init__
[0017] 2020-03-09 01:38:29 DEBUG > End   XGBoost.__init__: [elapsed] >> 00:00:00
[0017] 2020-03-09 01:38:29 DEBUG > End   ModelFactory.create: [elapsed] >> 00:00:00
[0017] 2020-03-09 01:38:29 INFO  > Fold 1 withholding month 12
[0017] 2020-03-09 01:38:29 INFO  > rows of train= 463, rows of holdout= 128
[0017] 2020-03-09 01:38:29 DEBUG > Start XGBoost.train
[0017] 2020-03-09 01:38:30 DEBUG > Start ModelFactory.create
[0017] 2020-03-09 01:38:30 DEBUG > Creating model xgboost
[0017] 2020-03-09 01:38:30 DEBUG > Start XGBoost.__init__
[0017] 2020-03-09 01:38:30 DEBUG > End   XGBoost.__init__: [elapsed] >> 00:00:00
[0017] 2020-03-09 01:38:30 DEBUG > End   ModelFactory.create: [elapsed] >> 00:00:00
[0017] 2020-03-09 01:38:30 INFO  > Fold 1 withholding month 12
[0017] 2020-03-09 01:38:30 INFO  > rows of train= 463, rows of holdout= 128
[0017] 2020-03-09 01:38:30 DEBUG > Start XGBoost.train
[0017] 2020-03-09 01:38:31 DEBUG > Start ModelFactory.create
[0017] 2020-03-09 01:38:31 DEBUG > Creating model xgboost
[0017] 2020-03-09 01:38:31 DEBUG > Start XGBoost.__init__
[0017] 2020-03-09 01:38:31 DEBUG > End   XGBoost.__init__: [elapsed] >> 00:00:00
[0017] 2020-03-09 01:38:31 DEBUG > End   ModelFactory.create: [elapsed] >> 00:00:00
[0017] 2020-03-09 01:38:31 INFO  > Fold 1 withholding month 12
[0017] 2020-03-09 01:38:31 INFO  > rows of train= 463, rows of holdout= 128
[0017] 2020-03-09 01:38:31 DEBUG > Start XGBoost.train
[0017] 2020-03-09 01:38:31 DEBUG > Best trial: 10
[0017] 2020-03-09 01:38:31 DEBUG > Best score: 0.7627498530276308
[0017] 2020-03-09 01:38:31 DEBUG > Best params: {'max_depth': 7, 'min_child_weight': 0.005377953170214886, 'min_data_in_leaf': 159, 'reg_alpha': 0.06699540120140125, 'reg_lambda': 0.4514916662266483}
[0017] 2020-03-09 01:38:31 INFO  > End   Tune hyper params: [elapsed] >> 00:00:02
[0017] 2020-03-09 01:38:31 INFO  > End   main: [elapsed] >> 00:00:07
[0017] 2020-03-09 01:38:31 INFO  > :sunglasses: Finished experiment 0017.small
