[0019] 2020-03-15 17:01:22 INFO  > :thinking_face: Starting experiment 0019_catboost.small
[0019] 2020-03-15 17:01:22 INFO  > Options indicated: Namespace(nomsg=True, seed=42, small=True, version='0019')
[0019] 2020-03-15 17:01:22 INFO  > Start main
[0019] 2020-03-15 17:01:22 INFO  > Start Preprocess
[0019] 2020-03-15 17:01:25 DEBUG > Loaded feature cdeotte
[0019] 2020-03-15 17:01:26 DEBUG > train.shape: (591, 292), test.shape: (507, 291)
[0019] 2020-03-15 17:01:26 INFO  > End   Preprocess: [elapsed] >> 00:00:04
[0019] 2020-03-15 17:01:26 INFO  > Start Tune hyper params
[0019] 2020-03-15 17:01:27 DEBUG > Start ModelFactory.create
[0019] 2020-03-15 17:01:27 DEBUG > Creating model catboost
[0019] 2020-03-15 17:01:27 DEBUG > Start CatBoost.__init__
[0019] 2020-03-15 17:01:27 DEBUG > End   CatBoost.__init__: [elapsed] >> 00:00:00
[0019] 2020-03-15 17:01:27 DEBUG > End   ModelFactory.create: [elapsed] >> 00:00:00
[0019] 2020-03-15 17:01:27 INFO  > Fold 1 withholding month 12
[0019] 2020-03-15 17:01:27 INFO  > rows of train= 463, rows of holdout= 128
[0019] 2020-03-15 17:01:27 DEBUG > Start CatBoost.train
[0019] 2020-03-15 17:01:30 DEBUG > End   CatBoost.train: [elapsed] >> 00:00:03
[0019] 2020-03-15 17:01:30 DEBUG > Start CatBoost.predict
[0019] 2020-03-15 17:01:30 DEBUG > End   CatBoost.predict: [elapsed] >> 00:00:00
[0019] 2020-03-15 17:01:30 DEBUG > Start CatBoost.predict
[0019] 2020-03-15 17:01:30 DEBUG > End   CatBoost.predict: [elapsed] >> 00:00:00
[0019] 2020-03-15 17:01:30 DEBUG > Start BaseModel.save
[0019] 2020-03-15 17:01:30 DEBUG > End   BaseModel.save: [elapsed] >> 00:00:00
[0019] 2020-03-15 17:01:30 DEBUG > Start ModelFactory.create
[0019] 2020-03-15 17:01:30 DEBUG > Creating model catboost
[0019] 2020-03-15 17:01:30 DEBUG > Start CatBoost.__init__
[0019] 2020-03-15 17:01:30 DEBUG > End   CatBoost.__init__: [elapsed] >> 00:00:00
[0019] 2020-03-15 17:01:30 DEBUG > End   ModelFactory.create: [elapsed] >> 00:00:00
[0019] 2020-03-15 17:01:30 INFO  > Fold 2 withholding month 15
[0019] 2020-03-15 17:01:30 INFO  > rows of train= 482, rows of holdout= 109
[0019] 2020-03-15 17:01:30 DEBUG > Start CatBoost.train
[0019] 2020-03-15 17:01:32 DEBUG > End   CatBoost.train: [elapsed] >> 00:00:01
[0019] 2020-03-15 17:01:32 DEBUG > Start CatBoost.predict
[0019] 2020-03-15 17:01:32 DEBUG > End   CatBoost.predict: [elapsed] >> 00:00:00
[0019] 2020-03-15 17:01:32 DEBUG > Start CatBoost.predict
[0019] 2020-03-15 17:01:32 DEBUG > End   CatBoost.predict: [elapsed] >> 00:00:00
[0019] 2020-03-15 17:01:32 DEBUG > Start BaseModel.save
[0019] 2020-03-15 17:01:32 DEBUG > End   BaseModel.save: [elapsed] >> 00:00:00
[0019] 2020-03-15 17:01:32 DEBUG > Start ModelFactory.create
[0019] 2020-03-15 17:01:32 DEBUG > Creating model catboost
[0019] 2020-03-15 17:01:32 DEBUG > Start CatBoost.__init__
[0019] 2020-03-15 17:01:32 DEBUG > End   CatBoost.__init__: [elapsed] >> 00:00:00
[0019] 2020-03-15 17:01:32 DEBUG > End   ModelFactory.create: [elapsed] >> 00:00:00
[0019] 2020-03-15 17:01:32 INFO  > Fold 3 withholding month 13
[0019] 2020-03-15 17:01:32 INFO  > rows of train= 499, rows of holdout= 92
[0019] 2020-03-15 17:01:32 DEBUG > Start CatBoost.train
[0019] 2020-03-15 17:01:34 DEBUG > End   CatBoost.train: [elapsed] >> 00:00:01
[0019] 2020-03-15 17:01:34 DEBUG > Start CatBoost.predict
[0019] 2020-03-15 17:01:34 DEBUG > End   CatBoost.predict: [elapsed] >> 00:00:00
[0019] 2020-03-15 17:01:34 DEBUG > Start CatBoost.predict
[0019] 2020-03-15 17:01:34 DEBUG > End   CatBoost.predict: [elapsed] >> 00:00:00
[0019] 2020-03-15 17:01:34 DEBUG > Start BaseModel.save
[0019] 2020-03-15 17:01:34 DEBUG > End   BaseModel.save: [elapsed] >> 00:00:00
[0019] 2020-03-15 17:01:34 DEBUG > Start ModelFactory.create
[0019] 2020-03-15 17:01:34 DEBUG > Creating model catboost
[0019] 2020-03-15 17:01:34 DEBUG > Start CatBoost.__init__
[0019] 2020-03-15 17:01:34 DEBUG > End   CatBoost.__init__: [elapsed] >> 00:00:00
[0019] 2020-03-15 17:01:34 DEBUG > End   ModelFactory.create: [elapsed] >> 00:00:00
[0019] 2020-03-15 17:01:34 INFO  > Fold 4 withholding month 17
[0019] 2020-03-15 17:01:34 INFO  > rows of train= 501, rows of holdout= 90
[0019] 2020-03-15 17:01:34 DEBUG > Start CatBoost.train
[0019] 2020-03-15 17:01:37 DEBUG > End   CatBoost.train: [elapsed] >> 00:00:02
[0019] 2020-03-15 17:01:37 DEBUG > Start CatBoost.predict
[0019] 2020-03-15 17:01:37 DEBUG > End   CatBoost.predict: [elapsed] >> 00:00:00
[0019] 2020-03-15 17:01:37 DEBUG > Start CatBoost.predict
[0019] 2020-03-15 17:01:37 DEBUG > End   CatBoost.predict: [elapsed] >> 00:00:00
[0019] 2020-03-15 17:01:37 DEBUG > Start BaseModel.save
[0019] 2020-03-15 17:01:37 DEBUG > End   BaseModel.save: [elapsed] >> 00:00:00
[0019] 2020-03-15 17:01:37 DEBUG > Start ModelFactory.create
[0019] 2020-03-15 17:01:37 DEBUG > Creating model catboost
[0019] 2020-03-15 17:01:37 DEBUG > Start CatBoost.__init__
[0019] 2020-03-15 17:01:37 DEBUG > End   CatBoost.__init__: [elapsed] >> 00:00:00
[0019] 2020-03-15 17:01:37 DEBUG > End   ModelFactory.create: [elapsed] >> 00:00:00
[0019] 2020-03-15 17:01:37 INFO  > Fold 5 withholding month 14
[0019] 2020-03-15 17:01:37 INFO  > rows of train= 503, rows of holdout= 88
[0019] 2020-03-15 17:01:37 DEBUG > Start CatBoost.train
[0019] 2020-03-15 17:01:39 DEBUG > End   CatBoost.train: [elapsed] >> 00:00:01
[0019] 2020-03-15 17:01:39 DEBUG > Start CatBoost.predict
[0019] 2020-03-15 17:01:39 DEBUG > End   CatBoost.predict: [elapsed] >> 00:00:00
[0019] 2020-03-15 17:01:39 DEBUG > Start CatBoost.predict
[0019] 2020-03-15 17:01:39 DEBUG > End   CatBoost.predict: [elapsed] >> 00:00:00
[0019] 2020-03-15 17:01:39 DEBUG > Start BaseModel.save
[0019] 2020-03-15 17:01:39 DEBUG > End   BaseModel.save: [elapsed] >> 00:00:00
[0019] 2020-03-15 17:01:39 DEBUG > Start ModelFactory.create
[0019] 2020-03-15 17:01:39 DEBUG > Creating model catboost
[0019] 2020-03-15 17:01:39 DEBUG > Start CatBoost.__init__
[0019] 2020-03-15 17:01:39 DEBUG > End   CatBoost.__init__: [elapsed] >> 00:00:00
[0019] 2020-03-15 17:01:39 DEBUG > End   ModelFactory.create: [elapsed] >> 00:00:00
[0019] 2020-03-15 17:01:39 INFO  > Fold 6 withholding month 16
[0019] 2020-03-15 17:01:39 INFO  > rows of train= 507, rows of holdout= 84
[0019] 2020-03-15 17:01:39 DEBUG > Start CatBoost.train
[0019] 2020-03-15 17:01:40 DEBUG > End   CatBoost.train: [elapsed] >> 00:00:01
[0019] 2020-03-15 17:01:40 DEBUG > Start CatBoost.predict
[0019] 2020-03-15 17:01:40 DEBUG > End   CatBoost.predict: [elapsed] >> 00:00:00
[0019] 2020-03-15 17:01:40 DEBUG > Start CatBoost.predict
[0019] 2020-03-15 17:01:40 DEBUG > End   CatBoost.predict: [elapsed] >> 00:00:00
[0019] 2020-03-15 17:01:40 DEBUG > Start BaseModel.save
[0019] 2020-03-15 17:01:40 DEBUG > End   BaseModel.save: [elapsed] >> 00:00:00
[0019] 2020-03-15 17:01:40 INFO  > Fold 6 OOF cv= 0.662147266313933
[0019] 2020-03-15 17:01:40 DEBUG > Start ModelFactory.create
[0019] 2020-03-15 17:01:40 DEBUG > Creating model catboost
[0019] 2020-03-15 17:01:40 DEBUG > Start CatBoost.__init__
[0019] 2020-03-15 17:01:40 DEBUG > End   CatBoost.__init__: [elapsed] >> 00:00:00
[0019] 2020-03-15 17:01:40 DEBUG > End   ModelFactory.create: [elapsed] >> 00:00:00
[0019] 2020-03-15 17:01:40 INFO  > Fold 1 withholding month 12
[0019] 2020-03-15 17:01:40 INFO  > rows of train= 463, rows of holdout= 128
[0019] 2020-03-15 17:01:40 DEBUG > Start CatBoost.train
[0019] 2020-03-15 17:01:47 DEBUG > End   CatBoost.train: [elapsed] >> 00:00:06
[0019] 2020-03-15 17:01:47 DEBUG > Start CatBoost.predict
[0019] 2020-03-15 17:01:47 DEBUG > End   CatBoost.predict: [elapsed] >> 00:00:00
[0019] 2020-03-15 17:01:47 DEBUG > Start CatBoost.predict
[0019] 2020-03-15 17:01:47 DEBUG > End   CatBoost.predict: [elapsed] >> 00:00:00
[0019] 2020-03-15 17:01:47 DEBUG > Start BaseModel.save
[0019] 2020-03-15 17:01:47 DEBUG > End   BaseModel.save: [elapsed] >> 00:00:00
[0019] 2020-03-15 17:01:47 DEBUG > Start ModelFactory.create
[0019] 2020-03-15 17:01:47 DEBUG > Creating model catboost
[0019] 2020-03-15 17:01:47 DEBUG > Start CatBoost.__init__
[0019] 2020-03-15 17:01:47 DEBUG > End   CatBoost.__init__: [elapsed] >> 00:00:00
[0019] 2020-03-15 17:01:47 DEBUG > End   ModelFactory.create: [elapsed] >> 00:00:00
[0019] 2020-03-15 17:01:47 INFO  > Fold 2 withholding month 15
[0019] 2020-03-15 17:01:47 INFO  > rows of train= 482, rows of holdout= 109
[0019] 2020-03-15 17:01:47 DEBUG > Start CatBoost.train
[0019] 2020-03-15 17:01:54 DEBUG > End   CatBoost.train: [elapsed] >> 00:00:07
[0019] 2020-03-15 17:01:54 DEBUG > Start CatBoost.predict
[0019] 2020-03-15 17:01:54 DEBUG > End   CatBoost.predict: [elapsed] >> 00:00:00
[0019] 2020-03-15 17:01:54 DEBUG > Start CatBoost.predict
[0019] 2020-03-15 17:01:54 DEBUG > End   CatBoost.predict: [elapsed] >> 00:00:00
[0019] 2020-03-15 17:01:54 DEBUG > Start BaseModel.save
[0019] 2020-03-15 17:01:54 DEBUG > End   BaseModel.save: [elapsed] >> 00:00:00
[0019] 2020-03-15 17:01:54 DEBUG > Start ModelFactory.create
[0019] 2020-03-15 17:01:54 DEBUG > Creating model catboost
[0019] 2020-03-15 17:01:54 DEBUG > Start CatBoost.__init__
[0019] 2020-03-15 17:01:54 DEBUG > End   CatBoost.__init__: [elapsed] >> 00:00:00
[0019] 2020-03-15 17:01:54 DEBUG > End   ModelFactory.create: [elapsed] >> 00:00:00
[0019] 2020-03-15 17:01:54 INFO  > Fold 3 withholding month 13
[0019] 2020-03-15 17:01:54 INFO  > rows of train= 499, rows of holdout= 92
[0019] 2020-03-15 17:01:54 DEBUG > Start CatBoost.train
[0019] 2020-03-15 17:02:01 DEBUG > End   CatBoost.train: [elapsed] >> 00:00:06
[0019] 2020-03-15 17:02:01 DEBUG > Start CatBoost.predict
[0019] 2020-03-15 17:02:01 DEBUG > End   CatBoost.predict: [elapsed] >> 00:00:00
[0019] 2020-03-15 17:02:01 DEBUG > Start CatBoost.predict
[0019] 2020-03-15 17:02:01 DEBUG > End   CatBoost.predict: [elapsed] >> 00:00:00
[0019] 2020-03-15 17:02:01 DEBUG > Start BaseModel.save
[0019] 2020-03-15 17:02:01 DEBUG > End   BaseModel.save: [elapsed] >> 00:00:00
[0019] 2020-03-15 17:02:01 DEBUG > Start ModelFactory.create
[0019] 2020-03-15 17:02:01 DEBUG > Creating model catboost
[0019] 2020-03-15 17:02:01 DEBUG > Start CatBoost.__init__
[0019] 2020-03-15 17:02:01 DEBUG > End   CatBoost.__init__: [elapsed] >> 00:00:00
[0019] 2020-03-15 17:02:01 DEBUG > End   ModelFactory.create: [elapsed] >> 00:00:00
[0019] 2020-03-15 17:02:01 INFO  > Fold 4 withholding month 17
[0019] 2020-03-15 17:02:01 INFO  > rows of train= 501, rows of holdout= 90
[0019] 2020-03-15 17:02:01 DEBUG > Start CatBoost.train
[0019] 2020-03-15 17:02:06 DEBUG > End   CatBoost.train: [elapsed] >> 00:00:04
[0019] 2020-03-15 17:02:06 DEBUG > Start CatBoost.predict
[0019] 2020-03-15 17:02:06 DEBUG > End   CatBoost.predict: [elapsed] >> 00:00:00
[0019] 2020-03-15 17:02:06 DEBUG > Start CatBoost.predict
[0019] 2020-03-15 17:02:06 DEBUG > End   CatBoost.predict: [elapsed] >> 00:00:00
[0019] 2020-03-15 17:02:06 DEBUG > Start BaseModel.save
[0019] 2020-03-15 17:02:06 DEBUG > End   BaseModel.save: [elapsed] >> 00:00:00
[0019] 2020-03-15 17:02:06 DEBUG > Start ModelFactory.create
[0019] 2020-03-15 17:02:06 DEBUG > Creating model catboost
[0019] 2020-03-15 17:02:06 DEBUG > Start CatBoost.__init__
[0019] 2020-03-15 17:02:06 DEBUG > End   CatBoost.__init__: [elapsed] >> 00:00:00
[0019] 2020-03-15 17:02:06 DEBUG > End   ModelFactory.create: [elapsed] >> 00:00:00
[0019] 2020-03-15 17:02:06 INFO  > Fold 5 withholding month 14
[0019] 2020-03-15 17:02:06 INFO  > rows of train= 503, rows of holdout= 88
[0019] 2020-03-15 17:02:06 DEBUG > Start CatBoost.train
[0019] 2020-03-15 17:02:15 DEBUG > End   CatBoost.train: [elapsed] >> 00:00:09
[0019] 2020-03-15 17:02:15 DEBUG > Start CatBoost.predict
[0019] 2020-03-15 17:02:15 DEBUG > End   CatBoost.predict: [elapsed] >> 00:00:00
[0019] 2020-03-15 17:02:15 DEBUG > Start CatBoost.predict
[0019] 2020-03-15 17:02:15 DEBUG > End   CatBoost.predict: [elapsed] >> 00:00:00
[0019] 2020-03-15 17:02:15 DEBUG > Start BaseModel.save
[0019] 2020-03-15 17:02:15 DEBUG > End   BaseModel.save: [elapsed] >> 00:00:00
[0019] 2020-03-15 17:02:15 DEBUG > Start ModelFactory.create
[0019] 2020-03-15 17:02:15 DEBUG > Creating model catboost
[0019] 2020-03-15 17:02:15 DEBUG > Start CatBoost.__init__
[0019] 2020-03-15 17:02:15 DEBUG > End   CatBoost.__init__: [elapsed] >> 00:00:00
[0019] 2020-03-15 17:02:15 DEBUG > End   ModelFactory.create: [elapsed] >> 00:00:00
[0019] 2020-03-15 17:02:15 INFO  > Fold 6 withholding month 16
[0019] 2020-03-15 17:02:15 INFO  > rows of train= 507, rows of holdout= 84
[0019] 2020-03-15 17:02:15 DEBUG > Start CatBoost.train
[0019] 2020-03-15 17:02:24 DEBUG > End   CatBoost.train: [elapsed] >> 00:00:09
[0019] 2020-03-15 17:02:24 DEBUG > Start CatBoost.predict
[0019] 2020-03-15 17:02:24 DEBUG > End   CatBoost.predict: [elapsed] >> 00:00:00
[0019] 2020-03-15 17:02:24 DEBUG > Start CatBoost.predict
[0019] 2020-03-15 17:02:24 DEBUG > End   CatBoost.predict: [elapsed] >> 00:00:00
[0019] 2020-03-15 17:02:24 DEBUG > Start BaseModel.save
[0019] 2020-03-15 17:02:24 DEBUG > End   BaseModel.save: [elapsed] >> 00:00:00
[0019] 2020-03-15 17:02:24 INFO  > Fold 6 OOF cv= 0.5866034685479131
[0019] 2020-03-15 17:02:24 DEBUG > Start ModelFactory.create
[0019] 2020-03-15 17:02:24 DEBUG > Creating model catboost
[0019] 2020-03-15 17:02:24 DEBUG > Start CatBoost.__init__
[0019] 2020-03-15 17:02:24 DEBUG > End   CatBoost.__init__: [elapsed] >> 00:00:00
[0019] 2020-03-15 17:02:24 DEBUG > End   ModelFactory.create: [elapsed] >> 00:00:00
[0019] 2020-03-15 17:02:24 INFO  > Fold 1 withholding month 12
[0019] 2020-03-15 17:02:24 INFO  > rows of train= 463, rows of holdout= 128
[0019] 2020-03-15 17:02:24 DEBUG > Start CatBoost.train
[0019] 2020-03-15 17:02:42 DEBUG > End   CatBoost.train: [elapsed] >> 00:00:17
[0019] 2020-03-15 17:02:42 DEBUG > Start CatBoost.predict
[0019] 2020-03-15 17:02:42 DEBUG > End   CatBoost.predict: [elapsed] >> 00:00:00
[0019] 2020-03-15 17:02:42 DEBUG > Start CatBoost.predict
[0019] 2020-03-15 17:02:42 DEBUG > End   CatBoost.predict: [elapsed] >> 00:00:00
[0019] 2020-03-15 17:02:42 DEBUG > Start BaseModel.save
[0019] 2020-03-15 17:02:42 DEBUG > End   BaseModel.save: [elapsed] >> 00:00:00
[0019] 2020-03-15 17:02:42 DEBUG > Start ModelFactory.create
[0019] 2020-03-15 17:02:42 DEBUG > Creating model catboost
[0019] 2020-03-15 17:02:42 DEBUG > Start CatBoost.__init__
[0019] 2020-03-15 17:02:42 DEBUG > End   CatBoost.__init__: [elapsed] >> 00:00:00
[0019] 2020-03-15 17:02:42 DEBUG > End   ModelFactory.create: [elapsed] >> 00:00:00
[0019] 2020-03-15 17:02:42 INFO  > Fold 2 withholding month 15
[0019] 2020-03-15 17:02:42 INFO  > rows of train= 482, rows of holdout= 109
[0019] 2020-03-15 17:02:42 DEBUG > Start CatBoost.train
[0019] 2020-03-15 17:03:00 DEBUG > End   CatBoost.train: [elapsed] >> 00:00:18
[0019] 2020-03-15 17:03:00 DEBUG > Start CatBoost.predict
[0019] 2020-03-15 17:03:00 DEBUG > End   CatBoost.predict: [elapsed] >> 00:00:00
[0019] 2020-03-15 17:03:00 DEBUG > Start CatBoost.predict
[0019] 2020-03-15 17:03:00 DEBUG > End   CatBoost.predict: [elapsed] >> 00:00:00
[0019] 2020-03-15 17:03:00 DEBUG > Start BaseModel.save
[0019] 2020-03-15 17:03:00 DEBUG > End   BaseModel.save: [elapsed] >> 00:00:00
[0019] 2020-03-15 17:03:00 DEBUG > Start ModelFactory.create
[0019] 2020-03-15 17:03:00 DEBUG > Creating model catboost
[0019] 2020-03-15 17:03:00 DEBUG > Start CatBoost.__init__
[0019] 2020-03-15 17:03:00 DEBUG > End   CatBoost.__init__: [elapsed] >> 00:00:00
[0019] 2020-03-15 17:03:00 DEBUG > End   ModelFactory.create: [elapsed] >> 00:00:00
[0019] 2020-03-15 17:03:00 INFO  > Fold 3 withholding month 13
[0019] 2020-03-15 17:03:00 INFO  > rows of train= 499, rows of holdout= 92
[0019] 2020-03-15 17:03:00 DEBUG > Start CatBoost.train
[0019] 2020-03-15 17:03:18 DEBUG > End   CatBoost.train: [elapsed] >> 00:00:17
[0019] 2020-03-15 17:03:18 DEBUG > Start CatBoost.predict
[0019] 2020-03-15 17:03:18 DEBUG > End   CatBoost.predict: [elapsed] >> 00:00:00
[0019] 2020-03-15 17:03:18 DEBUG > Start CatBoost.predict
[0019] 2020-03-15 17:03:18 DEBUG > End   CatBoost.predict: [elapsed] >> 00:00:00
[0019] 2020-03-15 17:03:18 DEBUG > Start BaseModel.save
[0019] 2020-03-15 17:03:18 DEBUG > End   BaseModel.save: [elapsed] >> 00:00:00
[0019] 2020-03-15 17:03:18 DEBUG > Start ModelFactory.create
[0019] 2020-03-15 17:03:18 DEBUG > Creating model catboost
[0019] 2020-03-15 17:03:18 DEBUG > Start CatBoost.__init__
[0019] 2020-03-15 17:03:18 DEBUG > End   CatBoost.__init__: [elapsed] >> 00:00:00
[0019] 2020-03-15 17:03:18 DEBUG > End   ModelFactory.create: [elapsed] >> 00:00:00
[0019] 2020-03-15 17:03:18 INFO  > Fold 4 withholding month 17
[0019] 2020-03-15 17:03:18 INFO  > rows of train= 501, rows of holdout= 90
[0019] 2020-03-15 17:03:18 DEBUG > Start CatBoost.train
[0019] 2020-03-15 17:03:36 DEBUG > End   CatBoost.train: [elapsed] >> 00:00:18
[0019] 2020-03-15 17:03:36 DEBUG > Start CatBoost.predict
[0019] 2020-03-15 17:03:36 DEBUG > End   CatBoost.predict: [elapsed] >> 00:00:00
[0019] 2020-03-15 17:03:36 DEBUG > Start CatBoost.predict
[0019] 2020-03-15 17:03:36 DEBUG > End   CatBoost.predict: [elapsed] >> 00:00:00
[0019] 2020-03-15 17:03:36 DEBUG > Start BaseModel.save
[0019] 2020-03-15 17:03:36 DEBUG > End   BaseModel.save: [elapsed] >> 00:00:00
[0019] 2020-03-15 17:03:36 DEBUG > Start ModelFactory.create
[0019] 2020-03-15 17:03:36 DEBUG > Creating model catboost
[0019] 2020-03-15 17:03:36 DEBUG > Start CatBoost.__init__
[0019] 2020-03-15 17:03:36 DEBUG > End   CatBoost.__init__: [elapsed] >> 00:00:00
[0019] 2020-03-15 17:03:36 DEBUG > End   ModelFactory.create: [elapsed] >> 00:00:00
[0019] 2020-03-15 17:03:36 INFO  > Fold 5 withholding month 14
[0019] 2020-03-15 17:03:36 INFO  > rows of train= 503, rows of holdout= 88
[0019] 2020-03-15 17:03:36 DEBUG > Start CatBoost.train
[0019] 2020-03-15 17:03:46 DEBUG > End   CatBoost.train: [elapsed] >> 00:00:09
[0019] 2020-03-15 17:03:46 DEBUG > Start CatBoost.predict
[0019] 2020-03-15 17:03:46 DEBUG > End   CatBoost.predict: [elapsed] >> 00:00:00
[0019] 2020-03-15 17:03:46 DEBUG > Start CatBoost.predict
[0019] 2020-03-15 17:03:46 DEBUG > End   CatBoost.predict: [elapsed] >> 00:00:00
[0019] 2020-03-15 17:03:46 DEBUG > Start BaseModel.save
[0019] 2020-03-15 17:03:46 DEBUG > End   BaseModel.save: [elapsed] >> 00:00:00
[0019] 2020-03-15 17:03:46 DEBUG > Start ModelFactory.create
[0019] 2020-03-15 17:03:46 DEBUG > Creating model catboost
[0019] 2020-03-15 17:03:46 DEBUG > Start CatBoost.__init__
[0019] 2020-03-15 17:03:46 DEBUG > End   CatBoost.__init__: [elapsed] >> 00:00:00
[0019] 2020-03-15 17:03:46 DEBUG > End   ModelFactory.create: [elapsed] >> 00:00:00
[0019] 2020-03-15 17:03:46 INFO  > Fold 6 withholding month 16
[0019] 2020-03-15 17:03:46 INFO  > rows of train= 507, rows of holdout= 84
[0019] 2020-03-15 17:03:46 DEBUG > Start CatBoost.train
[0019] 2020-03-15 17:03:58 DEBUG > End   CatBoost.train: [elapsed] >> 00:00:12
[0019] 2020-03-15 17:03:58 DEBUG > Start CatBoost.predict
[0019] 2020-03-15 17:03:58 DEBUG > End   CatBoost.predict: [elapsed] >> 00:00:00
[0019] 2020-03-15 17:03:58 DEBUG > Start CatBoost.predict
[0019] 2020-03-15 17:03:58 DEBUG > End   CatBoost.predict: [elapsed] >> 00:00:00
[0019] 2020-03-15 17:03:58 DEBUG > Start BaseModel.save
[0019] 2020-03-15 17:03:58 DEBUG > End   BaseModel.save: [elapsed] >> 00:00:00
[0019] 2020-03-15 17:03:58 INFO  > Fold 6 OOF cv= 0.6874632569077014
[0019] 2020-03-15 17:03:59 DEBUG > Best trial: 2
[0019] 2020-03-15 17:03:59 DEBUG > Best score: 0.6874632569077014
[0019] 2020-03-15 17:03:59 DEBUG > Best params: {'max_depth': 8, 'reg_lambda': 0.01356154294861019}
[0019] 2020-03-15 17:03:59 INFO  > End   Tune hyper params: [elapsed] >> 00:02:32
[0019] 2020-03-15 17:03:59 INFO  > End   main: [elapsed] >> 00:02:36
[0019] 2020-03-15 17:03:59 INFO  > :sunglasses: Finished experiment 0019.small
