[0014] 2020-03-04 19:04:37 INFO  > :thinking_face: Starting experiment 0014_xgboost
[0014] 2020-03-04 19:04:37 INFO  > Options indicated: Namespace(nomsg=False, seed=42, small=False, version='0014')
[0014] 2020-03-04 19:04:38 INFO  > Start main
[0014] 2020-03-04 19:04:39 INFO  > Start Preprocess
[0014] 2020-03-04 19:04:46 DEBUG > Loaded feature cdeotte
[0014] 2020-03-04 19:04:46 DEBUG > train.shape: (590540, 292), test.shape: (506691, 291)
[0014] 2020-03-04 19:04:46 INFO  > End   Preprocess: [elapsed] >> 00:00:07
[0014] 2020-03-04 19:04:47 INFO  > Start Optimize
[0014] 2020-03-04 19:04:47 DEBUG > Skip optimization
[0014] 2020-03-04 19:04:47 INFO  > End   Optimize: [elapsed] >> 00:00:00
[0014] 2020-03-04 19:04:48 INFO  > Start Train
[0014] 2020-03-04 19:04:49 DEBUG > Now using the following 263 features.
[0014] 2020-03-04 19:04:49 DEBUG > ['TransactionAmt' 'ProductCD' 'card1' 'card2' 'card3' 'card5' 'card6'
 'addr1' 'addr2' 'dist1' 'dist2' 'P_emaildomain' 'R_emaildomain' 'C1' 'C2'
 'C4' 'C5' 'C6' 'C7' 'C8' 'C9' 'C10' 'C11' 'C12' 'C13' 'C14' 'D1' 'D2'
 'D3' 'D4' 'D5' 'D10' 'D11' 'D15' 'M1' 'M2' 'M3' 'M4' 'M6' 'M7' 'M8' 'M9'
 'V1' 'V3' 'V4' 'V6' 'V8' 'V11' 'V13' 'V14' 'V17' 'V20' 'V23' 'V26' 'V27'
 'V30' 'V36' 'V37' 'V40' 'V41' 'V44' 'V47' 'V48' 'V54' 'V56' 'V59' 'V62'
 'V65' 'V67' 'V68' 'V70' 'V76' 'V78' 'V80' 'V82' 'V86' 'V88' 'V89' 'V91'
 'V107' 'V108' 'V111' 'V115' 'V117' 'V120' 'V121' 'V123' 'V124' 'V127'
 'V129' 'V130' 'V136' 'V138' 'V139' 'V142' 'V147' 'V156' 'V160' 'V162'
 'V165' 'V166' 'V169' 'V171' 'V173' 'V175' 'V176' 'V178' 'V180' 'V182'
 'V185' 'V187' 'V188' 'V198' 'V203' 'V205' 'V207' 'V209' 'V210' 'V215'
 'V218' 'V220' 'V221' 'V223' 'V224' 'V226' 'V228' 'V229' 'V234' 'V235'
 'V238' 'V240' 'V250' 'V252' 'V253' 'V257' 'V258' 'V260' 'V261' 'V264'
 'V266' 'V267' 'V271' 'V274' 'V277' 'V281' 'V283' 'V284' 'V285' 'V286'
 'V289' 'V291' 'V294' 'V296' 'V297' 'V301' 'V303' 'V305' 'V307' 'V309'
 'V310' 'V314' 'V320' 'id_01' 'id_02' 'id_03' 'id_04' 'id_05' 'id_06'
 'id_09' 'id_10' 'id_11' 'id_12' 'id_13' 'id_15' 'id_16' 'id_17' 'id_18'
 'id_19' 'id_20' 'id_28' 'id_29' 'id_31' 'id_35' 'id_36' 'id_37' 'id_38'
 'DeviceType' 'DeviceInfo' 'cents' 'addr1_FE' 'card1_FE' 'card2_FE'
 'card3_FE' 'P_emaildomain_FE' 'card1_addr1' 'card1_addr1_P_emaildomain'
 'card1_addr1_FE' 'card1_addr1_P_emaildomain_FE'
 'TransactionAmt_card1_mean' 'TransactionAmt_card1_std'
 'TransactionAmt_card1_addr1_mean' 'TransactionAmt_card1_addr1_std'
 'TransactionAmt_card1_addr1_P_emaildomain_mean'
 'TransactionAmt_card1_addr1_P_emaildomain_std' 'D9_card1_mean'
 'D9_card1_std' 'D9_card1_addr1_mean' 'D9_card1_addr1_std'
 'D9_card1_addr1_P_emaildomain_mean' 'D9_card1_addr1_P_emaildomain_std'
 'D11_card1_mean' 'D11_card1_std' 'D11_card1_addr1_mean'
 'D11_card1_addr1_std' 'D11_card1_addr1_P_emaildomain_mean'
 'D11_card1_addr1_P_emaildomain_std' 'uid_FE' 'TransactionAmt_uid_mean'
 'TransactionAmt_uid_std' 'D4_uid_mean' 'D4_uid_std' 'D9_uid_mean'
 'D9_uid_std' 'D10_uid_mean' 'D10_uid_std' 'D15_uid_mean' 'D15_uid_std'
 'C1_uid_mean' 'C2_uid_mean' 'C4_uid_mean' 'C5_uid_mean' 'C6_uid_mean'
 'C7_uid_mean' 'C8_uid_mean' 'C9_uid_mean' 'C10_uid_mean' 'C11_uid_mean'
 'C12_uid_mean' 'C13_uid_mean' 'C14_uid_mean' 'M1_uid_mean' 'M2_uid_mean'
 'M3_uid_mean' 'M4_uid_mean' 'M5_uid_mean' 'M6_uid_mean' 'M7_uid_mean'
 'M8_uid_mean' 'M9_uid_mean' 'uid_P_emaildomain_ct' 'uid_dist1_ct'
 'uid_DT_M_ct' 'uid_id_02_ct' 'uid_cents_ct' 'C14_uid_std' 'uid_C13_ct'
 'uid_V314_ct' 'uid_V127_ct' 'uid_V136_ct' 'uid_V309_ct' 'uid_V307_ct'
 'uid_V320_ct' 'outsider15']
[0014] 2020-03-04 19:04:49 INFO  > Fold 1 withholding month 12
[0014] 2020-03-04 19:04:50 INFO  > rows of train =453219, rows of holdout =137321
[0014] 2020-03-04 19:04:50 DEBUG > Start ModelFactory.create
[0014] 2020-03-04 19:04:50 DEBUG > Creating model xgboost
[0014] 2020-03-04 19:04:50 DEBUG > Start XGBoost.__init__
[0014] 2020-03-04 19:04:50 DEBUG > End   XGBoost.__init__: [elapsed] >> 00:00:00
[0014] 2020-03-04 19:04:50 DEBUG > End   ModelFactory.create: [elapsed] >> 00:00:00
[0014] 2020-03-04 19:04:51 DEBUG > Start XGBoost.train
[0014] 2020-03-04 19:14:36 DEBUG > End   XGBoost.train: [elapsed] >> 00:09:44
[0014] 2020-03-04 19:14:37 DEBUG > Start XGBoost.predict
[0014] 2020-03-04 19:14:49 DEBUG > End   XGBoost.predict: [elapsed] >> 00:00:12
[0014] 2020-03-04 19:14:51 DEBUG > Start XGBoost.predict
[0014] 2020-03-04 19:15:38 DEBUG > End   XGBoost.predict: [elapsed] >> 00:00:47
[0014] 2020-03-04 19:15:38 INFO  > Fold 2 withholding month 15
[0014] 2020-03-04 19:15:39 INFO  > rows of train =488908, rows of holdout =101632
[0014] 2020-03-04 19:15:39 DEBUG > Start ModelFactory.create
[0014] 2020-03-04 19:15:39 DEBUG > Creating model xgboost
[0014] 2020-03-04 19:15:39 DEBUG > Start XGBoost.__init__
[0014] 2020-03-04 19:15:39 DEBUG > End   XGBoost.__init__: [elapsed] >> 00:00:00
[0014] 2020-03-04 19:15:39 DEBUG > End   ModelFactory.create: [elapsed] >> 00:00:00
[0014] 2020-03-04 19:15:40 DEBUG > Start XGBoost.train
[0014] 2020-03-04 19:27:03 DEBUG > End   XGBoost.train: [elapsed] >> 00:11:22
[0014] 2020-03-04 19:27:04 DEBUG > Start XGBoost.predict
[0014] 2020-03-04 19:27:14 DEBUG > End   XGBoost.predict: [elapsed] >> 00:00:10
[0014] 2020-03-04 19:27:15 DEBUG > Start XGBoost.predict
[0014] 2020-03-04 19:28:09 DEBUG > End   XGBoost.predict: [elapsed] >> 00:00:54
[0014] 2020-03-04 19:28:09 INFO  > Fold 3 withholding month 13
[0014] 2020-03-04 19:28:10 INFO  > rows of train =497955, rows of holdout =92585
[0014] 2020-03-04 19:28:11 DEBUG > Start ModelFactory.create
[0014] 2020-03-04 19:28:11 DEBUG > Creating model xgboost
[0014] 2020-03-04 19:28:11 DEBUG > Start XGBoost.__init__
[0014] 2020-03-04 19:28:11 DEBUG > End   XGBoost.__init__: [elapsed] >> 00:00:00
[0014] 2020-03-04 19:28:11 DEBUG > End   ModelFactory.create: [elapsed] >> 00:00:00
[0014] 2020-03-04 19:28:12 DEBUG > Start XGBoost.train
[0014] 2020-03-04 19:42:02 DEBUG > End   XGBoost.train: [elapsed] >> 00:13:49
[0014] 2020-03-04 19:42:02 DEBUG > Start XGBoost.predict
[0014] 2020-03-04 19:42:14 DEBUG > End   XGBoost.predict: [elapsed] >> 00:00:11
[0014] 2020-03-04 19:42:14 DEBUG > Start XGBoost.predict
[0014] 2020-03-04 19:43:18 DEBUG > End   XGBoost.predict: [elapsed] >> 00:01:03
[0014] 2020-03-04 19:43:18 INFO  > Fold 4 withholding month 17
[0014] 2020-03-04 19:43:19 INFO  > rows of train =501214, rows of holdout =89326
[0014] 2020-03-04 19:43:19 DEBUG > Start ModelFactory.create
[0014] 2020-03-04 19:43:19 DEBUG > Creating model xgboost
[0014] 2020-03-04 19:43:19 DEBUG > Start XGBoost.__init__
[0014] 2020-03-04 19:43:19 DEBUG > End   XGBoost.__init__: [elapsed] >> 00:00:00
[0014] 2020-03-04 19:43:19 DEBUG > End   ModelFactory.create: [elapsed] >> 00:00:00
[0014] 2020-03-04 19:43:21 DEBUG > Start XGBoost.train
[0014] 2020-03-04 19:50:56 DEBUG > End   XGBoost.train: [elapsed] >> 00:07:35
[0014] 2020-03-04 19:50:57 DEBUG > Start XGBoost.predict
[0014] 2020-03-04 19:51:02 DEBUG > End   XGBoost.predict: [elapsed] >> 00:00:05
[0014] 2020-03-04 19:51:03 DEBUG > Start XGBoost.predict
[0014] 2020-03-04 19:51:34 DEBUG > End   XGBoost.predict: [elapsed] >> 00:00:31
[0014] 2020-03-04 19:51:34 INFO  > Fold 5 withholding month 14
[0014] 2020-03-04 19:51:35 INFO  > rows of train =504519, rows of holdout =86021
[0014] 2020-03-04 19:51:35 DEBUG > Start ModelFactory.create
[0014] 2020-03-04 19:51:35 DEBUG > Creating model xgboost
[0014] 2020-03-04 19:51:35 DEBUG > Start XGBoost.__init__
[0014] 2020-03-04 19:51:35 DEBUG > End   XGBoost.__init__: [elapsed] >> 00:00:00
[0014] 2020-03-04 19:51:35 DEBUG > End   ModelFactory.create: [elapsed] >> 00:00:00
[0014] 2020-03-04 19:51:36 DEBUG > Start XGBoost.train
[0014] 2020-03-04 20:02:23 DEBUG > End   XGBoost.train: [elapsed] >> 00:10:46
[0014] 2020-03-04 20:02:23 DEBUG > Start XGBoost.predict
[0014] 2020-03-04 20:02:32 DEBUG > End   XGBoost.predict: [elapsed] >> 00:00:08
[0014] 2020-03-04 20:02:32 DEBUG > Start XGBoost.predict
[0014] 2020-03-04 20:03:20 DEBUG > End   XGBoost.predict: [elapsed] >> 00:00:48
[0014] 2020-03-04 20:03:20 INFO  > Fold 6 withholding month 16
[0014] 2020-03-04 20:03:21 INFO  > rows of train =506885, rows of holdout =83655
[0014] 2020-03-04 20:03:22 DEBUG > Start ModelFactory.create
[0014] 2020-03-04 20:03:22 DEBUG > Creating model xgboost
[0014] 2020-03-04 20:03:22 DEBUG > Start XGBoost.__init__
[0014] 2020-03-04 20:03:22 DEBUG > End   XGBoost.__init__: [elapsed] >> 00:00:00
[0014] 2020-03-04 20:03:22 DEBUG > End   ModelFactory.create: [elapsed] >> 00:00:00
[0014] 2020-03-04 20:03:23 DEBUG > Start XGBoost.train
[0014] 2020-03-04 20:19:05 DEBUG > End   XGBoost.train: [elapsed] >> 00:15:42
[0014] 2020-03-04 20:19:06 DEBUG > Start XGBoost.predict
[0014] 2020-03-04 20:19:18 DEBUG > End   XGBoost.predict: [elapsed] >> 00:00:11
[0014] 2020-03-04 20:19:19 DEBUG > Start XGBoost.predict
[0014] 2020-03-04 20:20:28 DEBUG > End   XGBoost.predict: [elapsed] >> 00:01:09
[0014] 2020-03-04 20:20:29 INFO  > OOF cv= 0.947330666672487
[0014] 2020-03-04 20:20:29 INFO  > End   Train: [elapsed] >> 01:15:41
[0014] 2020-03-04 20:20:30 INFO  > Start Predict
[0014] 2020-03-04 20:20:35 INFO  > End   Predict: [elapsed] >> 00:00:04
[0014] 2020-03-04 20:20:36 INFO  > End   main: [elapsed] >> 01:15:57
[0014] 2020-03-04 20:20:36 INFO  > :sunglasses: Finished experiment 0014
