[0010] 2020-02-01 20:17:45 INFO  > :thinking_face: Starting experiment 0010_xgb-nroman
[0010] 2020-02-01 20:17:45 INFO  > Start main
[0010] 2020-02-01 20:17:46 INFO  > Start Preprocess
[0010] 2020-02-01 20:17:46 INFO  > Start Transformer.run
[0010] 2020-02-01 20:17:46 INFO  > Start is_latest
[0010] 2020-02-01 20:17:46 DEBUG > /home/yh/git/kaggle_ieee-fraud-detection/data/feature/transformed_0010_train.pkl exists
[0010] 2020-02-01 20:17:46 DEBUG > /home/yh/git/kaggle_ieee-fraud-detection/data/feature/transformed_0010_test.pkl exists
[0010] 2020-02-01 20:17:46 DEBUG > All files existed. Skip transforming.
[0010] 2020-02-01 20:17:46 INFO  > End   is_latest: [elapsed] >> 00:00:00
[0010] 2020-02-01 20:17:50 DEBUG > Loaded train.shape: (590540, 301)
[0010] 2020-02-01 20:17:50 DEBUG > Loaded test.shape:  (506691, 300)
[0010] 2020-02-01 20:17:50 DEBUG > USE_SMALL_DATA is True. Using 0.1 % of data.
[0010] 2020-02-01 20:17:50 DEBUG > Transformed train: (591, 301)
[0010] 2020-02-01 20:17:50 DEBUG > Transformed test : (507, 300)
[0010] 2020-02-01 20:17:50 INFO  > End   Transformer.run: [elapsed] >> 00:00:04
[0010] 2020-02-01 20:17:50 INFO  > End   Preprocess: [elapsed] >> 00:00:04
[0010] 2020-02-01 20:17:51 INFO  > Start Tune & Train
[0010] 2020-02-01 20:17:51 INFO  > Start ModelFactory.create
[0010] 2020-02-01 20:17:51 INFO  > Creating model xgb
[0010] 2020-02-01 20:17:51 INFO  > Start XGBoost.__init__
[0010] 2020-02-01 20:17:52 INFO  > End   XGBoost.__init__: [elapsed] >> 00:00:00
[0010] 2020-02-01 20:17:52 INFO  > End   ModelFactory.create: [elapsed] >> 00:00:00
[0010] 2020-02-01 20:17:52 INFO  > Start tune_gbdt_params
[0010] 2020-02-01 20:17:52 INFO  > Start Training on Fold 1
[0010] 2020-02-01 20:17:52 INFO  > Start XGBoost.train_and_validate
[0010] 2020-02-01 20:17:53 INFO  > End   XGBoost.train_and_validate: [elapsed] >> 00:00:00
[0010] 2020-02-01 20:17:53 INFO  > Start BaseModel.save
[0010] 2020-02-01 20:17:53 INFO  > End   BaseModel.save: [elapsed] >> 00:00:00
[0010] 2020-02-01 20:17:53 INFO  > End   Training on Fold 1: [elapsed] >> 00:00:01
[0010] 2020-02-01 20:17:54 INFO  > Start Training on Fold 2
[0010] 2020-02-01 20:17:54 INFO  > Start XGBoost.train_and_validate
[0010] 2020-02-01 20:17:54 INFO  > End   XGBoost.train_and_validate: [elapsed] >> 00:00:00
[0010] 2020-02-01 20:17:55 INFO  > Start BaseModel.save
[0010] 2020-02-01 20:17:55 INFO  > End   BaseModel.save: [elapsed] >> 00:00:00
[0010] 2020-02-01 20:17:55 INFO  > End   Training on Fold 2: [elapsed] >> 00:00:01
[0010] 2020-02-01 20:17:55 INFO  > Start Training on Fold 3
[0010] 2020-02-01 20:17:55 INFO  > Start XGBoost.train_and_validate
[0010] 2020-02-01 20:17:56 INFO  > End   XGBoost.train_and_validate: [elapsed] >> 00:00:00
[0010] 2020-02-01 20:17:56 INFO  > Start BaseModel.save
[0010] 2020-02-01 20:17:56 INFO  > End   BaseModel.save: [elapsed] >> 00:00:00
[0010] 2020-02-01 20:17:56 INFO  > End   Training on Fold 3: [elapsed] >> 00:00:01
[0010] 2020-02-01 20:17:57 INFO  > Start Training on Fold 4
[0010] 2020-02-01 20:17:57 INFO  > Start XGBoost.train_and_validate
[0010] 2020-02-01 20:17:57 INFO  > End   XGBoost.train_and_validate: [elapsed] >> 00:00:00
[0010] 2020-02-01 20:17:57 INFO  > Start BaseModel.save
[0010] 2020-02-01 20:17:58 INFO  > End   BaseModel.save: [elapsed] >> 00:00:00
[0010] 2020-02-01 20:17:58 INFO  > End   Training on Fold 4: [elapsed] >> 00:00:01
[0010] 2020-02-01 20:17:58 INFO  > Start Training on Fold 5
[0010] 2020-02-01 20:17:58 INFO  > Start XGBoost.train_and_validate
[0010] 2020-02-01 20:17:59 INFO  > End   XGBoost.train_and_validate: [elapsed] >> 00:00:00
[0010] 2020-02-01 20:17:59 INFO  > Start BaseModel.save
[0010] 2020-02-01 20:17:59 INFO  > End   BaseModel.save: [elapsed] >> 00:00:00
[0010] 2020-02-01 20:17:59 INFO  > End   Training on Fold 5: [elapsed] >> 00:00:01
[0010] 2020-02-01 20:18:00 INFO  > End   tune_gbdt_params: [elapsed] >> 00:00:07
[0010] 2020-02-01 20:18:00 INFO  > Start ModelFactory.create
[0010] 2020-02-01 20:18:00 INFO  > Creating model xgb
[0010] 2020-02-01 20:18:00 INFO  > Start XGBoost.__init__
[0010] 2020-02-01 20:18:00 INFO  > End   XGBoost.__init__: [elapsed] >> 00:00:00
[0010] 2020-02-01 20:18:01 INFO  > End   ModelFactory.create: [elapsed] >> 00:00:00
[0010] 2020-02-01 20:18:01 INFO  > Start XGBoost.train
[0010] 2020-02-01 20:18:01 INFO  > End   XGBoost.train: [elapsed] >> 00:00:00
[0010] 2020-02-01 20:18:01 INFO  > Start BaseModel.save
[0010] 2020-02-01 20:18:02 INFO  > End   BaseModel.save: [elapsed] >> 00:00:00
[0010] 2020-02-01 20:18:02 INFO  > Saved /home/yh/git/kaggle_ieee-fraud-detection/feature/importance/importance_0010.csv
[0010] 2020-02-01 20:18:02 INFO  > End   Tune & Train: [elapsed] >> 00:00:11
[0010] 2020-02-01 20:18:02 INFO  > Start Predict
[0010] 2020-02-01 20:18:03 INFO  > Start XGBoost.predict
[0010] 2020-02-01 20:18:03 INFO  > End   XGBoost.predict: [elapsed] >> 00:00:00
[0010] 2020-02-01 20:18:03 DEBUG > Saved /home/yh/git/kaggle_ieee-fraud-detection/data/submission/submission_0010.csv
[0010] 2020-02-01 20:18:03 INFO  > End   Predict: [elapsed] >> 00:00:00
[0010] 2020-02-01 20:18:03 INFO  > End   main: [elapsed] >> 00:00:18
[0010] 2020-02-01 20:18:04 INFO  > :sunglasses: Finished experiment 0010_xgb-nroman
