[0020] 2020-03-15 17:14:05 INFO  > :thinking_face: Starting experiment 0020_lightgbm.small
[0020] 2020-03-15 17:14:05 INFO  > Options indicated: Namespace(nomsg=True, seed=42, small=True, version='0020')
[0020] 2020-03-15 17:14:05 INFO  > Start main
[0020] 2020-03-15 17:14:05 INFO  > Start Preprocess
[0020] 2020-03-15 17:14:09 DEBUG > Loaded feature cdeotte
[0020] 2020-03-15 17:14:10 DEBUG > train.shape: (591, 292), test.shape: (507, 291)
[0020] 2020-03-15 17:14:10 INFO  > End   Preprocess: [elapsed] >> 00:00:04
[0020] 2020-03-15 17:14:10 INFO  > Start Tune hyper params
[0020] 2020-03-15 17:14:10 DEBUG > Start ModelFactory.create
[0020] 2020-03-15 17:14:10 DEBUG > Creating model lightgbm
[0020] 2020-03-15 17:14:10 DEBUG > Start LightGBM.__init__
[0020] 2020-03-15 17:14:10 DEBUG > End   LightGBM.__init__: [elapsed] >> 00:00:00
[0020] 2020-03-15 17:14:10 DEBUG > End   ModelFactory.create: [elapsed] >> 00:00:00
[0020] 2020-03-15 17:14:10 INFO  > Fold 1 withholding month 12
[0020] 2020-03-15 17:14:10 INFO  > rows of train= 463, rows of holdout= 128
[0020] 2020-03-15 17:14:10 DEBUG > Start LightGBM.train
[0020] 2020-03-15 17:14:10 DEBUG > End   LightGBM.train: [elapsed] >> 00:00:00
[0020] 2020-03-15 17:14:10 DEBUG > Start LightGBM.predict
[0020] 2020-03-15 17:14:10 DEBUG > End   LightGBM.predict: [elapsed] >> 00:00:00
[0020] 2020-03-15 17:14:10 DEBUG > Start LightGBM.predict
[0020] 2020-03-15 17:14:11 DEBUG > End   LightGBM.predict: [elapsed] >> 00:00:00
[0020] 2020-03-15 17:14:11 DEBUG > Start BaseModel.save
[0020] 2020-03-15 17:14:11 DEBUG > End   BaseModel.save: [elapsed] >> 00:00:00
[0020] 2020-03-15 17:14:11 DEBUG > Start ModelFactory.create
[0020] 2020-03-15 17:14:11 DEBUG > Creating model lightgbm
[0020] 2020-03-15 17:14:11 DEBUG > Start LightGBM.__init__
[0020] 2020-03-15 17:14:11 DEBUG > End   LightGBM.__init__: [elapsed] >> 00:00:00
[0020] 2020-03-15 17:14:11 DEBUG > End   ModelFactory.create: [elapsed] >> 00:00:00
[0020] 2020-03-15 17:14:11 INFO  > Fold 2 withholding month 15
[0020] 2020-03-15 17:14:11 INFO  > rows of train= 482, rows of holdout= 109
[0020] 2020-03-15 17:14:11 DEBUG > Start LightGBM.train
[0020] 2020-03-15 17:14:11 DEBUG > End   LightGBM.train: [elapsed] >> 00:00:00
[0020] 2020-03-15 17:14:11 DEBUG > Start LightGBM.predict
[0020] 2020-03-15 17:14:11 DEBUG > End   LightGBM.predict: [elapsed] >> 00:00:00
[0020] 2020-03-15 17:14:11 DEBUG > Start LightGBM.predict
[0020] 2020-03-15 17:14:11 DEBUG > End   LightGBM.predict: [elapsed] >> 00:00:00
[0020] 2020-03-15 17:14:11 DEBUG > Start BaseModel.save
[0020] 2020-03-15 17:14:11 DEBUG > End   BaseModel.save: [elapsed] >> 00:00:00
[0020] 2020-03-15 17:14:11 DEBUG > Start ModelFactory.create
[0020] 2020-03-15 17:14:11 DEBUG > Creating model lightgbm
[0020] 2020-03-15 17:14:11 DEBUG > Start LightGBM.__init__
[0020] 2020-03-15 17:14:11 DEBUG > End   LightGBM.__init__: [elapsed] >> 00:00:00
[0020] 2020-03-15 17:14:11 DEBUG > End   ModelFactory.create: [elapsed] >> 00:00:00
[0020] 2020-03-15 17:14:11 INFO  > Fold 3 withholding month 13
[0020] 2020-03-15 17:14:11 INFO  > rows of train= 499, rows of holdout= 92
[0020] 2020-03-15 17:14:11 DEBUG > Start LightGBM.train
[0020] 2020-03-15 17:14:11 DEBUG > End   LightGBM.train: [elapsed] >> 00:00:00
[0020] 2020-03-15 17:14:11 DEBUG > Start LightGBM.predict
[0020] 2020-03-15 17:14:11 DEBUG > End   LightGBM.predict: [elapsed] >> 00:00:00
[0020] 2020-03-15 17:14:11 DEBUG > Start LightGBM.predict
[0020] 2020-03-15 17:14:11 DEBUG > End   LightGBM.predict: [elapsed] >> 00:00:00
[0020] 2020-03-15 17:14:11 DEBUG > Start BaseModel.save
[0020] 2020-03-15 17:14:11 DEBUG > End   BaseModel.save: [elapsed] >> 00:00:00
[0020] 2020-03-15 17:14:11 DEBUG > Start ModelFactory.create
[0020] 2020-03-15 17:14:11 DEBUG > Creating model lightgbm
[0020] 2020-03-15 17:14:11 DEBUG > Start LightGBM.__init__
[0020] 2020-03-15 17:14:11 DEBUG > End   LightGBM.__init__: [elapsed] >> 00:00:00
[0020] 2020-03-15 17:14:11 DEBUG > End   ModelFactory.create: [elapsed] >> 00:00:00
[0020] 2020-03-15 17:14:11 INFO  > Fold 4 withholding month 17
[0020] 2020-03-15 17:14:11 INFO  > rows of train= 501, rows of holdout= 90
[0020] 2020-03-15 17:14:11 DEBUG > Start LightGBM.train
[0020] 2020-03-15 17:14:12 DEBUG > End   LightGBM.train: [elapsed] >> 00:00:00
[0020] 2020-03-15 17:14:12 DEBUG > Start LightGBM.predict
[0020] 2020-03-15 17:14:12 DEBUG > End   LightGBM.predict: [elapsed] >> 00:00:00
[0020] 2020-03-15 17:14:12 DEBUG > Start LightGBM.predict
[0020] 2020-03-15 17:14:12 DEBUG > End   LightGBM.predict: [elapsed] >> 00:00:00
[0020] 2020-03-15 17:14:12 DEBUG > Start BaseModel.save
[0020] 2020-03-15 17:14:12 DEBUG > End   BaseModel.save: [elapsed] >> 00:00:00
[0020] 2020-03-15 17:14:12 DEBUG > Start ModelFactory.create
[0020] 2020-03-15 17:14:12 DEBUG > Creating model lightgbm
[0020] 2020-03-15 17:14:12 DEBUG > Start LightGBM.__init__
[0020] 2020-03-15 17:14:12 DEBUG > End   LightGBM.__init__: [elapsed] >> 00:00:00
[0020] 2020-03-15 17:14:12 DEBUG > End   ModelFactory.create: [elapsed] >> 00:00:00
[0020] 2020-03-15 17:14:12 INFO  > Fold 5 withholding month 14
[0020] 2020-03-15 17:14:12 INFO  > rows of train= 503, rows of holdout= 88
[0020] 2020-03-15 17:14:12 DEBUG > Start LightGBM.train
[0020] 2020-03-15 17:14:12 DEBUG > End   LightGBM.train: [elapsed] >> 00:00:00
[0020] 2020-03-15 17:14:12 DEBUG > Start LightGBM.predict
[0020] 2020-03-15 17:14:12 DEBUG > End   LightGBM.predict: [elapsed] >> 00:00:00
[0020] 2020-03-15 17:14:12 DEBUG > Start LightGBM.predict
[0020] 2020-03-15 17:14:12 DEBUG > End   LightGBM.predict: [elapsed] >> 00:00:00
[0020] 2020-03-15 17:14:12 DEBUG > Start BaseModel.save
[0020] 2020-03-15 17:14:12 DEBUG > End   BaseModel.save: [elapsed] >> 00:00:00
[0020] 2020-03-15 17:14:12 DEBUG > Start ModelFactory.create
[0020] 2020-03-15 17:14:12 DEBUG > Creating model lightgbm
[0020] 2020-03-15 17:14:12 DEBUG > Start LightGBM.__init__
[0020] 2020-03-15 17:14:12 DEBUG > End   LightGBM.__init__: [elapsed] >> 00:00:00
[0020] 2020-03-15 17:14:12 DEBUG > End   ModelFactory.create: [elapsed] >> 00:00:00
[0020] 2020-03-15 17:14:12 INFO  > Fold 6 withholding month 16
[0020] 2020-03-15 17:14:12 INFO  > rows of train= 507, rows of holdout= 84
[0020] 2020-03-15 17:14:12 DEBUG > Start LightGBM.train
[0020] 2020-03-15 17:14:13 DEBUG > End   LightGBM.train: [elapsed] >> 00:00:00
[0020] 2020-03-15 17:14:13 DEBUG > Start LightGBM.predict
[0020] 2020-03-15 17:14:13 DEBUG > End   LightGBM.predict: [elapsed] >> 00:00:00
[0020] 2020-03-15 17:14:13 DEBUG > Start LightGBM.predict
[0020] 2020-03-15 17:14:13 DEBUG > End   LightGBM.predict: [elapsed] >> 00:00:00
[0020] 2020-03-15 17:14:13 DEBUG > Start BaseModel.save
[0020] 2020-03-15 17:14:13 DEBUG > End   BaseModel.save: [elapsed] >> 00:00:00
[0020] 2020-03-15 17:14:13 INFO  > Fold 6 OOF cv= 0.7934670781893003
[0020] 2020-03-15 17:14:13 DEBUG > Start ModelFactory.create
[0020] 2020-03-15 17:14:13 DEBUG > Creating model lightgbm
[0020] 2020-03-15 17:14:13 DEBUG > Start LightGBM.__init__
[0020] 2020-03-15 17:14:13 DEBUG > End   LightGBM.__init__: [elapsed] >> 00:00:00
[0020] 2020-03-15 17:14:13 DEBUG > End   ModelFactory.create: [elapsed] >> 00:00:00
[0020] 2020-03-15 17:14:13 INFO  > Fold 1 withholding month 12
[0020] 2020-03-15 17:14:13 INFO  > rows of train= 463, rows of holdout= 128
[0020] 2020-03-15 17:14:13 DEBUG > Start LightGBM.train
[0020] 2020-03-15 17:14:14 DEBUG > End   LightGBM.train: [elapsed] >> 00:00:00
[0020] 2020-03-15 17:14:14 DEBUG > Start LightGBM.predict
[0020] 2020-03-15 17:14:14 DEBUG > End   LightGBM.predict: [elapsed] >> 00:00:00
[0020] 2020-03-15 17:14:14 DEBUG > Start LightGBM.predict
[0020] 2020-03-15 17:14:14 DEBUG > End   LightGBM.predict: [elapsed] >> 00:00:00
[0020] 2020-03-15 17:14:14 DEBUG > Start BaseModel.save
[0020] 2020-03-15 17:14:14 DEBUG > End   BaseModel.save: [elapsed] >> 00:00:00
[0020] 2020-03-15 17:14:14 DEBUG > Start ModelFactory.create
[0020] 2020-03-15 17:14:14 DEBUG > Creating model lightgbm
[0020] 2020-03-15 17:14:14 DEBUG > Start LightGBM.__init__
[0020] 2020-03-15 17:14:14 DEBUG > End   LightGBM.__init__: [elapsed] >> 00:00:00
[0020] 2020-03-15 17:14:14 DEBUG > End   ModelFactory.create: [elapsed] >> 00:00:00
[0020] 2020-03-15 17:14:14 INFO  > Fold 2 withholding month 15
[0020] 2020-03-15 17:14:14 INFO  > rows of train= 482, rows of holdout= 109
[0020] 2020-03-15 17:14:14 DEBUG > Start LightGBM.train
[0020] 2020-03-15 17:14:14 DEBUG > End   LightGBM.train: [elapsed] >> 00:00:00
[0020] 2020-03-15 17:14:14 DEBUG > Start LightGBM.predict
[0020] 2020-03-15 17:14:14 DEBUG > End   LightGBM.predict: [elapsed] >> 00:00:00
[0020] 2020-03-15 17:14:14 DEBUG > Start LightGBM.predict
[0020] 2020-03-15 17:14:14 DEBUG > End   LightGBM.predict: [elapsed] >> 00:00:00
[0020] 2020-03-15 17:14:14 DEBUG > Start BaseModel.save
[0020] 2020-03-15 17:14:14 DEBUG > End   BaseModel.save: [elapsed] >> 00:00:00
[0020] 2020-03-15 17:14:14 DEBUG > Start ModelFactory.create
[0020] 2020-03-15 17:14:14 DEBUG > Creating model lightgbm
[0020] 2020-03-15 17:14:14 DEBUG > Start LightGBM.__init__
[0020] 2020-03-15 17:14:14 DEBUG > End   LightGBM.__init__: [elapsed] >> 00:00:00
[0020] 2020-03-15 17:14:14 DEBUG > End   ModelFactory.create: [elapsed] >> 00:00:00
[0020] 2020-03-15 17:14:14 INFO  > Fold 3 withholding month 13
[0020] 2020-03-15 17:14:14 INFO  > rows of train= 499, rows of holdout= 92
[0020] 2020-03-15 17:14:14 DEBUG > Start LightGBM.train
[0020] 2020-03-15 17:14:14 DEBUG > End   LightGBM.train: [elapsed] >> 00:00:00
[0020] 2020-03-15 17:14:14 DEBUG > Start LightGBM.predict
[0020] 2020-03-15 17:14:14 DEBUG > End   LightGBM.predict: [elapsed] >> 00:00:00
[0020] 2020-03-15 17:14:14 DEBUG > Start LightGBM.predict
[0020] 2020-03-15 17:14:14 DEBUG > End   LightGBM.predict: [elapsed] >> 00:00:00
[0020] 2020-03-15 17:14:14 DEBUG > Start BaseModel.save
[0020] 2020-03-15 17:14:14 DEBUG > End   BaseModel.save: [elapsed] >> 00:00:00
[0020] 2020-03-15 17:14:14 DEBUG > Start ModelFactory.create
[0020] 2020-03-15 17:14:14 DEBUG > Creating model lightgbm
[0020] 2020-03-15 17:14:14 DEBUG > Start LightGBM.__init__
[0020] 2020-03-15 17:14:14 DEBUG > End   LightGBM.__init__: [elapsed] >> 00:00:00
[0020] 2020-03-15 17:14:14 DEBUG > End   ModelFactory.create: [elapsed] >> 00:00:00
[0020] 2020-03-15 17:14:14 INFO  > Fold 4 withholding month 17
[0020] 2020-03-15 17:14:14 INFO  > rows of train= 501, rows of holdout= 90
[0020] 2020-03-15 17:14:14 DEBUG > Start LightGBM.train
[0020] 2020-03-15 17:14:15 DEBUG > End   LightGBM.train: [elapsed] >> 00:00:00
[0020] 2020-03-15 17:14:15 DEBUG > Start LightGBM.predict
[0020] 2020-03-15 17:14:15 DEBUG > End   LightGBM.predict: [elapsed] >> 00:00:00
[0020] 2020-03-15 17:14:15 DEBUG > Start LightGBM.predict
[0020] 2020-03-15 17:14:15 DEBUG > End   LightGBM.predict: [elapsed] >> 00:00:00
[0020] 2020-03-15 17:14:15 DEBUG > Start BaseModel.save
[0020] 2020-03-15 17:14:15 DEBUG > End   BaseModel.save: [elapsed] >> 00:00:00
[0020] 2020-03-15 17:14:15 DEBUG > Start ModelFactory.create
[0020] 2020-03-15 17:14:15 DEBUG > Creating model lightgbm
[0020] 2020-03-15 17:14:15 DEBUG > Start LightGBM.__init__
[0020] 2020-03-15 17:14:15 DEBUG > End   LightGBM.__init__: [elapsed] >> 00:00:00
[0020] 2020-03-15 17:14:15 DEBUG > End   ModelFactory.create: [elapsed] >> 00:00:00
[0020] 2020-03-15 17:14:15 INFO  > Fold 5 withholding month 14
[0020] 2020-03-15 17:14:15 INFO  > rows of train= 503, rows of holdout= 88
[0020] 2020-03-15 17:14:15 DEBUG > Start LightGBM.train
[0020] 2020-03-15 17:14:15 DEBUG > End   LightGBM.train: [elapsed] >> 00:00:00
[0020] 2020-03-15 17:14:15 DEBUG > Start LightGBM.predict
[0020] 2020-03-15 17:14:15 DEBUG > End   LightGBM.predict: [elapsed] >> 00:00:00
[0020] 2020-03-15 17:14:15 DEBUG > Start LightGBM.predict
[0020] 2020-03-15 17:14:15 DEBUG > End   LightGBM.predict: [elapsed] >> 00:00:00
[0020] 2020-03-15 17:14:15 DEBUG > Start BaseModel.save
[0020] 2020-03-15 17:14:15 DEBUG > End   BaseModel.save: [elapsed] >> 00:00:00
[0020] 2020-03-15 17:14:15 DEBUG > Start ModelFactory.create
[0020] 2020-03-15 17:14:15 DEBUG > Creating model lightgbm
[0020] 2020-03-15 17:14:15 DEBUG > Start LightGBM.__init__
[0020] 2020-03-15 17:14:15 DEBUG > End   LightGBM.__init__: [elapsed] >> 00:00:00
[0020] 2020-03-15 17:14:15 DEBUG > End   ModelFactory.create: [elapsed] >> 00:00:00
[0020] 2020-03-15 17:14:15 INFO  > Fold 6 withholding month 16
[0020] 2020-03-15 17:14:15 INFO  > rows of train= 507, rows of holdout= 84
[0020] 2020-03-15 17:14:15 DEBUG > Start LightGBM.train
[0020] 2020-03-15 17:14:16 DEBUG > End   LightGBM.train: [elapsed] >> 00:00:00
[0020] 2020-03-15 17:14:16 DEBUG > Start LightGBM.predict
[0020] 2020-03-15 17:14:16 DEBUG > End   LightGBM.predict: [elapsed] >> 00:00:00
[0020] 2020-03-15 17:14:16 DEBUG > Start LightGBM.predict
[0020] 2020-03-15 17:14:16 DEBUG > End   LightGBM.predict: [elapsed] >> 00:00:00
[0020] 2020-03-15 17:14:16 DEBUG > Start BaseModel.save
[0020] 2020-03-15 17:14:16 DEBUG > End   BaseModel.save: [elapsed] >> 00:00:00
[0020] 2020-03-15 17:14:16 INFO  > Fold 6 OOF cv= 0.8080540858318636
[0020] 2020-03-15 17:14:16 DEBUG > Start ModelFactory.create
[0020] 2020-03-15 17:14:16 DEBUG > Creating model lightgbm
[0020] 2020-03-15 17:14:16 DEBUG > Start LightGBM.__init__
[0020] 2020-03-15 17:14:16 DEBUG > End   LightGBM.__init__: [elapsed] >> 00:00:00
[0020] 2020-03-15 17:14:16 DEBUG > End   ModelFactory.create: [elapsed] >> 00:00:00
[0020] 2020-03-15 17:14:16 INFO  > Fold 1 withholding month 12
[0020] 2020-03-15 17:14:16 INFO  > rows of train= 463, rows of holdout= 128
[0020] 2020-03-15 17:14:16 DEBUG > Start LightGBM.train
[0020] 2020-03-15 17:14:16 DEBUG > End   LightGBM.train: [elapsed] >> 00:00:00
[0020] 2020-03-15 17:14:16 DEBUG > Start LightGBM.predict
[0020] 2020-03-15 17:14:16 DEBUG > End   LightGBM.predict: [elapsed] >> 00:00:00
[0020] 2020-03-15 17:14:16 DEBUG > Start LightGBM.predict
[0020] 2020-03-15 17:14:17 DEBUG > End   LightGBM.predict: [elapsed] >> 00:00:00
[0020] 2020-03-15 17:14:17 DEBUG > Start BaseModel.save
[0020] 2020-03-15 17:14:17 DEBUG > End   BaseModel.save: [elapsed] >> 00:00:00
[0020] 2020-03-15 17:14:17 DEBUG > Start ModelFactory.create
[0020] 2020-03-15 17:14:17 DEBUG > Creating model lightgbm
[0020] 2020-03-15 17:14:17 DEBUG > Start LightGBM.__init__
[0020] 2020-03-15 17:14:17 DEBUG > End   LightGBM.__init__: [elapsed] >> 00:00:00
[0020] 2020-03-15 17:14:17 DEBUG > End   ModelFactory.create: [elapsed] >> 00:00:00
[0020] 2020-03-15 17:14:17 INFO  > Fold 2 withholding month 15
[0020] 2020-03-15 17:14:17 INFO  > rows of train= 482, rows of holdout= 109
[0020] 2020-03-15 17:14:17 DEBUG > Start LightGBM.train
[0020] 2020-03-15 17:14:17 DEBUG > End   LightGBM.train: [elapsed] >> 00:00:00
[0020] 2020-03-15 17:14:17 DEBUG > Start LightGBM.predict
[0020] 2020-03-15 17:14:17 DEBUG > End   LightGBM.predict: [elapsed] >> 00:00:00
[0020] 2020-03-15 17:14:17 DEBUG > Start LightGBM.predict
[0020] 2020-03-15 17:14:17 DEBUG > End   LightGBM.predict: [elapsed] >> 00:00:00
[0020] 2020-03-15 17:14:17 DEBUG > Start BaseModel.save
[0020] 2020-03-15 17:14:17 DEBUG > End   BaseModel.save: [elapsed] >> 00:00:00
[0020] 2020-03-15 17:14:17 DEBUG > Start ModelFactory.create
[0020] 2020-03-15 17:14:17 DEBUG > Creating model lightgbm
[0020] 2020-03-15 17:14:17 DEBUG > Start LightGBM.__init__
[0020] 2020-03-15 17:14:17 DEBUG > End   LightGBM.__init__: [elapsed] >> 00:00:00
[0020] 2020-03-15 17:14:17 DEBUG > End   ModelFactory.create: [elapsed] >> 00:00:00
[0020] 2020-03-15 17:14:17 INFO  > Fold 3 withholding month 13
[0020] 2020-03-15 17:14:17 INFO  > rows of train= 499, rows of holdout= 92
[0020] 2020-03-15 17:14:17 DEBUG > Start LightGBM.train
[0020] 2020-03-15 17:14:17 DEBUG > End   LightGBM.train: [elapsed] >> 00:00:00
[0020] 2020-03-15 17:14:17 DEBUG > Start LightGBM.predict
[0020] 2020-03-15 17:14:17 DEBUG > End   LightGBM.predict: [elapsed] >> 00:00:00
[0020] 2020-03-15 17:14:17 DEBUG > Start LightGBM.predict
[0020] 2020-03-15 17:14:17 DEBUG > End   LightGBM.predict: [elapsed] >> 00:00:00
[0020] 2020-03-15 17:14:17 DEBUG > Start BaseModel.save
[0020] 2020-03-15 17:14:17 DEBUG > End   BaseModel.save: [elapsed] >> 00:00:00
[0020] 2020-03-15 17:14:17 DEBUG > Start ModelFactory.create
[0020] 2020-03-15 17:14:17 DEBUG > Creating model lightgbm
[0020] 2020-03-15 17:14:17 DEBUG > Start LightGBM.__init__
[0020] 2020-03-15 17:14:17 DEBUG > End   LightGBM.__init__: [elapsed] >> 00:00:00
[0020] 2020-03-15 17:14:17 DEBUG > End   ModelFactory.create: [elapsed] >> 00:00:00
[0020] 2020-03-15 17:14:17 INFO  > Fold 4 withholding month 17
[0020] 2020-03-15 17:14:17 INFO  > rows of train= 501, rows of holdout= 90
[0020] 2020-03-15 17:14:17 DEBUG > Start LightGBM.train
[0020] 2020-03-15 17:14:17 DEBUG > End   LightGBM.train: [elapsed] >> 00:00:00
[0020] 2020-03-15 17:14:17 DEBUG > Start LightGBM.predict
[0020] 2020-03-15 17:14:18 DEBUG > End   LightGBM.predict: [elapsed] >> 00:00:00
[0020] 2020-03-15 17:14:18 DEBUG > Start LightGBM.predict
[0020] 2020-03-15 17:14:18 DEBUG > End   LightGBM.predict: [elapsed] >> 00:00:00
[0020] 2020-03-15 17:14:18 DEBUG > Start BaseModel.save
[0020] 2020-03-15 17:14:18 DEBUG > End   BaseModel.save: [elapsed] >> 00:00:00
[0020] 2020-03-15 17:14:18 DEBUG > Start ModelFactory.create
[0020] 2020-03-15 17:14:18 DEBUG > Creating model lightgbm
[0020] 2020-03-15 17:14:18 DEBUG > Start LightGBM.__init__
[0020] 2020-03-15 17:14:18 DEBUG > End   LightGBM.__init__: [elapsed] >> 00:00:00
[0020] 2020-03-15 17:14:18 DEBUG > End   ModelFactory.create: [elapsed] >> 00:00:00
[0020] 2020-03-15 17:14:18 INFO  > Fold 5 withholding month 14
[0020] 2020-03-15 17:14:18 INFO  > rows of train= 503, rows of holdout= 88
[0020] 2020-03-15 17:14:18 DEBUG > Start LightGBM.train
[0020] 2020-03-15 17:14:18 DEBUG > End   LightGBM.train: [elapsed] >> 00:00:00
[0020] 2020-03-15 17:14:18 DEBUG > Start LightGBM.predict
[0020] 2020-03-15 17:14:18 DEBUG > End   LightGBM.predict: [elapsed] >> 00:00:00
[0020] 2020-03-15 17:14:18 DEBUG > Start LightGBM.predict
[0020] 2020-03-15 17:14:18 DEBUG > End   LightGBM.predict: [elapsed] >> 00:00:00
[0020] 2020-03-15 17:14:18 DEBUG > Start BaseModel.save
[0020] 2020-03-15 17:14:18 DEBUG > End   BaseModel.save: [elapsed] >> 00:00:00
[0020] 2020-03-15 17:14:18 DEBUG > Start ModelFactory.create
[0020] 2020-03-15 17:14:18 DEBUG > Creating model lightgbm
[0020] 2020-03-15 17:14:18 DEBUG > Start LightGBM.__init__
[0020] 2020-03-15 17:14:18 DEBUG > End   LightGBM.__init__: [elapsed] >> 00:00:00
[0020] 2020-03-15 17:14:18 DEBUG > End   ModelFactory.create: [elapsed] >> 00:00:00
[0020] 2020-03-15 17:14:18 INFO  > Fold 6 withholding month 16
[0020] 2020-03-15 17:14:18 INFO  > rows of train= 507, rows of holdout= 84
[0020] 2020-03-15 17:14:18 DEBUG > Start LightGBM.train
[0020] 2020-03-15 17:14:18 DEBUG > End   LightGBM.train: [elapsed] >> 00:00:00
[0020] 2020-03-15 17:14:18 DEBUG > Start LightGBM.predict
[0020] 2020-03-15 17:14:18 DEBUG > End   LightGBM.predict: [elapsed] >> 00:00:00
[0020] 2020-03-15 17:14:18 DEBUG > Start LightGBM.predict
[0020] 2020-03-15 17:14:18 DEBUG > End   LightGBM.predict: [elapsed] >> 00:00:00
[0020] 2020-03-15 17:14:18 DEBUG > Start BaseModel.save
[0020] 2020-03-15 17:14:18 DEBUG > End   BaseModel.save: [elapsed] >> 00:00:00
[0020] 2020-03-15 17:14:18 INFO  > Fold 6 OOF cv= 0.7652483833039387
[0020] 2020-03-15 17:14:19 DEBUG > Start ModelFactory.create
[0020] 2020-03-15 17:14:19 DEBUG > Creating model lightgbm
[0020] 2020-03-15 17:14:19 DEBUG > Start LightGBM.__init__
[0020] 2020-03-15 17:14:19 DEBUG > End   LightGBM.__init__: [elapsed] >> 00:00:00
[0020] 2020-03-15 17:14:19 DEBUG > End   ModelFactory.create: [elapsed] >> 00:00:00
[0020] 2020-03-15 17:14:19 INFO  > Fold 1 withholding month 12
[0020] 2020-03-15 17:14:19 INFO  > rows of train= 463, rows of holdout= 128
[0020] 2020-03-15 17:14:19 DEBUG > Start LightGBM.train
[0020] 2020-03-15 17:14:19 DEBUG > End   LightGBM.train: [elapsed] >> 00:00:00
[0020] 2020-03-15 17:14:19 DEBUG > Start LightGBM.predict
[0020] 2020-03-15 17:14:19 DEBUG > End   LightGBM.predict: [elapsed] >> 00:00:00
[0020] 2020-03-15 17:14:19 DEBUG > Start LightGBM.predict
[0020] 2020-03-15 17:14:19 DEBUG > End   LightGBM.predict: [elapsed] >> 00:00:00
[0020] 2020-03-15 17:14:19 DEBUG > Start BaseModel.save
[0020] 2020-03-15 17:14:19 DEBUG > End   BaseModel.save: [elapsed] >> 00:00:00
[0020] 2020-03-15 17:14:19 DEBUG > Start ModelFactory.create
[0020] 2020-03-15 17:14:19 DEBUG > Creating model lightgbm
[0020] 2020-03-15 17:14:19 DEBUG > Start LightGBM.__init__
[0020] 2020-03-15 17:14:19 DEBUG > End   LightGBM.__init__: [elapsed] >> 00:00:00
[0020] 2020-03-15 17:14:19 DEBUG > End   ModelFactory.create: [elapsed] >> 00:00:00
[0020] 2020-03-15 17:14:19 INFO  > Fold 2 withholding month 15
[0020] 2020-03-15 17:14:19 INFO  > rows of train= 482, rows of holdout= 109
[0020] 2020-03-15 17:14:19 DEBUG > Start LightGBM.train
[0020] 2020-03-15 17:14:19 DEBUG > End   LightGBM.train: [elapsed] >> 00:00:00
[0020] 2020-03-15 17:14:19 DEBUG > Start LightGBM.predict
[0020] 2020-03-15 17:14:19 DEBUG > End   LightGBM.predict: [elapsed] >> 00:00:00
[0020] 2020-03-15 17:14:19 DEBUG > Start LightGBM.predict
[0020] 2020-03-15 17:14:19 DEBUG > End   LightGBM.predict: [elapsed] >> 00:00:00
[0020] 2020-03-15 17:14:19 DEBUG > Start BaseModel.save
[0020] 2020-03-15 17:14:19 DEBUG > End   BaseModel.save: [elapsed] >> 00:00:00
[0020] 2020-03-15 17:14:19 DEBUG > Start ModelFactory.create
[0020] 2020-03-15 17:14:19 DEBUG > Creating model lightgbm
[0020] 2020-03-15 17:14:19 DEBUG > Start LightGBM.__init__
[0020] 2020-03-15 17:14:19 DEBUG > End   LightGBM.__init__: [elapsed] >> 00:00:00
[0020] 2020-03-15 17:14:19 DEBUG > End   ModelFactory.create: [elapsed] >> 00:00:00
[0020] 2020-03-15 17:14:19 INFO  > Fold 3 withholding month 13
[0020] 2020-03-15 17:14:19 INFO  > rows of train= 499, rows of holdout= 92
[0020] 2020-03-15 17:14:19 DEBUG > Start LightGBM.train
[0020] 2020-03-15 17:14:20 DEBUG > End   LightGBM.train: [elapsed] >> 00:00:00
[0020] 2020-03-15 17:14:20 DEBUG > Start LightGBM.predict
[0020] 2020-03-15 17:14:20 DEBUG > End   LightGBM.predict: [elapsed] >> 00:00:00
[0020] 2020-03-15 17:14:20 DEBUG > Start LightGBM.predict
[0020] 2020-03-15 17:14:20 DEBUG > End   LightGBM.predict: [elapsed] >> 00:00:00
[0020] 2020-03-15 17:14:20 DEBUG > Start BaseModel.save
[0020] 2020-03-15 17:14:20 DEBUG > End   BaseModel.save: [elapsed] >> 00:00:00
[0020] 2020-03-15 17:14:20 DEBUG > Start ModelFactory.create
[0020] 2020-03-15 17:14:20 DEBUG > Creating model lightgbm
[0020] 2020-03-15 17:14:20 DEBUG > Start LightGBM.__init__
[0020] 2020-03-15 17:14:20 DEBUG > End   LightGBM.__init__: [elapsed] >> 00:00:00
[0020] 2020-03-15 17:14:20 DEBUG > End   ModelFactory.create: [elapsed] >> 00:00:00
[0020] 2020-03-15 17:14:20 INFO  > Fold 4 withholding month 17
[0020] 2020-03-15 17:14:20 INFO  > rows of train= 501, rows of holdout= 90
[0020] 2020-03-15 17:14:20 DEBUG > Start LightGBM.train
[0020] 2020-03-15 17:14:20 DEBUG > End   LightGBM.train: [elapsed] >> 00:00:00
[0020] 2020-03-15 17:14:20 DEBUG > Start LightGBM.predict
[0020] 2020-03-15 17:14:20 DEBUG > End   LightGBM.predict: [elapsed] >> 00:00:00
[0020] 2020-03-15 17:14:20 DEBUG > Start LightGBM.predict
[0020] 2020-03-15 17:14:20 DEBUG > End   LightGBM.predict: [elapsed] >> 00:00:00
[0020] 2020-03-15 17:14:20 DEBUG > Start BaseModel.save
[0020] 2020-03-15 17:14:20 DEBUG > End   BaseModel.save: [elapsed] >> 00:00:00
[0020] 2020-03-15 17:14:20 DEBUG > Start ModelFactory.create
[0020] 2020-03-15 17:14:20 DEBUG > Creating model lightgbm
[0020] 2020-03-15 17:14:20 DEBUG > Start LightGBM.__init__
[0020] 2020-03-15 17:14:20 DEBUG > End   LightGBM.__init__: [elapsed] >> 00:00:00
[0020] 2020-03-15 17:14:20 DEBUG > End   ModelFactory.create: [elapsed] >> 00:00:00
[0020] 2020-03-15 17:14:20 INFO  > Fold 5 withholding month 14
[0020] 2020-03-15 17:14:20 INFO  > rows of train= 503, rows of holdout= 88
[0020] 2020-03-15 17:14:20 DEBUG > Start LightGBM.train
[0020] 2020-03-15 17:14:20 DEBUG > End   LightGBM.train: [elapsed] >> 00:00:00
[0020] 2020-03-15 17:14:20 DEBUG > Start LightGBM.predict
[0020] 2020-03-15 17:14:21 DEBUG > End   LightGBM.predict: [elapsed] >> 00:00:00
[0020] 2020-03-15 17:14:21 DEBUG > Start LightGBM.predict
[0020] 2020-03-15 17:14:21 DEBUG > End   LightGBM.predict: [elapsed] >> 00:00:00
[0020] 2020-03-15 17:14:21 DEBUG > Start BaseModel.save
[0020] 2020-03-15 17:14:21 DEBUG > End   BaseModel.save: [elapsed] >> 00:00:00
[0020] 2020-03-15 17:14:21 DEBUG > Start ModelFactory.create
[0020] 2020-03-15 17:14:21 DEBUG > Creating model lightgbm
[0020] 2020-03-15 17:14:21 DEBUG > Start LightGBM.__init__
[0020] 2020-03-15 17:14:21 DEBUG > End   LightGBM.__init__: [elapsed] >> 00:00:00
[0020] 2020-03-15 17:14:21 DEBUG > End   ModelFactory.create: [elapsed] >> 00:00:00
[0020] 2020-03-15 17:14:21 INFO  > Fold 6 withholding month 16
[0020] 2020-03-15 17:14:21 INFO  > rows of train= 507, rows of holdout= 84
[0020] 2020-03-15 17:14:21 DEBUG > Start LightGBM.train
[0020] 2020-03-15 17:14:21 DEBUG > End   LightGBM.train: [elapsed] >> 00:00:00
[0020] 2020-03-15 17:14:21 DEBUG > Start LightGBM.predict
[0020] 2020-03-15 17:14:21 DEBUG > End   LightGBM.predict: [elapsed] >> 00:00:00
[0020] 2020-03-15 17:14:21 DEBUG > Start LightGBM.predict
[0020] 2020-03-15 17:14:21 DEBUG > End   LightGBM.predict: [elapsed] >> 00:00:00
[0020] 2020-03-15 17:14:21 DEBUG > Start BaseModel.save
[0020] 2020-03-15 17:14:21 DEBUG > End   BaseModel.save: [elapsed] >> 00:00:00
[0020] 2020-03-15 17:14:21 INFO  > Fold 6 OOF cv= 0.7945693709582599
[0020] 2020-03-15 17:14:22 DEBUG > Start ModelFactory.create
[0020] 2020-03-15 17:14:22 DEBUG > Creating model lightgbm
[0020] 2020-03-15 17:14:22 DEBUG > Start LightGBM.__init__
[0020] 2020-03-15 17:14:22 DEBUG > End   LightGBM.__init__: [elapsed] >> 00:00:00
[0020] 2020-03-15 17:14:22 DEBUG > End   ModelFactory.create: [elapsed] >> 00:00:00
[0020] 2020-03-15 17:14:22 INFO  > Fold 1 withholding month 12
[0020] 2020-03-15 17:14:22 INFO  > rows of train= 463, rows of holdout= 128
[0020] 2020-03-15 17:14:22 DEBUG > Start LightGBM.train
[0020] 2020-03-15 17:14:22 DEBUG > End   LightGBM.train: [elapsed] >> 00:00:00
[0020] 2020-03-15 17:14:22 DEBUG > Start LightGBM.predict
[0020] 2020-03-15 17:14:22 DEBUG > End   LightGBM.predict: [elapsed] >> 00:00:00
[0020] 2020-03-15 17:14:22 DEBUG > Start LightGBM.predict
[0020] 2020-03-15 17:14:22 DEBUG > End   LightGBM.predict: [elapsed] >> 00:00:00
[0020] 2020-03-15 17:14:22 DEBUG > Start BaseModel.save
[0020] 2020-03-15 17:14:22 DEBUG > End   BaseModel.save: [elapsed] >> 00:00:00
[0020] 2020-03-15 17:14:22 DEBUG > Start ModelFactory.create
[0020] 2020-03-15 17:14:22 DEBUG > Creating model lightgbm
[0020] 2020-03-15 17:14:22 DEBUG > Start LightGBM.__init__
[0020] 2020-03-15 17:14:22 DEBUG > End   LightGBM.__init__: [elapsed] >> 00:00:00
[0020] 2020-03-15 17:14:22 DEBUG > End   ModelFactory.create: [elapsed] >> 00:00:00
[0020] 2020-03-15 17:14:22 INFO  > Fold 2 withholding month 15
[0020] 2020-03-15 17:14:22 INFO  > rows of train= 482, rows of holdout= 109
[0020] 2020-03-15 17:14:22 DEBUG > Start LightGBM.train
[0020] 2020-03-15 17:14:22 DEBUG > End   LightGBM.train: [elapsed] >> 00:00:00
[0020] 2020-03-15 17:14:22 DEBUG > Start LightGBM.predict
[0020] 2020-03-15 17:14:22 DEBUG > End   LightGBM.predict: [elapsed] >> 00:00:00
[0020] 2020-03-15 17:14:22 DEBUG > Start LightGBM.predict
[0020] 2020-03-15 17:14:22 DEBUG > End   LightGBM.predict: [elapsed] >> 00:00:00
[0020] 2020-03-15 17:14:22 DEBUG > Start BaseModel.save
[0020] 2020-03-15 17:14:22 DEBUG > End   BaseModel.save: [elapsed] >> 00:00:00
[0020] 2020-03-15 17:14:22 DEBUG > Start ModelFactory.create
[0020] 2020-03-15 17:14:22 DEBUG > Creating model lightgbm
[0020] 2020-03-15 17:14:22 DEBUG > Start LightGBM.__init__
[0020] 2020-03-15 17:14:22 DEBUG > End   LightGBM.__init__: [elapsed] >> 00:00:00
[0020] 2020-03-15 17:14:22 DEBUG > End   ModelFactory.create: [elapsed] >> 00:00:00
[0020] 2020-03-15 17:14:22 INFO  > Fold 3 withholding month 13
[0020] 2020-03-15 17:14:22 INFO  > rows of train= 499, rows of holdout= 92
[0020] 2020-03-15 17:14:22 DEBUG > Start LightGBM.train
[0020] 2020-03-15 17:14:22 DEBUG > End   LightGBM.train: [elapsed] >> 00:00:00
[0020] 2020-03-15 17:14:22 DEBUG > Start LightGBM.predict
[0020] 2020-03-15 17:14:23 DEBUG > End   LightGBM.predict: [elapsed] >> 00:00:00
[0020] 2020-03-15 17:14:23 DEBUG > Start LightGBM.predict
[0020] 2020-03-15 17:14:23 DEBUG > End   LightGBM.predict: [elapsed] >> 00:00:00
[0020] 2020-03-15 17:14:23 DEBUG > Start BaseModel.save
[0020] 2020-03-15 17:14:23 DEBUG > End   BaseModel.save: [elapsed] >> 00:00:00
[0020] 2020-03-15 17:14:23 DEBUG > Start ModelFactory.create
[0020] 2020-03-15 17:14:23 DEBUG > Creating model lightgbm
[0020] 2020-03-15 17:14:23 DEBUG > Start LightGBM.__init__
[0020] 2020-03-15 17:14:23 DEBUG > End   LightGBM.__init__: [elapsed] >> 00:00:00
[0020] 2020-03-15 17:14:23 DEBUG > End   ModelFactory.create: [elapsed] >> 00:00:00
[0020] 2020-03-15 17:14:23 INFO  > Fold 4 withholding month 17
[0020] 2020-03-15 17:14:23 INFO  > rows of train= 501, rows of holdout= 90
[0020] 2020-03-15 17:14:23 DEBUG > Start LightGBM.train
[0020] 2020-03-15 17:14:23 DEBUG > End   LightGBM.train: [elapsed] >> 00:00:00
[0020] 2020-03-15 17:14:23 DEBUG > Start LightGBM.predict
[0020] 2020-03-15 17:14:23 DEBUG > End   LightGBM.predict: [elapsed] >> 00:00:00
[0020] 2020-03-15 17:14:23 DEBUG > Start LightGBM.predict
[0020] 2020-03-15 17:14:23 DEBUG > End   LightGBM.predict: [elapsed] >> 00:00:00
[0020] 2020-03-15 17:14:23 DEBUG > Start BaseModel.save
[0020] 2020-03-15 17:14:23 DEBUG > End   BaseModel.save: [elapsed] >> 00:00:00
[0020] 2020-03-15 17:14:23 DEBUG > Start ModelFactory.create
[0020] 2020-03-15 17:14:23 DEBUG > Creating model lightgbm
[0020] 2020-03-15 17:14:23 DEBUG > Start LightGBM.__init__
[0020] 2020-03-15 17:14:23 DEBUG > End   LightGBM.__init__: [elapsed] >> 00:00:00
[0020] 2020-03-15 17:14:23 DEBUG > End   ModelFactory.create: [elapsed] >> 00:00:00
[0020] 2020-03-15 17:14:23 INFO  > Fold 5 withholding month 14
[0020] 2020-03-15 17:14:23 INFO  > rows of train= 503, rows of holdout= 88
[0020] 2020-03-15 17:14:23 DEBUG > Start LightGBM.train
[0020] 2020-03-15 17:14:23 DEBUG > End   LightGBM.train: [elapsed] >> 00:00:00
[0020] 2020-03-15 17:14:23 DEBUG > Start LightGBM.predict
[0020] 2020-03-15 17:14:23 DEBUG > End   LightGBM.predict: [elapsed] >> 00:00:00
[0020] 2020-03-15 17:14:23 DEBUG > Start LightGBM.predict
[0020] 2020-03-15 17:14:23 DEBUG > End   LightGBM.predict: [elapsed] >> 00:00:00
[0020] 2020-03-15 17:14:23 DEBUG > Start BaseModel.save
[0020] 2020-03-15 17:14:23 DEBUG > End   BaseModel.save: [elapsed] >> 00:00:00
[0020] 2020-03-15 17:14:23 DEBUG > Start ModelFactory.create
[0020] 2020-03-15 17:14:23 DEBUG > Creating model lightgbm
[0020] 2020-03-15 17:14:23 DEBUG > Start LightGBM.__init__
[0020] 2020-03-15 17:14:23 DEBUG > End   LightGBM.__init__: [elapsed] >> 00:00:00
[0020] 2020-03-15 17:14:23 DEBUG > End   ModelFactory.create: [elapsed] >> 00:00:00
[0020] 2020-03-15 17:14:23 INFO  > Fold 6 withholding month 16
[0020] 2020-03-15 17:14:23 INFO  > rows of train= 507, rows of holdout= 84
[0020] 2020-03-15 17:14:23 DEBUG > Start LightGBM.train
[0020] 2020-03-15 17:14:24 DEBUG > End   LightGBM.train: [elapsed] >> 00:00:00
[0020] 2020-03-15 17:14:24 DEBUG > Start LightGBM.predict
[0020] 2020-03-15 17:14:24 DEBUG > End   LightGBM.predict: [elapsed] >> 00:00:00
[0020] 2020-03-15 17:14:24 DEBUG > Start LightGBM.predict
[0020] 2020-03-15 17:14:24 DEBUG > End   LightGBM.predict: [elapsed] >> 00:00:00
[0020] 2020-03-15 17:14:24 DEBUG > Start BaseModel.save
[0020] 2020-03-15 17:14:24 DEBUG > End   BaseModel.save: [elapsed] >> 00:00:00
[0020] 2020-03-15 17:14:24 INFO  > Fold 6 OOF cv= 0.7696942974720753
[0020] 2020-03-15 17:14:24 DEBUG > Start ModelFactory.create
[0020] 2020-03-15 17:14:24 DEBUG > Creating model lightgbm
[0020] 2020-03-15 17:14:24 DEBUG > Start LightGBM.__init__
[0020] 2020-03-15 17:14:24 DEBUG > End   LightGBM.__init__: [elapsed] >> 00:00:00
[0020] 2020-03-15 17:14:24 DEBUG > End   ModelFactory.create: [elapsed] >> 00:00:00
[0020] 2020-03-15 17:14:24 INFO  > Fold 1 withholding month 12
[0020] 2020-03-15 17:14:24 INFO  > rows of train= 463, rows of holdout= 128
[0020] 2020-03-15 17:14:24 DEBUG > Start LightGBM.train
[0020] 2020-03-15 17:14:24 DEBUG > End   LightGBM.train: [elapsed] >> 00:00:00
[0020] 2020-03-15 17:14:24 DEBUG > Start LightGBM.predict
[0020] 2020-03-15 17:14:25 DEBUG > End   LightGBM.predict: [elapsed] >> 00:00:00
[0020] 2020-03-15 17:14:25 DEBUG > Start LightGBM.predict
[0020] 2020-03-15 17:14:25 DEBUG > End   LightGBM.predict: [elapsed] >> 00:00:00
[0020] 2020-03-15 17:14:25 DEBUG > Start BaseModel.save
[0020] 2020-03-15 17:14:25 DEBUG > End   BaseModel.save: [elapsed] >> 00:00:00
[0020] 2020-03-15 17:14:25 DEBUG > Start ModelFactory.create
[0020] 2020-03-15 17:14:25 DEBUG > Creating model lightgbm
[0020] 2020-03-15 17:14:25 DEBUG > Start LightGBM.__init__
[0020] 2020-03-15 17:14:25 DEBUG > End   LightGBM.__init__: [elapsed] >> 00:00:00
[0020] 2020-03-15 17:14:25 DEBUG > End   ModelFactory.create: [elapsed] >> 00:00:00
[0020] 2020-03-15 17:14:25 INFO  > Fold 2 withholding month 15
[0020] 2020-03-15 17:14:25 INFO  > rows of train= 482, rows of holdout= 109
[0020] 2020-03-15 17:14:25 DEBUG > Start LightGBM.train
[0020] 2020-03-15 17:14:25 DEBUG > End   LightGBM.train: [elapsed] >> 00:00:00
[0020] 2020-03-15 17:14:25 DEBUG > Start LightGBM.predict
[0020] 2020-03-15 17:14:25 DEBUG > End   LightGBM.predict: [elapsed] >> 00:00:00
[0020] 2020-03-15 17:14:25 DEBUG > Start LightGBM.predict
[0020] 2020-03-15 17:14:25 DEBUG > End   LightGBM.predict: [elapsed] >> 00:00:00
[0020] 2020-03-15 17:14:25 DEBUG > Start BaseModel.save
[0020] 2020-03-15 17:14:25 DEBUG > End   BaseModel.save: [elapsed] >> 00:00:00
[0020] 2020-03-15 17:14:25 DEBUG > Start ModelFactory.create
[0020] 2020-03-15 17:14:25 DEBUG > Creating model lightgbm
[0020] 2020-03-15 17:14:25 DEBUG > Start LightGBM.__init__
[0020] 2020-03-15 17:14:25 DEBUG > End   LightGBM.__init__: [elapsed] >> 00:00:00
[0020] 2020-03-15 17:14:25 DEBUG > End   ModelFactory.create: [elapsed] >> 00:00:00
[0020] 2020-03-15 17:14:25 INFO  > Fold 3 withholding month 13
[0020] 2020-03-15 17:14:25 INFO  > rows of train= 499, rows of holdout= 92
[0020] 2020-03-15 17:14:25 DEBUG > Start LightGBM.train
[0020] 2020-03-15 17:14:25 DEBUG > End   LightGBM.train: [elapsed] >> 00:00:00
[0020] 2020-03-15 17:14:25 DEBUG > Start LightGBM.predict
[0020] 2020-03-15 17:14:25 DEBUG > End   LightGBM.predict: [elapsed] >> 00:00:00
[0020] 2020-03-15 17:14:25 DEBUG > Start LightGBM.predict
[0020] 2020-03-15 17:14:25 DEBUG > End   LightGBM.predict: [elapsed] >> 00:00:00
[0020] 2020-03-15 17:14:25 DEBUG > Start BaseModel.save
[0020] 2020-03-15 17:14:25 DEBUG > End   BaseModel.save: [elapsed] >> 00:00:00
[0020] 2020-03-15 17:14:25 DEBUG > Start ModelFactory.create
[0020] 2020-03-15 17:14:25 DEBUG > Creating model lightgbm
[0020] 2020-03-15 17:14:25 DEBUG > Start LightGBM.__init__
[0020] 2020-03-15 17:14:25 DEBUG > End   LightGBM.__init__: [elapsed] >> 00:00:00
[0020] 2020-03-15 17:14:25 DEBUG > End   ModelFactory.create: [elapsed] >> 00:00:00
[0020] 2020-03-15 17:14:25 INFO  > Fold 4 withholding month 17
[0020] 2020-03-15 17:14:25 INFO  > rows of train= 501, rows of holdout= 90
[0020] 2020-03-15 17:14:25 DEBUG > Start LightGBM.train
[0020] 2020-03-15 17:14:26 DEBUG > End   LightGBM.train: [elapsed] >> 00:00:00
[0020] 2020-03-15 17:14:26 DEBUG > Start LightGBM.predict
[0020] 2020-03-15 17:14:26 DEBUG > End   LightGBM.predict: [elapsed] >> 00:00:00
[0020] 2020-03-15 17:14:26 DEBUG > Start LightGBM.predict
[0020] 2020-03-15 17:14:26 DEBUG > End   LightGBM.predict: [elapsed] >> 00:00:00
[0020] 2020-03-15 17:14:26 DEBUG > Start BaseModel.save
[0020] 2020-03-15 17:14:26 DEBUG > End   BaseModel.save: [elapsed] >> 00:00:00
[0020] 2020-03-15 17:14:26 DEBUG > Start ModelFactory.create
[0020] 2020-03-15 17:14:26 DEBUG > Creating model lightgbm
[0020] 2020-03-15 17:14:26 DEBUG > Start LightGBM.__init__
[0020] 2020-03-15 17:14:26 DEBUG > End   LightGBM.__init__: [elapsed] >> 00:00:00
[0020] 2020-03-15 17:14:26 DEBUG > End   ModelFactory.create: [elapsed] >> 00:00:00
[0020] 2020-03-15 17:14:26 INFO  > Fold 5 withholding month 14
[0020] 2020-03-15 17:14:26 INFO  > rows of train= 503, rows of holdout= 88
[0020] 2020-03-15 17:14:26 DEBUG > Start LightGBM.train
[0020] 2020-03-15 17:14:26 DEBUG > End   LightGBM.train: [elapsed] >> 00:00:00
[0020] 2020-03-15 17:14:26 DEBUG > Start LightGBM.predict
[0020] 2020-03-15 17:14:26 DEBUG > End   LightGBM.predict: [elapsed] >> 00:00:00
[0020] 2020-03-15 17:14:26 DEBUG > Start LightGBM.predict
[0020] 2020-03-15 17:14:26 DEBUG > End   LightGBM.predict: [elapsed] >> 00:00:00
[0020] 2020-03-15 17:14:26 DEBUG > Start BaseModel.save
[0020] 2020-03-15 17:14:26 DEBUG > End   BaseModel.save: [elapsed] >> 00:00:00
[0020] 2020-03-15 17:14:26 DEBUG > Start ModelFactory.create
[0020] 2020-03-15 17:14:26 DEBUG > Creating model lightgbm
[0020] 2020-03-15 17:14:26 DEBUG > Start LightGBM.__init__
[0020] 2020-03-15 17:14:26 DEBUG > End   LightGBM.__init__: [elapsed] >> 00:00:00
[0020] 2020-03-15 17:14:26 DEBUG > End   ModelFactory.create: [elapsed] >> 00:00:00
[0020] 2020-03-15 17:14:26 INFO  > Fold 6 withholding month 16
[0020] 2020-03-15 17:14:26 INFO  > rows of train= 507, rows of holdout= 84
[0020] 2020-03-15 17:14:26 DEBUG > Start LightGBM.train
[0020] 2020-03-15 17:14:27 DEBUG > End   LightGBM.train: [elapsed] >> 00:00:00
[0020] 2020-03-15 17:14:27 DEBUG > Start LightGBM.predict
[0020] 2020-03-15 17:14:27 DEBUG > End   LightGBM.predict: [elapsed] >> 00:00:00
[0020] 2020-03-15 17:14:27 DEBUG > Start LightGBM.predict
[0020] 2020-03-15 17:14:27 DEBUG > End   LightGBM.predict: [elapsed] >> 00:00:00
[0020] 2020-03-15 17:14:27 DEBUG > Start BaseModel.save
[0020] 2020-03-15 17:14:27 DEBUG > End   BaseModel.save: [elapsed] >> 00:00:00
[0020] 2020-03-15 17:14:27 INFO  > Fold 6 OOF cv= 0.8143371546149324
[0020] 2020-03-15 17:14:27 DEBUG > Start ModelFactory.create
[0020] 2020-03-15 17:14:27 DEBUG > Creating model lightgbm
[0020] 2020-03-15 17:14:27 DEBUG > Start LightGBM.__init__
[0020] 2020-03-15 17:14:27 DEBUG > End   LightGBM.__init__: [elapsed] >> 00:00:00
[0020] 2020-03-15 17:14:27 DEBUG > End   ModelFactory.create: [elapsed] >> 00:00:00
[0020] 2020-03-15 17:14:27 INFO  > Fold 1 withholding month 12
[0020] 2020-03-15 17:14:27 INFO  > rows of train= 463, rows of holdout= 128
[0020] 2020-03-15 17:14:27 DEBUG > Start LightGBM.train
[0020] 2020-03-15 17:14:27 DEBUG > End   LightGBM.train: [elapsed] >> 00:00:00
[0020] 2020-03-15 17:14:27 DEBUG > Start LightGBM.predict
[0020] 2020-03-15 17:14:28 DEBUG > End   LightGBM.predict: [elapsed] >> 00:00:00
[0020] 2020-03-15 17:14:28 DEBUG > Start LightGBM.predict
[0020] 2020-03-15 17:14:28 DEBUG > End   LightGBM.predict: [elapsed] >> 00:00:00
[0020] 2020-03-15 17:14:28 DEBUG > Start BaseModel.save
[0020] 2020-03-15 17:14:28 DEBUG > End   BaseModel.save: [elapsed] >> 00:00:00
[0020] 2020-03-15 17:14:28 DEBUG > Start ModelFactory.create
[0020] 2020-03-15 17:14:28 DEBUG > Creating model lightgbm
[0020] 2020-03-15 17:14:28 DEBUG > Start LightGBM.__init__
[0020] 2020-03-15 17:14:28 DEBUG > End   LightGBM.__init__: [elapsed] >> 00:00:00
[0020] 2020-03-15 17:14:28 DEBUG > End   ModelFactory.create: [elapsed] >> 00:00:00
[0020] 2020-03-15 17:14:28 INFO  > Fold 2 withholding month 15
[0020] 2020-03-15 17:14:28 INFO  > rows of train= 482, rows of holdout= 109
[0020] 2020-03-15 17:14:28 DEBUG > Start LightGBM.train
[0020] 2020-03-15 17:14:28 DEBUG > End   LightGBM.train: [elapsed] >> 00:00:00
[0020] 2020-03-15 17:14:28 DEBUG > Start LightGBM.predict
[0020] 2020-03-15 17:14:28 DEBUG > End   LightGBM.predict: [elapsed] >> 00:00:00
[0020] 2020-03-15 17:14:28 DEBUG > Start LightGBM.predict
[0020] 2020-03-15 17:14:28 DEBUG > End   LightGBM.predict: [elapsed] >> 00:00:00
[0020] 2020-03-15 17:14:28 DEBUG > Start BaseModel.save
[0020] 2020-03-15 17:14:28 DEBUG > End   BaseModel.save: [elapsed] >> 00:00:00
[0020] 2020-03-15 17:14:28 DEBUG > Start ModelFactory.create
[0020] 2020-03-15 17:14:28 DEBUG > Creating model lightgbm
[0020] 2020-03-15 17:14:28 DEBUG > Start LightGBM.__init__
[0020] 2020-03-15 17:14:28 DEBUG > End   LightGBM.__init__: [elapsed] >> 00:00:00
[0020] 2020-03-15 17:14:28 DEBUG > End   ModelFactory.create: [elapsed] >> 00:00:00
[0020] 2020-03-15 17:14:28 INFO  > Fold 3 withholding month 13
[0020] 2020-03-15 17:14:28 INFO  > rows of train= 499, rows of holdout= 92
[0020] 2020-03-15 17:14:28 DEBUG > Start LightGBM.train
[0020] 2020-03-15 17:14:28 DEBUG > End   LightGBM.train: [elapsed] >> 00:00:00
[0020] 2020-03-15 17:14:28 DEBUG > Start LightGBM.predict
[0020] 2020-03-15 17:14:28 DEBUG > End   LightGBM.predict: [elapsed] >> 00:00:00
[0020] 2020-03-15 17:14:28 DEBUG > Start LightGBM.predict
[0020] 2020-03-15 17:14:28 DEBUG > End   LightGBM.predict: [elapsed] >> 00:00:00
[0020] 2020-03-15 17:14:28 DEBUG > Start BaseModel.save
[0020] 2020-03-15 17:14:28 DEBUG > End   BaseModel.save: [elapsed] >> 00:00:00
[0020] 2020-03-15 17:14:28 DEBUG > Start ModelFactory.create
[0020] 2020-03-15 17:14:28 DEBUG > Creating model lightgbm
[0020] 2020-03-15 17:14:28 DEBUG > Start LightGBM.__init__
[0020] 2020-03-15 17:14:28 DEBUG > End   LightGBM.__init__: [elapsed] >> 00:00:00
[0020] 2020-03-15 17:14:28 DEBUG > End   ModelFactory.create: [elapsed] >> 00:00:00
[0020] 2020-03-15 17:14:28 INFO  > Fold 4 withholding month 17
[0020] 2020-03-15 17:14:28 INFO  > rows of train= 501, rows of holdout= 90
[0020] 2020-03-15 17:14:28 DEBUG > Start LightGBM.train
[0020] 2020-03-15 17:14:29 DEBUG > End   LightGBM.train: [elapsed] >> 00:00:00
[0020] 2020-03-15 17:14:29 DEBUG > Start LightGBM.predict
[0020] 2020-03-15 17:14:29 DEBUG > End   LightGBM.predict: [elapsed] >> 00:00:00
[0020] 2020-03-15 17:14:29 DEBUG > Start LightGBM.predict
[0020] 2020-03-15 17:14:29 DEBUG > End   LightGBM.predict: [elapsed] >> 00:00:00
[0020] 2020-03-15 17:14:29 DEBUG > Start BaseModel.save
[0020] 2020-03-15 17:14:29 DEBUG > End   BaseModel.save: [elapsed] >> 00:00:00
[0020] 2020-03-15 17:14:29 DEBUG > Start ModelFactory.create
[0020] 2020-03-15 17:14:29 DEBUG > Creating model lightgbm
[0020] 2020-03-15 17:14:29 DEBUG > Start LightGBM.__init__
[0020] 2020-03-15 17:14:29 DEBUG > End   LightGBM.__init__: [elapsed] >> 00:00:00
[0020] 2020-03-15 17:14:29 DEBUG > End   ModelFactory.create: [elapsed] >> 00:00:00
[0020] 2020-03-15 17:14:29 INFO  > Fold 5 withholding month 14
[0020] 2020-03-15 17:14:29 INFO  > rows of train= 503, rows of holdout= 88
[0020] 2020-03-15 17:14:29 DEBUG > Start LightGBM.train
[0020] 2020-03-15 17:14:29 DEBUG > End   LightGBM.train: [elapsed] >> 00:00:00
[0020] 2020-03-15 17:14:29 DEBUG > Start LightGBM.predict
[0020] 2020-03-15 17:14:29 DEBUG > End   LightGBM.predict: [elapsed] >> 00:00:00
[0020] 2020-03-15 17:14:29 DEBUG > Start LightGBM.predict
[0020] 2020-03-15 17:14:29 DEBUG > End   LightGBM.predict: [elapsed] >> 00:00:00
[0020] 2020-03-15 17:14:29 DEBUG > Start BaseModel.save
[0020] 2020-03-15 17:14:29 DEBUG > End   BaseModel.save: [elapsed] >> 00:00:00
[0020] 2020-03-15 17:14:29 DEBUG > Start ModelFactory.create
[0020] 2020-03-15 17:14:29 DEBUG > Creating model lightgbm
[0020] 2020-03-15 17:14:29 DEBUG > Start LightGBM.__init__
[0020] 2020-03-15 17:14:29 DEBUG > End   LightGBM.__init__: [elapsed] >> 00:00:00
[0020] 2020-03-15 17:14:29 DEBUG > End   ModelFactory.create: [elapsed] >> 00:00:00
[0020] 2020-03-15 17:14:29 INFO  > Fold 6 withholding month 16
[0020] 2020-03-15 17:14:29 INFO  > rows of train= 507, rows of holdout= 84
[0020] 2020-03-15 17:14:29 DEBUG > Start LightGBM.train
[0020] 2020-03-15 17:14:29 DEBUG > End   LightGBM.train: [elapsed] >> 00:00:00
[0020] 2020-03-15 17:14:29 DEBUG > Start LightGBM.predict
[0020] 2020-03-15 17:14:29 DEBUG > End   LightGBM.predict: [elapsed] >> 00:00:00
[0020] 2020-03-15 17:14:30 DEBUG > Start LightGBM.predict
[0020] 2020-03-15 17:14:30 DEBUG > End   LightGBM.predict: [elapsed] >> 00:00:00
[0020] 2020-03-15 17:14:30 DEBUG > Start BaseModel.save
[0020] 2020-03-15 17:14:30 DEBUG > End   BaseModel.save: [elapsed] >> 00:00:00
[0020] 2020-03-15 17:14:30 INFO  > Fold 6 OOF cv= 0.8408656672545561
[0020] 2020-03-15 17:14:30 DEBUG > Start ModelFactory.create
[0020] 2020-03-15 17:14:30 DEBUG > Creating model lightgbm
[0020] 2020-03-15 17:14:30 DEBUG > Start LightGBM.__init__
[0020] 2020-03-15 17:14:30 DEBUG > End   LightGBM.__init__: [elapsed] >> 00:00:00
[0020] 2020-03-15 17:14:30 DEBUG > End   ModelFactory.create: [elapsed] >> 00:00:00
[0020] 2020-03-15 17:14:30 INFO  > Fold 1 withholding month 12
[0020] 2020-03-15 17:14:30 INFO  > rows of train= 463, rows of holdout= 128
[0020] 2020-03-15 17:14:30 DEBUG > Start LightGBM.train
[0020] 2020-03-15 17:14:30 DEBUG > End   LightGBM.train: [elapsed] >> 00:00:00
[0020] 2020-03-15 17:14:30 DEBUG > Start LightGBM.predict
[0020] 2020-03-15 17:14:30 DEBUG > End   LightGBM.predict: [elapsed] >> 00:00:00
[0020] 2020-03-15 17:14:30 DEBUG > Start LightGBM.predict
[0020] 2020-03-15 17:14:30 DEBUG > End   LightGBM.predict: [elapsed] >> 00:00:00
[0020] 2020-03-15 17:14:30 DEBUG > Start BaseModel.save
[0020] 2020-03-15 17:14:30 DEBUG > End   BaseModel.save: [elapsed] >> 00:00:00
[0020] 2020-03-15 17:14:30 DEBUG > Start ModelFactory.create
[0020] 2020-03-15 17:14:30 DEBUG > Creating model lightgbm
[0020] 2020-03-15 17:14:30 DEBUG > Start LightGBM.__init__
[0020] 2020-03-15 17:14:30 DEBUG > End   LightGBM.__init__: [elapsed] >> 00:00:00
[0020] 2020-03-15 17:14:30 DEBUG > End   ModelFactory.create: [elapsed] >> 00:00:00
[0020] 2020-03-15 17:14:30 INFO  > Fold 2 withholding month 15
[0020] 2020-03-15 17:14:30 INFO  > rows of train= 482, rows of holdout= 109
[0020] 2020-03-15 17:14:30 DEBUG > Start LightGBM.train
[0020] 2020-03-15 17:14:31 DEBUG > End   LightGBM.train: [elapsed] >> 00:00:00
[0020] 2020-03-15 17:14:31 DEBUG > Start LightGBM.predict
[0020] 2020-03-15 17:14:31 DEBUG > End   LightGBM.predict: [elapsed] >> 00:00:00
[0020] 2020-03-15 17:14:31 DEBUG > Start LightGBM.predict
[0020] 2020-03-15 17:14:31 DEBUG > End   LightGBM.predict: [elapsed] >> 00:00:00
[0020] 2020-03-15 17:14:31 DEBUG > Start BaseModel.save
[0020] 2020-03-15 17:14:31 DEBUG > End   BaseModel.save: [elapsed] >> 00:00:00
[0020] 2020-03-15 17:14:31 DEBUG > Start ModelFactory.create
[0020] 2020-03-15 17:14:31 DEBUG > Creating model lightgbm
[0020] 2020-03-15 17:14:31 DEBUG > Start LightGBM.__init__
[0020] 2020-03-15 17:14:31 DEBUG > End   LightGBM.__init__: [elapsed] >> 00:00:00
[0020] 2020-03-15 17:14:31 DEBUG > End   ModelFactory.create: [elapsed] >> 00:00:00
[0020] 2020-03-15 17:14:31 INFO  > Fold 3 withholding month 13
[0020] 2020-03-15 17:14:31 INFO  > rows of train= 499, rows of holdout= 92
[0020] 2020-03-15 17:14:31 DEBUG > Start LightGBM.train
[0020] 2020-03-15 17:14:31 DEBUG > End   LightGBM.train: [elapsed] >> 00:00:00
[0020] 2020-03-15 17:14:31 DEBUG > Start LightGBM.predict
[0020] 2020-03-15 17:14:31 DEBUG > End   LightGBM.predict: [elapsed] >> 00:00:00
[0020] 2020-03-15 17:14:31 DEBUG > Start LightGBM.predict
[0020] 2020-03-15 17:14:31 DEBUG > End   LightGBM.predict: [elapsed] >> 00:00:00
[0020] 2020-03-15 17:14:31 DEBUG > Start BaseModel.save
[0020] 2020-03-15 17:14:31 DEBUG > End   BaseModel.save: [elapsed] >> 00:00:00
[0020] 2020-03-15 17:14:31 DEBUG > Start ModelFactory.create
[0020] 2020-03-15 17:14:31 DEBUG > Creating model lightgbm
[0020] 2020-03-15 17:14:31 DEBUG > Start LightGBM.__init__
[0020] 2020-03-15 17:14:31 DEBUG > End   LightGBM.__init__: [elapsed] >> 00:00:00
[0020] 2020-03-15 17:14:31 DEBUG > End   ModelFactory.create: [elapsed] >> 00:00:00
[0020] 2020-03-15 17:14:31 INFO  > Fold 4 withholding month 17
[0020] 2020-03-15 17:14:31 INFO  > rows of train= 501, rows of holdout= 90
[0020] 2020-03-15 17:14:31 DEBUG > Start LightGBM.train
[0020] 2020-03-15 17:14:31 DEBUG > End   LightGBM.train: [elapsed] >> 00:00:00
[0020] 2020-03-15 17:14:31 DEBUG > Start LightGBM.predict
[0020] 2020-03-15 17:14:31 DEBUG > End   LightGBM.predict: [elapsed] >> 00:00:00
[0020] 2020-03-15 17:14:31 DEBUG > Start LightGBM.predict
[0020] 2020-03-15 17:14:31 DEBUG > End   LightGBM.predict: [elapsed] >> 00:00:00
[0020] 2020-03-15 17:14:31 DEBUG > Start BaseModel.save
[0020] 2020-03-15 17:14:31 DEBUG > End   BaseModel.save: [elapsed] >> 00:00:00
[0020] 2020-03-15 17:14:31 DEBUG > Start ModelFactory.create
[0020] 2020-03-15 17:14:31 DEBUG > Creating model lightgbm
[0020] 2020-03-15 17:14:31 DEBUG > Start LightGBM.__init__
[0020] 2020-03-15 17:14:31 DEBUG > End   LightGBM.__init__: [elapsed] >> 00:00:00
[0020] 2020-03-15 17:14:31 DEBUG > End   ModelFactory.create: [elapsed] >> 00:00:00
[0020] 2020-03-15 17:14:31 INFO  > Fold 5 withholding month 14
[0020] 2020-03-15 17:14:31 INFO  > rows of train= 503, rows of holdout= 88
[0020] 2020-03-15 17:14:31 DEBUG > Start LightGBM.train
[0020] 2020-03-15 17:14:32 DEBUG > End   LightGBM.train: [elapsed] >> 00:00:00
[0020] 2020-03-15 17:14:32 DEBUG > Start LightGBM.predict
[0020] 2020-03-15 17:14:32 DEBUG > End   LightGBM.predict: [elapsed] >> 00:00:00
[0020] 2020-03-15 17:14:32 DEBUG > Start LightGBM.predict
[0020] 2020-03-15 17:14:32 DEBUG > End   LightGBM.predict: [elapsed] >> 00:00:00
[0020] 2020-03-15 17:14:32 DEBUG > Start BaseModel.save
[0020] 2020-03-15 17:14:32 DEBUG > End   BaseModel.save: [elapsed] >> 00:00:00
[0020] 2020-03-15 17:14:32 DEBUG > Start ModelFactory.create
[0020] 2020-03-15 17:14:32 DEBUG > Creating model lightgbm
[0020] 2020-03-15 17:14:32 DEBUG > Start LightGBM.__init__
[0020] 2020-03-15 17:14:32 DEBUG > End   LightGBM.__init__: [elapsed] >> 00:00:00
[0020] 2020-03-15 17:14:32 DEBUG > End   ModelFactory.create: [elapsed] >> 00:00:00
[0020] 2020-03-15 17:14:32 INFO  > Fold 6 withholding month 16
[0020] 2020-03-15 17:14:32 INFO  > rows of train= 507, rows of holdout= 84
[0020] 2020-03-15 17:14:32 DEBUG > Start LightGBM.train
[0020] 2020-03-15 17:14:32 DEBUG > End   LightGBM.train: [elapsed] >> 00:00:00
[0020] 2020-03-15 17:14:32 DEBUG > Start LightGBM.predict
[0020] 2020-03-15 17:14:32 DEBUG > End   LightGBM.predict: [elapsed] >> 00:00:00
[0020] 2020-03-15 17:14:32 DEBUG > Start LightGBM.predict
[0020] 2020-03-15 17:14:32 DEBUG > End   LightGBM.predict: [elapsed] >> 00:00:00
[0020] 2020-03-15 17:14:32 DEBUG > Start BaseModel.save
[0020] 2020-03-15 17:14:32 DEBUG > End   BaseModel.save: [elapsed] >> 00:00:00
[0020] 2020-03-15 17:14:32 INFO  > Fold 6 OOF cv= 0.7627865961199295
[0020] 2020-03-15 17:14:33 DEBUG > Start ModelFactory.create
[0020] 2020-03-15 17:14:33 DEBUG > Creating model lightgbm
[0020] 2020-03-15 17:14:33 DEBUG > Start LightGBM.__init__
[0020] 2020-03-15 17:14:33 DEBUG > End   LightGBM.__init__: [elapsed] >> 00:00:00
[0020] 2020-03-15 17:14:33 DEBUG > End   ModelFactory.create: [elapsed] >> 00:00:00
[0020] 2020-03-15 17:14:33 INFO  > Fold 1 withholding month 12
[0020] 2020-03-15 17:14:33 INFO  > rows of train= 463, rows of holdout= 128
[0020] 2020-03-15 17:14:33 DEBUG > Start LightGBM.train
[0020] 2020-03-15 17:14:33 DEBUG > End   LightGBM.train: [elapsed] >> 00:00:00
[0020] 2020-03-15 17:14:33 DEBUG > Start LightGBM.predict
[0020] 2020-03-15 17:14:33 DEBUG > End   LightGBM.predict: [elapsed] >> 00:00:00
[0020] 2020-03-15 17:14:33 DEBUG > Start LightGBM.predict
[0020] 2020-03-15 17:14:33 DEBUG > End   LightGBM.predict: [elapsed] >> 00:00:00
[0020] 2020-03-15 17:14:33 DEBUG > Start BaseModel.save
[0020] 2020-03-15 17:14:33 DEBUG > End   BaseModel.save: [elapsed] >> 00:00:00
[0020] 2020-03-15 17:14:33 DEBUG > Start ModelFactory.create
[0020] 2020-03-15 17:14:33 DEBUG > Creating model lightgbm
[0020] 2020-03-15 17:14:33 DEBUG > Start LightGBM.__init__
[0020] 2020-03-15 17:14:33 DEBUG > End   LightGBM.__init__: [elapsed] >> 00:00:00
[0020] 2020-03-15 17:14:33 DEBUG > End   ModelFactory.create: [elapsed] >> 00:00:00
[0020] 2020-03-15 17:14:33 INFO  > Fold 2 withholding month 15
[0020] 2020-03-15 17:14:33 INFO  > rows of train= 482, rows of holdout= 109
[0020] 2020-03-15 17:14:33 DEBUG > Start LightGBM.train
[0020] 2020-03-15 17:14:33 DEBUG > End   LightGBM.train: [elapsed] >> 00:00:00
[0020] 2020-03-15 17:14:33 DEBUG > Start LightGBM.predict
[0020] 2020-03-15 17:14:33 DEBUG > End   LightGBM.predict: [elapsed] >> 00:00:00
[0020] 2020-03-15 17:14:33 DEBUG > Start LightGBM.predict
[0020] 2020-03-15 17:14:33 DEBUG > End   LightGBM.predict: [elapsed] >> 00:00:00
[0020] 2020-03-15 17:14:33 DEBUG > Start BaseModel.save
[0020] 2020-03-15 17:14:33 DEBUG > End   BaseModel.save: [elapsed] >> 00:00:00
[0020] 2020-03-15 17:14:33 DEBUG > Start ModelFactory.create
[0020] 2020-03-15 17:14:33 DEBUG > Creating model lightgbm
[0020] 2020-03-15 17:14:33 DEBUG > Start LightGBM.__init__
[0020] 2020-03-15 17:14:33 DEBUG > End   LightGBM.__init__: [elapsed] >> 00:00:00
[0020] 2020-03-15 17:14:33 DEBUG > End   ModelFactory.create: [elapsed] >> 00:00:00
[0020] 2020-03-15 17:14:33 INFO  > Fold 3 withholding month 13
[0020] 2020-03-15 17:14:33 INFO  > rows of train= 499, rows of holdout= 92
[0020] 2020-03-15 17:14:34 DEBUG > Start LightGBM.train
[0020] 2020-03-15 17:14:34 DEBUG > End   LightGBM.train: [elapsed] >> 00:00:00
[0020] 2020-03-15 17:14:34 DEBUG > Start LightGBM.predict
[0020] 2020-03-15 17:14:34 DEBUG > End   LightGBM.predict: [elapsed] >> 00:00:00
[0020] 2020-03-15 17:14:34 DEBUG > Start LightGBM.predict
[0020] 2020-03-15 17:14:34 DEBUG > End   LightGBM.predict: [elapsed] >> 00:00:00
[0020] 2020-03-15 17:14:34 DEBUG > Start BaseModel.save
[0020] 2020-03-15 17:14:34 DEBUG > End   BaseModel.save: [elapsed] >> 00:00:00
[0020] 2020-03-15 17:14:34 DEBUG > Start ModelFactory.create
[0020] 2020-03-15 17:14:34 DEBUG > Creating model lightgbm
[0020] 2020-03-15 17:14:34 DEBUG > Start LightGBM.__init__
[0020] 2020-03-15 17:14:34 DEBUG > End   LightGBM.__init__: [elapsed] >> 00:00:00
[0020] 2020-03-15 17:14:34 DEBUG > End   ModelFactory.create: [elapsed] >> 00:00:00
[0020] 2020-03-15 17:14:34 INFO  > Fold 4 withholding month 17
[0020] 2020-03-15 17:14:34 INFO  > rows of train= 501, rows of holdout= 90
[0020] 2020-03-15 17:14:34 DEBUG > Start LightGBM.train
[0020] 2020-03-15 17:14:34 DEBUG > End   LightGBM.train: [elapsed] >> 00:00:00
[0020] 2020-03-15 17:14:34 DEBUG > Start LightGBM.predict
[0020] 2020-03-15 17:14:34 DEBUG > End   LightGBM.predict: [elapsed] >> 00:00:00
[0020] 2020-03-15 17:14:34 DEBUG > Start LightGBM.predict
[0020] 2020-03-15 17:14:34 DEBUG > End   LightGBM.predict: [elapsed] >> 00:00:00
[0020] 2020-03-15 17:14:34 DEBUG > Start BaseModel.save
[0020] 2020-03-15 17:14:34 DEBUG > End   BaseModel.save: [elapsed] >> 00:00:00
[0020] 2020-03-15 17:14:34 DEBUG > Start ModelFactory.create
[0020] 2020-03-15 17:14:34 DEBUG > Creating model lightgbm
[0020] 2020-03-15 17:14:34 DEBUG > Start LightGBM.__init__
[0020] 2020-03-15 17:14:34 DEBUG > End   LightGBM.__init__: [elapsed] >> 00:00:00
[0020] 2020-03-15 17:14:34 DEBUG > End   ModelFactory.create: [elapsed] >> 00:00:00
[0020] 2020-03-15 17:14:34 INFO  > Fold 5 withholding month 14
[0020] 2020-03-15 17:14:34 INFO  > rows of train= 503, rows of holdout= 88
[0020] 2020-03-15 17:14:34 DEBUG > Start LightGBM.train
[0020] 2020-03-15 17:14:34 DEBUG > End   LightGBM.train: [elapsed] >> 00:00:00
[0020] 2020-03-15 17:14:34 DEBUG > Start LightGBM.predict
[0020] 2020-03-15 17:14:34 DEBUG > End   LightGBM.predict: [elapsed] >> 00:00:00
[0020] 2020-03-15 17:14:34 DEBUG > Start LightGBM.predict
[0020] 2020-03-15 17:14:34 DEBUG > End   LightGBM.predict: [elapsed] >> 00:00:00
[0020] 2020-03-15 17:14:34 DEBUG > Start BaseModel.save
[0020] 2020-03-15 17:14:34 DEBUG > End   BaseModel.save: [elapsed] >> 00:00:00
[0020] 2020-03-15 17:14:34 DEBUG > Start ModelFactory.create
[0020] 2020-03-15 17:14:34 DEBUG > Creating model lightgbm
[0020] 2020-03-15 17:14:34 DEBUG > Start LightGBM.__init__
[0020] 2020-03-15 17:14:34 DEBUG > End   LightGBM.__init__: [elapsed] >> 00:00:00
[0020] 2020-03-15 17:14:34 DEBUG > End   ModelFactory.create: [elapsed] >> 00:00:00
[0020] 2020-03-15 17:14:34 INFO  > Fold 6 withholding month 16
[0020] 2020-03-15 17:14:34 INFO  > rows of train= 507, rows of holdout= 84
[0020] 2020-03-15 17:14:34 DEBUG > Start LightGBM.train
[0020] 2020-03-15 17:14:35 DEBUG > End   LightGBM.train: [elapsed] >> 00:00:00
[0020] 2020-03-15 17:14:35 DEBUG > Start LightGBM.predict
[0020] 2020-03-15 17:14:35 DEBUG > End   LightGBM.predict: [elapsed] >> 00:00:00
[0020] 2020-03-15 17:14:35 DEBUG > Start LightGBM.predict
[0020] 2020-03-15 17:14:35 DEBUG > End   LightGBM.predict: [elapsed] >> 00:00:00
[0020] 2020-03-15 17:14:35 DEBUG > Start BaseModel.save
[0020] 2020-03-15 17:14:35 DEBUG > End   BaseModel.save: [elapsed] >> 00:00:00
[0020] 2020-03-15 17:14:35 INFO  > Fold 6 OOF cv= 0.7670487948265727
[0020] 2020-03-15 17:14:35 DEBUG > Start ModelFactory.create
[0020] 2020-03-15 17:14:35 DEBUG > Creating model lightgbm
[0020] 2020-03-15 17:14:35 DEBUG > Start LightGBM.__init__
[0020] 2020-03-15 17:14:35 DEBUG > End   LightGBM.__init__: [elapsed] >> 00:00:00
[0020] 2020-03-15 17:14:35 DEBUG > End   ModelFactory.create: [elapsed] >> 00:00:00
[0020] 2020-03-15 17:14:35 INFO  > Fold 1 withholding month 12
[0020] 2020-03-15 17:14:35 INFO  > rows of train= 463, rows of holdout= 128
[0020] 2020-03-15 17:14:35 DEBUG > Start LightGBM.train
[0020] 2020-03-15 17:14:36 DEBUG > End   LightGBM.train: [elapsed] >> 00:00:00
[0020] 2020-03-15 17:14:36 DEBUG > Start LightGBM.predict
[0020] 2020-03-15 17:14:36 DEBUG > End   LightGBM.predict: [elapsed] >> 00:00:00
[0020] 2020-03-15 17:14:36 DEBUG > Start LightGBM.predict
[0020] 2020-03-15 17:14:36 DEBUG > End   LightGBM.predict: [elapsed] >> 00:00:00
[0020] 2020-03-15 17:14:36 DEBUG > Start BaseModel.save
[0020] 2020-03-15 17:14:36 DEBUG > End   BaseModel.save: [elapsed] >> 00:00:00
[0020] 2020-03-15 17:14:36 DEBUG > Start ModelFactory.create
[0020] 2020-03-15 17:14:36 DEBUG > Creating model lightgbm
[0020] 2020-03-15 17:14:36 DEBUG > Start LightGBM.__init__
[0020] 2020-03-15 17:14:36 DEBUG > End   LightGBM.__init__: [elapsed] >> 00:00:00
[0020] 2020-03-15 17:14:36 DEBUG > End   ModelFactory.create: [elapsed] >> 00:00:00
[0020] 2020-03-15 17:14:36 INFO  > Fold 2 withholding month 15
[0020] 2020-03-15 17:14:36 INFO  > rows of train= 482, rows of holdout= 109
[0020] 2020-03-15 17:14:36 DEBUG > Start LightGBM.train
[0020] 2020-03-15 17:14:36 DEBUG > End   LightGBM.train: [elapsed] >> 00:00:00
[0020] 2020-03-15 17:14:36 DEBUG > Start LightGBM.predict
[0020] 2020-03-15 17:14:36 DEBUG > End   LightGBM.predict: [elapsed] >> 00:00:00
[0020] 2020-03-15 17:14:36 DEBUG > Start LightGBM.predict
[0020] 2020-03-15 17:14:36 DEBUG > End   LightGBM.predict: [elapsed] >> 00:00:00
[0020] 2020-03-15 17:14:36 DEBUG > Start BaseModel.save
[0020] 2020-03-15 17:14:36 DEBUG > End   BaseModel.save: [elapsed] >> 00:00:00
[0020] 2020-03-15 17:14:36 DEBUG > Start ModelFactory.create
[0020] 2020-03-15 17:14:36 DEBUG > Creating model lightgbm
[0020] 2020-03-15 17:14:36 DEBUG > Start LightGBM.__init__
[0020] 2020-03-15 17:14:36 DEBUG > End   LightGBM.__init__: [elapsed] >> 00:00:00
[0020] 2020-03-15 17:14:36 DEBUG > End   ModelFactory.create: [elapsed] >> 00:00:00
[0020] 2020-03-15 17:14:36 INFO  > Fold 3 withholding month 13
[0020] 2020-03-15 17:14:36 INFO  > rows of train= 499, rows of holdout= 92
[0020] 2020-03-15 17:14:36 DEBUG > Start LightGBM.train
[0020] 2020-03-15 17:14:36 DEBUG > End   LightGBM.train: [elapsed] >> 00:00:00
[0020] 2020-03-15 17:14:36 DEBUG > Start LightGBM.predict
[0020] 2020-03-15 17:14:36 DEBUG > End   LightGBM.predict: [elapsed] >> 00:00:00
[0020] 2020-03-15 17:14:36 DEBUG > Start LightGBM.predict
[0020] 2020-03-15 17:14:37 DEBUG > End   LightGBM.predict: [elapsed] >> 00:00:00
[0020] 2020-03-15 17:14:37 DEBUG > Start BaseModel.save
[0020] 2020-03-15 17:14:37 DEBUG > End   BaseModel.save: [elapsed] >> 00:00:00
[0020] 2020-03-15 17:14:37 DEBUG > Start ModelFactory.create
[0020] 2020-03-15 17:14:37 DEBUG > Creating model lightgbm
[0020] 2020-03-15 17:14:37 DEBUG > Start LightGBM.__init__
[0020] 2020-03-15 17:14:37 DEBUG > End   LightGBM.__init__: [elapsed] >> 00:00:00
[0020] 2020-03-15 17:14:37 DEBUG > End   ModelFactory.create: [elapsed] >> 00:00:00
[0020] 2020-03-15 17:14:37 INFO  > Fold 4 withholding month 17
[0020] 2020-03-15 17:14:37 INFO  > rows of train= 501, rows of holdout= 90
[0020] 2020-03-15 17:14:37 DEBUG > Start LightGBM.train
[0020] 2020-03-15 17:14:37 DEBUG > End   LightGBM.train: [elapsed] >> 00:00:00
[0020] 2020-03-15 17:14:37 DEBUG > Start LightGBM.predict
[0020] 2020-03-15 17:14:37 DEBUG > End   LightGBM.predict: [elapsed] >> 00:00:00
[0020] 2020-03-15 17:14:37 DEBUG > Start LightGBM.predict
[0020] 2020-03-15 17:14:37 DEBUG > End   LightGBM.predict: [elapsed] >> 00:00:00
[0020] 2020-03-15 17:14:37 DEBUG > Start BaseModel.save
[0020] 2020-03-15 17:14:37 DEBUG > End   BaseModel.save: [elapsed] >> 00:00:00
[0020] 2020-03-15 17:14:37 DEBUG > Start ModelFactory.create
[0020] 2020-03-15 17:14:37 DEBUG > Creating model lightgbm
[0020] 2020-03-15 17:14:37 DEBUG > Start LightGBM.__init__
[0020] 2020-03-15 17:14:37 DEBUG > End   LightGBM.__init__: [elapsed] >> 00:00:00
[0020] 2020-03-15 17:14:37 DEBUG > End   ModelFactory.create: [elapsed] >> 00:00:00
[0020] 2020-03-15 17:14:37 INFO  > Fold 5 withholding month 14
[0020] 2020-03-15 17:14:37 INFO  > rows of train= 503, rows of holdout= 88
[0020] 2020-03-15 17:14:37 DEBUG > Start LightGBM.train
[0020] 2020-03-15 17:14:37 DEBUG > End   LightGBM.train: [elapsed] >> 00:00:00
[0020] 2020-03-15 17:14:37 DEBUG > Start LightGBM.predict
[0020] 2020-03-15 17:14:37 DEBUG > End   LightGBM.predict: [elapsed] >> 00:00:00
[0020] 2020-03-15 17:14:37 DEBUG > Start LightGBM.predict
[0020] 2020-03-15 17:14:37 DEBUG > End   LightGBM.predict: [elapsed] >> 00:00:00
[0020] 2020-03-15 17:14:37 DEBUG > Start BaseModel.save
[0020] 2020-03-15 17:14:37 DEBUG > End   BaseModel.save: [elapsed] >> 00:00:00
[0020] 2020-03-15 17:14:37 DEBUG > Start ModelFactory.create
[0020] 2020-03-15 17:14:37 DEBUG > Creating model lightgbm
[0020] 2020-03-15 17:14:37 DEBUG > Start LightGBM.__init__
[0020] 2020-03-15 17:14:37 DEBUG > End   LightGBM.__init__: [elapsed] >> 00:00:00
[0020] 2020-03-15 17:14:37 DEBUG > End   ModelFactory.create: [elapsed] >> 00:00:00
[0020] 2020-03-15 17:14:37 INFO  > Fold 6 withholding month 16
[0020] 2020-03-15 17:14:37 INFO  > rows of train= 507, rows of holdout= 84
[0020] 2020-03-15 17:14:37 DEBUG > Start LightGBM.train
[0020] 2020-03-15 17:14:38 DEBUG > End   LightGBM.train: [elapsed] >> 00:00:00
[0020] 2020-03-15 17:14:38 DEBUG > Start LightGBM.predict
[0020] 2020-03-15 17:14:38 DEBUG > End   LightGBM.predict: [elapsed] >> 00:00:00
[0020] 2020-03-15 17:14:38 DEBUG > Start LightGBM.predict
[0020] 2020-03-15 17:14:38 DEBUG > End   LightGBM.predict: [elapsed] >> 00:00:00
[0020] 2020-03-15 17:14:38 DEBUG > Start BaseModel.save
[0020] 2020-03-15 17:14:38 DEBUG > End   BaseModel.save: [elapsed] >> 00:00:00
[0020] 2020-03-15 17:14:38 INFO  > Fold 6 OOF cv= 0.8364197530864197
[0020] 2020-03-15 17:14:38 DEBUG > Best trial: 99
[0020] 2020-03-15 17:14:38 DEBUG > Best score: 0.8408656672545561
[0020] 2020-03-15 17:14:38 DEBUG > Best params: {'bagging_fraction': 0.7842158074480768, 'feature_fraction': 0.45287216627256877, 'max_depth': 6, 'min_child_weight': 0.16033719804068472, 'min_data_in_leaf': 84, 'reg_alpha': 0.010898181240653492, 'reg_lambda': 0.01849027398424937}
[0020] 2020-03-15 17:14:38 INFO  > End   Tune hyper params: [elapsed] >> 00:00:28
[0020] 2020-03-15 17:14:38 INFO  > End   main: [elapsed] >> 00:00:32
[0020] 2020-03-15 17:14:38 INFO  > :sunglasses: Finished experiment 0020.small
