[0019] 2020-03-14 20:54:16 INFO  > :thinking_face: Starting experiment 0019_catboost
[0019] 2020-03-14 20:54:16 INFO  > Options indicated: Namespace(nomsg=False, seed=42, small=False, version='0019')
[0019] 2020-03-14 20:54:17 INFO  > Start main
[0019] 2020-03-14 20:54:18 INFO  > Start Preprocess
[0019] 2020-03-14 20:54:44 DEBUG > Loaded feature cdeotte
[0019] 2020-03-14 20:54:44 DEBUG > train.shape: (590540, 292), test.shape: (506691, 291)
[0019] 2020-03-14 20:54:45 INFO  > End   Preprocess: [elapsed] >> 00:00:27
[0019] 2020-03-14 20:54:45 INFO  > Start Tune hyper params
[0019] 2020-03-14 20:54:46 DEBUG > Start ModelFactory.create
[0019] 2020-03-14 20:54:46 DEBUG > Creating model catboost
[0019] 2020-03-14 20:54:46 DEBUG > Start CatBoost.__init__
[0019] 2020-03-14 20:54:46 DEBUG > End   CatBoost.__init__: [elapsed] >> 00:00:00
[0019] 2020-03-14 20:54:46 DEBUG > End   ModelFactory.create: [elapsed] >> 00:00:00
[0019] 2020-03-14 20:54:46 INFO  > Fold 1 withholding month 12
[0019] 2020-03-14 20:54:46 INFO  > rows of train= 453219, rows of holdout= 137321
[0019] 2020-03-14 20:54:48 DEBUG > Start CatBoost.train
[0019] 2020-03-14 21:13:12 DEBUG > End   CatBoost.train: [elapsed] >> 00:18:24
[0019] 2020-03-14 21:13:13 DEBUG > Start CatBoost.predict
[0019] 2020-03-14 21:13:15 DEBUG > End   CatBoost.predict: [elapsed] >> 00:00:01
[0019] 2020-03-14 21:13:16 DEBUG > Start CatBoost.predict
[0019] 2020-03-14 21:13:21 DEBUG > End   CatBoost.predict: [elapsed] >> 00:00:05
[0019] 2020-03-14 21:13:21 DEBUG > Start BaseModel.save
[0019] 2020-03-14 21:13:22 DEBUG > End   BaseModel.save: [elapsed] >> 00:00:00
[0019] 2020-03-14 21:13:22 DEBUG > Start ModelFactory.create
[0019] 2020-03-14 21:13:22 DEBUG > Creating model catboost
[0019] 2020-03-14 21:13:22 DEBUG > Start CatBoost.__init__
[0019] 2020-03-14 21:13:22 DEBUG > End   CatBoost.__init__: [elapsed] >> 00:00:00
[0019] 2020-03-14 21:13:22 DEBUG > End   ModelFactory.create: [elapsed] >> 00:00:00
[0019] 2020-03-14 21:13:22 INFO  > Fold 2 withholding month 15
[0019] 2020-03-14 21:13:22 INFO  > rows of train= 488908, rows of holdout= 101632
[0019] 2020-03-14 21:13:23 DEBUG > Start CatBoost.train
[0019] 2020-03-14 21:38:26 DEBUG > End   CatBoost.train: [elapsed] >> 00:25:02
[0019] 2020-03-14 21:38:27 DEBUG > Start CatBoost.predict
[0019] 2020-03-14 21:38:28 DEBUG > End   CatBoost.predict: [elapsed] >> 00:00:01
[0019] 2020-03-14 21:38:28 DEBUG > Start CatBoost.predict
[0019] 2020-03-14 21:38:34 DEBUG > End   CatBoost.predict: [elapsed] >> 00:00:05
[0019] 2020-03-14 21:38:34 DEBUG > Start BaseModel.save
[0019] 2020-03-14 21:38:34 DEBUG > End   BaseModel.save: [elapsed] >> 00:00:00
[0019] 2020-03-14 21:38:35 DEBUG > Start ModelFactory.create
[0019] 2020-03-14 21:38:35 DEBUG > Creating model catboost
[0019] 2020-03-14 21:38:35 DEBUG > Start CatBoost.__init__
[0019] 2020-03-14 21:38:35 DEBUG > End   CatBoost.__init__: [elapsed] >> 00:00:00
[0019] 2020-03-14 21:38:35 DEBUG > End   ModelFactory.create: [elapsed] >> 00:00:00
[0019] 2020-03-14 21:38:35 INFO  > Fold 3 withholding month 13
[0019] 2020-03-14 21:38:35 INFO  > rows of train= 497955, rows of holdout= 92585
[0019] 2020-03-14 21:38:37 DEBUG > Start CatBoost.train
[0019] 2020-03-14 22:12:04 DEBUG > End   CatBoost.train: [elapsed] >> 00:33:27
[0019] 2020-03-14 22:12:05 DEBUG > Start CatBoost.predict
[0019] 2020-03-14 22:12:06 DEBUG > End   CatBoost.predict: [elapsed] >> 00:00:01
[0019] 2020-03-14 22:12:06 DEBUG > Start CatBoost.predict
[0019] 2020-03-14 22:12:13 DEBUG > End   CatBoost.predict: [elapsed] >> 00:00:06
[0019] 2020-03-14 22:12:13 DEBUG > Start BaseModel.save
[0019] 2020-03-14 22:12:13 DEBUG > End   BaseModel.save: [elapsed] >> 00:00:00
[0019] 2020-03-14 22:12:13 DEBUG > Start ModelFactory.create
[0019] 2020-03-14 22:12:13 DEBUG > Creating model catboost
[0019] 2020-03-14 22:12:13 DEBUG > Start CatBoost.__init__
[0019] 2020-03-14 22:12:13 DEBUG > End   CatBoost.__init__: [elapsed] >> 00:00:00
[0019] 2020-03-14 22:12:13 DEBUG > End   ModelFactory.create: [elapsed] >> 00:00:00
[0019] 2020-03-14 22:12:13 INFO  > Fold 4 withholding month 17
[0019] 2020-03-14 22:12:13 INFO  > rows of train= 501214, rows of holdout= 89326
[0019] 2020-03-14 22:12:15 DEBUG > Start CatBoost.train
[0019] 2020-03-14 22:32:28 DEBUG > End   CatBoost.train: [elapsed] >> 00:20:13
[0019] 2020-03-14 22:32:29 DEBUG > Start CatBoost.predict
[0019] 2020-03-14 22:32:30 DEBUG > End   CatBoost.predict: [elapsed] >> 00:00:01
[0019] 2020-03-14 22:32:31 DEBUG > Start CatBoost.predict
[0019] 2020-03-14 22:32:36 DEBUG > End   CatBoost.predict: [elapsed] >> 00:00:05
[0019] 2020-03-14 22:32:36 DEBUG > Start BaseModel.save
[0019] 2020-03-14 22:32:36 DEBUG > End   BaseModel.save: [elapsed] >> 00:00:00
[0019] 2020-03-14 22:32:37 DEBUG > Start ModelFactory.create
[0019] 2020-03-14 22:32:37 DEBUG > Creating model catboost
[0019] 2020-03-14 22:32:37 DEBUG > Start CatBoost.__init__
[0019] 2020-03-14 22:32:37 DEBUG > End   CatBoost.__init__: [elapsed] >> 00:00:00
[0019] 2020-03-14 22:32:37 DEBUG > End   ModelFactory.create: [elapsed] >> 00:00:00
[0019] 2020-03-14 22:32:37 INFO  > Fold 5 withholding month 14
[0019] 2020-03-14 22:32:37 INFO  > rows of train= 504519, rows of holdout= 86021
[0019] 2020-03-14 22:32:38 DEBUG > Start CatBoost.train
[0019] 2020-03-14 22:55:21 DEBUG > End   CatBoost.train: [elapsed] >> 00:22:42
[0019] 2020-03-14 22:55:21 DEBUG > Start CatBoost.predict
[0019] 2020-03-14 22:55:22 DEBUG > End   CatBoost.predict: [elapsed] >> 00:00:01
[0019] 2020-03-14 22:55:23 DEBUG > Start CatBoost.predict
[0019] 2020-03-14 22:55:29 DEBUG > End   CatBoost.predict: [elapsed] >> 00:00:05
[0019] 2020-03-14 22:55:29 DEBUG > Start BaseModel.save
[0019] 2020-03-14 22:55:29 DEBUG > End   BaseModel.save: [elapsed] >> 00:00:00
[0019] 2020-03-14 22:55:29 DEBUG > Start ModelFactory.create
[0019] 2020-03-14 22:55:29 DEBUG > Creating model catboost
[0019] 2020-03-14 22:55:29 DEBUG > Start CatBoost.__init__
[0019] 2020-03-14 22:55:29 DEBUG > End   CatBoost.__init__: [elapsed] >> 00:00:00
[0019] 2020-03-14 22:55:29 DEBUG > End   ModelFactory.create: [elapsed] >> 00:00:00
[0019] 2020-03-14 22:55:29 INFO  > Fold 6 withholding month 16
[0019] 2020-03-14 22:55:29 INFO  > rows of train= 506885, rows of holdout= 83655
[0019] 2020-03-14 22:55:31 DEBUG > Start CatBoost.train
[0019] 2020-03-14 23:34:08 DEBUG > End   CatBoost.train: [elapsed] >> 00:38:36
[0019] 2020-03-14 23:34:09 DEBUG > Start CatBoost.predict
[0019] 2020-03-14 23:34:10 DEBUG > End   CatBoost.predict: [elapsed] >> 00:00:01
[0019] 2020-03-14 23:34:11 DEBUG > Start CatBoost.predict
[0019] 2020-03-14 23:34:17 DEBUG > End   CatBoost.predict: [elapsed] >> 00:00:06
[0019] 2020-03-14 23:34:17 DEBUG > Start BaseModel.save
[0019] 2020-03-14 23:34:17 DEBUG > End   BaseModel.save: [elapsed] >> 00:00:00
[0019] 2020-03-14 23:34:17 INFO  > Fold 6 OOF cv= 0.9439914529006528
[0019] 2020-03-14 23:34:19 DEBUG > Start ModelFactory.create
[0019] 2020-03-14 23:34:19 DEBUG > Creating model catboost
[0019] 2020-03-14 23:34:19 DEBUG > Start CatBoost.__init__
[0019] 2020-03-14 23:34:19 DEBUG > End   CatBoost.__init__: [elapsed] >> 00:00:00
[0019] 2020-03-14 23:34:19 DEBUG > End   ModelFactory.create: [elapsed] >> 00:00:00
[0019] 2020-03-14 23:34:19 INFO  > Fold 1 withholding month 12
[0019] 2020-03-14 23:34:19 INFO  > rows of train= 453219, rows of holdout= 137321
[0019] 2020-03-14 23:34:20 DEBUG > Start CatBoost.train
[0019] 2020-03-14 23:45:18 DEBUG > End   CatBoost.train: [elapsed] >> 00:10:57
[0019] 2020-03-14 23:45:19 DEBUG > Start CatBoost.predict
[0019] 2020-03-14 23:45:20 DEBUG > End   CatBoost.predict: [elapsed] >> 00:00:01
[0019] 2020-03-14 23:45:21 DEBUG > Start CatBoost.predict
[0019] 2020-03-14 23:45:27 DEBUG > End   CatBoost.predict: [elapsed] >> 00:00:05
[0019] 2020-03-14 23:45:27 DEBUG > Start BaseModel.save
[0019] 2020-03-14 23:45:27 DEBUG > End   BaseModel.save: [elapsed] >> 00:00:00
[0019] 2020-03-14 23:45:27 DEBUG > Start ModelFactory.create
[0019] 2020-03-14 23:45:27 DEBUG > Creating model catboost
[0019] 2020-03-14 23:45:27 DEBUG > Start CatBoost.__init__
[0019] 2020-03-14 23:45:27 DEBUG > End   CatBoost.__init__: [elapsed] >> 00:00:00
[0019] 2020-03-14 23:45:27 DEBUG > End   ModelFactory.create: [elapsed] >> 00:00:00
[0019] 2020-03-14 23:45:27 INFO  > Fold 2 withholding month 15
[0019] 2020-03-14 23:45:27 INFO  > rows of train= 488908, rows of holdout= 101632
[0019] 2020-03-14 23:45:29 DEBUG > Start CatBoost.train
[0019] 2020-03-15 00:08:11 DEBUG > End   CatBoost.train: [elapsed] >> 00:22:41
[0019] 2020-03-15 00:08:11 DEBUG > Start CatBoost.predict
[0019] 2020-03-15 00:08:12 DEBUG > End   CatBoost.predict: [elapsed] >> 00:00:01
[0019] 2020-03-15 00:08:14 DEBUG > Start CatBoost.predict
[0019] 2020-03-15 00:08:20 DEBUG > End   CatBoost.predict: [elapsed] >> 00:00:05
[0019] 2020-03-15 00:08:20 DEBUG > Start BaseModel.save
[0019] 2020-03-15 00:08:20 DEBUG > End   BaseModel.save: [elapsed] >> 00:00:00
[0019] 2020-03-15 00:08:20 DEBUG > Start ModelFactory.create
[0019] 2020-03-15 00:08:20 DEBUG > Creating model catboost
[0019] 2020-03-15 00:08:20 DEBUG > Start CatBoost.__init__
[0019] 2020-03-15 00:08:20 DEBUG > End   CatBoost.__init__: [elapsed] >> 00:00:00
[0019] 2020-03-15 00:08:20 DEBUG > End   ModelFactory.create: [elapsed] >> 00:00:00
[0019] 2020-03-15 00:08:20 INFO  > Fold 3 withholding month 13
[0019] 2020-03-15 00:08:20 INFO  > rows of train= 497955, rows of holdout= 92585
[0019] 2020-03-15 00:08:22 DEBUG > Start CatBoost.train
[0019] 2020-03-15 00:26:49 DEBUG > End   CatBoost.train: [elapsed] >> 00:18:27
[0019] 2020-03-15 00:26:50 DEBUG > Start CatBoost.predict
[0019] 2020-03-15 00:26:51 DEBUG > End   CatBoost.predict: [elapsed] >> 00:00:01
[0019] 2020-03-15 00:26:51 DEBUG > Start CatBoost.predict
[0019] 2020-03-15 00:26:57 DEBUG > End   CatBoost.predict: [elapsed] >> 00:00:05
[0019] 2020-03-15 00:26:57 DEBUG > Start BaseModel.save
[0019] 2020-03-15 00:26:57 DEBUG > End   BaseModel.save: [elapsed] >> 00:00:00
[0019] 2020-03-15 00:26:57 DEBUG > Start ModelFactory.create
[0019] 2020-03-15 00:26:57 DEBUG > Creating model catboost
[0019] 2020-03-15 00:26:57 DEBUG > Start CatBoost.__init__
[0019] 2020-03-15 00:26:57 DEBUG > End   CatBoost.__init__: [elapsed] >> 00:00:00
[0019] 2020-03-15 00:26:57 DEBUG > End   ModelFactory.create: [elapsed] >> 00:00:00
[0019] 2020-03-15 00:26:57 INFO  > Fold 4 withholding month 17
[0019] 2020-03-15 00:26:58 INFO  > rows of train= 501214, rows of holdout= 89326
[0019] 2020-03-15 00:26:59 DEBUG > Start CatBoost.train
[0019] 2020-03-15 00:33:10 DEBUG > End   CatBoost.train: [elapsed] >> 00:06:11
[0019] 2020-03-15 00:33:11 DEBUG > Start CatBoost.predict
[0019] 2020-03-15 00:33:12 DEBUG > End   CatBoost.predict: [elapsed] >> 00:00:00
[0019] 2020-03-15 00:33:12 DEBUG > Start CatBoost.predict
[0019] 2020-03-15 00:33:18 DEBUG > End   CatBoost.predict: [elapsed] >> 00:00:05
[0019] 2020-03-15 00:33:18 DEBUG > Start BaseModel.save
[0019] 2020-03-15 00:33:18 DEBUG > End   BaseModel.save: [elapsed] >> 00:00:00
[0019] 2020-03-15 00:33:18 DEBUG > Start ModelFactory.create
[0019] 2020-03-15 00:33:18 DEBUG > Creating model catboost
[0019] 2020-03-15 00:33:18 DEBUG > Start CatBoost.__init__
[0019] 2020-03-15 00:33:18 DEBUG > End   CatBoost.__init__: [elapsed] >> 00:00:00
[0019] 2020-03-15 00:33:18 DEBUG > End   ModelFactory.create: [elapsed] >> 00:00:00
[0019] 2020-03-15 00:33:18 INFO  > Fold 5 withholding month 14
[0019] 2020-03-15 00:33:18 INFO  > rows of train= 504519, rows of holdout= 86021
[0019] 2020-03-15 00:33:20 DEBUG > Start CatBoost.train
[0019] 2020-03-15 00:53:31 DEBUG > End   CatBoost.train: [elapsed] >> 00:20:11
[0019] 2020-03-15 00:53:32 DEBUG > Start CatBoost.predict
[0019] 2020-03-15 00:53:33 DEBUG > End   CatBoost.predict: [elapsed] >> 00:00:01
[0019] 2020-03-15 00:53:33 DEBUG > Start CatBoost.predict
[0019] 2020-03-15 00:53:39 DEBUG > End   CatBoost.predict: [elapsed] >> 00:00:05
[0019] 2020-03-15 00:53:39 DEBUG > Start BaseModel.save
[0019] 2020-03-15 00:53:39 DEBUG > End   BaseModel.save: [elapsed] >> 00:00:00
[0019] 2020-03-15 00:53:39 DEBUG > Start ModelFactory.create
[0019] 2020-03-15 00:53:39 DEBUG > Creating model catboost
[0019] 2020-03-15 00:53:39 DEBUG > Start CatBoost.__init__
[0019] 2020-03-15 00:53:39 DEBUG > End   CatBoost.__init__: [elapsed] >> 00:00:00
[0019] 2020-03-15 00:53:39 DEBUG > End   ModelFactory.create: [elapsed] >> 00:00:00
[0019] 2020-03-15 00:53:39 INFO  > Fold 6 withholding month 16
[0019] 2020-03-15 00:53:40 INFO  > rows of train= 506885, rows of holdout= 83655
[0019] 2020-03-15 00:53:41 DEBUG > Start CatBoost.train
[0019] 2020-03-15 01:19:06 DEBUG > End   CatBoost.train: [elapsed] >> 00:25:24
[0019] 2020-03-15 01:19:07 DEBUG > Start CatBoost.predict
[0019] 2020-03-15 01:19:08 DEBUG > End   CatBoost.predict: [elapsed] >> 00:00:01
[0019] 2020-03-15 01:19:09 DEBUG > Start CatBoost.predict
[0019] 2020-03-15 01:19:15 DEBUG > End   CatBoost.predict: [elapsed] >> 00:00:06
[0019] 2020-03-15 01:19:15 DEBUG > Start BaseModel.save
[0019] 2020-03-15 01:19:15 DEBUG > End   BaseModel.save: [elapsed] >> 00:00:00
[0019] 2020-03-15 01:19:15 INFO  > Fold 6 OOF cv= 0.9286266413660604
[0019] 2020-03-15 01:19:16 DEBUG > Start ModelFactory.create
[0019] 2020-03-15 01:19:16 DEBUG > Creating model catboost
[0019] 2020-03-15 01:19:16 DEBUG > Start CatBoost.__init__
[0019] 2020-03-15 01:19:16 DEBUG > End   CatBoost.__init__: [elapsed] >> 00:00:00
[0019] 2020-03-15 01:19:16 DEBUG > End   ModelFactory.create: [elapsed] >> 00:00:00
[0019] 2020-03-15 01:19:16 INFO  > Fold 1 withholding month 12
[0019] 2020-03-15 01:19:16 INFO  > rows of train= 453219, rows of holdout= 137321
[0019] 2020-03-15 01:19:18 DEBUG > Start CatBoost.train
[0019] 2020-03-15 01:36:46 DEBUG > End   CatBoost.train: [elapsed] >> 00:17:28
[0019] 2020-03-15 01:36:48 DEBUG > Start CatBoost.predict
[0019] 2020-03-15 01:36:49 DEBUG > End   CatBoost.predict: [elapsed] >> 00:00:01
[0019] 2020-03-15 01:36:50 DEBUG > Start CatBoost.predict
[0019] 2020-03-15 01:36:55 DEBUG > End   CatBoost.predict: [elapsed] >> 00:00:05
[0019] 2020-03-15 01:36:55 DEBUG > Start BaseModel.save
[0019] 2020-03-15 01:36:56 DEBUG > End   BaseModel.save: [elapsed] >> 00:00:00
[0019] 2020-03-15 01:36:56 DEBUG > Start ModelFactory.create
[0019] 2020-03-15 01:36:56 DEBUG > Creating model catboost
[0019] 2020-03-15 01:36:56 DEBUG > Start CatBoost.__init__
[0019] 2020-03-15 01:36:56 DEBUG > End   CatBoost.__init__: [elapsed] >> 00:00:00
[0019] 2020-03-15 01:36:56 DEBUG > End   ModelFactory.create: [elapsed] >> 00:00:00
[0019] 2020-03-15 01:36:56 INFO  > Fold 2 withholding month 15
[0019] 2020-03-15 01:36:56 INFO  > rows of train= 488908, rows of holdout= 101632
[0019] 2020-03-15 01:36:58 DEBUG > Start CatBoost.train
[0019] 2020-03-15 02:05:14 DEBUG > End   CatBoost.train: [elapsed] >> 00:28:16
[0019] 2020-03-15 02:05:15 DEBUG > Start CatBoost.predict
[0019] 2020-03-15 02:05:16 DEBUG > End   CatBoost.predict: [elapsed] >> 00:00:01
[0019] 2020-03-15 02:05:17 DEBUG > Start CatBoost.predict
[0019] 2020-03-15 02:05:23 DEBUG > End   CatBoost.predict: [elapsed] >> 00:00:05
[0019] 2020-03-15 02:05:23 DEBUG > Start BaseModel.save
[0019] 2020-03-15 02:05:23 DEBUG > End   BaseModel.save: [elapsed] >> 00:00:00
[0019] 2020-03-15 02:05:23 DEBUG > Start ModelFactory.create
[0019] 2020-03-15 02:05:23 DEBUG > Creating model catboost
[0019] 2020-03-15 02:05:23 DEBUG > Start CatBoost.__init__
[0019] 2020-03-15 02:05:23 DEBUG > End   CatBoost.__init__: [elapsed] >> 00:00:00
[0019] 2020-03-15 02:05:23 DEBUG > End   ModelFactory.create: [elapsed] >> 00:00:00
[0019] 2020-03-15 02:05:23 INFO  > Fold 3 withholding month 13
[0019] 2020-03-15 02:05:24 INFO  > rows of train= 497955, rows of holdout= 92585
[0019] 2020-03-15 02:05:25 DEBUG > Start CatBoost.train
[0019] 2020-03-15 02:40:47 DEBUG > End   CatBoost.train: [elapsed] >> 00:35:22
[0019] 2020-03-15 02:40:49 DEBUG > Start CatBoost.predict
[0019] 2020-03-15 02:40:50 DEBUG > End   CatBoost.predict: [elapsed] >> 00:00:01
[0019] 2020-03-15 02:40:51 DEBUG > Start CatBoost.predict
[0019] 2020-03-15 02:40:57 DEBUG > End   CatBoost.predict: [elapsed] >> 00:00:06
[0019] 2020-03-15 02:40:57 DEBUG > Start BaseModel.save
[0019] 2020-03-15 02:40:57 DEBUG > End   BaseModel.save: [elapsed] >> 00:00:00
[0019] 2020-03-15 02:40:57 DEBUG > Start ModelFactory.create
[0019] 2020-03-15 02:40:57 DEBUG > Creating model catboost
[0019] 2020-03-15 02:40:57 DEBUG > Start CatBoost.__init__
[0019] 2020-03-15 02:40:57 DEBUG > End   CatBoost.__init__: [elapsed] >> 00:00:00
[0019] 2020-03-15 02:40:57 DEBUG > End   ModelFactory.create: [elapsed] >> 00:00:00
[0019] 2020-03-15 02:40:57 INFO  > Fold 4 withholding month 17
[0019] 2020-03-15 02:40:57 INFO  > rows of train= 501214, rows of holdout= 89326
[0019] 2020-03-15 02:40:59 DEBUG > Start CatBoost.train
[0019] 2020-03-15 03:07:55 DEBUG > End   CatBoost.train: [elapsed] >> 00:26:55
[0019] 2020-03-15 03:07:55 DEBUG > Start CatBoost.predict
[0019] 2020-03-15 03:07:57 DEBUG > End   CatBoost.predict: [elapsed] >> 00:00:01
[0019] 2020-03-15 03:07:58 DEBUG > Start CatBoost.predict
[0019] 2020-03-15 03:08:03 DEBUG > End   CatBoost.predict: [elapsed] >> 00:00:05
[0019] 2020-03-15 03:08:03 DEBUG > Start BaseModel.save
[0019] 2020-03-15 03:08:03 DEBUG > End   BaseModel.save: [elapsed] >> 00:00:00
[0019] 2020-03-15 03:08:04 DEBUG > Start ModelFactory.create
[0019] 2020-03-15 03:08:04 DEBUG > Creating model catboost
[0019] 2020-03-15 03:08:04 DEBUG > Start CatBoost.__init__
[0019] 2020-03-15 03:08:04 DEBUG > End   CatBoost.__init__: [elapsed] >> 00:00:00
[0019] 2020-03-15 03:08:04 DEBUG > End   ModelFactory.create: [elapsed] >> 00:00:00
[0019] 2020-03-15 03:08:04 INFO  > Fold 5 withholding month 14
[0019] 2020-03-15 03:08:04 INFO  > rows of train= 504519, rows of holdout= 86021
[0019] 2020-03-15 03:08:06 DEBUG > Start CatBoost.train
[0019] 2020-03-15 03:32:51 DEBUG > End   CatBoost.train: [elapsed] >> 00:24:45
[0019] 2020-03-15 03:32:52 DEBUG > Start CatBoost.predict
[0019] 2020-03-15 03:32:53 DEBUG > End   CatBoost.predict: [elapsed] >> 00:00:01
[0019] 2020-03-15 03:32:53 DEBUG > Start CatBoost.predict
[0019] 2020-03-15 03:32:59 DEBUG > End   CatBoost.predict: [elapsed] >> 00:00:05
[0019] 2020-03-15 03:32:59 DEBUG > Start BaseModel.save
[0019] 2020-03-15 03:32:59 DEBUG > End   BaseModel.save: [elapsed] >> 00:00:00
[0019] 2020-03-15 03:32:59 DEBUG > Start ModelFactory.create
[0019] 2020-03-15 03:32:59 DEBUG > Creating model catboost
[0019] 2020-03-15 03:32:59 DEBUG > Start CatBoost.__init__
[0019] 2020-03-15 03:32:59 DEBUG > End   CatBoost.__init__: [elapsed] >> 00:00:00
[0019] 2020-03-15 03:32:59 DEBUG > End   ModelFactory.create: [elapsed] >> 00:00:00
[0019] 2020-03-15 03:32:59 INFO  > Fold 6 withholding month 16
[0019] 2020-03-15 03:33:00 INFO  > rows of train= 506885, rows of holdout= 83655
[0019] 2020-03-15 03:33:02 DEBUG > Start CatBoost.train
[0019] 2020-03-15 04:06:32 DEBUG > End   CatBoost.train: [elapsed] >> 00:33:29
[0019] 2020-03-15 04:06:33 DEBUG > Start CatBoost.predict
[0019] 2020-03-15 04:06:34 DEBUG > End   CatBoost.predict: [elapsed] >> 00:00:01
[0019] 2020-03-15 04:06:34 DEBUG > Start CatBoost.predict
[0019] 2020-03-15 04:06:40 DEBUG > End   CatBoost.predict: [elapsed] >> 00:00:05
[0019] 2020-03-15 04:06:40 DEBUG > Start BaseModel.save
[0019] 2020-03-15 04:06:40 DEBUG > End   BaseModel.save: [elapsed] >> 00:00:00
[0019] 2020-03-15 04:06:41 INFO  > Fold 6 OOF cv= 0.9458171653265068
[0019] 2020-03-15 04:06:42 DEBUG > Best trial: 4
[0019] 2020-03-15 04:06:42 DEBUG > Best score: 0.9458523848613966
[0019] 2020-03-15 04:06:42 DEBUG > Best params: {'max_depth': 12, 'reg_lambda': 0.6089738561460123}
[0019] 2020-03-15 04:06:42 INFO  > End   Tune hyper params: [elapsed] >> 07:11:56
[0019] 2020-03-15 04:06:42 INFO  > End   main: [elapsed] >> 07:12:24
[0019] 2020-03-15 04:06:42 INFO  > :sunglasses: Finished experiment 0019
