[0017] 2020-03-09 01:52:06 INFO  > :thinking_face: Starting experiment 0017_xgboost
[0017] 2020-03-09 01:52:07 INFO  > Options indicated: Namespace(nomsg=False, seed=42, small=False, version='0017')
[0017] 2020-03-09 01:52:08 INFO  > Start main
[0017] 2020-03-09 01:52:08 INFO  > Start Preprocess
[0017] 2020-03-09 01:52:12 DEBUG > Loaded feature cdeotte
[0017] 2020-03-09 01:52:12 DEBUG > train.shape: (590540, 292), test.shape: (506691, 291)
[0017] 2020-03-09 01:52:13 INFO  > End   Preprocess: [elapsed] >> 00:00:04
[0017] 2020-03-09 01:52:14 INFO  > Start Tune hyper params
[0017] 2020-03-09 01:52:15 DEBUG > Start ModelFactory.create
[0017] 2020-03-09 01:52:15 DEBUG > Creating model xgboost
[0017] 2020-03-09 01:52:15 DEBUG > Start XGBoost.__init__
[0017] 2020-03-09 01:52:15 DEBUG > End   XGBoost.__init__: [elapsed] >> 00:00:00
[0017] 2020-03-09 01:52:15 DEBUG > End   ModelFactory.create: [elapsed] >> 00:00:00
[0017] 2020-03-09 01:52:15 INFO  > Fold 1 withholding month 12
[0017] 2020-03-09 01:52:15 INFO  > rows of train= 453219, rows of holdout= 137321
[0017] 2020-03-09 01:52:18 DEBUG > Start XGBoost.train
[0017] 2020-03-09 01:57:30 DEBUG > End   XGBoost.train: [elapsed] >> 00:05:12
[0017] 2020-03-09 01:57:31 DEBUG > Start XGBoost.predict
[0017] 2020-03-09 01:57:36 DEBUG > End   XGBoost.predict: [elapsed] >> 00:00:05
[0017] 2020-03-09 01:57:37 DEBUG > Start XGBoost.predict
[0017] 2020-03-09 01:57:56 DEBUG > End   XGBoost.predict: [elapsed] >> 00:00:19
[0017] 2020-03-09 01:57:56 DEBUG > Start BaseModel.save
[0017] 2020-03-09 01:57:56 DEBUG > End   BaseModel.save: [elapsed] >> 00:00:00
[0017] 2020-03-09 01:57:57 DEBUG > Start ModelFactory.create
[0017] 2020-03-09 01:57:57 DEBUG > Creating model xgboost
[0017] 2020-03-09 01:57:57 DEBUG > Start XGBoost.__init__
[0017] 2020-03-09 01:57:57 DEBUG > End   XGBoost.__init__: [elapsed] >> 00:00:00
[0017] 2020-03-09 01:57:57 DEBUG > End   ModelFactory.create: [elapsed] >> 00:00:00
[0017] 2020-03-09 01:57:57 INFO  > Fold 2 withholding month 15
[0017] 2020-03-09 01:57:57 INFO  > rows of train= 488908, rows of holdout= 101632
[0017] 2020-03-09 01:57:59 DEBUG > Start XGBoost.train
[0017] 2020-03-09 02:02:13 DEBUG > End   XGBoost.train: [elapsed] >> 00:04:13
[0017] 2020-03-09 02:02:13 DEBUG > Start XGBoost.predict
[0017] 2020-03-09 02:02:17 DEBUG > End   XGBoost.predict: [elapsed] >> 00:00:03
[0017] 2020-03-09 02:02:17 DEBUG > Start XGBoost.predict
[0017] 2020-03-09 02:02:34 DEBUG > End   XGBoost.predict: [elapsed] >> 00:00:16
[0017] 2020-03-09 02:02:34 DEBUG > Start BaseModel.save
[0017] 2020-03-09 02:02:34 DEBUG > End   BaseModel.save: [elapsed] >> 00:00:00
[0017] 2020-03-09 02:02:34 DEBUG > Start ModelFactory.create
[0017] 2020-03-09 02:02:34 DEBUG > Creating model xgboost
[0017] 2020-03-09 02:02:34 DEBUG > Start XGBoost.__init__
[0017] 2020-03-09 02:02:34 DEBUG > End   XGBoost.__init__: [elapsed] >> 00:00:00
[0017] 2020-03-09 02:02:34 DEBUG > End   ModelFactory.create: [elapsed] >> 00:00:00
[0017] 2020-03-09 02:02:34 INFO  > Fold 3 withholding month 13
[0017] 2020-03-09 02:02:34 INFO  > rows of train= 497955, rows of holdout= 92585
[0017] 2020-03-09 02:02:37 DEBUG > Start XGBoost.train
[0017] 2020-03-09 02:06:42 DEBUG > End   XGBoost.train: [elapsed] >> 00:04:05
[0017] 2020-03-09 02:06:43 DEBUG > Start XGBoost.predict
[0017] 2020-03-09 02:06:45 DEBUG > End   XGBoost.predict: [elapsed] >> 00:00:02
[0017] 2020-03-09 02:06:46 DEBUG > Start XGBoost.predict
[0017] 2020-03-09 02:07:01 DEBUG > End   XGBoost.predict: [elapsed] >> 00:00:15
[0017] 2020-03-09 02:07:01 DEBUG > Start BaseModel.save
[0017] 2020-03-09 02:07:01 DEBUG > End   BaseModel.save: [elapsed] >> 00:00:00
[0017] 2020-03-09 02:07:02 DEBUG > Start ModelFactory.create
[0017] 2020-03-09 02:07:02 DEBUG > Creating model xgboost
[0017] 2020-03-09 02:07:02 DEBUG > Start XGBoost.__init__
[0017] 2020-03-09 02:07:02 DEBUG > End   XGBoost.__init__: [elapsed] >> 00:00:00
[0017] 2020-03-09 02:07:02 DEBUG > End   ModelFactory.create: [elapsed] >> 00:00:00
[0017] 2020-03-09 02:07:02 INFO  > Fold 4 withholding month 17
[0017] 2020-03-09 02:07:02 INFO  > rows of train= 501214, rows of holdout= 89326
[0017] 2020-03-09 02:07:04 DEBUG > Start XGBoost.train
[0017] 2020-03-09 02:11:54 DEBUG > End   XGBoost.train: [elapsed] >> 00:04:49
[0017] 2020-03-09 02:11:54 DEBUG > Start XGBoost.predict
[0017] 2020-03-09 02:11:57 DEBUG > End   XGBoost.predict: [elapsed] >> 00:00:03
[0017] 2020-03-09 02:11:58 DEBUG > Start XGBoost.predict
[0017] 2020-03-09 02:12:16 DEBUG > End   XGBoost.predict: [elapsed] >> 00:00:18
[0017] 2020-03-09 02:12:16 DEBUG > Start BaseModel.save
[0017] 2020-03-09 02:12:16 DEBUG > End   BaseModel.save: [elapsed] >> 00:00:00
[0017] 2020-03-09 02:12:16 DEBUG > Start ModelFactory.create
[0017] 2020-03-09 02:12:16 DEBUG > Creating model xgboost
[0017] 2020-03-09 02:12:16 DEBUG > Start XGBoost.__init__
[0017] 2020-03-09 02:12:16 DEBUG > End   XGBoost.__init__: [elapsed] >> 00:00:00
[0017] 2020-03-09 02:12:16 DEBUG > End   ModelFactory.create: [elapsed] >> 00:00:00
[0017] 2020-03-09 02:12:16 INFO  > Fold 5 withholding month 14
[0017] 2020-03-09 02:12:17 INFO  > rows of train= 504519, rows of holdout= 86021
[0017] 2020-03-09 02:12:19 DEBUG > Start XGBoost.train
[0017] 2020-03-09 02:20:14 DEBUG > End   XGBoost.train: [elapsed] >> 00:07:55
[0017] 2020-03-09 02:20:15 DEBUG > Start XGBoost.predict
[0017] 2020-03-09 02:20:19 DEBUG > End   XGBoost.predict: [elapsed] >> 00:00:04
[0017] 2020-03-09 02:20:20 DEBUG > Start XGBoost.predict
[0017] 2020-03-09 02:20:50 DEBUG > End   XGBoost.predict: [elapsed] >> 00:00:29
[0017] 2020-03-09 02:20:50 DEBUG > Start BaseModel.save
[0017] 2020-03-09 02:20:50 DEBUG > End   BaseModel.save: [elapsed] >> 00:00:00
[0017] 2020-03-09 02:20:50 DEBUG > Start ModelFactory.create
[0017] 2020-03-09 02:20:50 DEBUG > Creating model xgboost
[0017] 2020-03-09 02:20:50 DEBUG > Start XGBoost.__init__
[0017] 2020-03-09 02:20:50 DEBUG > End   XGBoost.__init__: [elapsed] >> 00:00:00
[0017] 2020-03-09 02:20:50 DEBUG > End   ModelFactory.create: [elapsed] >> 00:00:00
[0017] 2020-03-09 02:20:50 INFO  > Fold 6 withholding month 16
[0017] 2020-03-09 02:20:51 INFO  > rows of train= 506885, rows of holdout= 83655
[0017] 2020-03-09 02:20:53 DEBUG > Start XGBoost.train
[0017] 2020-03-09 02:27:46 DEBUG > End   XGBoost.train: [elapsed] >> 00:06:53
[0017] 2020-03-09 02:27:47 DEBUG > Start XGBoost.predict
[0017] 2020-03-09 02:27:50 DEBUG > End   XGBoost.predict: [elapsed] >> 00:00:03
[0017] 2020-03-09 02:27:51 DEBUG > Start XGBoost.predict
[0017] 2020-03-09 02:28:16 DEBUG > End   XGBoost.predict: [elapsed] >> 00:00:24
[0017] 2020-03-09 02:28:16 DEBUG > Start BaseModel.save
[0017] 2020-03-09 02:28:16 DEBUG > End   BaseModel.save: [elapsed] >> 00:00:00
[0017] 2020-03-09 02:28:16 INFO  > Fold 6 OOF cv= 0.9373384380649814
[0017] 2020-03-09 02:28:17 DEBUG > Start ModelFactory.create
[0017] 2020-03-09 02:28:17 DEBUG > Creating model xgboost
[0017] 2020-03-09 02:28:17 DEBUG > Start XGBoost.__init__
[0017] 2020-03-09 02:28:17 DEBUG > End   XGBoost.__init__: [elapsed] >> 00:00:00
[0017] 2020-03-09 02:28:17 DEBUG > End   ModelFactory.create: [elapsed] >> 00:00:00
[0017] 2020-03-09 02:28:17 INFO  > Fold 1 withholding month 12
[0017] 2020-03-09 02:28:18 INFO  > rows of train= 453219, rows of holdout= 137321
[0017] 2020-03-09 02:28:20 DEBUG > Start XGBoost.train
[0017] 2020-03-09 02:34:27 DEBUG > End   XGBoost.train: [elapsed] >> 00:06:06
[0017] 2020-03-09 02:34:28 DEBUG > Start XGBoost.predict
[0017] 2020-03-09 02:34:32 DEBUG > End   XGBoost.predict: [elapsed] >> 00:00:03
[0017] 2020-03-09 02:34:32 DEBUG > Start XGBoost.predict
[0017] 2020-03-09 02:34:46 DEBUG > End   XGBoost.predict: [elapsed] >> 00:00:14
[0017] 2020-03-09 02:34:46 DEBUG > Start BaseModel.save
[0017] 2020-03-09 02:34:46 DEBUG > End   BaseModel.save: [elapsed] >> 00:00:00
[0017] 2020-03-09 02:34:46 DEBUG > Start ModelFactory.create
[0017] 2020-03-09 02:34:46 DEBUG > Creating model xgboost
[0017] 2020-03-09 02:34:46 DEBUG > Start XGBoost.__init__
[0017] 2020-03-09 02:34:46 DEBUG > End   XGBoost.__init__: [elapsed] >> 00:00:00
[0017] 2020-03-09 02:34:46 DEBUG > End   ModelFactory.create: [elapsed] >> 00:00:00
[0017] 2020-03-09 02:34:46 INFO  > Fold 2 withholding month 15
[0017] 2020-03-09 02:34:47 INFO  > rows of train= 488908, rows of holdout= 101632
[0017] 2020-03-09 02:34:49 DEBUG > Start XGBoost.train
[0017] 2020-03-09 02:48:09 DEBUG > End   XGBoost.train: [elapsed] >> 00:13:20
[0017] 2020-03-09 02:48:10 DEBUG > Start XGBoost.predict
[0017] 2020-03-09 02:48:16 DEBUG > End   XGBoost.predict: [elapsed] >> 00:00:05
[0017] 2020-03-09 02:48:17 DEBUG > Start XGBoost.predict
[0017] 2020-03-09 02:48:47 DEBUG > End   XGBoost.predict: [elapsed] >> 00:00:30
[0017] 2020-03-09 02:48:47 DEBUG > Start BaseModel.save
[0017] 2020-03-09 02:48:47 DEBUG > End   BaseModel.save: [elapsed] >> 00:00:00
[0017] 2020-03-09 02:48:47 DEBUG > Start ModelFactory.create
[0017] 2020-03-09 02:48:47 DEBUG > Creating model xgboost
[0017] 2020-03-09 02:48:47 DEBUG > Start XGBoost.__init__
[0017] 2020-03-09 02:48:47 DEBUG > End   XGBoost.__init__: [elapsed] >> 00:00:00
[0017] 2020-03-09 02:48:47 DEBUG > End   ModelFactory.create: [elapsed] >> 00:00:00
[0017] 2020-03-09 02:48:47 INFO  > Fold 3 withholding month 13
[0017] 2020-03-09 02:48:48 INFO  > rows of train= 497955, rows of holdout= 92585
[0017] 2020-03-09 02:48:50 DEBUG > Start XGBoost.train
[0017] 2020-03-09 02:54:29 DEBUG > End   XGBoost.train: [elapsed] >> 00:05:39
[0017] 2020-03-09 02:54:30 DEBUG > Start XGBoost.predict
[0017] 2020-03-09 02:54:33 DEBUG > End   XGBoost.predict: [elapsed] >> 00:00:02
[0017] 2020-03-09 02:54:33 DEBUG > Start XGBoost.predict
[0017] 2020-03-09 02:54:46 DEBUG > End   XGBoost.predict: [elapsed] >> 00:00:13
[0017] 2020-03-09 02:54:47 DEBUG > Start BaseModel.save
[0017] 2020-03-09 02:54:47 DEBUG > End   BaseModel.save: [elapsed] >> 00:00:00
[0017] 2020-03-09 02:54:47 DEBUG > Start ModelFactory.create
[0017] 2020-03-09 02:54:47 DEBUG > Creating model xgboost
[0017] 2020-03-09 02:54:47 DEBUG > Start XGBoost.__init__
[0017] 2020-03-09 02:54:47 DEBUG > End   XGBoost.__init__: [elapsed] >> 00:00:00
[0017] 2020-03-09 02:54:47 DEBUG > End   ModelFactory.create: [elapsed] >> 00:00:00
[0017] 2020-03-09 02:54:47 INFO  > Fold 4 withholding month 17
[0017] 2020-03-09 02:54:47 INFO  > rows of train= 501214, rows of holdout= 89326
[0017] 2020-03-09 02:54:49 DEBUG > Start XGBoost.train
[0017] 2020-03-09 02:58:18 DEBUG > End   XGBoost.train: [elapsed] >> 00:03:28
[0017] 2020-03-09 02:58:19 DEBUG > Start XGBoost.predict
[0017] 2020-03-09 02:58:20 DEBUG > End   XGBoost.predict: [elapsed] >> 00:00:01
[0017] 2020-03-09 02:58:21 DEBUG > Start XGBoost.predict
[0017] 2020-03-09 02:58:31 DEBUG > End   XGBoost.predict: [elapsed] >> 00:00:09
[0017] 2020-03-09 02:58:31 DEBUG > Start BaseModel.save
[0017] 2020-03-09 02:58:31 DEBUG > End   BaseModel.save: [elapsed] >> 00:00:00
[0017] 2020-03-09 02:58:31 DEBUG > Start ModelFactory.create
[0017] 2020-03-09 02:58:31 DEBUG > Creating model xgboost
[0017] 2020-03-09 02:58:31 DEBUG > Start XGBoost.__init__
[0017] 2020-03-09 02:58:31 DEBUG > End   XGBoost.__init__: [elapsed] >> 00:00:00
[0017] 2020-03-09 02:58:31 DEBUG > End   ModelFactory.create: [elapsed] >> 00:00:00
[0017] 2020-03-09 02:58:31 INFO  > Fold 5 withholding month 14
[0017] 2020-03-09 02:58:31 INFO  > rows of train= 504519, rows of holdout= 86021
[0017] 2020-03-09 02:58:33 DEBUG > Start XGBoost.train
[0017] 2020-03-09 03:14:40 DEBUG > End   XGBoost.train: [elapsed] >> 00:16:06
[0017] 2020-03-09 03:14:41 DEBUG > Start XGBoost.predict
[0017] 2020-03-09 03:14:47 DEBUG > End   XGBoost.predict: [elapsed] >> 00:00:05
[0017] 2020-03-09 03:14:48 DEBUG > Start XGBoost.predict
[0017] 2020-03-09 03:15:22 DEBUG > End   XGBoost.predict: [elapsed] >> 00:00:34
[0017] 2020-03-09 03:15:22 DEBUG > Start BaseModel.save
[0017] 2020-03-09 03:15:22 DEBUG > End   BaseModel.save: [elapsed] >> 00:00:00
[0017] 2020-03-09 03:15:22 DEBUG > Start ModelFactory.create
[0017] 2020-03-09 03:15:22 DEBUG > Creating model xgboost
[0017] 2020-03-09 03:15:22 DEBUG > Start XGBoost.__init__
[0017] 2020-03-09 03:15:22 DEBUG > End   XGBoost.__init__: [elapsed] >> 00:00:00
[0017] 2020-03-09 03:15:22 DEBUG > End   ModelFactory.create: [elapsed] >> 00:00:00
[0017] 2020-03-09 03:15:22 INFO  > Fold 6 withholding month 16
[0017] 2020-03-09 03:15:23 INFO  > rows of train= 506885, rows of holdout= 83655
[0017] 2020-03-09 03:15:25 DEBUG > Start XGBoost.train
[0017] 2020-03-09 03:24:46 DEBUG > End   XGBoost.train: [elapsed] >> 00:09:21
[0017] 2020-03-09 03:24:47 DEBUG > Start XGBoost.predict
[0017] 2020-03-09 03:24:50 DEBUG > End   XGBoost.predict: [elapsed] >> 00:00:03
[0017] 2020-03-09 03:24:51 DEBUG > Start XGBoost.predict
[0017] 2020-03-09 03:25:11 DEBUG > End   XGBoost.predict: [elapsed] >> 00:00:19
[0017] 2020-03-09 03:25:11 DEBUG > Start BaseModel.save
[0017] 2020-03-09 03:25:11 DEBUG > End   BaseModel.save: [elapsed] >> 00:00:00
[0017] 2020-03-09 03:25:11 INFO  > Fold 6 OOF cv= 0.9120615204688511
[0017] 2020-03-09 03:25:12 DEBUG > Start ModelFactory.create
[0017] 2020-03-09 03:25:12 DEBUG > Creating model xgboost
[0017] 2020-03-09 03:25:12 DEBUG > Start XGBoost.__init__
[0017] 2020-03-09 03:25:12 DEBUG > End   XGBoost.__init__: [elapsed] >> 00:00:00
[0017] 2020-03-09 03:25:12 DEBUG > End   ModelFactory.create: [elapsed] >> 00:00:00
[0017] 2020-03-09 03:25:12 INFO  > Fold 1 withholding month 12
[0017] 2020-03-09 03:25:13 INFO  > rows of train= 453219, rows of holdout= 137321
[0017] 2020-03-09 03:25:15 DEBUG > Start XGBoost.train
[0017] 2020-03-09 03:27:50 DEBUG > End   XGBoost.train: [elapsed] >> 00:02:34
[0017] 2020-03-09 03:27:50 DEBUG > Start XGBoost.predict
[0017] 2020-03-09 03:27:54 DEBUG > End   XGBoost.predict: [elapsed] >> 00:00:03
[0017] 2020-03-09 03:27:55 DEBUG > Start XGBoost.predict
[0017] 2020-03-09 03:28:08 DEBUG > End   XGBoost.predict: [elapsed] >> 00:00:13
[0017] 2020-03-09 03:28:08 DEBUG > Start BaseModel.save
[0017] 2020-03-09 03:28:09 DEBUG > End   BaseModel.save: [elapsed] >> 00:00:00
[0017] 2020-03-09 03:28:09 DEBUG > Start ModelFactory.create
[0017] 2020-03-09 03:28:09 DEBUG > Creating model xgboost
[0017] 2020-03-09 03:28:09 DEBUG > Start XGBoost.__init__
[0017] 2020-03-09 03:28:09 DEBUG > End   XGBoost.__init__: [elapsed] >> 00:00:00
[0017] 2020-03-09 03:28:09 DEBUG > End   ModelFactory.create: [elapsed] >> 00:00:00
[0017] 2020-03-09 03:28:09 INFO  > Fold 2 withholding month 15
[0017] 2020-03-09 03:28:09 INFO  > rows of train= 488908, rows of holdout= 101632
[0017] 2020-03-09 03:28:11 DEBUG > Start XGBoost.train
[0017] 2020-03-09 03:30:53 DEBUG > End   XGBoost.train: [elapsed] >> 00:02:41
[0017] 2020-03-09 03:30:54 DEBUG > Start XGBoost.predict
[0017] 2020-03-09 03:30:57 DEBUG > End   XGBoost.predict: [elapsed] >> 00:00:02
[0017] 2020-03-09 03:30:57 DEBUG > Start XGBoost.predict
[0017] 2020-03-09 03:31:11 DEBUG > End   XGBoost.predict: [elapsed] >> 00:00:14
[0017] 2020-03-09 03:31:11 DEBUG > Start BaseModel.save
[0017] 2020-03-09 03:31:11 DEBUG > End   BaseModel.save: [elapsed] >> 00:00:00
[0017] 2020-03-09 03:31:11 DEBUG > Start ModelFactory.create
[0017] 2020-03-09 03:31:11 DEBUG > Creating model xgboost
[0017] 2020-03-09 03:31:11 DEBUG > Start XGBoost.__init__
[0017] 2020-03-09 03:31:11 DEBUG > End   XGBoost.__init__: [elapsed] >> 00:00:00
[0017] 2020-03-09 03:31:11 DEBUG > End   ModelFactory.create: [elapsed] >> 00:00:00
[0017] 2020-03-09 03:31:11 INFO  > Fold 3 withholding month 13
[0017] 2020-03-09 03:31:12 INFO  > rows of train= 497955, rows of holdout= 92585
[0017] 2020-03-09 03:31:14 DEBUG > Start XGBoost.train
[0017] 2020-03-09 03:34:40 DEBUG > End   XGBoost.train: [elapsed] >> 00:03:26
[0017] 2020-03-09 03:34:41 DEBUG > Start XGBoost.predict
[0017] 2020-03-09 03:34:44 DEBUG > End   XGBoost.predict: [elapsed] >> 00:00:03
[0017] 2020-03-09 03:34:44 DEBUG > Start XGBoost.predict
[0017] 2020-03-09 03:35:02 DEBUG > End   XGBoost.predict: [elapsed] >> 00:00:17
[0017] 2020-03-09 03:35:02 DEBUG > Start BaseModel.save
[0017] 2020-03-09 03:35:02 DEBUG > End   BaseModel.save: [elapsed] >> 00:00:00
[0017] 2020-03-09 03:35:02 DEBUG > Start ModelFactory.create
[0017] 2020-03-09 03:35:02 DEBUG > Creating model xgboost
[0017] 2020-03-09 03:35:02 DEBUG > Start XGBoost.__init__
[0017] 2020-03-09 03:35:02 DEBUG > End   XGBoost.__init__: [elapsed] >> 00:00:00
[0017] 2020-03-09 03:35:02 DEBUG > End   ModelFactory.create: [elapsed] >> 00:00:00
[0017] 2020-03-09 03:35:02 INFO  > Fold 4 withholding month 17
[0017] 2020-03-09 03:35:03 INFO  > rows of train= 501214, rows of holdout= 89326
[0017] 2020-03-09 03:35:05 DEBUG > Start XGBoost.train
[0017] 2020-03-09 03:36:57 DEBUG > End   XGBoost.train: [elapsed] >> 00:01:52
[0017] 2020-03-09 03:36:58 DEBUG > Start XGBoost.predict
[0017] 2020-03-09 03:36:59 DEBUG > End   XGBoost.predict: [elapsed] >> 00:00:01
[0017] 2020-03-09 03:37:00 DEBUG > Start XGBoost.predict
[0017] 2020-03-09 03:37:10 DEBUG > End   XGBoost.predict: [elapsed] >> 00:00:10
[0017] 2020-03-09 03:37:10 DEBUG > Start BaseModel.save
[0017] 2020-03-09 03:37:10 DEBUG > End   BaseModel.save: [elapsed] >> 00:00:00
[0017] 2020-03-09 03:37:10 DEBUG > Start ModelFactory.create
[0017] 2020-03-09 03:37:10 DEBUG > Creating model xgboost
[0017] 2020-03-09 03:37:10 DEBUG > Start XGBoost.__init__
[0017] 2020-03-09 03:37:10 DEBUG > End   XGBoost.__init__: [elapsed] >> 00:00:00
[0017] 2020-03-09 03:37:10 DEBUG > End   ModelFactory.create: [elapsed] >> 00:00:00
[0017] 2020-03-09 03:37:10 INFO  > Fold 5 withholding month 14
[0017] 2020-03-09 03:37:11 INFO  > rows of train= 504519, rows of holdout= 86021
[0017] 2020-03-09 03:37:13 DEBUG > Start XGBoost.train
[0017] 2020-03-09 03:39:55 DEBUG > End   XGBoost.train: [elapsed] >> 00:02:41
[0017] 2020-03-09 03:39:55 DEBUG > Start XGBoost.predict
[0017] 2020-03-09 03:39:58 DEBUG > End   XGBoost.predict: [elapsed] >> 00:00:02
[0017] 2020-03-09 03:39:58 DEBUG > Start XGBoost.predict
[0017] 2020-03-09 03:40:12 DEBUG > End   XGBoost.predict: [elapsed] >> 00:00:13
[0017] 2020-03-09 03:40:12 DEBUG > Start BaseModel.save
[0017] 2020-03-09 03:40:12 DEBUG > End   BaseModel.save: [elapsed] >> 00:00:00
[0017] 2020-03-09 03:40:12 DEBUG > Start ModelFactory.create
[0017] 2020-03-09 03:40:12 DEBUG > Creating model xgboost
[0017] 2020-03-09 03:40:12 DEBUG > Start XGBoost.__init__
[0017] 2020-03-09 03:40:12 DEBUG > End   XGBoost.__init__: [elapsed] >> 00:00:00
[0017] 2020-03-09 03:40:12 DEBUG > End   ModelFactory.create: [elapsed] >> 00:00:00
[0017] 2020-03-09 03:40:12 INFO  > Fold 6 withholding month 16
[0017] 2020-03-09 03:40:13 INFO  > rows of train= 506885, rows of holdout= 83655
[0017] 2020-03-09 03:40:15 DEBUG > Start XGBoost.train
[0017] 2020-03-09 03:45:00 DEBUG > End   XGBoost.train: [elapsed] >> 00:04:45
[0017] 2020-03-09 03:45:01 DEBUG > Start XGBoost.predict
[0017] 2020-03-09 03:45:05 DEBUG > End   XGBoost.predict: [elapsed] >> 00:00:03
[0017] 2020-03-09 03:45:05 DEBUG > Start XGBoost.predict
[0017] 2020-03-09 03:45:30 DEBUG > End   XGBoost.predict: [elapsed] >> 00:00:24
[0017] 2020-03-09 03:45:30 DEBUG > Start BaseModel.save
[0017] 2020-03-09 03:45:30 DEBUG > End   BaseModel.save: [elapsed] >> 00:00:00
[0017] 2020-03-09 03:45:30 INFO  > Fold 6 OOF cv= 0.9221595900957001
[0017] 2020-03-09 03:45:31 DEBUG > Start ModelFactory.create
[0017] 2020-03-09 03:45:31 DEBUG > Creating model xgboost
[0017] 2020-03-09 03:45:31 DEBUG > Start XGBoost.__init__
[0017] 2020-03-09 03:45:31 DEBUG > End   XGBoost.__init__: [elapsed] >> 00:00:00
[0017] 2020-03-09 03:45:31 DEBUG > End   ModelFactory.create: [elapsed] >> 00:00:00
[0017] 2020-03-09 03:45:31 INFO  > Fold 1 withholding month 12
[0017] 2020-03-09 03:45:32 INFO  > rows of train= 453219, rows of holdout= 137321
[0017] 2020-03-09 03:45:34 DEBUG > Start XGBoost.train
[0017] 2020-03-09 03:50:45 DEBUG > End   XGBoost.train: [elapsed] >> 00:05:11
[0017] 2020-03-09 03:50:46 DEBUG > Start XGBoost.predict
[0017] 2020-03-09 03:50:50 DEBUG > End   XGBoost.predict: [elapsed] >> 00:00:04
[0017] 2020-03-09 03:50:51 DEBUG > Start XGBoost.predict
[0017] 2020-03-09 03:51:07 DEBUG > End   XGBoost.predict: [elapsed] >> 00:00:16
[0017] 2020-03-09 03:51:07 DEBUG > Start BaseModel.save
[0017] 2020-03-09 03:51:07 DEBUG > End   BaseModel.save: [elapsed] >> 00:00:00
[0017] 2020-03-09 03:51:07 DEBUG > Start ModelFactory.create
[0017] 2020-03-09 03:51:07 DEBUG > Creating model xgboost
[0017] 2020-03-09 03:51:07 DEBUG > Start XGBoost.__init__
[0017] 2020-03-09 03:51:07 DEBUG > End   XGBoost.__init__: [elapsed] >> 00:00:00
[0017] 2020-03-09 03:51:07 DEBUG > End   ModelFactory.create: [elapsed] >> 00:00:00
[0017] 2020-03-09 03:51:07 INFO  > Fold 2 withholding month 15
[0017] 2020-03-09 03:51:08 INFO  > rows of train= 488908, rows of holdout= 101632
[0017] 2020-03-09 03:51:10 DEBUG > Start XGBoost.train
[0017] 2020-03-09 03:59:47 DEBUG > End   XGBoost.train: [elapsed] >> 00:08:36
[0017] 2020-03-09 03:59:48 DEBUG > Start XGBoost.predict
[0017] 2020-03-09 03:59:53 DEBUG > End   XGBoost.predict: [elapsed] >> 00:00:04
[0017] 2020-03-09 03:59:53 DEBUG > Start XGBoost.predict
[0017] 2020-03-09 04:00:17 DEBUG > End   XGBoost.predict: [elapsed] >> 00:00:24
[0017] 2020-03-09 04:00:18 DEBUG > Start BaseModel.save
[0017] 2020-03-09 04:00:18 DEBUG > End   BaseModel.save: [elapsed] >> 00:00:00
[0017] 2020-03-09 04:00:18 DEBUG > Start ModelFactory.create
[0017] 2020-03-09 04:00:18 DEBUG > Creating model xgboost
[0017] 2020-03-09 04:00:18 DEBUG > Start XGBoost.__init__
[0017] 2020-03-09 04:00:18 DEBUG > End   XGBoost.__init__: [elapsed] >> 00:00:00
[0017] 2020-03-09 04:00:18 DEBUG > End   ModelFactory.create: [elapsed] >> 00:00:00
[0017] 2020-03-09 04:00:18 INFO  > Fold 3 withholding month 13
[0017] 2020-03-09 04:00:18 INFO  > rows of train= 497955, rows of holdout= 92585
[0017] 2020-03-09 04:00:21 DEBUG > Start XGBoost.train
[0017] 2020-03-09 04:08:10 DEBUG > End   XGBoost.train: [elapsed] >> 00:07:49
[0017] 2020-03-09 04:08:11 DEBUG > Start XGBoost.predict
[0017] 2020-03-09 04:08:15 DEBUG > End   XGBoost.predict: [elapsed] >> 00:00:04
[0017] 2020-03-09 04:08:15 DEBUG > Start XGBoost.predict
[0017] 2020-03-09 04:08:37 DEBUG > End   XGBoost.predict: [elapsed] >> 00:00:21
[0017] 2020-03-09 04:08:37 DEBUG > Start BaseModel.save
[0017] 2020-03-09 04:08:37 DEBUG > End   BaseModel.save: [elapsed] >> 00:00:00
[0017] 2020-03-09 04:08:37 DEBUG > Start ModelFactory.create
[0017] 2020-03-09 04:08:37 DEBUG > Creating model xgboost
[0017] 2020-03-09 04:08:37 DEBUG > Start XGBoost.__init__
[0017] 2020-03-09 04:08:37 DEBUG > End   XGBoost.__init__: [elapsed] >> 00:00:00
[0017] 2020-03-09 04:08:37 DEBUG > End   ModelFactory.create: [elapsed] >> 00:00:00
[0017] 2020-03-09 04:08:37 INFO  > Fold 4 withholding month 17
[0017] 2020-03-09 04:08:38 INFO  > rows of train= 501214, rows of holdout= 89326
[0017] 2020-03-09 04:08:40 DEBUG > Start XGBoost.train
[0017] 2020-03-09 04:11:52 DEBUG > End   XGBoost.train: [elapsed] >> 00:03:11
[0017] 2020-03-09 04:11:52 DEBUG > Start XGBoost.predict
[0017] 2020-03-09 04:11:54 DEBUG > End   XGBoost.predict: [elapsed] >> 00:00:01
[0017] 2020-03-09 04:11:54 DEBUG > Start XGBoost.predict
[0017] 2020-03-09 04:12:05 DEBUG > End   XGBoost.predict: [elapsed] >> 00:00:10
[0017] 2020-03-09 04:12:05 DEBUG > Start BaseModel.save
[0017] 2020-03-09 04:12:05 DEBUG > End   BaseModel.save: [elapsed] >> 00:00:00
[0017] 2020-03-09 04:12:05 DEBUG > Start ModelFactory.create
[0017] 2020-03-09 04:12:05 DEBUG > Creating model xgboost
[0017] 2020-03-09 04:12:05 DEBUG > Start XGBoost.__init__
[0017] 2020-03-09 04:12:05 DEBUG > End   XGBoost.__init__: [elapsed] >> 00:00:00
[0017] 2020-03-09 04:12:05 DEBUG > End   ModelFactory.create: [elapsed] >> 00:00:00
[0017] 2020-03-09 04:12:05 INFO  > Fold 5 withholding month 14
[0017] 2020-03-09 04:12:06 INFO  > rows of train= 504519, rows of holdout= 86021
[0017] 2020-03-09 04:12:08 DEBUG > Start XGBoost.train
[0017] 2020-03-09 04:20:13 DEBUG > End   XGBoost.train: [elapsed] >> 00:08:05
[0017] 2020-03-09 04:20:14 DEBUG > Start XGBoost.predict
[0017] 2020-03-09 04:20:18 DEBUG > End   XGBoost.predict: [elapsed] >> 00:00:03
[0017] 2020-03-09 04:20:19 DEBUG > Start XGBoost.predict
[0017] 2020-03-09 04:20:42 DEBUG > End   XGBoost.predict: [elapsed] >> 00:00:23
[0017] 2020-03-09 04:20:42 DEBUG > Start BaseModel.save
[0017] 2020-03-09 04:20:42 DEBUG > End   BaseModel.save: [elapsed] >> 00:00:00
[0017] 2020-03-09 04:20:42 DEBUG > Start ModelFactory.create
[0017] 2020-03-09 04:20:42 DEBUG > Creating model xgboost
[0017] 2020-03-09 04:20:42 DEBUG > Start XGBoost.__init__
[0017] 2020-03-09 04:20:42 DEBUG > End   XGBoost.__init__: [elapsed] >> 00:00:00
[0017] 2020-03-09 04:20:42 DEBUG > End   ModelFactory.create: [elapsed] >> 00:00:00
[0017] 2020-03-09 04:20:42 INFO  > Fold 6 withholding month 16
[0017] 2020-03-09 04:20:43 INFO  > rows of train= 506885, rows of holdout= 83655
[0017] 2020-03-09 04:20:45 DEBUG > Start XGBoost.train
[0017] 2020-03-09 04:33:36 DEBUG > End   XGBoost.train: [elapsed] >> 00:12:50
[0017] 2020-03-09 04:33:37 DEBUG > Start XGBoost.predict
[0017] 2020-03-09 04:33:43 DEBUG > End   XGBoost.predict: [elapsed] >> 00:00:06
[0017] 2020-03-09 04:33:43 DEBUG > Start XGBoost.predict
[0017] 2020-03-09 04:34:23 DEBUG > End   XGBoost.predict: [elapsed] >> 00:00:39
[0017] 2020-03-09 04:34:23 DEBUG > Start BaseModel.save
[0017] 2020-03-09 04:34:23 DEBUG > End   BaseModel.save: [elapsed] >> 00:00:00
[0017] 2020-03-09 04:34:23 INFO  > Fold 6 OOF cv= 0.9325071445273965
[0017] 2020-03-09 04:34:24 DEBUG > Start ModelFactory.create
[0017] 2020-03-09 04:34:24 DEBUG > Creating model xgboost
[0017] 2020-03-09 04:34:24 DEBUG > Start XGBoost.__init__
[0017] 2020-03-09 04:34:24 DEBUG > End   XGBoost.__init__: [elapsed] >> 00:00:00
[0017] 2020-03-09 04:34:24 DEBUG > End   ModelFactory.create: [elapsed] >> 00:00:00
[0017] 2020-03-09 04:34:24 INFO  > Fold 1 withholding month 12
[0017] 2020-03-09 04:34:25 INFO  > rows of train= 453219, rows of holdout= 137321
[0017] 2020-03-09 04:34:27 DEBUG > Start XGBoost.train
[0017] 2020-03-09 04:40:49 DEBUG > End   XGBoost.train: [elapsed] >> 00:06:21
[0017] 2020-03-09 04:40:50 DEBUG > Start XGBoost.predict
[0017] 2020-03-09 04:40:56 DEBUG > End   XGBoost.predict: [elapsed] >> 00:00:06
[0017] 2020-03-09 04:40:56 DEBUG > Start XGBoost.predict
[0017] 2020-03-09 04:41:20 DEBUG > End   XGBoost.predict: [elapsed] >> 00:00:23
[0017] 2020-03-09 04:41:20 DEBUG > Start BaseModel.save
[0017] 2020-03-09 04:41:20 DEBUG > End   BaseModel.save: [elapsed] >> 00:00:00
[0017] 2020-03-09 04:41:20 DEBUG > Start ModelFactory.create
[0017] 2020-03-09 04:41:20 DEBUG > Creating model xgboost
[0017] 2020-03-09 04:41:20 DEBUG > Start XGBoost.__init__
[0017] 2020-03-09 04:41:20 DEBUG > End   XGBoost.__init__: [elapsed] >> 00:00:00
[0017] 2020-03-09 04:41:20 DEBUG > End   ModelFactory.create: [elapsed] >> 00:00:00
[0017] 2020-03-09 04:41:20 INFO  > Fold 2 withholding month 15
[0017] 2020-03-09 04:41:21 INFO  > rows of train= 488908, rows of holdout= 101632
[0017] 2020-03-09 04:41:23 DEBUG > Start XGBoost.train
[0017] 2020-03-09 04:45:44 DEBUG > End   XGBoost.train: [elapsed] >> 00:04:20
[0017] 2020-03-09 04:45:45 DEBUG > Start XGBoost.predict
[0017] 2020-03-09 04:45:48 DEBUG > End   XGBoost.predict: [elapsed] >> 00:00:03
[0017] 2020-03-09 04:45:48 DEBUG > Start XGBoost.predict
[0017] 2020-03-09 04:46:04 DEBUG > End   XGBoost.predict: [elapsed] >> 00:00:16
[0017] 2020-03-09 04:46:04 DEBUG > Start BaseModel.save
[0017] 2020-03-09 04:46:04 DEBUG > End   BaseModel.save: [elapsed] >> 00:00:00
[0017] 2020-03-09 04:46:04 DEBUG > Start ModelFactory.create
[0017] 2020-03-09 04:46:04 DEBUG > Creating model xgboost
[0017] 2020-03-09 04:46:04 DEBUG > Start XGBoost.__init__
[0017] 2020-03-09 04:46:04 DEBUG > End   XGBoost.__init__: [elapsed] >> 00:00:00
[0017] 2020-03-09 04:46:04 DEBUG > End   ModelFactory.create: [elapsed] >> 00:00:00
[0017] 2020-03-09 04:46:04 INFO  > Fold 3 withholding month 13
[0017] 2020-03-09 04:46:05 INFO  > rows of train= 497955, rows of holdout= 92585
[0017] 2020-03-09 04:46:07 DEBUG > Start XGBoost.train
[0017] 2020-03-09 04:52:23 DEBUG > End   XGBoost.train: [elapsed] >> 00:06:15
[0017] 2020-03-09 04:52:24 DEBUG > Start XGBoost.predict
[0017] 2020-03-09 04:52:28 DEBUG > End   XGBoost.predict: [elapsed] >> 00:00:04
[0017] 2020-03-09 04:52:28 DEBUG > Start XGBoost.predict
[0017] 2020-03-09 04:52:51 DEBUG > End   XGBoost.predict: [elapsed] >> 00:00:22
[0017] 2020-03-09 04:52:51 DEBUG > Start BaseModel.save
[0017] 2020-03-09 04:52:51 DEBUG > End   BaseModel.save: [elapsed] >> 00:00:00
[0017] 2020-03-09 04:52:51 DEBUG > Start ModelFactory.create
[0017] 2020-03-09 04:52:51 DEBUG > Creating model xgboost
[0017] 2020-03-09 04:52:51 DEBUG > Start XGBoost.__init__
[0017] 2020-03-09 04:52:51 DEBUG > End   XGBoost.__init__: [elapsed] >> 00:00:00
[0017] 2020-03-09 04:52:51 DEBUG > End   ModelFactory.create: [elapsed] >> 00:00:00
[0017] 2020-03-09 04:52:51 INFO  > Fold 4 withholding month 17
[0017] 2020-03-09 04:52:51 INFO  > rows of train= 501214, rows of holdout= 89326
[0017] 2020-03-09 04:52:53 DEBUG > Start XGBoost.train
[0017] 2020-03-09 04:55:58 DEBUG > End   XGBoost.train: [elapsed] >> 00:03:04
[0017] 2020-03-09 04:55:59 DEBUG > Start XGBoost.predict
[0017] 2020-03-09 04:56:01 DEBUG > End   XGBoost.predict: [elapsed] >> 00:00:02
[0017] 2020-03-09 04:56:01 DEBUG > Start XGBoost.predict
[0017] 2020-03-09 04:56:13 DEBUG > End   XGBoost.predict: [elapsed] >> 00:00:11
[0017] 2020-03-09 04:56:13 DEBUG > Start BaseModel.save
[0017] 2020-03-09 04:56:13 DEBUG > End   BaseModel.save: [elapsed] >> 00:00:00
[0017] 2020-03-09 04:56:14 DEBUG > Start ModelFactory.create
[0017] 2020-03-09 04:56:14 DEBUG > Creating model xgboost
[0017] 2020-03-09 04:56:14 DEBUG > Start XGBoost.__init__
[0017] 2020-03-09 04:56:14 DEBUG > End   XGBoost.__init__: [elapsed] >> 00:00:00
[0017] 2020-03-09 04:56:14 DEBUG > End   ModelFactory.create: [elapsed] >> 00:00:00
[0017] 2020-03-09 04:56:14 INFO  > Fold 5 withholding month 14
[0017] 2020-03-09 04:56:14 INFO  > rows of train= 504519, rows of holdout= 86021
[0017] 2020-03-09 04:56:16 DEBUG > Start XGBoost.train
[0017] 2020-03-09 05:04:41 DEBUG > End   XGBoost.train: [elapsed] >> 00:08:24
[0017] 2020-03-09 05:04:42 DEBUG > Start XGBoost.predict
[0017] 2020-03-09 05:04:47 DEBUG > End   XGBoost.predict: [elapsed] >> 00:00:05
[0017] 2020-03-09 05:04:47 DEBUG > Start XGBoost.predict
[0017] 2020-03-09 05:05:18 DEBUG > End   XGBoost.predict: [elapsed] >> 00:00:30
[0017] 2020-03-09 05:05:18 DEBUG > Start BaseModel.save
[0017] 2020-03-09 05:05:18 DEBUG > End   BaseModel.save: [elapsed] >> 00:00:00
[0017] 2020-03-09 05:05:18 DEBUG > Start ModelFactory.create
[0017] 2020-03-09 05:05:18 DEBUG > Creating model xgboost
[0017] 2020-03-09 05:05:18 DEBUG > Start XGBoost.__init__
[0017] 2020-03-09 05:05:18 DEBUG > End   XGBoost.__init__: [elapsed] >> 00:00:00
[0017] 2020-03-09 05:05:18 DEBUG > End   ModelFactory.create: [elapsed] >> 00:00:00
[0017] 2020-03-09 05:05:18 INFO  > Fold 6 withholding month 16
[0017] 2020-03-09 05:05:19 INFO  > rows of train= 506885, rows of holdout= 83655
[0017] 2020-03-09 05:05:21 DEBUG > Start XGBoost.train
[0017] 2020-03-09 05:12:32 DEBUG > End   XGBoost.train: [elapsed] >> 00:07:11
[0017] 2020-03-09 05:12:33 DEBUG > Start XGBoost.predict
[0017] 2020-03-09 05:12:38 DEBUG > End   XGBoost.predict: [elapsed] >> 00:00:04
[0017] 2020-03-09 05:12:38 DEBUG > Start XGBoost.predict
[0017] 2020-03-09 05:13:03 DEBUG > End   XGBoost.predict: [elapsed] >> 00:00:25
[0017] 2020-03-09 05:13:03 DEBUG > Start BaseModel.save
[0017] 2020-03-09 05:13:03 DEBUG > End   BaseModel.save: [elapsed] >> 00:00:00
[0017] 2020-03-09 05:13:03 INFO  > Fold 6 OOF cv= 0.9394162971232196
[0017] 2020-03-09 05:13:04 DEBUG > Best trial: 4
[0017] 2020-03-09 05:13:04 DEBUG > Best score: 0.9394162971232196
[0017] 2020-03-09 05:13:04 DEBUG > Best params: {'colsample_bytree': 0.164311139051873, 'max_depth': 9, 'min_child_weight': 0.004582441179680116, 'min_split_loss': 0.002547150414734285, 'reg_alpha': 0.005079067733841736, 'reg_lambda': 0.0030579741415625817, 'subsample': 0.9941741600548053}
[0017] 2020-03-09 05:13:04 INFO  > End   Tune hyper params: [elapsed] >> 03:20:50
[0017] 2020-03-09 05:13:05 INFO  > End   main: [elapsed] >> 03:20:57
[0017] 2020-03-09 05:13:06 INFO  > :sunglasses: Finished experiment 0017
