2020-01-03 12:12:33 - INFO  >> :thinking_face: Starting experiment 0007_nroman_lgb
2020-01-03 12:12:34 - INFO  >> Start main
2020-01-03 12:12:34 - INFO  >> Start Preprocess
2020-01-03 12:12:34 - INFO  >> Start Transformer.run
2020-01-03 12:12:34 - INFO  >> Start isLatest
2020-01-03 12:12:35 - DEBUG >> /home/yh/git/kaggle_ieee-fraud-detection/data/processed/train_0007.pkl exists
2020-01-03 12:12:35 - DEBUG >> /home/yh/git/kaggle_ieee-fraud-detection/data/processed/test_0007.pkl exists
2020-01-03 12:12:35 - DEBUG >> All files existed. Skip transforming.
2020-01-03 12:12:35 - INFO  >> End   isLatest: [elapsed] >> 00:00:00
2020-01-03 12:12:46 - DEBUG >> Loaded train.shape: (590540, 301)
2020-01-03 12:12:46 - DEBUG >> Loaded test.shape:  (506691, 300)
2020-01-03 12:12:46 - INFO  >> End   Transformer.run: [elapsed] >> 00:00:12
2020-01-03 12:12:49 - INFO  >> End   Preprocess: [elapsed] >> 00:00:14
2020-01-03 12:12:49 - INFO  >> Start Train
2020-01-03 12:12:49 - INFO  >> Start BaseTrainer.run
2020-01-03 12:12:50 - INFO  >> Start BaseTrainer._is_latest
2020-01-03 12:12:50 - INFO  >> End   BaseTrainer._is_latest: [elapsed] >> 00:00:00
2020-01-03 12:12:50 - INFO  >> Start LGB_Trainer.train
2020-01-03 12:12:50 - INFO  >> Training on fold 1
2020-01-03 12:15:50 - DEBUG >> Fold 1 finished
2020-01-03 12:15:50 - INFO  >> Training on fold 2
2020-01-03 12:20:29 - DEBUG >> Fold 2 finished
2020-01-03 12:20:29 - INFO  >> Training on fold 3
2020-01-03 12:28:21 - DEBUG >> Fold 3 finished
2020-01-03 12:28:21 - INFO  >> Training on fold 4
2020-01-03 12:40:36 - DEBUG >> Fold 4 finished
2020-01-03 12:40:36 - INFO  >> Training on fold 5
2020-01-03 12:57:41 - DEBUG >> Fold 5 finished
2020-01-03 12:57:41 - INFO  >> Training has finished.
2020-01-03 12:57:41 - DEBUG >> Mean AUC: 0.9243341624306524
2020-01-03 12:57:41 - WARNING >> Training did not converge. Try larger n_estimators.
2020-01-03 14:07:59 - INFO  >> End   LGB_Trainer.train: [elapsed] >> 01:55:08
2020-01-03 14:07:59 - INFO  >> Start BaseTrainer.save
2020-01-03 14:08:16 - INFO  >> End   BaseTrainer.save: [elapsed] >> 00:00:16
2020-01-03 14:08:16 - DEBUG >> Saved lgb_model
2020-01-03 14:08:16 - INFO  >> End   BaseTrainer.run: [elapsed] >> 01:55:26
2020-01-03 14:08:16 - INFO  >> Start BaseTrainer.get_model
2020-01-03 14:08:16 - INFO  >> End   BaseTrainer.get_model: [elapsed] >> 00:00:00
2020-01-03 14:08:17 - INFO  >> End   Train: [elapsed] >> 01:55:27
2020-01-03 14:08:17 - INFO  >> Start Predict
2020-01-03 14:26:44 - INFO  >> Saved /home/yh/git/kaggle_ieee-fraud-detection/data/submission/0007_submission.csv
2020-01-03 14:26:44 - INFO  >> End   Predict: [elapsed] >> 00:18:26
2020-01-03 14:26:44 - INFO  >> End   main: [elapsed] >> 02:14:10
2020-01-03 14:26:44 - INFO  >> :sunglasses: Finished experiment 0007_nroman_lgb
