[0020] 2020-03-15 17:20:28 INFO  > :thinking_face: Starting experiment 0020_lightgbm.small
[0020] 2020-03-15 17:20:28 INFO  > Options indicated: Namespace(nomsg=True, seed=42, small=True, version='0020')
[0020] 2020-03-15 17:20:28 INFO  > Start main
[0020] 2020-03-15 17:20:28 INFO  > Start Preprocess
[0020] 2020-03-15 17:20:32 DEBUG > Loaded feature cdeotte
[0020] 2020-03-15 17:20:33 DEBUG > train.shape: (591, 292), test.shape: (507, 291)
[0020] 2020-03-15 17:20:33 INFO  > End   Preprocess: [elapsed] >> 00:00:04
[0020] 2020-03-15 17:20:33 INFO  > Start Tune hyper params
[0020] 2020-03-15 17:20:33 DEBUG > Start ModelFactory.create
[0020] 2020-03-15 17:20:33 DEBUG > Creating model lightgbm
[0020] 2020-03-15 17:20:33 DEBUG > Start LightGBM.__init__
[0020] 2020-03-15 17:20:33 DEBUG > End   LightGBM.__init__: [elapsed] >> 00:00:00
[0020] 2020-03-15 17:20:33 DEBUG > End   ModelFactory.create: [elapsed] >> 00:00:00
[0020] 2020-03-15 17:20:33 INFO  > Fold 1 withholding month 12
[0020] 2020-03-15 17:20:33 INFO  > rows of train= 463, rows of holdout= 128
[0020] 2020-03-15 17:20:33 DEBUG > Start LightGBM.train
[0020] 2020-03-15 17:20:34 DEBUG > End   LightGBM.train: [elapsed] >> 00:00:00
[0020] 2020-03-15 17:20:34 DEBUG > Start LightGBM.predict
[0020] 2020-03-15 17:20:34 DEBUG > End   LightGBM.predict: [elapsed] >> 00:00:00
[0020] 2020-03-15 17:20:34 DEBUG > Start LightGBM.predict
[0020] 2020-03-15 17:20:34 DEBUG > End   LightGBM.predict: [elapsed] >> 00:00:00
[0020] 2020-03-15 17:20:34 DEBUG > Start BaseModel.save
[0020] 2020-03-15 17:20:34 DEBUG > End   BaseModel.save: [elapsed] >> 00:00:00
[0020] 2020-03-15 17:20:34 DEBUG > Start ModelFactory.create
[0020] 2020-03-15 17:20:34 DEBUG > Creating model lightgbm
[0020] 2020-03-15 17:20:34 DEBUG > Start LightGBM.__init__
[0020] 2020-03-15 17:20:34 DEBUG > End   LightGBM.__init__: [elapsed] >> 00:00:00
[0020] 2020-03-15 17:20:34 DEBUG > End   ModelFactory.create: [elapsed] >> 00:00:00
[0020] 2020-03-15 17:20:34 INFO  > Fold 2 withholding month 15
[0020] 2020-03-15 17:20:34 INFO  > rows of train= 482, rows of holdout= 109
[0020] 2020-03-15 17:20:34 DEBUG > Start LightGBM.train
[0020] 2020-03-15 17:20:34 DEBUG > End   LightGBM.train: [elapsed] >> 00:00:00
[0020] 2020-03-15 17:20:34 DEBUG > Start LightGBM.predict
[0020] 2020-03-15 17:20:34 DEBUG > End   LightGBM.predict: [elapsed] >> 00:00:00
[0020] 2020-03-15 17:20:34 DEBUG > Start LightGBM.predict
[0020] 2020-03-15 17:20:34 DEBUG > End   LightGBM.predict: [elapsed] >> 00:00:00
[0020] 2020-03-15 17:20:34 DEBUG > Start BaseModel.save
[0020] 2020-03-15 17:20:34 DEBUG > End   BaseModel.save: [elapsed] >> 00:00:00
[0020] 2020-03-15 17:20:34 DEBUG > Start ModelFactory.create
[0020] 2020-03-15 17:20:34 DEBUG > Creating model lightgbm
[0020] 2020-03-15 17:20:34 DEBUG > Start LightGBM.__init__
[0020] 2020-03-15 17:20:34 DEBUG > End   LightGBM.__init__: [elapsed] >> 00:00:00
[0020] 2020-03-15 17:20:34 DEBUG > End   ModelFactory.create: [elapsed] >> 00:00:00
[0020] 2020-03-15 17:20:34 INFO  > Fold 3 withholding month 13
[0020] 2020-03-15 17:20:34 INFO  > rows of train= 499, rows of holdout= 92
[0020] 2020-03-15 17:20:34 DEBUG > Start LightGBM.train
[0020] 2020-03-15 17:20:35 DEBUG > End   LightGBM.train: [elapsed] >> 00:00:00
[0020] 2020-03-15 17:20:35 DEBUG > Start LightGBM.predict
[0020] 2020-03-15 17:20:35 DEBUG > End   LightGBM.predict: [elapsed] >> 00:00:00
[0020] 2020-03-15 17:20:35 DEBUG > Start LightGBM.predict
[0020] 2020-03-15 17:20:35 DEBUG > End   LightGBM.predict: [elapsed] >> 00:00:00
[0020] 2020-03-15 17:20:35 DEBUG > Start BaseModel.save
[0020] 2020-03-15 17:20:35 DEBUG > End   BaseModel.save: [elapsed] >> 00:00:00
[0020] 2020-03-15 17:20:35 DEBUG > Start ModelFactory.create
[0020] 2020-03-15 17:20:35 DEBUG > Creating model lightgbm
[0020] 2020-03-15 17:20:35 DEBUG > Start LightGBM.__init__
[0020] 2020-03-15 17:20:35 DEBUG > End   LightGBM.__init__: [elapsed] >> 00:00:00
[0020] 2020-03-15 17:20:35 DEBUG > End   ModelFactory.create: [elapsed] >> 00:00:00
[0020] 2020-03-15 17:20:35 INFO  > Fold 4 withholding month 17
[0020] 2020-03-15 17:20:35 INFO  > rows of train= 501, rows of holdout= 90
[0020] 2020-03-15 17:20:35 DEBUG > Start LightGBM.train
[0020] 2020-03-15 17:20:35 DEBUG > End   LightGBM.train: [elapsed] >> 00:00:00
[0020] 2020-03-15 17:20:35 DEBUG > Start LightGBM.predict
[0020] 2020-03-15 17:20:35 DEBUG > End   LightGBM.predict: [elapsed] >> 00:00:00
[0020] 2020-03-15 17:20:35 DEBUG > Start LightGBM.predict
[0020] 2020-03-15 17:20:35 DEBUG > End   LightGBM.predict: [elapsed] >> 00:00:00
[0020] 2020-03-15 17:20:35 DEBUG > Start BaseModel.save
[0020] 2020-03-15 17:20:35 DEBUG > End   BaseModel.save: [elapsed] >> 00:00:00
[0020] 2020-03-15 17:20:35 DEBUG > Start ModelFactory.create
[0020] 2020-03-15 17:20:35 DEBUG > Creating model lightgbm
[0020] 2020-03-15 17:20:35 DEBUG > Start LightGBM.__init__
[0020] 2020-03-15 17:20:35 DEBUG > End   LightGBM.__init__: [elapsed] >> 00:00:00
[0020] 2020-03-15 17:20:35 DEBUG > End   ModelFactory.create: [elapsed] >> 00:00:00
[0020] 2020-03-15 17:20:35 INFO  > Fold 5 withholding month 14
[0020] 2020-03-15 17:20:35 INFO  > rows of train= 503, rows of holdout= 88
[0020] 2020-03-15 17:20:35 DEBUG > Start LightGBM.train
[0020] 2020-03-15 17:20:35 DEBUG > End   LightGBM.train: [elapsed] >> 00:00:00
[0020] 2020-03-15 17:20:35 DEBUG > Start LightGBM.predict
[0020] 2020-03-15 17:20:36 DEBUG > End   LightGBM.predict: [elapsed] >> 00:00:00
[0020] 2020-03-15 17:20:36 DEBUG > Start LightGBM.predict
[0020] 2020-03-15 17:20:36 DEBUG > End   LightGBM.predict: [elapsed] >> 00:00:00
[0020] 2020-03-15 17:20:36 DEBUG > Start BaseModel.save
[0020] 2020-03-15 17:20:36 DEBUG > End   BaseModel.save: [elapsed] >> 00:00:00
[0020] 2020-03-15 17:20:36 DEBUG > Start ModelFactory.create
[0020] 2020-03-15 17:20:36 DEBUG > Creating model lightgbm
[0020] 2020-03-15 17:20:36 DEBUG > Start LightGBM.__init__
[0020] 2020-03-15 17:20:36 DEBUG > End   LightGBM.__init__: [elapsed] >> 00:00:00
[0020] 2020-03-15 17:20:36 DEBUG > End   ModelFactory.create: [elapsed] >> 00:00:00
[0020] 2020-03-15 17:20:36 INFO  > Fold 6 withholding month 16
[0020] 2020-03-15 17:20:36 INFO  > rows of train= 507, rows of holdout= 84
[0020] 2020-03-15 17:20:36 DEBUG > Start LightGBM.train
[0020] 2020-03-15 17:20:36 DEBUG > End   LightGBM.train: [elapsed] >> 00:00:00
[0020] 2020-03-15 17:20:36 DEBUG > Start LightGBM.predict
[0020] 2020-03-15 17:20:36 DEBUG > End   LightGBM.predict: [elapsed] >> 00:00:00
[0020] 2020-03-15 17:20:36 DEBUG > Start LightGBM.predict
[0020] 2020-03-15 17:20:36 DEBUG > End   LightGBM.predict: [elapsed] >> 00:00:00
[0020] 2020-03-15 17:20:36 DEBUG > Start BaseModel.save
[0020] 2020-03-15 17:20:36 DEBUG > End   BaseModel.save: [elapsed] >> 00:00:00
[0020] 2020-03-15 17:20:36 INFO  > Fold 6 OOF cv= 0.7606554967666079
[0020] 2020-03-15 17:20:37 DEBUG > Start ModelFactory.create
[0020] 2020-03-15 17:20:37 DEBUG > Creating model lightgbm
[0020] 2020-03-15 17:20:37 DEBUG > Start LightGBM.__init__
[0020] 2020-03-15 17:20:37 DEBUG > End   LightGBM.__init__: [elapsed] >> 00:00:00
[0020] 2020-03-15 17:20:37 DEBUG > End   ModelFactory.create: [elapsed] >> 00:00:00
[0020] 2020-03-15 17:20:37 INFO  > Fold 1 withholding month 12
[0020] 2020-03-15 17:20:37 INFO  > rows of train= 463, rows of holdout= 128
[0020] 2020-03-15 17:20:37 DEBUG > Start LightGBM.train
[0020] 2020-03-15 17:20:37 DEBUG > End   LightGBM.train: [elapsed] >> 00:00:00
[0020] 2020-03-15 17:20:37 DEBUG > Start LightGBM.predict
[0020] 2020-03-15 17:20:37 DEBUG > End   LightGBM.predict: [elapsed] >> 00:00:00
[0020] 2020-03-15 17:20:37 DEBUG > Start LightGBM.predict
[0020] 2020-03-15 17:20:37 DEBUG > End   LightGBM.predict: [elapsed] >> 00:00:00
[0020] 2020-03-15 17:20:37 DEBUG > Start BaseModel.save
[0020] 2020-03-15 17:20:37 DEBUG > End   BaseModel.save: [elapsed] >> 00:00:00
[0020] 2020-03-15 17:20:37 DEBUG > Start ModelFactory.create
[0020] 2020-03-15 17:20:37 DEBUG > Creating model lightgbm
[0020] 2020-03-15 17:20:37 DEBUG > Start LightGBM.__init__
[0020] 2020-03-15 17:20:37 DEBUG > End   LightGBM.__init__: [elapsed] >> 00:00:00
[0020] 2020-03-15 17:20:37 DEBUG > End   ModelFactory.create: [elapsed] >> 00:00:00
[0020] 2020-03-15 17:20:37 INFO  > Fold 2 withholding month 15
[0020] 2020-03-15 17:20:37 INFO  > rows of train= 482, rows of holdout= 109
[0020] 2020-03-15 17:20:37 DEBUG > Start LightGBM.train
[0020] 2020-03-15 17:20:37 DEBUG > End   LightGBM.train: [elapsed] >> 00:00:00
[0020] 2020-03-15 17:20:37 DEBUG > Start LightGBM.predict
[0020] 2020-03-15 17:20:37 DEBUG > End   LightGBM.predict: [elapsed] >> 00:00:00
[0020] 2020-03-15 17:20:37 DEBUG > Start LightGBM.predict
[0020] 2020-03-15 17:20:37 DEBUG > End   LightGBM.predict: [elapsed] >> 00:00:00
[0020] 2020-03-15 17:20:37 DEBUG > Start BaseModel.save
[0020] 2020-03-15 17:20:37 DEBUG > End   BaseModel.save: [elapsed] >> 00:00:00
[0020] 2020-03-15 17:20:37 DEBUG > Start ModelFactory.create
[0020] 2020-03-15 17:20:37 DEBUG > Creating model lightgbm
[0020] 2020-03-15 17:20:37 DEBUG > Start LightGBM.__init__
[0020] 2020-03-15 17:20:37 DEBUG > End   LightGBM.__init__: [elapsed] >> 00:00:00
[0020] 2020-03-15 17:20:37 DEBUG > End   ModelFactory.create: [elapsed] >> 00:00:00
[0020] 2020-03-15 17:20:37 INFO  > Fold 3 withholding month 13
[0020] 2020-03-15 17:20:37 INFO  > rows of train= 499, rows of holdout= 92
[0020] 2020-03-15 17:20:37 DEBUG > Start LightGBM.train
[0020] 2020-03-15 17:20:38 DEBUG > End   LightGBM.train: [elapsed] >> 00:00:00
[0020] 2020-03-15 17:20:38 DEBUG > Start LightGBM.predict
[0020] 2020-03-15 17:20:38 DEBUG > End   LightGBM.predict: [elapsed] >> 00:00:00
[0020] 2020-03-15 17:20:38 DEBUG > Start LightGBM.predict
[0020] 2020-03-15 17:20:38 DEBUG > End   LightGBM.predict: [elapsed] >> 00:00:00
[0020] 2020-03-15 17:20:38 DEBUG > Start BaseModel.save
[0020] 2020-03-15 17:20:38 DEBUG > End   BaseModel.save: [elapsed] >> 00:00:00
[0020] 2020-03-15 17:20:38 DEBUG > Start ModelFactory.create
[0020] 2020-03-15 17:20:38 DEBUG > Creating model lightgbm
[0020] 2020-03-15 17:20:38 DEBUG > Start LightGBM.__init__
[0020] 2020-03-15 17:20:38 DEBUG > End   LightGBM.__init__: [elapsed] >> 00:00:00
[0020] 2020-03-15 17:20:38 DEBUG > End   ModelFactory.create: [elapsed] >> 00:00:00
[0020] 2020-03-15 17:20:38 INFO  > Fold 4 withholding month 17
[0020] 2020-03-15 17:20:38 INFO  > rows of train= 501, rows of holdout= 90
[0020] 2020-03-15 17:20:38 DEBUG > Start LightGBM.train
[0020] 2020-03-15 17:20:38 DEBUG > End   LightGBM.train: [elapsed] >> 00:00:00
[0020] 2020-03-15 17:20:38 DEBUG > Start LightGBM.predict
[0020] 2020-03-15 17:20:38 DEBUG > End   LightGBM.predict: [elapsed] >> 00:00:00
[0020] 2020-03-15 17:20:38 DEBUG > Start LightGBM.predict
[0020] 2020-03-15 17:20:38 DEBUG > End   LightGBM.predict: [elapsed] >> 00:00:00
[0020] 2020-03-15 17:20:38 DEBUG > Start BaseModel.save
[0020] 2020-03-15 17:20:38 DEBUG > End   BaseModel.save: [elapsed] >> 00:00:00
[0020] 2020-03-15 17:20:38 DEBUG > Start ModelFactory.create
[0020] 2020-03-15 17:20:38 DEBUG > Creating model lightgbm
[0020] 2020-03-15 17:20:38 DEBUG > Start LightGBM.__init__
[0020] 2020-03-15 17:20:38 DEBUG > End   LightGBM.__init__: [elapsed] >> 00:00:00
[0020] 2020-03-15 17:20:38 DEBUG > End   ModelFactory.create: [elapsed] >> 00:00:00
[0020] 2020-03-15 17:20:38 INFO  > Fold 5 withholding month 14
[0020] 2020-03-15 17:20:38 INFO  > rows of train= 503, rows of holdout= 88
[0020] 2020-03-15 17:20:38 DEBUG > Start LightGBM.train
[0020] 2020-03-15 17:20:38 DEBUG > End   LightGBM.train: [elapsed] >> 00:00:00
[0020] 2020-03-15 17:20:38 DEBUG > Start LightGBM.predict
[0020] 2020-03-15 17:20:38 DEBUG > End   LightGBM.predict: [elapsed] >> 00:00:00
[0020] 2020-03-15 17:20:38 DEBUG > Start LightGBM.predict
[0020] 2020-03-15 17:20:39 DEBUG > End   LightGBM.predict: [elapsed] >> 00:00:00
[0020] 2020-03-15 17:20:39 DEBUG > Start BaseModel.save
[0020] 2020-03-15 17:20:39 DEBUG > End   BaseModel.save: [elapsed] >> 00:00:00
[0020] 2020-03-15 17:20:39 DEBUG > Start ModelFactory.create
[0020] 2020-03-15 17:20:39 DEBUG > Creating model lightgbm
[0020] 2020-03-15 17:20:39 DEBUG > Start LightGBM.__init__
[0020] 2020-03-15 17:20:39 DEBUG > End   LightGBM.__init__: [elapsed] >> 00:00:00
[0020] 2020-03-15 17:20:39 DEBUG > End   ModelFactory.create: [elapsed] >> 00:00:00
[0020] 2020-03-15 17:20:39 INFO  > Fold 6 withholding month 16
[0020] 2020-03-15 17:20:39 INFO  > rows of train= 507, rows of holdout= 84
[0020] 2020-03-15 17:20:39 DEBUG > Start LightGBM.train
[0020] 2020-03-15 17:20:39 DEBUG > End   LightGBM.train: [elapsed] >> 00:00:00
[0020] 2020-03-15 17:20:39 DEBUG > Start LightGBM.predict
[0020] 2020-03-15 17:20:39 DEBUG > End   LightGBM.predict: [elapsed] >> 00:00:00
[0020] 2020-03-15 17:20:39 DEBUG > Start LightGBM.predict
[0020] 2020-03-15 17:20:39 DEBUG > End   LightGBM.predict: [elapsed] >> 00:00:00
[0020] 2020-03-15 17:20:39 DEBUG > Start BaseModel.save
[0020] 2020-03-15 17:20:39 DEBUG > End   BaseModel.save: [elapsed] >> 00:00:00
[0020] 2020-03-15 17:20:39 INFO  > Fold 6 OOF cv= 0.8016975308641976
[0020] 2020-03-15 17:20:40 DEBUG > Start ModelFactory.create
[0020] 2020-03-15 17:20:40 DEBUG > Creating model lightgbm
[0020] 2020-03-15 17:20:40 DEBUG > Start LightGBM.__init__
[0020] 2020-03-15 17:20:40 DEBUG > End   LightGBM.__init__: [elapsed] >> 00:00:00
[0020] 2020-03-15 17:20:40 DEBUG > End   ModelFactory.create: [elapsed] >> 00:00:00
[0020] 2020-03-15 17:20:40 INFO  > Fold 1 withholding month 12
[0020] 2020-03-15 17:20:40 INFO  > rows of train= 463, rows of holdout= 128
[0020] 2020-03-15 17:20:40 DEBUG > Start LightGBM.train
[0020] 2020-03-15 17:20:40 DEBUG > End   LightGBM.train: [elapsed] >> 00:00:00
[0020] 2020-03-15 17:20:40 DEBUG > Start LightGBM.predict
[0020] 2020-03-15 17:20:40 DEBUG > End   LightGBM.predict: [elapsed] >> 00:00:00
[0020] 2020-03-15 17:20:40 DEBUG > Start LightGBM.predict
[0020] 2020-03-15 17:20:40 DEBUG > End   LightGBM.predict: [elapsed] >> 00:00:00
[0020] 2020-03-15 17:20:40 DEBUG > Start BaseModel.save
[0020] 2020-03-15 17:20:40 DEBUG > End   BaseModel.save: [elapsed] >> 00:00:00
[0020] 2020-03-15 17:20:40 DEBUG > Start ModelFactory.create
[0020] 2020-03-15 17:20:40 DEBUG > Creating model lightgbm
[0020] 2020-03-15 17:20:40 DEBUG > Start LightGBM.__init__
[0020] 2020-03-15 17:20:40 DEBUG > End   LightGBM.__init__: [elapsed] >> 00:00:00
[0020] 2020-03-15 17:20:40 DEBUG > End   ModelFactory.create: [elapsed] >> 00:00:00
[0020] 2020-03-15 17:20:40 INFO  > Fold 2 withholding month 15
[0020] 2020-03-15 17:20:40 INFO  > rows of train= 482, rows of holdout= 109
[0020] 2020-03-15 17:20:40 DEBUG > Start LightGBM.train
[0020] 2020-03-15 17:20:40 DEBUG > End   LightGBM.train: [elapsed] >> 00:00:00
[0020] 2020-03-15 17:20:40 DEBUG > Start LightGBM.predict
[0020] 2020-03-15 17:20:40 DEBUG > End   LightGBM.predict: [elapsed] >> 00:00:00
[0020] 2020-03-15 17:20:40 DEBUG > Start LightGBM.predict
[0020] 2020-03-15 17:20:40 DEBUG > End   LightGBM.predict: [elapsed] >> 00:00:00
[0020] 2020-03-15 17:20:40 DEBUG > Start BaseModel.save
[0020] 2020-03-15 17:20:40 DEBUG > End   BaseModel.save: [elapsed] >> 00:00:00
[0020] 2020-03-15 17:20:40 DEBUG > Start ModelFactory.create
[0020] 2020-03-15 17:20:40 DEBUG > Creating model lightgbm
[0020] 2020-03-15 17:20:40 DEBUG > Start LightGBM.__init__
[0020] 2020-03-15 17:20:40 DEBUG > End   LightGBM.__init__: [elapsed] >> 00:00:00
[0020] 2020-03-15 17:20:40 DEBUG > End   ModelFactory.create: [elapsed] >> 00:00:00
[0020] 2020-03-15 17:20:40 INFO  > Fold 3 withholding month 13
[0020] 2020-03-15 17:20:40 INFO  > rows of train= 499, rows of holdout= 92
[0020] 2020-03-15 17:20:40 DEBUG > Start LightGBM.train
[0020] 2020-03-15 17:20:41 DEBUG > End   LightGBM.train: [elapsed] >> 00:00:00
[0020] 2020-03-15 17:20:41 DEBUG > Start LightGBM.predict
[0020] 2020-03-15 17:20:41 DEBUG > End   LightGBM.predict: [elapsed] >> 00:00:00
[0020] 2020-03-15 17:20:41 DEBUG > Start LightGBM.predict
[0020] 2020-03-15 17:20:41 DEBUG > End   LightGBM.predict: [elapsed] >> 00:00:00
[0020] 2020-03-15 17:20:41 DEBUG > Start BaseModel.save
[0020] 2020-03-15 17:20:41 DEBUG > End   BaseModel.save: [elapsed] >> 00:00:00
[0020] 2020-03-15 17:20:41 DEBUG > Start ModelFactory.create
[0020] 2020-03-15 17:20:41 DEBUG > Creating model lightgbm
[0020] 2020-03-15 17:20:41 DEBUG > Start LightGBM.__init__
[0020] 2020-03-15 17:20:41 DEBUG > End   LightGBM.__init__: [elapsed] >> 00:00:00
[0020] 2020-03-15 17:20:41 DEBUG > End   ModelFactory.create: [elapsed] >> 00:00:00
[0020] 2020-03-15 17:20:41 INFO  > Fold 4 withholding month 17
[0020] 2020-03-15 17:20:41 INFO  > rows of train= 501, rows of holdout= 90
[0020] 2020-03-15 17:20:41 DEBUG > Start LightGBM.train
[0020] 2020-03-15 17:20:41 DEBUG > End   LightGBM.train: [elapsed] >> 00:00:00
[0020] 2020-03-15 17:20:41 DEBUG > Start LightGBM.predict
[0020] 2020-03-15 17:20:41 DEBUG > End   LightGBM.predict: [elapsed] >> 00:00:00
[0020] 2020-03-15 17:20:41 DEBUG > Start LightGBM.predict
[0020] 2020-03-15 17:20:41 DEBUG > End   LightGBM.predict: [elapsed] >> 00:00:00
[0020] 2020-03-15 17:20:41 DEBUG > Start BaseModel.save
[0020] 2020-03-15 17:20:41 DEBUG > End   BaseModel.save: [elapsed] >> 00:00:00
[0020] 2020-03-15 17:20:41 DEBUG > Start ModelFactory.create
[0020] 2020-03-15 17:20:41 DEBUG > Creating model lightgbm
[0020] 2020-03-15 17:20:41 DEBUG > Start LightGBM.__init__
[0020] 2020-03-15 17:20:41 DEBUG > End   LightGBM.__init__: [elapsed] >> 00:00:00
[0020] 2020-03-15 17:20:41 DEBUG > End   ModelFactory.create: [elapsed] >> 00:00:00
[0020] 2020-03-15 17:20:41 INFO  > Fold 5 withholding month 14
[0020] 2020-03-15 17:20:41 INFO  > rows of train= 503, rows of holdout= 88
[0020] 2020-03-15 17:20:41 DEBUG > Start LightGBM.train
[0020] 2020-03-15 17:20:41 DEBUG > End   LightGBM.train: [elapsed] >> 00:00:00
[0020] 2020-03-15 17:20:41 DEBUG > Start LightGBM.predict
[0020] 2020-03-15 17:20:41 DEBUG > End   LightGBM.predict: [elapsed] >> 00:00:00
[0020] 2020-03-15 17:20:41 DEBUG > Start LightGBM.predict
[0020] 2020-03-15 17:20:41 DEBUG > End   LightGBM.predict: [elapsed] >> 00:00:00
[0020] 2020-03-15 17:20:41 DEBUG > Start BaseModel.save
[0020] 2020-03-15 17:20:41 DEBUG > End   BaseModel.save: [elapsed] >> 00:00:00
[0020] 2020-03-15 17:20:41 DEBUG > Start ModelFactory.create
[0020] 2020-03-15 17:20:41 DEBUG > Creating model lightgbm
[0020] 2020-03-15 17:20:41 DEBUG > Start LightGBM.__init__
[0020] 2020-03-15 17:20:41 DEBUG > End   LightGBM.__init__: [elapsed] >> 00:00:00
[0020] 2020-03-15 17:20:41 DEBUG > End   ModelFactory.create: [elapsed] >> 00:00:00
[0020] 2020-03-15 17:20:41 INFO  > Fold 6 withholding month 16
[0020] 2020-03-15 17:20:41 INFO  > rows of train= 507, rows of holdout= 84
[0020] 2020-03-15 17:20:41 DEBUG > Start LightGBM.train
[0020] 2020-03-15 17:20:42 DEBUG > End   LightGBM.train: [elapsed] >> 00:00:00
[0020] 2020-03-15 17:20:42 DEBUG > Start LightGBM.predict
[0020] 2020-03-15 17:20:42 DEBUG > End   LightGBM.predict: [elapsed] >> 00:00:00
[0020] 2020-03-15 17:20:42 DEBUG > Start LightGBM.predict
[0020] 2020-03-15 17:20:42 DEBUG > End   LightGBM.predict: [elapsed] >> 00:00:00
[0020] 2020-03-15 17:20:42 DEBUG > Start BaseModel.save
[0020] 2020-03-15 17:20:42 DEBUG > End   BaseModel.save: [elapsed] >> 00:00:00
[0020] 2020-03-15 17:20:42 INFO  > Fold 6 OOF cv= 0.8335905349794239
[0020] 2020-03-15 17:20:43 DEBUG > Start ModelFactory.create
[0020] 2020-03-15 17:20:43 DEBUG > Creating model lightgbm
[0020] 2020-03-15 17:20:43 DEBUG > Start LightGBM.__init__
[0020] 2020-03-15 17:20:43 DEBUG > End   LightGBM.__init__: [elapsed] >> 00:00:00
[0020] 2020-03-15 17:20:43 DEBUG > End   ModelFactory.create: [elapsed] >> 00:00:00
[0020] 2020-03-15 17:20:43 INFO  > Fold 1 withholding month 12
[0020] 2020-03-15 17:20:43 INFO  > rows of train= 463, rows of holdout= 128
[0020] 2020-03-15 17:20:43 DEBUG > Start LightGBM.train
[0020] 2020-03-15 17:20:43 DEBUG > End   LightGBM.train: [elapsed] >> 00:00:00
[0020] 2020-03-15 17:20:43 DEBUG > Start LightGBM.predict
[0020] 2020-03-15 17:20:43 DEBUG > End   LightGBM.predict: [elapsed] >> 00:00:00
[0020] 2020-03-15 17:20:43 DEBUG > Start LightGBM.predict
[0020] 2020-03-15 17:20:43 DEBUG > End   LightGBM.predict: [elapsed] >> 00:00:00
[0020] 2020-03-15 17:20:43 DEBUG > Start BaseModel.save
[0020] 2020-03-15 17:20:43 DEBUG > End   BaseModel.save: [elapsed] >> 00:00:00
[0020] 2020-03-15 17:20:43 DEBUG > Start ModelFactory.create
[0020] 2020-03-15 17:20:43 DEBUG > Creating model lightgbm
[0020] 2020-03-15 17:20:43 DEBUG > Start LightGBM.__init__
[0020] 2020-03-15 17:20:43 DEBUG > End   LightGBM.__init__: [elapsed] >> 00:00:00
[0020] 2020-03-15 17:20:43 DEBUG > End   ModelFactory.create: [elapsed] >> 00:00:00
[0020] 2020-03-15 17:20:43 INFO  > Fold 2 withholding month 15
[0020] 2020-03-15 17:20:43 INFO  > rows of train= 482, rows of holdout= 109
[0020] 2020-03-15 17:20:43 DEBUG > Start LightGBM.train
[0020] 2020-03-15 17:20:44 DEBUG > End   LightGBM.train: [elapsed] >> 00:00:00
[0020] 2020-03-15 17:20:44 DEBUG > Start LightGBM.predict
[0020] 2020-03-15 17:20:44 DEBUG > End   LightGBM.predict: [elapsed] >> 00:00:00
[0020] 2020-03-15 17:20:44 DEBUG > Start LightGBM.predict
[0020] 2020-03-15 17:20:44 DEBUG > End   LightGBM.predict: [elapsed] >> 00:00:00
[0020] 2020-03-15 17:20:44 DEBUG > Start BaseModel.save
[0020] 2020-03-15 17:20:44 DEBUG > End   BaseModel.save: [elapsed] >> 00:00:00
[0020] 2020-03-15 17:20:44 DEBUG > Start ModelFactory.create
[0020] 2020-03-15 17:20:44 DEBUG > Creating model lightgbm
[0020] 2020-03-15 17:20:44 DEBUG > Start LightGBM.__init__
[0020] 2020-03-15 17:20:44 DEBUG > End   LightGBM.__init__: [elapsed] >> 00:00:00
[0020] 2020-03-15 17:20:44 DEBUG > End   ModelFactory.create: [elapsed] >> 00:00:00
[0020] 2020-03-15 17:20:44 INFO  > Fold 3 withholding month 13
[0020] 2020-03-15 17:20:44 INFO  > rows of train= 499, rows of holdout= 92
[0020] 2020-03-15 17:20:44 DEBUG > Start LightGBM.train
[0020] 2020-03-15 17:20:44 DEBUG > End   LightGBM.train: [elapsed] >> 00:00:00
[0020] 2020-03-15 17:20:44 DEBUG > Start LightGBM.predict
[0020] 2020-03-15 17:20:44 DEBUG > End   LightGBM.predict: [elapsed] >> 00:00:00
[0020] 2020-03-15 17:20:44 DEBUG > Start LightGBM.predict
[0020] 2020-03-15 17:20:44 DEBUG > End   LightGBM.predict: [elapsed] >> 00:00:00
[0020] 2020-03-15 17:20:44 DEBUG > Start BaseModel.save
[0020] 2020-03-15 17:20:44 DEBUG > End   BaseModel.save: [elapsed] >> 00:00:00
[0020] 2020-03-15 17:20:44 DEBUG > Start ModelFactory.create
[0020] 2020-03-15 17:20:44 DEBUG > Creating model lightgbm
[0020] 2020-03-15 17:20:44 DEBUG > Start LightGBM.__init__
[0020] 2020-03-15 17:20:44 DEBUG > End   LightGBM.__init__: [elapsed] >> 00:00:00
[0020] 2020-03-15 17:20:44 DEBUG > End   ModelFactory.create: [elapsed] >> 00:00:00
[0020] 2020-03-15 17:20:44 INFO  > Fold 4 withholding month 17
[0020] 2020-03-15 17:20:44 INFO  > rows of train= 501, rows of holdout= 90
[0020] 2020-03-15 17:20:44 DEBUG > Start LightGBM.train
[0020] 2020-03-15 17:20:45 DEBUG > End   LightGBM.train: [elapsed] >> 00:00:00
[0020] 2020-03-15 17:20:45 DEBUG > Start LightGBM.predict
[0020] 2020-03-15 17:20:45 DEBUG > End   LightGBM.predict: [elapsed] >> 00:00:00
[0020] 2020-03-15 17:20:45 DEBUG > Start LightGBM.predict
[0020] 2020-03-15 17:20:45 DEBUG > End   LightGBM.predict: [elapsed] >> 00:00:00
[0020] 2020-03-15 17:20:45 DEBUG > Start BaseModel.save
[0020] 2020-03-15 17:20:45 DEBUG > End   BaseModel.save: [elapsed] >> 00:00:00
[0020] 2020-03-15 17:20:45 DEBUG > Start ModelFactory.create
[0020] 2020-03-15 17:20:45 DEBUG > Creating model lightgbm
[0020] 2020-03-15 17:20:45 DEBUG > Start LightGBM.__init__
[0020] 2020-03-15 17:20:45 DEBUG > End   LightGBM.__init__: [elapsed] >> 00:00:00
[0020] 2020-03-15 17:20:45 DEBUG > End   ModelFactory.create: [elapsed] >> 00:00:00
[0020] 2020-03-15 17:20:45 INFO  > Fold 5 withholding month 14
[0020] 2020-03-15 17:20:45 INFO  > rows of train= 503, rows of holdout= 88
[0020] 2020-03-15 17:20:45 DEBUG > Start LightGBM.train
[0020] 2020-03-15 17:20:46 DEBUG > End   LightGBM.train: [elapsed] >> 00:00:00
[0020] 2020-03-15 17:20:46 DEBUG > Start LightGBM.predict
[0020] 2020-03-15 17:20:46 DEBUG > End   LightGBM.predict: [elapsed] >> 00:00:00
[0020] 2020-03-15 17:20:46 DEBUG > Start LightGBM.predict
[0020] 2020-03-15 17:20:46 DEBUG > End   LightGBM.predict: [elapsed] >> 00:00:00
[0020] 2020-03-15 17:20:46 DEBUG > Start BaseModel.save
[0020] 2020-03-15 17:20:46 DEBUG > End   BaseModel.save: [elapsed] >> 00:00:00
[0020] 2020-03-15 17:20:46 DEBUG > Start ModelFactory.create
[0020] 2020-03-15 17:20:46 DEBUG > Creating model lightgbm
[0020] 2020-03-15 17:20:46 DEBUG > Start LightGBM.__init__
[0020] 2020-03-15 17:20:46 DEBUG > End   LightGBM.__init__: [elapsed] >> 00:00:00
[0020] 2020-03-15 17:20:46 DEBUG > End   ModelFactory.create: [elapsed] >> 00:00:00
[0020] 2020-03-15 17:20:46 INFO  > Fold 6 withholding month 16
[0020] 2020-03-15 17:20:46 INFO  > rows of train= 507, rows of holdout= 84
[0020] 2020-03-15 17:20:46 DEBUG > Start LightGBM.train
[0020] 2020-03-15 17:20:46 DEBUG > End   LightGBM.train: [elapsed] >> 00:00:00
[0020] 2020-03-15 17:20:46 DEBUG > Start LightGBM.predict
[0020] 2020-03-15 17:20:46 DEBUG > End   LightGBM.predict: [elapsed] >> 00:00:00
[0020] 2020-03-15 17:20:46 DEBUG > Start LightGBM.predict
[0020] 2020-03-15 17:20:46 DEBUG > End   LightGBM.predict: [elapsed] >> 00:00:00
[0020] 2020-03-15 17:20:46 DEBUG > Start BaseModel.save
[0020] 2020-03-15 17:20:46 DEBUG > End   BaseModel.save: [elapsed] >> 00:00:00
[0020] 2020-03-15 17:20:46 INFO  > Fold 6 OOF cv= 0.8159905937683716
[0020] 2020-03-15 17:20:47 DEBUG > Start ModelFactory.create
[0020] 2020-03-15 17:20:47 DEBUG > Creating model lightgbm
[0020] 2020-03-15 17:20:47 DEBUG > Start LightGBM.__init__
[0020] 2020-03-15 17:20:47 DEBUG > End   LightGBM.__init__: [elapsed] >> 00:00:00
[0020] 2020-03-15 17:20:47 DEBUG > End   ModelFactory.create: [elapsed] >> 00:00:00
[0020] 2020-03-15 17:20:47 INFO  > Fold 1 withholding month 12
[0020] 2020-03-15 17:20:47 INFO  > rows of train= 463, rows of holdout= 128
[0020] 2020-03-15 17:20:47 DEBUG > Start LightGBM.train
[0020] 2020-03-15 17:20:47 DEBUG > End   LightGBM.train: [elapsed] >> 00:00:00
[0020] 2020-03-15 17:20:47 DEBUG > Start LightGBM.predict
[0020] 2020-03-15 17:20:47 DEBUG > End   LightGBM.predict: [elapsed] >> 00:00:00
[0020] 2020-03-15 17:20:47 DEBUG > Start LightGBM.predict
[0020] 2020-03-15 17:20:47 DEBUG > End   LightGBM.predict: [elapsed] >> 00:00:00
[0020] 2020-03-15 17:20:47 DEBUG > Start BaseModel.save
[0020] 2020-03-15 17:20:47 DEBUG > End   BaseModel.save: [elapsed] >> 00:00:00
[0020] 2020-03-15 17:20:47 DEBUG > Start ModelFactory.create
[0020] 2020-03-15 17:20:47 DEBUG > Creating model lightgbm
[0020] 2020-03-15 17:20:47 DEBUG > Start LightGBM.__init__
[0020] 2020-03-15 17:20:47 DEBUG > End   LightGBM.__init__: [elapsed] >> 00:00:00
[0020] 2020-03-15 17:20:47 DEBUG > End   ModelFactory.create: [elapsed] >> 00:00:00
[0020] 2020-03-15 17:20:47 INFO  > Fold 2 withholding month 15
[0020] 2020-03-15 17:20:47 INFO  > rows of train= 482, rows of holdout= 109
[0020] 2020-03-15 17:20:47 DEBUG > Start LightGBM.train
[0020] 2020-03-15 17:20:47 DEBUG > End   LightGBM.train: [elapsed] >> 00:00:00
[0020] 2020-03-15 17:20:47 DEBUG > Start LightGBM.predict
[0020] 2020-03-15 17:20:48 DEBUG > End   LightGBM.predict: [elapsed] >> 00:00:00
[0020] 2020-03-15 17:20:48 DEBUG > Start LightGBM.predict
[0020] 2020-03-15 17:20:48 DEBUG > End   LightGBM.predict: [elapsed] >> 00:00:00
[0020] 2020-03-15 17:20:48 DEBUG > Start BaseModel.save
[0020] 2020-03-15 17:20:48 DEBUG > End   BaseModel.save: [elapsed] >> 00:00:00
[0020] 2020-03-15 17:20:48 DEBUG > Start ModelFactory.create
[0020] 2020-03-15 17:20:48 DEBUG > Creating model lightgbm
[0020] 2020-03-15 17:20:48 DEBUG > Start LightGBM.__init__
[0020] 2020-03-15 17:20:48 DEBUG > End   LightGBM.__init__: [elapsed] >> 00:00:00
[0020] 2020-03-15 17:20:48 DEBUG > End   ModelFactory.create: [elapsed] >> 00:00:00
[0020] 2020-03-15 17:20:48 INFO  > Fold 3 withholding month 13
[0020] 2020-03-15 17:20:48 INFO  > rows of train= 499, rows of holdout= 92
[0020] 2020-03-15 17:20:48 DEBUG > Start LightGBM.train
[0020] 2020-03-15 17:20:48 DEBUG > End   LightGBM.train: [elapsed] >> 00:00:00
[0020] 2020-03-15 17:20:48 DEBUG > Start LightGBM.predict
[0020] 2020-03-15 17:20:48 DEBUG > End   LightGBM.predict: [elapsed] >> 00:00:00
[0020] 2020-03-15 17:20:48 DEBUG > Start LightGBM.predict
[0020] 2020-03-15 17:20:48 DEBUG > End   LightGBM.predict: [elapsed] >> 00:00:00
[0020] 2020-03-15 17:20:48 DEBUG > Start BaseModel.save
[0020] 2020-03-15 17:20:48 DEBUG > End   BaseModel.save: [elapsed] >> 00:00:00
[0020] 2020-03-15 17:20:48 DEBUG > Start ModelFactory.create
[0020] 2020-03-15 17:20:48 DEBUG > Creating model lightgbm
[0020] 2020-03-15 17:20:48 DEBUG > Start LightGBM.__init__
[0020] 2020-03-15 17:20:48 DEBUG > End   LightGBM.__init__: [elapsed] >> 00:00:00
[0020] 2020-03-15 17:20:48 DEBUG > End   ModelFactory.create: [elapsed] >> 00:00:00
[0020] 2020-03-15 17:20:48 INFO  > Fold 4 withholding month 17
[0020] 2020-03-15 17:20:48 INFO  > rows of train= 501, rows of holdout= 90
[0020] 2020-03-15 17:20:48 DEBUG > Start LightGBM.train
[0020] 2020-03-15 17:20:48 DEBUG > End   LightGBM.train: [elapsed] >> 00:00:00
[0020] 2020-03-15 17:20:48 DEBUG > Start LightGBM.predict
[0020] 2020-03-15 17:20:48 DEBUG > End   LightGBM.predict: [elapsed] >> 00:00:00
[0020] 2020-03-15 17:20:48 DEBUG > Start LightGBM.predict
[0020] 2020-03-15 17:20:49 DEBUG > End   LightGBM.predict: [elapsed] >> 00:00:00
[0020] 2020-03-15 17:20:49 DEBUG > Start BaseModel.save
[0020] 2020-03-15 17:20:49 DEBUG > End   BaseModel.save: [elapsed] >> 00:00:00
[0020] 2020-03-15 17:20:49 DEBUG > Start ModelFactory.create
[0020] 2020-03-15 17:20:49 DEBUG > Creating model lightgbm
[0020] 2020-03-15 17:20:49 DEBUG > Start LightGBM.__init__
[0020] 2020-03-15 17:20:49 DEBUG > End   LightGBM.__init__: [elapsed] >> 00:00:00
[0020] 2020-03-15 17:20:49 DEBUG > End   ModelFactory.create: [elapsed] >> 00:00:00
[0020] 2020-03-15 17:20:49 INFO  > Fold 5 withholding month 14
[0020] 2020-03-15 17:20:49 INFO  > rows of train= 503, rows of holdout= 88
[0020] 2020-03-15 17:20:49 DEBUG > Start LightGBM.train
[0020] 2020-03-15 17:20:49 DEBUG > End   LightGBM.train: [elapsed] >> 00:00:00
[0020] 2020-03-15 17:20:49 DEBUG > Start LightGBM.predict
[0020] 2020-03-15 17:20:49 DEBUG > End   LightGBM.predict: [elapsed] >> 00:00:00
[0020] 2020-03-15 17:20:49 DEBUG > Start LightGBM.predict
[0020] 2020-03-15 17:20:49 DEBUG > End   LightGBM.predict: [elapsed] >> 00:00:00
[0020] 2020-03-15 17:20:49 DEBUG > Start BaseModel.save
[0020] 2020-03-15 17:20:49 DEBUG > End   BaseModel.save: [elapsed] >> 00:00:00
[0020] 2020-03-15 17:20:49 DEBUG > Start ModelFactory.create
[0020] 2020-03-15 17:20:49 DEBUG > Creating model lightgbm
[0020] 2020-03-15 17:20:49 DEBUG > Start LightGBM.__init__
[0020] 2020-03-15 17:20:49 DEBUG > End   LightGBM.__init__: [elapsed] >> 00:00:00
[0020] 2020-03-15 17:20:49 DEBUG > End   ModelFactory.create: [elapsed] >> 00:00:00
[0020] 2020-03-15 17:20:49 INFO  > Fold 6 withholding month 16
[0020] 2020-03-15 17:20:49 INFO  > rows of train= 507, rows of holdout= 84
[0020] 2020-03-15 17:20:49 DEBUG > Start LightGBM.train
[0020] 2020-03-15 17:20:50 DEBUG > End   LightGBM.train: [elapsed] >> 00:00:00
[0020] 2020-03-15 17:20:50 DEBUG > Start LightGBM.predict
[0020] 2020-03-15 17:20:50 DEBUG > End   LightGBM.predict: [elapsed] >> 00:00:00
[0020] 2020-03-15 17:20:50 DEBUG > Start LightGBM.predict
[0020] 2020-03-15 17:20:50 DEBUG > End   LightGBM.predict: [elapsed] >> 00:00:00
[0020] 2020-03-15 17:20:50 DEBUG > Start BaseModel.save
[0020] 2020-03-15 17:20:50 DEBUG > End   BaseModel.save: [elapsed] >> 00:00:00
[0020] 2020-03-15 17:20:50 INFO  > Fold 6 OOF cv= 0.8179012345679012
[0020] 2020-03-15 17:20:50 DEBUG > Start ModelFactory.create
[0020] 2020-03-15 17:20:50 DEBUG > Creating model lightgbm
[0020] 2020-03-15 17:20:50 DEBUG > Start LightGBM.__init__
[0020] 2020-03-15 17:20:50 DEBUG > End   LightGBM.__init__: [elapsed] >> 00:00:00
[0020] 2020-03-15 17:20:50 DEBUG > End   ModelFactory.create: [elapsed] >> 00:00:00
[0020] 2020-03-15 17:20:50 INFO  > Fold 1 withholding month 12
[0020] 2020-03-15 17:20:50 INFO  > rows of train= 463, rows of holdout= 128
[0020] 2020-03-15 17:20:50 DEBUG > Start LightGBM.train
[0020] 2020-03-15 17:20:51 DEBUG > End   LightGBM.train: [elapsed] >> 00:00:00
[0020] 2020-03-15 17:20:51 DEBUG > Start LightGBM.predict
[0020] 2020-03-15 17:20:51 DEBUG > End   LightGBM.predict: [elapsed] >> 00:00:00
[0020] 2020-03-15 17:20:51 DEBUG > Start LightGBM.predict
[0020] 2020-03-15 17:20:51 DEBUG > End   LightGBM.predict: [elapsed] >> 00:00:00
[0020] 2020-03-15 17:20:51 DEBUG > Start BaseModel.save
[0020] 2020-03-15 17:20:51 DEBUG > End   BaseModel.save: [elapsed] >> 00:00:00
[0020] 2020-03-15 17:20:51 DEBUG > Start ModelFactory.create
[0020] 2020-03-15 17:20:51 DEBUG > Creating model lightgbm
[0020] 2020-03-15 17:20:51 DEBUG > Start LightGBM.__init__
[0020] 2020-03-15 17:20:51 DEBUG > End   LightGBM.__init__: [elapsed] >> 00:00:00
[0020] 2020-03-15 17:20:51 DEBUG > End   ModelFactory.create: [elapsed] >> 00:00:00
[0020] 2020-03-15 17:20:51 INFO  > Fold 2 withholding month 15
[0020] 2020-03-15 17:20:51 INFO  > rows of train= 482, rows of holdout= 109
[0020] 2020-03-15 17:20:51 DEBUG > Start LightGBM.train
[0020] 2020-03-15 17:20:51 DEBUG > End   LightGBM.train: [elapsed] >> 00:00:00
[0020] 2020-03-15 17:20:51 DEBUG > Start LightGBM.predict
[0020] 2020-03-15 17:20:51 DEBUG > End   LightGBM.predict: [elapsed] >> 00:00:00
[0020] 2020-03-15 17:20:51 DEBUG > Start LightGBM.predict
[0020] 2020-03-15 17:20:51 DEBUG > End   LightGBM.predict: [elapsed] >> 00:00:00
[0020] 2020-03-15 17:20:51 DEBUG > Start BaseModel.save
[0020] 2020-03-15 17:20:51 DEBUG > End   BaseModel.save: [elapsed] >> 00:00:00
[0020] 2020-03-15 17:20:51 DEBUG > Start ModelFactory.create
[0020] 2020-03-15 17:20:51 DEBUG > Creating model lightgbm
[0020] 2020-03-15 17:20:51 DEBUG > Start LightGBM.__init__
[0020] 2020-03-15 17:20:51 DEBUG > End   LightGBM.__init__: [elapsed] >> 00:00:00
[0020] 2020-03-15 17:20:51 DEBUG > End   ModelFactory.create: [elapsed] >> 00:00:00
[0020] 2020-03-15 17:20:51 INFO  > Fold 3 withholding month 13
[0020] 2020-03-15 17:20:51 INFO  > rows of train= 499, rows of holdout= 92
[0020] 2020-03-15 17:20:51 DEBUG > Start LightGBM.train
[0020] 2020-03-15 17:20:51 DEBUG > End   LightGBM.train: [elapsed] >> 00:00:00
[0020] 2020-03-15 17:20:51 DEBUG > Start LightGBM.predict
[0020] 2020-03-15 17:20:51 DEBUG > End   LightGBM.predict: [elapsed] >> 00:00:00
[0020] 2020-03-15 17:20:51 DEBUG > Start LightGBM.predict
[0020] 2020-03-15 17:20:51 DEBUG > End   LightGBM.predict: [elapsed] >> 00:00:00
[0020] 2020-03-15 17:20:51 DEBUG > Start BaseModel.save
[0020] 2020-03-15 17:20:51 DEBUG > End   BaseModel.save: [elapsed] >> 00:00:00
[0020] 2020-03-15 17:20:51 DEBUG > Start ModelFactory.create
[0020] 2020-03-15 17:20:51 DEBUG > Creating model lightgbm
[0020] 2020-03-15 17:20:51 DEBUG > Start LightGBM.__init__
[0020] 2020-03-15 17:20:51 DEBUG > End   LightGBM.__init__: [elapsed] >> 00:00:00
[0020] 2020-03-15 17:20:51 DEBUG > End   ModelFactory.create: [elapsed] >> 00:00:00
[0020] 2020-03-15 17:20:51 INFO  > Fold 4 withholding month 17
[0020] 2020-03-15 17:20:51 INFO  > rows of train= 501, rows of holdout= 90
[0020] 2020-03-15 17:20:51 DEBUG > Start LightGBM.train
[0020] 2020-03-15 17:20:52 DEBUG > End   LightGBM.train: [elapsed] >> 00:00:00
[0020] 2020-03-15 17:20:52 DEBUG > Start LightGBM.predict
[0020] 2020-03-15 17:20:52 DEBUG > End   LightGBM.predict: [elapsed] >> 00:00:00
[0020] 2020-03-15 17:20:52 DEBUG > Start LightGBM.predict
[0020] 2020-03-15 17:20:52 DEBUG > End   LightGBM.predict: [elapsed] >> 00:00:00
[0020] 2020-03-15 17:20:52 DEBUG > Start BaseModel.save
[0020] 2020-03-15 17:20:52 DEBUG > End   BaseModel.save: [elapsed] >> 00:00:00
[0020] 2020-03-15 17:20:52 DEBUG > Start ModelFactory.create
[0020] 2020-03-15 17:20:52 DEBUG > Creating model lightgbm
[0020] 2020-03-15 17:20:52 DEBUG > Start LightGBM.__init__
[0020] 2020-03-15 17:20:52 DEBUG > End   LightGBM.__init__: [elapsed] >> 00:00:00
[0020] 2020-03-15 17:20:52 DEBUG > End   ModelFactory.create: [elapsed] >> 00:00:00
[0020] 2020-03-15 17:20:52 INFO  > Fold 5 withholding month 14
[0020] 2020-03-15 17:20:52 INFO  > rows of train= 503, rows of holdout= 88
[0020] 2020-03-15 17:20:52 DEBUG > Start LightGBM.train
[0020] 2020-03-15 17:20:52 DEBUG > End   LightGBM.train: [elapsed] >> 00:00:00
[0020] 2020-03-15 17:20:52 DEBUG > Start LightGBM.predict
[0020] 2020-03-15 17:20:52 DEBUG > End   LightGBM.predict: [elapsed] >> 00:00:00
[0020] 2020-03-15 17:20:52 DEBUG > Start LightGBM.predict
[0020] 2020-03-15 17:20:52 DEBUG > End   LightGBM.predict: [elapsed] >> 00:00:00
[0020] 2020-03-15 17:20:52 DEBUG > Start BaseModel.save
[0020] 2020-03-15 17:20:52 DEBUG > End   BaseModel.save: [elapsed] >> 00:00:00
[0020] 2020-03-15 17:20:52 DEBUG > Start ModelFactory.create
[0020] 2020-03-15 17:20:52 DEBUG > Creating model lightgbm
[0020] 2020-03-15 17:20:52 DEBUG > Start LightGBM.__init__
[0020] 2020-03-15 17:20:52 DEBUG > End   LightGBM.__init__: [elapsed] >> 00:00:00
[0020] 2020-03-15 17:20:52 DEBUG > End   ModelFactory.create: [elapsed] >> 00:00:00
[0020] 2020-03-15 17:20:52 INFO  > Fold 6 withholding month 16
[0020] 2020-03-15 17:20:52 INFO  > rows of train= 507, rows of holdout= 84
[0020] 2020-03-15 17:20:52 DEBUG > Start LightGBM.train
[0020] 2020-03-15 17:20:53 DEBUG > End   LightGBM.train: [elapsed] >> 00:00:00
[0020] 2020-03-15 17:20:53 DEBUG > Start LightGBM.predict
[0020] 2020-03-15 17:20:53 DEBUG > End   LightGBM.predict: [elapsed] >> 00:00:00
[0020] 2020-03-15 17:20:53 DEBUG > Start LightGBM.predict
[0020] 2020-03-15 17:20:53 DEBUG > End   LightGBM.predict: [elapsed] >> 00:00:00
[0020] 2020-03-15 17:20:53 DEBUG > Start BaseModel.save
[0020] 2020-03-15 17:20:53 DEBUG > End   BaseModel.save: [elapsed] >> 00:00:00
[0020] 2020-03-15 17:20:53 INFO  > Fold 6 OOF cv= 0.8251763668430336
[0020] 2020-03-15 17:20:53 DEBUG > Start ModelFactory.create
[0020] 2020-03-15 17:20:53 DEBUG > Creating model lightgbm
[0020] 2020-03-15 17:20:53 DEBUG > Start LightGBM.__init__
[0020] 2020-03-15 17:20:53 DEBUG > End   LightGBM.__init__: [elapsed] >> 00:00:00
[0020] 2020-03-15 17:20:53 DEBUG > End   ModelFactory.create: [elapsed] >> 00:00:00
[0020] 2020-03-15 17:20:53 INFO  > Fold 1 withholding month 12
[0020] 2020-03-15 17:20:53 INFO  > rows of train= 463, rows of holdout= 128
[0020] 2020-03-15 17:20:53 DEBUG > Start LightGBM.train
[0020] 2020-03-15 17:20:54 DEBUG > End   LightGBM.train: [elapsed] >> 00:00:00
[0020] 2020-03-15 17:20:54 DEBUG > Start LightGBM.predict
[0020] 2020-03-15 17:20:54 DEBUG > End   LightGBM.predict: [elapsed] >> 00:00:00
[0020] 2020-03-15 17:20:54 DEBUG > Start LightGBM.predict
[0020] 2020-03-15 17:20:54 DEBUG > End   LightGBM.predict: [elapsed] >> 00:00:00
[0020] 2020-03-15 17:20:54 DEBUG > Start BaseModel.save
[0020] 2020-03-15 17:20:54 DEBUG > End   BaseModel.save: [elapsed] >> 00:00:00
[0020] 2020-03-15 17:20:54 DEBUG > Start ModelFactory.create
[0020] 2020-03-15 17:20:54 DEBUG > Creating model lightgbm
[0020] 2020-03-15 17:20:54 DEBUG > Start LightGBM.__init__
[0020] 2020-03-15 17:20:54 DEBUG > End   LightGBM.__init__: [elapsed] >> 00:00:00
[0020] 2020-03-15 17:20:54 DEBUG > End   ModelFactory.create: [elapsed] >> 00:00:00
[0020] 2020-03-15 17:20:54 INFO  > Fold 2 withholding month 15
[0020] 2020-03-15 17:20:54 INFO  > rows of train= 482, rows of holdout= 109
[0020] 2020-03-15 17:20:54 DEBUG > Start LightGBM.train
[0020] 2020-03-15 17:20:54 DEBUG > End   LightGBM.train: [elapsed] >> 00:00:00
[0020] 2020-03-15 17:20:54 DEBUG > Start LightGBM.predict
[0020] 2020-03-15 17:20:54 DEBUG > End   LightGBM.predict: [elapsed] >> 00:00:00
[0020] 2020-03-15 17:20:54 DEBUG > Start LightGBM.predict
[0020] 2020-03-15 17:20:54 DEBUG > End   LightGBM.predict: [elapsed] >> 00:00:00
[0020] 2020-03-15 17:20:54 DEBUG > Start BaseModel.save
[0020] 2020-03-15 17:20:54 DEBUG > End   BaseModel.save: [elapsed] >> 00:00:00
[0020] 2020-03-15 17:20:54 DEBUG > Start ModelFactory.create
[0020] 2020-03-15 17:20:54 DEBUG > Creating model lightgbm
[0020] 2020-03-15 17:20:54 DEBUG > Start LightGBM.__init__
[0020] 2020-03-15 17:20:54 DEBUG > End   LightGBM.__init__: [elapsed] >> 00:00:00
[0020] 2020-03-15 17:20:54 DEBUG > End   ModelFactory.create: [elapsed] >> 00:00:00
[0020] 2020-03-15 17:20:54 INFO  > Fold 3 withholding month 13
[0020] 2020-03-15 17:20:54 INFO  > rows of train= 499, rows of holdout= 92
[0020] 2020-03-15 17:20:54 DEBUG > Start LightGBM.train
[0020] 2020-03-15 17:20:54 DEBUG > End   LightGBM.train: [elapsed] >> 00:00:00
[0020] 2020-03-15 17:20:54 DEBUG > Start LightGBM.predict
[0020] 2020-03-15 17:20:54 DEBUG > End   LightGBM.predict: [elapsed] >> 00:00:00
[0020] 2020-03-15 17:20:54 DEBUG > Start LightGBM.predict
[0020] 2020-03-15 17:20:55 DEBUG > End   LightGBM.predict: [elapsed] >> 00:00:00
[0020] 2020-03-15 17:20:55 DEBUG > Start BaseModel.save
[0020] 2020-03-15 17:20:55 DEBUG > End   BaseModel.save: [elapsed] >> 00:00:00
[0020] 2020-03-15 17:20:55 DEBUG > Start ModelFactory.create
[0020] 2020-03-15 17:20:55 DEBUG > Creating model lightgbm
[0020] 2020-03-15 17:20:55 DEBUG > Start LightGBM.__init__
[0020] 2020-03-15 17:20:55 DEBUG > End   LightGBM.__init__: [elapsed] >> 00:00:00
[0020] 2020-03-15 17:20:55 DEBUG > End   ModelFactory.create: [elapsed] >> 00:00:00
[0020] 2020-03-15 17:20:55 INFO  > Fold 4 withholding month 17
[0020] 2020-03-15 17:20:55 INFO  > rows of train= 501, rows of holdout= 90
[0020] 2020-03-15 17:20:55 DEBUG > Start LightGBM.train
[0020] 2020-03-15 17:20:55 DEBUG > End   LightGBM.train: [elapsed] >> 00:00:00
[0020] 2020-03-15 17:20:55 DEBUG > Start LightGBM.predict
[0020] 2020-03-15 17:20:55 DEBUG > End   LightGBM.predict: [elapsed] >> 00:00:00
[0020] 2020-03-15 17:20:55 DEBUG > Start LightGBM.predict
[0020] 2020-03-15 17:20:55 DEBUG > End   LightGBM.predict: [elapsed] >> 00:00:00
[0020] 2020-03-15 17:20:55 DEBUG > Start BaseModel.save
[0020] 2020-03-15 17:20:55 DEBUG > End   BaseModel.save: [elapsed] >> 00:00:00
[0020] 2020-03-15 17:20:55 DEBUG > Start ModelFactory.create
[0020] 2020-03-15 17:20:55 DEBUG > Creating model lightgbm
[0020] 2020-03-15 17:20:55 DEBUG > Start LightGBM.__init__
[0020] 2020-03-15 17:20:55 DEBUG > End   LightGBM.__init__: [elapsed] >> 00:00:00
[0020] 2020-03-15 17:20:55 DEBUG > End   ModelFactory.create: [elapsed] >> 00:00:00
[0020] 2020-03-15 17:20:55 INFO  > Fold 5 withholding month 14
[0020] 2020-03-15 17:20:55 INFO  > rows of train= 503, rows of holdout= 88
[0020] 2020-03-15 17:20:55 DEBUG > Start LightGBM.train
[0020] 2020-03-15 17:20:55 DEBUG > End   LightGBM.train: [elapsed] >> 00:00:00
[0020] 2020-03-15 17:20:55 DEBUG > Start LightGBM.predict
[0020] 2020-03-15 17:20:55 DEBUG > End   LightGBM.predict: [elapsed] >> 00:00:00
[0020] 2020-03-15 17:20:55 DEBUG > Start LightGBM.predict
[0020] 2020-03-15 17:20:55 DEBUG > End   LightGBM.predict: [elapsed] >> 00:00:00
[0020] 2020-03-15 17:20:55 DEBUG > Start BaseModel.save
[0020] 2020-03-15 17:20:55 DEBUG > End   BaseModel.save: [elapsed] >> 00:00:00
[0020] 2020-03-15 17:20:55 DEBUG > Start ModelFactory.create
[0020] 2020-03-15 17:20:55 DEBUG > Creating model lightgbm
[0020] 2020-03-15 17:20:55 DEBUG > Start LightGBM.__init__
[0020] 2020-03-15 17:20:55 DEBUG > End   LightGBM.__init__: [elapsed] >> 00:00:00
[0020] 2020-03-15 17:20:55 DEBUG > End   ModelFactory.create: [elapsed] >> 00:00:00
[0020] 2020-03-15 17:20:55 INFO  > Fold 6 withholding month 16
[0020] 2020-03-15 17:20:55 INFO  > rows of train= 507, rows of holdout= 84
[0020] 2020-03-15 17:20:55 DEBUG > Start LightGBM.train
[0020] 2020-03-15 17:20:56 DEBUG > End   LightGBM.train: [elapsed] >> 00:00:00
[0020] 2020-03-15 17:20:56 DEBUG > Start LightGBM.predict
[0020] 2020-03-15 17:20:56 DEBUG > End   LightGBM.predict: [elapsed] >> 00:00:00
[0020] 2020-03-15 17:20:56 DEBUG > Start LightGBM.predict
[0020] 2020-03-15 17:20:56 DEBUG > End   LightGBM.predict: [elapsed] >> 00:00:00
[0020] 2020-03-15 17:20:56 DEBUG > Start BaseModel.save
[0020] 2020-03-15 17:20:56 DEBUG > End   BaseModel.save: [elapsed] >> 00:00:00
[0020] 2020-03-15 17:20:56 INFO  > Fold 6 OOF cv= 0.826278659611993
[0020] 2020-03-15 17:20:56 DEBUG > Start ModelFactory.create
[0020] 2020-03-15 17:20:56 DEBUG > Creating model lightgbm
[0020] 2020-03-15 17:20:56 DEBUG > Start LightGBM.__init__
[0020] 2020-03-15 17:20:56 DEBUG > End   LightGBM.__init__: [elapsed] >> 00:00:00
[0020] 2020-03-15 17:20:56 DEBUG > End   ModelFactory.create: [elapsed] >> 00:00:00
[0020] 2020-03-15 17:20:56 INFO  > Fold 1 withholding month 12
[0020] 2020-03-15 17:20:56 INFO  > rows of train= 463, rows of holdout= 128
[0020] 2020-03-15 17:20:56 DEBUG > Start LightGBM.train
[0020] 2020-03-15 17:20:57 DEBUG > End   LightGBM.train: [elapsed] >> 00:00:00
[0020] 2020-03-15 17:20:57 DEBUG > Start LightGBM.predict
[0020] 2020-03-15 17:20:57 DEBUG > End   LightGBM.predict: [elapsed] >> 00:00:00
[0020] 2020-03-15 17:20:57 DEBUG > Start LightGBM.predict
[0020] 2020-03-15 17:20:57 DEBUG > End   LightGBM.predict: [elapsed] >> 00:00:00
[0020] 2020-03-15 17:20:57 DEBUG > Start BaseModel.save
[0020] 2020-03-15 17:20:57 DEBUG > End   BaseModel.save: [elapsed] >> 00:00:00
[0020] 2020-03-15 17:20:57 DEBUG > Start ModelFactory.create
[0020] 2020-03-15 17:20:57 DEBUG > Creating model lightgbm
[0020] 2020-03-15 17:20:57 DEBUG > Start LightGBM.__init__
[0020] 2020-03-15 17:20:57 DEBUG > End   LightGBM.__init__: [elapsed] >> 00:00:00
[0020] 2020-03-15 17:20:57 DEBUG > End   ModelFactory.create: [elapsed] >> 00:00:00
[0020] 2020-03-15 17:20:57 INFO  > Fold 2 withholding month 15
[0020] 2020-03-15 17:20:57 INFO  > rows of train= 482, rows of holdout= 109
[0020] 2020-03-15 17:20:57 DEBUG > Start LightGBM.train
[0020] 2020-03-15 17:20:57 DEBUG > End   LightGBM.train: [elapsed] >> 00:00:00
[0020] 2020-03-15 17:20:57 DEBUG > Start LightGBM.predict
[0020] 2020-03-15 17:20:57 DEBUG > End   LightGBM.predict: [elapsed] >> 00:00:00
[0020] 2020-03-15 17:20:57 DEBUG > Start LightGBM.predict
[0020] 2020-03-15 17:20:57 DEBUG > End   LightGBM.predict: [elapsed] >> 00:00:00
[0020] 2020-03-15 17:20:57 DEBUG > Start BaseModel.save
[0020] 2020-03-15 17:20:57 DEBUG > End   BaseModel.save: [elapsed] >> 00:00:00
[0020] 2020-03-15 17:20:57 DEBUG > Start ModelFactory.create
[0020] 2020-03-15 17:20:57 DEBUG > Creating model lightgbm
[0020] 2020-03-15 17:20:57 DEBUG > Start LightGBM.__init__
[0020] 2020-03-15 17:20:57 DEBUG > End   LightGBM.__init__: [elapsed] >> 00:00:00
[0020] 2020-03-15 17:20:57 DEBUG > End   ModelFactory.create: [elapsed] >> 00:00:00
[0020] 2020-03-15 17:20:57 INFO  > Fold 3 withholding month 13
[0020] 2020-03-15 17:20:57 INFO  > rows of train= 499, rows of holdout= 92
[0020] 2020-03-15 17:20:57 DEBUG > Start LightGBM.train
[0020] 2020-03-15 17:20:57 DEBUG > End   LightGBM.train: [elapsed] >> 00:00:00
[0020] 2020-03-15 17:20:57 DEBUG > Start LightGBM.predict
[0020] 2020-03-15 17:20:57 DEBUG > End   LightGBM.predict: [elapsed] >> 00:00:00
[0020] 2020-03-15 17:20:57 DEBUG > Start LightGBM.predict
[0020] 2020-03-15 17:20:57 DEBUG > End   LightGBM.predict: [elapsed] >> 00:00:00
[0020] 2020-03-15 17:20:57 DEBUG > Start BaseModel.save
[0020] 2020-03-15 17:20:57 DEBUG > End   BaseModel.save: [elapsed] >> 00:00:00
[0020] 2020-03-15 17:20:57 DEBUG > Start ModelFactory.create
[0020] 2020-03-15 17:20:57 DEBUG > Creating model lightgbm
[0020] 2020-03-15 17:20:57 DEBUG > Start LightGBM.__init__
[0020] 2020-03-15 17:20:57 DEBUG > End   LightGBM.__init__: [elapsed] >> 00:00:00
[0020] 2020-03-15 17:20:57 DEBUG > End   ModelFactory.create: [elapsed] >> 00:00:00
[0020] 2020-03-15 17:20:57 INFO  > Fold 4 withholding month 17
[0020] 2020-03-15 17:20:57 INFO  > rows of train= 501, rows of holdout= 90
[0020] 2020-03-15 17:20:57 DEBUG > Start LightGBM.train
[0020] 2020-03-15 17:20:58 DEBUG > End   LightGBM.train: [elapsed] >> 00:00:00
[0020] 2020-03-15 17:20:58 DEBUG > Start LightGBM.predict
[0020] 2020-03-15 17:20:58 DEBUG > End   LightGBM.predict: [elapsed] >> 00:00:00
[0020] 2020-03-15 17:20:58 DEBUG > Start LightGBM.predict
[0020] 2020-03-15 17:20:58 DEBUG > End   LightGBM.predict: [elapsed] >> 00:00:00
[0020] 2020-03-15 17:20:58 DEBUG > Start BaseModel.save
[0020] 2020-03-15 17:20:58 DEBUG > End   BaseModel.save: [elapsed] >> 00:00:00
[0020] 2020-03-15 17:20:58 DEBUG > Start ModelFactory.create
[0020] 2020-03-15 17:20:58 DEBUG > Creating model lightgbm
[0020] 2020-03-15 17:20:58 DEBUG > Start LightGBM.__init__
[0020] 2020-03-15 17:20:58 DEBUG > End   LightGBM.__init__: [elapsed] >> 00:00:00
[0020] 2020-03-15 17:20:58 DEBUG > End   ModelFactory.create: [elapsed] >> 00:00:00
[0020] 2020-03-15 17:20:58 INFO  > Fold 5 withholding month 14
[0020] 2020-03-15 17:20:58 INFO  > rows of train= 503, rows of holdout= 88
[0020] 2020-03-15 17:20:58 DEBUG > Start LightGBM.train
[0020] 2020-03-15 17:20:58 DEBUG > End   LightGBM.train: [elapsed] >> 00:00:00
[0020] 2020-03-15 17:20:58 DEBUG > Start LightGBM.predict
[0020] 2020-03-15 17:20:58 DEBUG > End   LightGBM.predict: [elapsed] >> 00:00:00
[0020] 2020-03-15 17:20:58 DEBUG > Start LightGBM.predict
[0020] 2020-03-15 17:20:58 DEBUG > End   LightGBM.predict: [elapsed] >> 00:00:00
[0020] 2020-03-15 17:20:58 DEBUG > Start BaseModel.save
[0020] 2020-03-15 17:20:58 DEBUG > End   BaseModel.save: [elapsed] >> 00:00:00
[0020] 2020-03-15 17:20:58 DEBUG > Start ModelFactory.create
[0020] 2020-03-15 17:20:58 DEBUG > Creating model lightgbm
[0020] 2020-03-15 17:20:58 DEBUG > Start LightGBM.__init__
[0020] 2020-03-15 17:20:58 DEBUG > End   LightGBM.__init__: [elapsed] >> 00:00:00
[0020] 2020-03-15 17:20:58 DEBUG > End   ModelFactory.create: [elapsed] >> 00:00:00
[0020] 2020-03-15 17:20:58 INFO  > Fold 6 withholding month 16
[0020] 2020-03-15 17:20:58 INFO  > rows of train= 507, rows of holdout= 84
[0020] 2020-03-15 17:20:58 DEBUG > Start LightGBM.train
[0020] 2020-03-15 17:20:59 DEBUG > End   LightGBM.train: [elapsed] >> 00:00:00
[0020] 2020-03-15 17:20:59 DEBUG > Start LightGBM.predict
[0020] 2020-03-15 17:20:59 DEBUG > End   LightGBM.predict: [elapsed] >> 00:00:00
[0020] 2020-03-15 17:20:59 DEBUG > Start LightGBM.predict
[0020] 2020-03-15 17:20:59 DEBUG > End   LightGBM.predict: [elapsed] >> 00:00:00
[0020] 2020-03-15 17:20:59 DEBUG > Start BaseModel.save
[0020] 2020-03-15 17:20:59 DEBUG > End   BaseModel.save: [elapsed] >> 00:00:00
[0020] 2020-03-15 17:20:59 INFO  > Fold 6 OOF cv= 0.7927322163433275
[0020] 2020-03-15 17:20:59 DEBUG > Start ModelFactory.create
[0020] 2020-03-15 17:20:59 DEBUG > Creating model lightgbm
[0020] 2020-03-15 17:20:59 DEBUG > Start LightGBM.__init__
[0020] 2020-03-15 17:20:59 DEBUG > End   LightGBM.__init__: [elapsed] >> 00:00:00
[0020] 2020-03-15 17:20:59 DEBUG > End   ModelFactory.create: [elapsed] >> 00:00:00
[0020] 2020-03-15 17:20:59 INFO  > Fold 1 withholding month 12
[0020] 2020-03-15 17:20:59 INFO  > rows of train= 463, rows of holdout= 128
[0020] 2020-03-15 17:20:59 DEBUG > Start LightGBM.train
[0020] 2020-03-15 17:20:59 DEBUG > End   LightGBM.train: [elapsed] >> 00:00:00
[0020] 2020-03-15 17:20:59 DEBUG > Start LightGBM.predict
[0020] 2020-03-15 17:20:59 DEBUG > End   LightGBM.predict: [elapsed] >> 00:00:00
[0020] 2020-03-15 17:20:59 DEBUG > Start LightGBM.predict
[0020] 2020-03-15 17:21:00 DEBUG > End   LightGBM.predict: [elapsed] >> 00:00:00
[0020] 2020-03-15 17:21:00 DEBUG > Start BaseModel.save
[0020] 2020-03-15 17:21:00 DEBUG > End   BaseModel.save: [elapsed] >> 00:00:00
[0020] 2020-03-15 17:21:00 DEBUG > Start ModelFactory.create
[0020] 2020-03-15 17:21:00 DEBUG > Creating model lightgbm
[0020] 2020-03-15 17:21:00 DEBUG > Start LightGBM.__init__
[0020] 2020-03-15 17:21:00 DEBUG > End   LightGBM.__init__: [elapsed] >> 00:00:00
[0020] 2020-03-15 17:21:00 DEBUG > End   ModelFactory.create: [elapsed] >> 00:00:00
[0020] 2020-03-15 17:21:00 INFO  > Fold 2 withholding month 15
[0020] 2020-03-15 17:21:00 INFO  > rows of train= 482, rows of holdout= 109
[0020] 2020-03-15 17:21:00 DEBUG > Start LightGBM.train
[0020] 2020-03-15 17:21:00 DEBUG > End   LightGBM.train: [elapsed] >> 00:00:00
[0020] 2020-03-15 17:21:00 DEBUG > Start LightGBM.predict
[0020] 2020-03-15 17:21:00 DEBUG > End   LightGBM.predict: [elapsed] >> 00:00:00
[0020] 2020-03-15 17:21:00 DEBUG > Start LightGBM.predict
[0020] 2020-03-15 17:21:00 DEBUG > End   LightGBM.predict: [elapsed] >> 00:00:00
[0020] 2020-03-15 17:21:00 DEBUG > Start BaseModel.save
[0020] 2020-03-15 17:21:00 DEBUG > End   BaseModel.save: [elapsed] >> 00:00:00
[0020] 2020-03-15 17:21:00 DEBUG > Start ModelFactory.create
[0020] 2020-03-15 17:21:00 DEBUG > Creating model lightgbm
[0020] 2020-03-15 17:21:00 DEBUG > Start LightGBM.__init__
[0020] 2020-03-15 17:21:00 DEBUG > End   LightGBM.__init__: [elapsed] >> 00:00:00
[0020] 2020-03-15 17:21:00 DEBUG > End   ModelFactory.create: [elapsed] >> 00:00:00
[0020] 2020-03-15 17:21:00 INFO  > Fold 3 withholding month 13
[0020] 2020-03-15 17:21:00 INFO  > rows of train= 499, rows of holdout= 92
[0020] 2020-03-15 17:21:00 DEBUG > Start LightGBM.train
[0020] 2020-03-15 17:21:00 DEBUG > End   LightGBM.train: [elapsed] >> 00:00:00
[0020] 2020-03-15 17:21:00 DEBUG > Start LightGBM.predict
[0020] 2020-03-15 17:21:00 DEBUG > End   LightGBM.predict: [elapsed] >> 00:00:00
[0020] 2020-03-15 17:21:00 DEBUG > Start LightGBM.predict
[0020] 2020-03-15 17:21:00 DEBUG > End   LightGBM.predict: [elapsed] >> 00:00:00
[0020] 2020-03-15 17:21:00 DEBUG > Start BaseModel.save
[0020] 2020-03-15 17:21:00 DEBUG > End   BaseModel.save: [elapsed] >> 00:00:00
[0020] 2020-03-15 17:21:00 DEBUG > Start ModelFactory.create
[0020] 2020-03-15 17:21:00 DEBUG > Creating model lightgbm
[0020] 2020-03-15 17:21:00 DEBUG > Start LightGBM.__init__
[0020] 2020-03-15 17:21:00 DEBUG > End   LightGBM.__init__: [elapsed] >> 00:00:00
[0020] 2020-03-15 17:21:00 DEBUG > End   ModelFactory.create: [elapsed] >> 00:00:00
[0020] 2020-03-15 17:21:00 INFO  > Fold 4 withholding month 17
[0020] 2020-03-15 17:21:00 INFO  > rows of train= 501, rows of holdout= 90
[0020] 2020-03-15 17:21:00 DEBUG > Start LightGBM.train
[0020] 2020-03-15 17:21:00 DEBUG > End   LightGBM.train: [elapsed] >> 00:00:00
[0020] 2020-03-15 17:21:00 DEBUG > Start LightGBM.predict
[0020] 2020-03-15 17:21:01 DEBUG > End   LightGBM.predict: [elapsed] >> 00:00:00
[0020] 2020-03-15 17:21:01 DEBUG > Start LightGBM.predict
[0020] 2020-03-15 17:21:01 DEBUG > End   LightGBM.predict: [elapsed] >> 00:00:00
[0020] 2020-03-15 17:21:01 DEBUG > Start BaseModel.save
[0020] 2020-03-15 17:21:01 DEBUG > End   BaseModel.save: [elapsed] >> 00:00:00
[0020] 2020-03-15 17:21:01 DEBUG > Start ModelFactory.create
[0020] 2020-03-15 17:21:01 DEBUG > Creating model lightgbm
[0020] 2020-03-15 17:21:01 DEBUG > Start LightGBM.__init__
[0020] 2020-03-15 17:21:01 DEBUG > End   LightGBM.__init__: [elapsed] >> 00:00:00
[0020] 2020-03-15 17:21:01 DEBUG > End   ModelFactory.create: [elapsed] >> 00:00:00
[0020] 2020-03-15 17:21:01 INFO  > Fold 5 withholding month 14
[0020] 2020-03-15 17:21:01 INFO  > rows of train= 503, rows of holdout= 88
[0020] 2020-03-15 17:21:01 DEBUG > Start LightGBM.train
[0020] 2020-03-15 17:21:01 DEBUG > End   LightGBM.train: [elapsed] >> 00:00:00
[0020] 2020-03-15 17:21:01 DEBUG > Start LightGBM.predict
[0020] 2020-03-15 17:21:01 DEBUG > End   LightGBM.predict: [elapsed] >> 00:00:00
[0020] 2020-03-15 17:21:01 DEBUG > Start LightGBM.predict
[0020] 2020-03-15 17:21:01 DEBUG > End   LightGBM.predict: [elapsed] >> 00:00:00
[0020] 2020-03-15 17:21:01 DEBUG > Start BaseModel.save
[0020] 2020-03-15 17:21:01 DEBUG > End   BaseModel.save: [elapsed] >> 00:00:00
[0020] 2020-03-15 17:21:01 DEBUG > Start ModelFactory.create
[0020] 2020-03-15 17:21:01 DEBUG > Creating model lightgbm
[0020] 2020-03-15 17:21:01 DEBUG > Start LightGBM.__init__
[0020] 2020-03-15 17:21:01 DEBUG > End   LightGBM.__init__: [elapsed] >> 00:00:00
[0020] 2020-03-15 17:21:01 DEBUG > End   ModelFactory.create: [elapsed] >> 00:00:00
[0020] 2020-03-15 17:21:01 INFO  > Fold 6 withholding month 16
[0020] 2020-03-15 17:21:01 INFO  > rows of train= 507, rows of holdout= 84
[0020] 2020-03-15 17:21:01 DEBUG > Start LightGBM.train
[0020] 2020-03-15 17:21:01 DEBUG > End   LightGBM.train: [elapsed] >> 00:00:00
[0020] 2020-03-15 17:21:01 DEBUG > Start LightGBM.predict
[0020] 2020-03-15 17:21:01 DEBUG > End   LightGBM.predict: [elapsed] >> 00:00:00
[0020] 2020-03-15 17:21:01 DEBUG > Start LightGBM.predict
[0020] 2020-03-15 17:21:01 DEBUG > End   LightGBM.predict: [elapsed] >> 00:00:00
[0020] 2020-03-15 17:21:01 DEBUG > Start BaseModel.save
[0020] 2020-03-15 17:21:01 DEBUG > End   BaseModel.save: [elapsed] >> 00:00:00
[0020] 2020-03-15 17:21:01 INFO  > Fold 6 OOF cv= 0.7724867724867724
[0020] 2020-03-15 17:21:02 DEBUG > Start ModelFactory.create
[0020] 2020-03-15 17:21:02 DEBUG > Creating model lightgbm
[0020] 2020-03-15 17:21:02 DEBUG > Start LightGBM.__init__
[0020] 2020-03-15 17:21:02 DEBUG > End   LightGBM.__init__: [elapsed] >> 00:00:00
[0020] 2020-03-15 17:21:02 DEBUG > End   ModelFactory.create: [elapsed] >> 00:00:00
[0020] 2020-03-15 17:21:02 INFO  > Fold 1 withholding month 12
[0020] 2020-03-15 17:21:02 INFO  > rows of train= 463, rows of holdout= 128
[0020] 2020-03-15 17:21:02 DEBUG > Start LightGBM.train
[0020] 2020-03-15 17:21:02 DEBUG > End   LightGBM.train: [elapsed] >> 00:00:00
[0020] 2020-03-15 17:21:02 DEBUG > Start LightGBM.predict
[0020] 2020-03-15 17:21:02 DEBUG > End   LightGBM.predict: [elapsed] >> 00:00:00
[0020] 2020-03-15 17:21:02 DEBUG > Start LightGBM.predict
[0020] 2020-03-15 17:21:02 DEBUG > End   LightGBM.predict: [elapsed] >> 00:00:00
[0020] 2020-03-15 17:21:02 DEBUG > Start BaseModel.save
[0020] 2020-03-15 17:21:02 DEBUG > End   BaseModel.save: [elapsed] >> 00:00:00
[0020] 2020-03-15 17:21:02 DEBUG > Start ModelFactory.create
[0020] 2020-03-15 17:21:02 DEBUG > Creating model lightgbm
[0020] 2020-03-15 17:21:02 DEBUG > Start LightGBM.__init__
[0020] 2020-03-15 17:21:02 DEBUG > End   LightGBM.__init__: [elapsed] >> 00:00:00
[0020] 2020-03-15 17:21:02 DEBUG > End   ModelFactory.create: [elapsed] >> 00:00:00
[0020] 2020-03-15 17:21:02 INFO  > Fold 2 withholding month 15
[0020] 2020-03-15 17:21:02 INFO  > rows of train= 482, rows of holdout= 109
[0020] 2020-03-15 17:21:02 DEBUG > Start LightGBM.train
[0020] 2020-03-15 17:21:03 DEBUG > End   LightGBM.train: [elapsed] >> 00:00:00
[0020] 2020-03-15 17:21:03 DEBUG > Start LightGBM.predict
[0020] 2020-03-15 17:21:03 DEBUG > End   LightGBM.predict: [elapsed] >> 00:00:00
[0020] 2020-03-15 17:21:03 DEBUG > Start LightGBM.predict
[0020] 2020-03-15 17:21:03 DEBUG > End   LightGBM.predict: [elapsed] >> 00:00:00
[0020] 2020-03-15 17:21:03 DEBUG > Start BaseModel.save
[0020] 2020-03-15 17:21:03 DEBUG > End   BaseModel.save: [elapsed] >> 00:00:00
[0020] 2020-03-15 17:21:03 DEBUG > Start ModelFactory.create
[0020] 2020-03-15 17:21:03 DEBUG > Creating model lightgbm
[0020] 2020-03-15 17:21:03 DEBUG > Start LightGBM.__init__
[0020] 2020-03-15 17:21:03 DEBUG > End   LightGBM.__init__: [elapsed] >> 00:00:00
[0020] 2020-03-15 17:21:03 DEBUG > End   ModelFactory.create: [elapsed] >> 00:00:00
[0020] 2020-03-15 17:21:03 INFO  > Fold 3 withholding month 13
[0020] 2020-03-15 17:21:03 INFO  > rows of train= 499, rows of holdout= 92
[0020] 2020-03-15 17:21:03 DEBUG > Start LightGBM.train
[0020] 2020-03-15 17:21:03 DEBUG > End   LightGBM.train: [elapsed] >> 00:00:00
[0020] 2020-03-15 17:21:03 DEBUG > Start LightGBM.predict
[0020] 2020-03-15 17:21:03 DEBUG > End   LightGBM.predict: [elapsed] >> 00:00:00
[0020] 2020-03-15 17:21:03 DEBUG > Start LightGBM.predict
[0020] 2020-03-15 17:21:03 DEBUG > End   LightGBM.predict: [elapsed] >> 00:00:00
[0020] 2020-03-15 17:21:03 DEBUG > Start BaseModel.save
[0020] 2020-03-15 17:21:03 DEBUG > End   BaseModel.save: [elapsed] >> 00:00:00
[0020] 2020-03-15 17:21:03 DEBUG > Start ModelFactory.create
[0020] 2020-03-15 17:21:03 DEBUG > Creating model lightgbm
[0020] 2020-03-15 17:21:03 DEBUG > Start LightGBM.__init__
[0020] 2020-03-15 17:21:03 DEBUG > End   LightGBM.__init__: [elapsed] >> 00:00:00
[0020] 2020-03-15 17:21:03 DEBUG > End   ModelFactory.create: [elapsed] >> 00:00:00
[0020] 2020-03-15 17:21:03 INFO  > Fold 4 withholding month 17
[0020] 2020-03-15 17:21:03 INFO  > rows of train= 501, rows of holdout= 90
[0020] 2020-03-15 17:21:03 DEBUG > Start LightGBM.train
[0020] 2020-03-15 17:21:03 DEBUG > End   LightGBM.train: [elapsed] >> 00:00:00
[0020] 2020-03-15 17:21:03 DEBUG > Start LightGBM.predict
[0020] 2020-03-15 17:21:03 DEBUG > End   LightGBM.predict: [elapsed] >> 00:00:00
[0020] 2020-03-15 17:21:03 DEBUG > Start LightGBM.predict
[0020] 2020-03-15 17:21:03 DEBUG > End   LightGBM.predict: [elapsed] >> 00:00:00
[0020] 2020-03-15 17:21:03 DEBUG > Start BaseModel.save
[0020] 2020-03-15 17:21:03 DEBUG > End   BaseModel.save: [elapsed] >> 00:00:00
[0020] 2020-03-15 17:21:03 DEBUG > Start ModelFactory.create
[0020] 2020-03-15 17:21:03 DEBUG > Creating model lightgbm
[0020] 2020-03-15 17:21:03 DEBUG > Start LightGBM.__init__
[0020] 2020-03-15 17:21:03 DEBUG > End   LightGBM.__init__: [elapsed] >> 00:00:00
[0020] 2020-03-15 17:21:03 DEBUG > End   ModelFactory.create: [elapsed] >> 00:00:00
[0020] 2020-03-15 17:21:03 INFO  > Fold 5 withholding month 14
[0020] 2020-03-15 17:21:03 INFO  > rows of train= 503, rows of holdout= 88
[0020] 2020-03-15 17:21:03 DEBUG > Start LightGBM.train
[0020] 2020-03-15 17:21:04 DEBUG > End   LightGBM.train: [elapsed] >> 00:00:00
[0020] 2020-03-15 17:21:04 DEBUG > Start LightGBM.predict
[0020] 2020-03-15 17:21:04 DEBUG > End   LightGBM.predict: [elapsed] >> 00:00:00
[0020] 2020-03-15 17:21:04 DEBUG > Start LightGBM.predict
[0020] 2020-03-15 17:21:04 DEBUG > End   LightGBM.predict: [elapsed] >> 00:00:00
[0020] 2020-03-15 17:21:04 DEBUG > Start BaseModel.save
[0020] 2020-03-15 17:21:04 DEBUG > End   BaseModel.save: [elapsed] >> 00:00:00
[0020] 2020-03-15 17:21:04 DEBUG > Start ModelFactory.create
[0020] 2020-03-15 17:21:04 DEBUG > Creating model lightgbm
[0020] 2020-03-15 17:21:04 DEBUG > Start LightGBM.__init__
[0020] 2020-03-15 17:21:04 DEBUG > End   LightGBM.__init__: [elapsed] >> 00:00:00
[0020] 2020-03-15 17:21:04 DEBUG > End   ModelFactory.create: [elapsed] >> 00:00:00
[0020] 2020-03-15 17:21:04 INFO  > Fold 6 withholding month 16
[0020] 2020-03-15 17:21:04 INFO  > rows of train= 507, rows of holdout= 84
[0020] 2020-03-15 17:21:04 DEBUG > Start LightGBM.train
[0020] 2020-03-15 17:21:04 DEBUG > End   LightGBM.train: [elapsed] >> 00:00:00
[0020] 2020-03-15 17:21:04 DEBUG > Start LightGBM.predict
[0020] 2020-03-15 17:21:04 DEBUG > End   LightGBM.predict: [elapsed] >> 00:00:00
[0020] 2020-03-15 17:21:04 DEBUG > Start LightGBM.predict
[0020] 2020-03-15 17:21:04 DEBUG > End   LightGBM.predict: [elapsed] >> 00:00:00
[0020] 2020-03-15 17:21:04 DEBUG > Start BaseModel.save
[0020] 2020-03-15 17:21:04 DEBUG > End   BaseModel.save: [elapsed] >> 00:00:00
[0020] 2020-03-15 17:21:04 INFO  > Fold 6 OOF cv= 0.8104056437389768
[0020] 2020-03-15 17:21:05 DEBUG > Best trial: 99
[0020] 2020-03-15 17:21:05 DEBUG > Best score: 0.8408656672545561
[0020] 2020-03-15 17:21:05 DEBUG > Best params: {'bagging_fraction': 0.7842158074480768, 'feature_fraction': 0.45287216627256877, 'max_depth': 6, 'min_child_weight': 0.16033719804068472, 'min_data_in_leaf': 84, 'reg_alpha': 0.010898181240653492, 'reg_lambda': 0.01849027398424937}
[0020] 2020-03-15 17:21:05 INFO  > End   Tune hyper params: [elapsed] >> 00:00:31
[0020] 2020-03-15 17:21:05 INFO  > End   main: [elapsed] >> 00:00:36
[0020] 2020-03-15 17:21:05 INFO  > :sunglasses: Finished experiment 0020.small
