[0020] 2020-03-15 17:31:44 INFO  > :thinking_face: Starting experiment 0020_lightgbm.small
[0020] 2020-03-15 17:31:44 INFO  > Options indicated: Namespace(nomsg=True, seed=42, small=True, version='0020')
[0020] 2020-03-15 17:31:44 INFO  > Start main
[0020] 2020-03-15 17:31:44 INFO  > Start Preprocess
[0020] 2020-03-15 17:31:50 DEBUG > Loaded feature cdeotte
[0020] 2020-03-15 17:31:51 DEBUG > train.shape: (591, 292), test.shape: (507, 291)
[0020] 2020-03-15 17:31:51 INFO  > End   Preprocess: [elapsed] >> 00:00:07
[0020] 2020-03-15 17:31:51 INFO  > Start Tune hyper params
[0020] 2020-03-15 17:31:54 DEBUG > Start ModelFactory.create
[0020] 2020-03-15 17:31:54 DEBUG > Creating model lightgbm
[0020] 2020-03-15 17:31:54 DEBUG > Start LightGBM.__init__
[0020] 2020-03-15 17:31:54 DEBUG > End   LightGBM.__init__: [elapsed] >> 00:00:00
[0020] 2020-03-15 17:31:54 DEBUG > End   ModelFactory.create: [elapsed] >> 00:00:00
[0020] 2020-03-15 17:31:54 INFO  > Fold 1 withholding month 12
[0020] 2020-03-15 17:31:54 INFO  > rows of train= 463, rows of holdout= 128
[0020] 2020-03-15 17:31:54 DEBUG > Start LightGBM.train
[0020] 2020-03-15 17:31:55 DEBUG > End   LightGBM.train: [elapsed] >> 00:00:00
[0020] 2020-03-15 17:31:55 DEBUG > Start LightGBM.predict
[0020] 2020-03-15 17:31:55 DEBUG > End   LightGBM.predict: [elapsed] >> 00:00:00
[0020] 2020-03-15 17:31:55 DEBUG > Start LightGBM.predict
[0020] 2020-03-15 17:31:56 DEBUG > End   LightGBM.predict: [elapsed] >> 00:00:00
[0020] 2020-03-15 17:31:56 DEBUG > Start BaseModel.save
[0020] 2020-03-15 17:31:56 DEBUG > End   BaseModel.save: [elapsed] >> 00:00:00
[0020] 2020-03-15 17:31:56 DEBUG > Start ModelFactory.create
[0020] 2020-03-15 17:31:56 DEBUG > Creating model lightgbm
[0020] 2020-03-15 17:31:56 DEBUG > Start LightGBM.__init__
[0020] 2020-03-15 17:31:56 DEBUG > End   LightGBM.__init__: [elapsed] >> 00:00:00
[0020] 2020-03-15 17:31:56 DEBUG > End   ModelFactory.create: [elapsed] >> 00:00:00
[0020] 2020-03-15 17:31:56 INFO  > Fold 2 withholding month 15
[0020] 2020-03-15 17:31:56 INFO  > rows of train= 482, rows of holdout= 109
[0020] 2020-03-15 17:31:56 DEBUG > Start LightGBM.train
[0020] 2020-03-15 17:31:56 DEBUG > End   LightGBM.train: [elapsed] >> 00:00:00
[0020] 2020-03-15 17:31:56 DEBUG > Start LightGBM.predict
[0020] 2020-03-15 17:31:56 DEBUG > End   LightGBM.predict: [elapsed] >> 00:00:00
[0020] 2020-03-15 17:31:56 DEBUG > Start LightGBM.predict
[0020] 2020-03-15 17:31:57 DEBUG > End   LightGBM.predict: [elapsed] >> 00:00:00
[0020] 2020-03-15 17:31:57 DEBUG > Start BaseModel.save
[0020] 2020-03-15 17:31:57 DEBUG > End   BaseModel.save: [elapsed] >> 00:00:00
[0020] 2020-03-15 17:31:57 DEBUG > Start ModelFactory.create
[0020] 2020-03-15 17:31:57 DEBUG > Creating model lightgbm
[0020] 2020-03-15 17:31:57 DEBUG > Start LightGBM.__init__
[0020] 2020-03-15 17:31:57 DEBUG > End   LightGBM.__init__: [elapsed] >> 00:00:00
[0020] 2020-03-15 17:31:57 DEBUG > End   ModelFactory.create: [elapsed] >> 00:00:00
[0020] 2020-03-15 17:31:57 INFO  > Fold 3 withholding month 13
[0020] 2020-03-15 17:31:57 INFO  > rows of train= 499, rows of holdout= 92
[0020] 2020-03-15 17:31:57 DEBUG > Start LightGBM.train
[0020] 2020-03-15 17:31:57 DEBUG > End   LightGBM.train: [elapsed] >> 00:00:00
[0020] 2020-03-15 17:31:57 DEBUG > Start LightGBM.predict
[0020] 2020-03-15 17:31:58 DEBUG > End   LightGBM.predict: [elapsed] >> 00:00:00
[0020] 2020-03-15 17:31:58 DEBUG > Start LightGBM.predict
[0020] 2020-03-15 17:31:58 DEBUG > End   LightGBM.predict: [elapsed] >> 00:00:00
[0020] 2020-03-15 17:31:58 DEBUG > Start BaseModel.save
[0020] 2020-03-15 17:31:58 DEBUG > End   BaseModel.save: [elapsed] >> 00:00:00
[0020] 2020-03-15 17:31:58 DEBUG > Start ModelFactory.create
[0020] 2020-03-15 17:31:58 DEBUG > Creating model lightgbm
[0020] 2020-03-15 17:31:58 DEBUG > Start LightGBM.__init__
[0020] 2020-03-15 17:31:58 DEBUG > End   LightGBM.__init__: [elapsed] >> 00:00:00
[0020] 2020-03-15 17:31:58 DEBUG > End   ModelFactory.create: [elapsed] >> 00:00:00
[0020] 2020-03-15 17:31:58 INFO  > Fold 4 withholding month 17
[0020] 2020-03-15 17:31:58 INFO  > rows of train= 501, rows of holdout= 90
[0020] 2020-03-15 17:31:58 DEBUG > Start LightGBM.train
[0020] 2020-03-15 17:31:59 DEBUG > End   LightGBM.train: [elapsed] >> 00:00:00
[0020] 2020-03-15 17:31:59 DEBUG > Start LightGBM.predict
[0020] 2020-03-15 17:31:59 DEBUG > End   LightGBM.predict: [elapsed] >> 00:00:00
[0020] 2020-03-15 17:31:59 DEBUG > Start LightGBM.predict
[0020] 2020-03-15 17:31:59 DEBUG > End   LightGBM.predict: [elapsed] >> 00:00:00
[0020] 2020-03-15 17:31:59 DEBUG > Start BaseModel.save
[0020] 2020-03-15 17:31:59 DEBUG > End   BaseModel.save: [elapsed] >> 00:00:00
[0020] 2020-03-15 17:31:59 DEBUG > Start ModelFactory.create
[0020] 2020-03-15 17:31:59 DEBUG > Creating model lightgbm
[0020] 2020-03-15 17:31:59 DEBUG > Start LightGBM.__init__
[0020] 2020-03-15 17:31:59 DEBUG > End   LightGBM.__init__: [elapsed] >> 00:00:00
[0020] 2020-03-15 17:31:59 DEBUG > End   ModelFactory.create: [elapsed] >> 00:00:00
[0020] 2020-03-15 17:31:59 INFO  > Fold 5 withholding month 14
[0020] 2020-03-15 17:31:59 INFO  > rows of train= 503, rows of holdout= 88
[0020] 2020-03-15 17:31:59 DEBUG > Start LightGBM.train
[0020] 2020-03-15 17:32:00 DEBUG > End   LightGBM.train: [elapsed] >> 00:00:00
[0020] 2020-03-15 17:32:00 DEBUG > Start LightGBM.predict
[0020] 2020-03-15 17:32:00 DEBUG > End   LightGBM.predict: [elapsed] >> 00:00:00
[0020] 2020-03-15 17:32:00 DEBUG > Start LightGBM.predict
[0020] 2020-03-15 17:32:00 DEBUG > End   LightGBM.predict: [elapsed] >> 00:00:00
[0020] 2020-03-15 17:32:00 DEBUG > Start BaseModel.save
[0020] 2020-03-15 17:32:00 DEBUG > End   BaseModel.save: [elapsed] >> 00:00:00
[0020] 2020-03-15 17:32:00 DEBUG > Start ModelFactory.create
[0020] 2020-03-15 17:32:00 DEBUG > Creating model lightgbm
[0020] 2020-03-15 17:32:00 DEBUG > Start LightGBM.__init__
[0020] 2020-03-15 17:32:00 DEBUG > End   LightGBM.__init__: [elapsed] >> 00:00:00
[0020] 2020-03-15 17:32:00 DEBUG > End   ModelFactory.create: [elapsed] >> 00:00:00
[0020] 2020-03-15 17:32:00 INFO  > Fold 6 withholding month 16
[0020] 2020-03-15 17:32:00 INFO  > rows of train= 507, rows of holdout= 84
[0020] 2020-03-15 17:32:00 DEBUG > Start LightGBM.train
[0020] 2020-03-15 17:32:01 DEBUG > End   LightGBM.train: [elapsed] >> 00:00:00
[0020] 2020-03-15 17:32:01 DEBUG > Start LightGBM.predict
[0020] 2020-03-15 17:32:01 DEBUG > End   LightGBM.predict: [elapsed] >> 00:00:00
[0020] 2020-03-15 17:32:01 DEBUG > Start LightGBM.predict
[0020] 2020-03-15 17:32:02 DEBUG > End   LightGBM.predict: [elapsed] >> 00:00:00
[0020] 2020-03-15 17:32:02 DEBUG > Start BaseModel.save
[0020] 2020-03-15 17:32:02 DEBUG > End   BaseModel.save: [elapsed] >> 00:00:00
[0020] 2020-03-15 17:32:02 INFO  > Fold 6 OOF cv= 0.7727072310405645
[0020] 2020-03-15 17:32:04 DEBUG > Start ModelFactory.create
[0020] 2020-03-15 17:32:04 DEBUG > Creating model lightgbm
[0020] 2020-03-15 17:32:04 DEBUG > Start LightGBM.__init__
[0020] 2020-03-15 17:32:04 DEBUG > End   LightGBM.__init__: [elapsed] >> 00:00:00
[0020] 2020-03-15 17:32:04 DEBUG > End   ModelFactory.create: [elapsed] >> 00:00:00
[0020] 2020-03-15 17:32:04 INFO  > Fold 1 withholding month 12
[0020] 2020-03-15 17:32:04 INFO  > rows of train= 463, rows of holdout= 128
[0020] 2020-03-15 17:32:04 DEBUG > Start LightGBM.train
[0020] 2020-03-15 17:32:04 DEBUG > End   LightGBM.train: [elapsed] >> 00:00:00
[0020] 2020-03-15 17:32:04 DEBUG > Start LightGBM.predict
[0020] 2020-03-15 17:32:05 DEBUG > End   LightGBM.predict: [elapsed] >> 00:00:00
[0020] 2020-03-15 17:32:05 DEBUG > Start LightGBM.predict
[0020] 2020-03-15 17:32:05 DEBUG > End   LightGBM.predict: [elapsed] >> 00:00:00
[0020] 2020-03-15 17:32:05 DEBUG > Start BaseModel.save
[0020] 2020-03-15 17:32:05 DEBUG > End   BaseModel.save: [elapsed] >> 00:00:00
[0020] 2020-03-15 17:32:05 DEBUG > Start ModelFactory.create
[0020] 2020-03-15 17:32:05 DEBUG > Creating model lightgbm
[0020] 2020-03-15 17:32:05 DEBUG > Start LightGBM.__init__
[0020] 2020-03-15 17:32:05 DEBUG > End   LightGBM.__init__: [elapsed] >> 00:00:00
[0020] 2020-03-15 17:32:05 DEBUG > End   ModelFactory.create: [elapsed] >> 00:00:00
[0020] 2020-03-15 17:32:05 INFO  > Fold 2 withholding month 15
[0020] 2020-03-15 17:32:05 INFO  > rows of train= 482, rows of holdout= 109
[0020] 2020-03-15 17:32:05 DEBUG > Start LightGBM.train
[0020] 2020-03-15 17:32:06 DEBUG > End   LightGBM.train: [elapsed] >> 00:00:00
[0020] 2020-03-15 17:32:06 DEBUG > Start LightGBM.predict
[0020] 2020-03-15 17:32:06 DEBUG > End   LightGBM.predict: [elapsed] >> 00:00:00
[0020] 2020-03-15 17:32:06 DEBUG > Start LightGBM.predict
[0020] 2020-03-15 17:32:06 DEBUG > End   LightGBM.predict: [elapsed] >> 00:00:00
[0020] 2020-03-15 17:32:06 DEBUG > Start BaseModel.save
[0020] 2020-03-15 17:32:06 DEBUG > End   BaseModel.save: [elapsed] >> 00:00:00
[0020] 2020-03-15 17:32:06 DEBUG > Start ModelFactory.create
[0020] 2020-03-15 17:32:06 DEBUG > Creating model lightgbm
[0020] 2020-03-15 17:32:06 DEBUG > Start LightGBM.__init__
[0020] 2020-03-15 17:32:06 DEBUG > End   LightGBM.__init__: [elapsed] >> 00:00:00
[0020] 2020-03-15 17:32:06 DEBUG > End   ModelFactory.create: [elapsed] >> 00:00:00
[0020] 2020-03-15 17:32:06 INFO  > Fold 3 withholding month 13
[0020] 2020-03-15 17:32:06 INFO  > rows of train= 499, rows of holdout= 92
[0020] 2020-03-15 17:32:06 DEBUG > Start LightGBM.train
[0020] 2020-03-15 17:32:07 DEBUG > End   LightGBM.train: [elapsed] >> 00:00:00
[0020] 2020-03-15 17:32:07 DEBUG > Start LightGBM.predict
[0020] 2020-03-15 17:32:07 DEBUG > End   LightGBM.predict: [elapsed] >> 00:00:00
[0020] 2020-03-15 17:32:07 DEBUG > Start LightGBM.predict
[0020] 2020-03-15 17:32:07 DEBUG > End   LightGBM.predict: [elapsed] >> 00:00:00
[0020] 2020-03-15 17:32:07 DEBUG > Start BaseModel.save
[0020] 2020-03-15 17:32:07 DEBUG > End   BaseModel.save: [elapsed] >> 00:00:00
[0020] 2020-03-15 17:32:07 DEBUG > Start ModelFactory.create
[0020] 2020-03-15 17:32:07 DEBUG > Creating model lightgbm
[0020] 2020-03-15 17:32:07 DEBUG > Start LightGBM.__init__
[0020] 2020-03-15 17:32:07 DEBUG > End   LightGBM.__init__: [elapsed] >> 00:00:00
[0020] 2020-03-15 17:32:07 DEBUG > End   ModelFactory.create: [elapsed] >> 00:00:00
[0020] 2020-03-15 17:32:07 INFO  > Fold 4 withholding month 17
[0020] 2020-03-15 17:32:07 INFO  > rows of train= 501, rows of holdout= 90
[0020] 2020-03-15 17:32:07 DEBUG > Start LightGBM.train
[0020] 2020-03-15 17:32:08 DEBUG > End   LightGBM.train: [elapsed] >> 00:00:00
[0020] 2020-03-15 17:32:08 DEBUG > Start LightGBM.predict
[0020] 2020-03-15 17:32:08 DEBUG > End   LightGBM.predict: [elapsed] >> 00:00:00
[0020] 2020-03-15 17:32:08 DEBUG > Start LightGBM.predict
[0020] 2020-03-15 17:32:09 DEBUG > End   LightGBM.predict: [elapsed] >> 00:00:00
[0020] 2020-03-15 17:32:09 DEBUG > Start BaseModel.save
[0020] 2020-03-15 17:32:09 DEBUG > End   BaseModel.save: [elapsed] >> 00:00:00
[0020] 2020-03-15 17:32:09 DEBUG > Start ModelFactory.create
[0020] 2020-03-15 17:32:09 DEBUG > Creating model lightgbm
[0020] 2020-03-15 17:32:09 DEBUG > Start LightGBM.__init__
[0020] 2020-03-15 17:32:09 DEBUG > End   LightGBM.__init__: [elapsed] >> 00:00:00
[0020] 2020-03-15 17:32:09 DEBUG > End   ModelFactory.create: [elapsed] >> 00:00:00
[0020] 2020-03-15 17:32:09 INFO  > Fold 5 withholding month 14
[0020] 2020-03-15 17:32:09 INFO  > rows of train= 503, rows of holdout= 88
[0020] 2020-03-15 17:32:09 DEBUG > Start LightGBM.train
[0020] 2020-03-15 17:32:09 DEBUG > End   LightGBM.train: [elapsed] >> 00:00:00
[0020] 2020-03-15 17:32:09 DEBUG > Start LightGBM.predict
[0020] 2020-03-15 17:32:09 DEBUG > End   LightGBM.predict: [elapsed] >> 00:00:00
[0020] 2020-03-15 17:32:09 DEBUG > Start LightGBM.predict
[0020] 2020-03-15 17:32:10 DEBUG > End   LightGBM.predict: [elapsed] >> 00:00:00
[0020] 2020-03-15 17:32:10 DEBUG > Start BaseModel.save
[0020] 2020-03-15 17:32:10 DEBUG > End   BaseModel.save: [elapsed] >> 00:00:00
[0020] 2020-03-15 17:32:10 DEBUG > Start ModelFactory.create
[0020] 2020-03-15 17:32:10 DEBUG > Creating model lightgbm
[0020] 2020-03-15 17:32:10 DEBUG > Start LightGBM.__init__
[0020] 2020-03-15 17:32:10 DEBUG > End   LightGBM.__init__: [elapsed] >> 00:00:00
[0020] 2020-03-15 17:32:10 DEBUG > End   ModelFactory.create: [elapsed] >> 00:00:00
[0020] 2020-03-15 17:32:10 INFO  > Fold 6 withholding month 16
[0020] 2020-03-15 17:32:10 INFO  > rows of train= 507, rows of holdout= 84
[0020] 2020-03-15 17:32:10 DEBUG > Start LightGBM.train
[0020] 2020-03-15 17:32:10 DEBUG > End   LightGBM.train: [elapsed] >> 00:00:00
[0020] 2020-03-15 17:32:10 DEBUG > Start LightGBM.predict
[0020] 2020-03-15 17:32:11 DEBUG > End   LightGBM.predict: [elapsed] >> 00:00:00
[0020] 2020-03-15 17:32:11 DEBUG > Start LightGBM.predict
[0020] 2020-03-15 17:32:11 DEBUG > End   LightGBM.predict: [elapsed] >> 00:00:00
[0020] 2020-03-15 17:32:11 DEBUG > Start BaseModel.save
[0020] 2020-03-15 17:32:11 DEBUG > End   BaseModel.save: [elapsed] >> 00:00:00
[0020] 2020-03-15 17:32:11 INFO  > Fold 6 OOF cv= 0.8047839506172838
[0020] 2020-03-15 17:32:13 DEBUG > Start ModelFactory.create
[0020] 2020-03-15 17:32:13 DEBUG > Creating model lightgbm
[0020] 2020-03-15 17:32:13 DEBUG > Start LightGBM.__init__
[0020] 2020-03-15 17:32:13 DEBUG > End   LightGBM.__init__: [elapsed] >> 00:00:00
[0020] 2020-03-15 17:32:13 DEBUG > End   ModelFactory.create: [elapsed] >> 00:00:00
[0020] 2020-03-15 17:32:13 INFO  > Fold 1 withholding month 12
[0020] 2020-03-15 17:32:13 INFO  > rows of train= 463, rows of holdout= 128
[0020] 2020-03-15 17:32:13 DEBUG > Start LightGBM.train
[0020] 2020-03-15 17:32:14 DEBUG > End   LightGBM.train: [elapsed] >> 00:00:00
[0020] 2020-03-15 17:32:14 DEBUG > Start LightGBM.predict
[0020] 2020-03-15 17:32:14 DEBUG > End   LightGBM.predict: [elapsed] >> 00:00:00
[0020] 2020-03-15 17:32:14 DEBUG > Start LightGBM.predict
[0020] 2020-03-15 17:32:14 DEBUG > End   LightGBM.predict: [elapsed] >> 00:00:00
[0020] 2020-03-15 17:32:14 DEBUG > Start BaseModel.save
[0020] 2020-03-15 17:32:14 DEBUG > End   BaseModel.save: [elapsed] >> 00:00:00
[0020] 2020-03-15 17:32:14 DEBUG > Start ModelFactory.create
[0020] 2020-03-15 17:32:14 DEBUG > Creating model lightgbm
[0020] 2020-03-15 17:32:14 DEBUG > Start LightGBM.__init__
[0020] 2020-03-15 17:32:14 DEBUG > End   LightGBM.__init__: [elapsed] >> 00:00:00
[0020] 2020-03-15 17:32:14 DEBUG > End   ModelFactory.create: [elapsed] >> 00:00:00
[0020] 2020-03-15 17:32:14 INFO  > Fold 2 withholding month 15
[0020] 2020-03-15 17:32:14 INFO  > rows of train= 482, rows of holdout= 109
[0020] 2020-03-15 17:32:14 DEBUG > Start LightGBM.train
[0020] 2020-03-15 17:32:15 DEBUG > End   LightGBM.train: [elapsed] >> 00:00:00
[0020] 2020-03-15 17:32:15 DEBUG > Start LightGBM.predict
[0020] 2020-03-15 17:32:15 DEBUG > End   LightGBM.predict: [elapsed] >> 00:00:00
[0020] 2020-03-15 17:32:15 DEBUG > Start LightGBM.predict
[0020] 2020-03-15 17:32:15 DEBUG > End   LightGBM.predict: [elapsed] >> 00:00:00
[0020] 2020-03-15 17:32:15 DEBUG > Start BaseModel.save
[0020] 2020-03-15 17:32:15 DEBUG > End   BaseModel.save: [elapsed] >> 00:00:00
[0020] 2020-03-15 17:32:15 DEBUG > Start ModelFactory.create
[0020] 2020-03-15 17:32:15 DEBUG > Creating model lightgbm
[0020] 2020-03-15 17:32:15 DEBUG > Start LightGBM.__init__
[0020] 2020-03-15 17:32:15 DEBUG > End   LightGBM.__init__: [elapsed] >> 00:00:00
[0020] 2020-03-15 17:32:15 DEBUG > End   ModelFactory.create: [elapsed] >> 00:00:00
[0020] 2020-03-15 17:32:15 INFO  > Fold 3 withholding month 13
[0020] 2020-03-15 17:32:15 INFO  > rows of train= 499, rows of holdout= 92
[0020] 2020-03-15 17:32:15 DEBUG > Start LightGBM.train
[0020] 2020-03-15 17:32:16 DEBUG > End   LightGBM.train: [elapsed] >> 00:00:00
[0020] 2020-03-15 17:32:16 DEBUG > Start LightGBM.predict
[0020] 2020-03-15 17:32:16 DEBUG > End   LightGBM.predict: [elapsed] >> 00:00:00
[0020] 2020-03-15 17:32:16 DEBUG > Start LightGBM.predict
[0020] 2020-03-15 17:32:17 DEBUG > End   LightGBM.predict: [elapsed] >> 00:00:00
[0020] 2020-03-15 17:32:17 DEBUG > Start BaseModel.save
[0020] 2020-03-15 17:32:17 DEBUG > End   BaseModel.save: [elapsed] >> 00:00:00
[0020] 2020-03-15 17:32:17 DEBUG > Start ModelFactory.create
[0020] 2020-03-15 17:32:17 DEBUG > Creating model lightgbm
[0020] 2020-03-15 17:32:17 DEBUG > Start LightGBM.__init__
[0020] 2020-03-15 17:32:17 DEBUG > End   LightGBM.__init__: [elapsed] >> 00:00:00
[0020] 2020-03-15 17:32:17 DEBUG > End   ModelFactory.create: [elapsed] >> 00:00:00
[0020] 2020-03-15 17:32:17 INFO  > Fold 4 withholding month 17
[0020] 2020-03-15 17:32:17 INFO  > rows of train= 501, rows of holdout= 90
[0020] 2020-03-15 17:32:17 DEBUG > Start LightGBM.train
[0020] 2020-03-15 17:32:17 DEBUG > End   LightGBM.train: [elapsed] >> 00:00:00
[0020] 2020-03-15 17:32:17 DEBUG > Start LightGBM.predict
[0020] 2020-03-15 17:32:18 DEBUG > End   LightGBM.predict: [elapsed] >> 00:00:00
[0020] 2020-03-15 17:32:18 DEBUG > Start LightGBM.predict
[0020] 2020-03-15 17:32:18 DEBUG > End   LightGBM.predict: [elapsed] >> 00:00:00
[0020] 2020-03-15 17:32:18 DEBUG > Start BaseModel.save
[0020] 2020-03-15 17:32:18 DEBUG > End   BaseModel.save: [elapsed] >> 00:00:00
[0020] 2020-03-15 17:32:18 DEBUG > Start ModelFactory.create
[0020] 2020-03-15 17:32:18 DEBUG > Creating model lightgbm
[0020] 2020-03-15 17:32:18 DEBUG > Start LightGBM.__init__
[0020] 2020-03-15 17:32:18 DEBUG > End   LightGBM.__init__: [elapsed] >> 00:00:00
[0020] 2020-03-15 17:32:18 DEBUG > End   ModelFactory.create: [elapsed] >> 00:00:00
[0020] 2020-03-15 17:32:18 INFO  > Fold 5 withholding month 14
[0020] 2020-03-15 17:32:18 INFO  > rows of train= 503, rows of holdout= 88
[0020] 2020-03-15 17:32:18 DEBUG > Start LightGBM.train
[0020] 2020-03-15 17:32:19 DEBUG > End   LightGBM.train: [elapsed] >> 00:00:00
[0020] 2020-03-15 17:32:19 DEBUG > Start LightGBM.predict
[0020] 2020-03-15 17:32:19 DEBUG > End   LightGBM.predict: [elapsed] >> 00:00:00
[0020] 2020-03-15 17:32:19 DEBUG > Start LightGBM.predict
[0020] 2020-03-15 17:32:19 DEBUG > End   LightGBM.predict: [elapsed] >> 00:00:00
[0020] 2020-03-15 17:32:19 DEBUG > Start BaseModel.save
[0020] 2020-03-15 17:32:19 DEBUG > End   BaseModel.save: [elapsed] >> 00:00:00
[0020] 2020-03-15 17:32:19 DEBUG > Start ModelFactory.create
[0020] 2020-03-15 17:32:19 DEBUG > Creating model lightgbm
[0020] 2020-03-15 17:32:19 DEBUG > Start LightGBM.__init__
[0020] 2020-03-15 17:32:19 DEBUG > End   LightGBM.__init__: [elapsed] >> 00:00:00
[0020] 2020-03-15 17:32:19 DEBUG > End   ModelFactory.create: [elapsed] >> 00:00:00
[0020] 2020-03-15 17:32:19 INFO  > Fold 6 withholding month 16
[0020] 2020-03-15 17:32:19 INFO  > rows of train= 507, rows of holdout= 84
[0020] 2020-03-15 17:32:19 DEBUG > Start LightGBM.train
[0020] 2020-03-15 17:32:20 DEBUG > End   LightGBM.train: [elapsed] >> 00:00:00
[0020] 2020-03-15 17:32:20 DEBUG > Start LightGBM.predict
[0020] 2020-03-15 17:32:20 DEBUG > End   LightGBM.predict: [elapsed] >> 00:00:00
[0020] 2020-03-15 17:32:20 DEBUG > Start LightGBM.predict
[0020] 2020-03-15 17:32:20 DEBUG > End   LightGBM.predict: [elapsed] >> 00:00:00
[0020] 2020-03-15 17:32:20 DEBUG > Start BaseModel.save
[0020] 2020-03-15 17:32:20 DEBUG > End   BaseModel.save: [elapsed] >> 00:00:00
[0020] 2020-03-15 17:32:20 INFO  > Fold 6 OOF cv= 0.8313492063492063
[0020] 2020-03-15 17:32:22 DEBUG > Start ModelFactory.create
[0020] 2020-03-15 17:32:22 DEBUG > Creating model lightgbm
[0020] 2020-03-15 17:32:22 DEBUG > Start LightGBM.__init__
[0020] 2020-03-15 17:32:22 DEBUG > End   LightGBM.__init__: [elapsed] >> 00:00:00
[0020] 2020-03-15 17:32:22 DEBUG > End   ModelFactory.create: [elapsed] >> 00:00:00
[0020] 2020-03-15 17:32:22 INFO  > Fold 1 withholding month 12
[0020] 2020-03-15 17:32:22 INFO  > rows of train= 463, rows of holdout= 128
[0020] 2020-03-15 17:32:22 DEBUG > Start LightGBM.train
[0020] 2020-03-15 17:32:23 DEBUG > End   LightGBM.train: [elapsed] >> 00:00:00
[0020] 2020-03-15 17:32:23 DEBUG > Start LightGBM.predict
[0020] 2020-03-15 17:32:23 DEBUG > End   LightGBM.predict: [elapsed] >> 00:00:00
[0020] 2020-03-15 17:32:23 DEBUG > Start LightGBM.predict
[0020] 2020-03-15 17:32:24 DEBUG > End   LightGBM.predict: [elapsed] >> 00:00:00
[0020] 2020-03-15 17:32:24 DEBUG > Start BaseModel.save
[0020] 2020-03-15 17:32:24 DEBUG > End   BaseModel.save: [elapsed] >> 00:00:00
[0020] 2020-03-15 17:32:24 DEBUG > Start ModelFactory.create
[0020] 2020-03-15 17:32:24 DEBUG > Creating model lightgbm
[0020] 2020-03-15 17:32:24 DEBUG > Start LightGBM.__init__
[0020] 2020-03-15 17:32:24 DEBUG > End   LightGBM.__init__: [elapsed] >> 00:00:00
[0020] 2020-03-15 17:32:24 DEBUG > End   ModelFactory.create: [elapsed] >> 00:00:00
[0020] 2020-03-15 17:32:24 INFO  > Fold 2 withholding month 15
[0020] 2020-03-15 17:32:24 INFO  > rows of train= 482, rows of holdout= 109
[0020] 2020-03-15 17:32:24 DEBUG > Start LightGBM.train
[0020] 2020-03-15 17:32:24 DEBUG > End   LightGBM.train: [elapsed] >> 00:00:00
[0020] 2020-03-15 17:32:24 DEBUG > Start LightGBM.predict
[0020] 2020-03-15 17:32:25 DEBUG > End   LightGBM.predict: [elapsed] >> 00:00:00
[0020] 2020-03-15 17:32:25 DEBUG > Start LightGBM.predict
[0020] 2020-03-15 17:32:25 DEBUG > End   LightGBM.predict: [elapsed] >> 00:00:00
[0020] 2020-03-15 17:32:25 DEBUG > Start BaseModel.save
[0020] 2020-03-15 17:32:25 DEBUG > End   BaseModel.save: [elapsed] >> 00:00:00
[0020] 2020-03-15 17:32:25 DEBUG > Start ModelFactory.create
[0020] 2020-03-15 17:32:25 DEBUG > Creating model lightgbm
[0020] 2020-03-15 17:32:25 DEBUG > Start LightGBM.__init__
[0020] 2020-03-15 17:32:25 DEBUG > End   LightGBM.__init__: [elapsed] >> 00:00:00
[0020] 2020-03-15 17:32:25 DEBUG > End   ModelFactory.create: [elapsed] >> 00:00:00
[0020] 2020-03-15 17:32:25 INFO  > Fold 3 withholding month 13
[0020] 2020-03-15 17:32:25 INFO  > rows of train= 499, rows of holdout= 92
[0020] 2020-03-15 17:32:25 DEBUG > Start LightGBM.train
[0020] 2020-03-15 17:32:25 DEBUG > End   LightGBM.train: [elapsed] >> 00:00:00
[0020] 2020-03-15 17:32:25 DEBUG > Start LightGBM.predict
[0020] 2020-03-15 17:32:26 DEBUG > End   LightGBM.predict: [elapsed] >> 00:00:00
[0020] 2020-03-15 17:32:26 DEBUG > Start LightGBM.predict
[0020] 2020-03-15 17:32:26 DEBUG > End   LightGBM.predict: [elapsed] >> 00:00:00
[0020] 2020-03-15 17:32:26 DEBUG > Start BaseModel.save
[0020] 2020-03-15 17:32:26 DEBUG > End   BaseModel.save: [elapsed] >> 00:00:00
[0020] 2020-03-15 17:32:26 DEBUG > Start ModelFactory.create
[0020] 2020-03-15 17:32:26 DEBUG > Creating model lightgbm
[0020] 2020-03-15 17:32:26 DEBUG > Start LightGBM.__init__
[0020] 2020-03-15 17:32:26 DEBUG > End   LightGBM.__init__: [elapsed] >> 00:00:00
[0020] 2020-03-15 17:32:26 DEBUG > End   ModelFactory.create: [elapsed] >> 00:00:00
[0020] 2020-03-15 17:32:26 INFO  > Fold 4 withholding month 17
[0020] 2020-03-15 17:32:26 INFO  > rows of train= 501, rows of holdout= 90
[0020] 2020-03-15 17:32:26 DEBUG > Start LightGBM.train
[0020] 2020-03-15 17:32:27 DEBUG > End   LightGBM.train: [elapsed] >> 00:00:00
[0020] 2020-03-15 17:32:27 DEBUG > Start LightGBM.predict
[0020] 2020-03-15 17:32:27 DEBUG > End   LightGBM.predict: [elapsed] >> 00:00:00
[0020] 2020-03-15 17:32:27 DEBUG > Start LightGBM.predict
[0020] 2020-03-15 17:32:27 DEBUG > End   LightGBM.predict: [elapsed] >> 00:00:00
[0020] 2020-03-15 17:32:27 DEBUG > Start BaseModel.save
[0020] 2020-03-15 17:32:27 DEBUG > End   BaseModel.save: [elapsed] >> 00:00:00
[0020] 2020-03-15 17:32:27 DEBUG > Start ModelFactory.create
[0020] 2020-03-15 17:32:27 DEBUG > Creating model lightgbm
[0020] 2020-03-15 17:32:27 DEBUG > Start LightGBM.__init__
[0020] 2020-03-15 17:32:27 DEBUG > End   LightGBM.__init__: [elapsed] >> 00:00:00
[0020] 2020-03-15 17:32:27 DEBUG > End   ModelFactory.create: [elapsed] >> 00:00:00
[0020] 2020-03-15 17:32:27 INFO  > Fold 5 withholding month 14
[0020] 2020-03-15 17:32:27 INFO  > rows of train= 503, rows of holdout= 88
[0020] 2020-03-15 17:32:27 DEBUG > Start LightGBM.train
[0020] 2020-03-15 17:32:28 DEBUG > End   LightGBM.train: [elapsed] >> 00:00:00
[0020] 2020-03-15 17:32:28 DEBUG > Start LightGBM.predict
[0020] 2020-03-15 17:32:28 DEBUG > End   LightGBM.predict: [elapsed] >> 00:00:00
[0020] 2020-03-15 17:32:28 DEBUG > Start LightGBM.predict
[0020] 2020-03-15 17:32:28 DEBUG > End   LightGBM.predict: [elapsed] >> 00:00:00
[0020] 2020-03-15 17:32:28 DEBUG > Start BaseModel.save
[0020] 2020-03-15 17:32:28 DEBUG > End   BaseModel.save: [elapsed] >> 00:00:00
[0020] 2020-03-15 17:32:28 DEBUG > Start ModelFactory.create
[0020] 2020-03-15 17:32:28 DEBUG > Creating model lightgbm
[0020] 2020-03-15 17:32:28 DEBUG > Start LightGBM.__init__
[0020] 2020-03-15 17:32:28 DEBUG > End   LightGBM.__init__: [elapsed] >> 00:00:00
[0020] 2020-03-15 17:32:28 DEBUG > End   ModelFactory.create: [elapsed] >> 00:00:00
[0020] 2020-03-15 17:32:28 INFO  > Fold 6 withholding month 16
[0020] 2020-03-15 17:32:28 INFO  > rows of train= 507, rows of holdout= 84
[0020] 2020-03-15 17:32:28 DEBUG > Start LightGBM.train
[0020] 2020-03-15 17:32:29 DEBUG > End   LightGBM.train: [elapsed] >> 00:00:00
[0020] 2020-03-15 17:32:29 DEBUG > Start LightGBM.predict
[0020] 2020-03-15 17:32:30 DEBUG > End   LightGBM.predict: [elapsed] >> 00:00:00
[0020] 2020-03-15 17:32:30 DEBUG > Start LightGBM.predict
[0020] 2020-03-15 17:32:30 DEBUG > End   LightGBM.predict: [elapsed] >> 00:00:00
[0020] 2020-03-15 17:32:30 DEBUG > Start BaseModel.save
[0020] 2020-03-15 17:32:30 DEBUG > End   BaseModel.save: [elapsed] >> 00:00:00
[0020] 2020-03-15 17:32:30 INFO  > Fold 6 OOF cv= 0.7998971193415638
[0020] 2020-03-15 17:32:32 DEBUG > Start ModelFactory.create
[0020] 2020-03-15 17:32:32 DEBUG > Creating model lightgbm
[0020] 2020-03-15 17:32:32 DEBUG > Start LightGBM.__init__
[0020] 2020-03-15 17:32:32 DEBUG > End   LightGBM.__init__: [elapsed] >> 00:00:00
[0020] 2020-03-15 17:32:32 DEBUG > End   ModelFactory.create: [elapsed] >> 00:00:00
[0020] 2020-03-15 17:32:32 INFO  > Fold 1 withholding month 12
[0020] 2020-03-15 17:32:32 INFO  > rows of train= 463, rows of holdout= 128
[0020] 2020-03-15 17:32:32 DEBUG > Start LightGBM.train
[0020] 2020-03-15 17:32:32 DEBUG > End   LightGBM.train: [elapsed] >> 00:00:00
[0020] 2020-03-15 17:32:32 DEBUG > Start LightGBM.predict
[0020] 2020-03-15 17:32:33 DEBUG > End   LightGBM.predict: [elapsed] >> 00:00:00
[0020] 2020-03-15 17:32:33 DEBUG > Start LightGBM.predict
[0020] 2020-03-15 17:32:33 DEBUG > End   LightGBM.predict: [elapsed] >> 00:00:00
[0020] 2020-03-15 17:32:33 DEBUG > Start BaseModel.save
[0020] 2020-03-15 17:32:33 DEBUG > End   BaseModel.save: [elapsed] >> 00:00:00
[0020] 2020-03-15 17:32:33 DEBUG > Start ModelFactory.create
[0020] 2020-03-15 17:32:33 DEBUG > Creating model lightgbm
[0020] 2020-03-15 17:32:33 DEBUG > Start LightGBM.__init__
[0020] 2020-03-15 17:32:33 DEBUG > End   LightGBM.__init__: [elapsed] >> 00:00:00
[0020] 2020-03-15 17:32:33 DEBUG > End   ModelFactory.create: [elapsed] >> 00:00:00
[0020] 2020-03-15 17:32:33 INFO  > Fold 2 withholding month 15
[0020] 2020-03-15 17:32:33 INFO  > rows of train= 482, rows of holdout= 109
[0020] 2020-03-15 17:32:33 DEBUG > Start LightGBM.train
[0020] 2020-03-15 17:32:34 DEBUG > End   LightGBM.train: [elapsed] >> 00:00:00
[0020] 2020-03-15 17:32:34 DEBUG > Start LightGBM.predict
[0020] 2020-03-15 17:32:34 DEBUG > End   LightGBM.predict: [elapsed] >> 00:00:00
[0020] 2020-03-15 17:32:34 DEBUG > Start LightGBM.predict
[0020] 2020-03-15 17:32:34 DEBUG > End   LightGBM.predict: [elapsed] >> 00:00:00
[0020] 2020-03-15 17:32:34 DEBUG > Start BaseModel.save
[0020] 2020-03-15 17:32:34 DEBUG > End   BaseModel.save: [elapsed] >> 00:00:00
[0020] 2020-03-15 17:32:34 DEBUG > Start ModelFactory.create
[0020] 2020-03-15 17:32:34 DEBUG > Creating model lightgbm
[0020] 2020-03-15 17:32:34 DEBUG > Start LightGBM.__init__
[0020] 2020-03-15 17:32:34 DEBUG > End   LightGBM.__init__: [elapsed] >> 00:00:00
[0020] 2020-03-15 17:32:34 DEBUG > End   ModelFactory.create: [elapsed] >> 00:00:00
[0020] 2020-03-15 17:32:34 INFO  > Fold 3 withholding month 13
[0020] 2020-03-15 17:32:34 INFO  > rows of train= 499, rows of holdout= 92
[0020] 2020-03-15 17:32:34 DEBUG > Start LightGBM.train
[0020] 2020-03-15 17:32:35 DEBUG > End   LightGBM.train: [elapsed] >> 00:00:00
[0020] 2020-03-15 17:32:35 DEBUG > Start LightGBM.predict
[0020] 2020-03-15 17:32:35 DEBUG > End   LightGBM.predict: [elapsed] >> 00:00:00
[0020] 2020-03-15 17:32:35 DEBUG > Start LightGBM.predict
[0020] 2020-03-15 17:32:35 DEBUG > End   LightGBM.predict: [elapsed] >> 00:00:00
[0020] 2020-03-15 17:32:35 DEBUG > Start BaseModel.save
[0020] 2020-03-15 17:32:35 DEBUG > End   BaseModel.save: [elapsed] >> 00:00:00
[0020] 2020-03-15 17:32:35 DEBUG > Start ModelFactory.create
[0020] 2020-03-15 17:32:35 DEBUG > Creating model lightgbm
[0020] 2020-03-15 17:32:35 DEBUG > Start LightGBM.__init__
[0020] 2020-03-15 17:32:35 DEBUG > End   LightGBM.__init__: [elapsed] >> 00:00:00
[0020] 2020-03-15 17:32:35 DEBUG > End   ModelFactory.create: [elapsed] >> 00:00:00
[0020] 2020-03-15 17:32:35 INFO  > Fold 4 withholding month 17
[0020] 2020-03-15 17:32:35 INFO  > rows of train= 501, rows of holdout= 90
[0020] 2020-03-15 17:32:35 DEBUG > Start LightGBM.train
[0020] 2020-03-15 17:32:36 DEBUG > End   LightGBM.train: [elapsed] >> 00:00:00
[0020] 2020-03-15 17:32:36 DEBUG > Start LightGBM.predict
[0020] 2020-03-15 17:32:36 DEBUG > End   LightGBM.predict: [elapsed] >> 00:00:00
[0020] 2020-03-15 17:32:36 DEBUG > Start LightGBM.predict
[0020] 2020-03-15 17:32:37 DEBUG > End   LightGBM.predict: [elapsed] >> 00:00:00
[0020] 2020-03-15 17:32:37 DEBUG > Start BaseModel.save
[0020] 2020-03-15 17:32:37 DEBUG > End   BaseModel.save: [elapsed] >> 00:00:00
[0020] 2020-03-15 17:32:37 DEBUG > Start ModelFactory.create
[0020] 2020-03-15 17:32:37 DEBUG > Creating model lightgbm
[0020] 2020-03-15 17:32:37 DEBUG > Start LightGBM.__init__
[0020] 2020-03-15 17:32:37 DEBUG > End   LightGBM.__init__: [elapsed] >> 00:00:00
[0020] 2020-03-15 17:32:37 DEBUG > End   ModelFactory.create: [elapsed] >> 00:00:00
[0020] 2020-03-15 17:32:37 INFO  > Fold 5 withholding month 14
[0020] 2020-03-15 17:32:37 INFO  > rows of train= 503, rows of holdout= 88
[0020] 2020-03-15 17:32:37 DEBUG > Start LightGBM.train
[0020] 2020-03-15 17:32:37 DEBUG > End   LightGBM.train: [elapsed] >> 00:00:00
[0020] 2020-03-15 17:32:37 DEBUG > Start LightGBM.predict
[0020] 2020-03-15 17:32:38 DEBUG > End   LightGBM.predict: [elapsed] >> 00:00:00
[0020] 2020-03-15 17:32:38 DEBUG > Start LightGBM.predict
[0020] 2020-03-15 17:32:38 DEBUG > End   LightGBM.predict: [elapsed] >> 00:00:00
[0020] 2020-03-15 17:32:38 DEBUG > Start BaseModel.save
[0020] 2020-03-15 17:32:38 DEBUG > End   BaseModel.save: [elapsed] >> 00:00:00
[0020] 2020-03-15 17:32:38 DEBUG > Start ModelFactory.create
[0020] 2020-03-15 17:32:38 DEBUG > Creating model lightgbm
[0020] 2020-03-15 17:32:38 DEBUG > Start LightGBM.__init__
[0020] 2020-03-15 17:32:38 DEBUG > End   LightGBM.__init__: [elapsed] >> 00:00:00
[0020] 2020-03-15 17:32:38 DEBUG > End   ModelFactory.create: [elapsed] >> 00:00:00
[0020] 2020-03-15 17:32:38 INFO  > Fold 6 withholding month 16
[0020] 2020-03-15 17:32:38 INFO  > rows of train= 507, rows of holdout= 84
[0020] 2020-03-15 17:32:38 DEBUG > Start LightGBM.train
[0020] 2020-03-15 17:32:39 DEBUG > End   LightGBM.train: [elapsed] >> 00:00:00
[0020] 2020-03-15 17:32:39 DEBUG > Start LightGBM.predict
[0020] 2020-03-15 17:32:39 DEBUG > End   LightGBM.predict: [elapsed] >> 00:00:00
[0020] 2020-03-15 17:32:39 DEBUG > Start LightGBM.predict
[0020] 2020-03-15 17:32:39 DEBUG > End   LightGBM.predict: [elapsed] >> 00:00:00
[0020] 2020-03-15 17:32:39 DEBUG > Start BaseModel.save
[0020] 2020-03-15 17:32:39 DEBUG > End   BaseModel.save: [elapsed] >> 00:00:00
[0020] 2020-03-15 17:32:39 INFO  > Fold 6 OOF cv= 0.8382201646090535
[0020] 2020-03-15 17:32:41 DEBUG > Start ModelFactory.create
[0020] 2020-03-15 17:32:41 DEBUG > Creating model lightgbm
[0020] 2020-03-15 17:32:41 DEBUG > Start LightGBM.__init__
[0020] 2020-03-15 17:32:41 DEBUG > End   LightGBM.__init__: [elapsed] >> 00:00:00
[0020] 2020-03-15 17:32:41 DEBUG > End   ModelFactory.create: [elapsed] >> 00:00:00
[0020] 2020-03-15 17:32:41 INFO  > Fold 1 withholding month 12
[0020] 2020-03-15 17:32:41 INFO  > rows of train= 463, rows of holdout= 128
[0020] 2020-03-15 17:32:41 DEBUG > Start LightGBM.train
[0020] 2020-03-15 17:32:42 DEBUG > End   LightGBM.train: [elapsed] >> 00:00:00
[0020] 2020-03-15 17:32:42 DEBUG > Start LightGBM.predict
[0020] 2020-03-15 17:32:42 DEBUG > End   LightGBM.predict: [elapsed] >> 00:00:00
[0020] 2020-03-15 17:32:42 DEBUG > Start LightGBM.predict
[0020] 2020-03-15 17:32:42 DEBUG > End   LightGBM.predict: [elapsed] >> 00:00:00
[0020] 2020-03-15 17:32:42 DEBUG > Start BaseModel.save
[0020] 2020-03-15 17:32:42 DEBUG > End   BaseModel.save: [elapsed] >> 00:00:00
[0020] 2020-03-15 17:32:42 DEBUG > Start ModelFactory.create
[0020] 2020-03-15 17:32:42 DEBUG > Creating model lightgbm
[0020] 2020-03-15 17:32:42 DEBUG > Start LightGBM.__init__
[0020] 2020-03-15 17:32:42 DEBUG > End   LightGBM.__init__: [elapsed] >> 00:00:00
[0020] 2020-03-15 17:32:42 DEBUG > End   ModelFactory.create: [elapsed] >> 00:00:00
[0020] 2020-03-15 17:32:42 INFO  > Fold 2 withholding month 15
[0020] 2020-03-15 17:32:42 INFO  > rows of train= 482, rows of holdout= 109
[0020] 2020-03-15 17:32:42 DEBUG > Start LightGBM.train
[0020] 2020-03-15 17:32:43 DEBUG > End   LightGBM.train: [elapsed] >> 00:00:00
[0020] 2020-03-15 17:32:43 DEBUG > Start LightGBM.predict
[0020] 2020-03-15 17:32:43 DEBUG > End   LightGBM.predict: [elapsed] >> 00:00:00
[0020] 2020-03-15 17:32:43 DEBUG > Start LightGBM.predict
[0020] 2020-03-15 17:32:43 DEBUG > End   LightGBM.predict: [elapsed] >> 00:00:00
[0020] 2020-03-15 17:32:43 DEBUG > Start BaseModel.save
[0020] 2020-03-15 17:32:44 DEBUG > End   BaseModel.save: [elapsed] >> 00:00:00
[0020] 2020-03-15 17:32:44 DEBUG > Start ModelFactory.create
[0020] 2020-03-15 17:32:44 DEBUG > Creating model lightgbm
[0020] 2020-03-15 17:32:44 DEBUG > Start LightGBM.__init__
[0020] 2020-03-15 17:32:44 DEBUG > End   LightGBM.__init__: [elapsed] >> 00:00:00
[0020] 2020-03-15 17:32:44 DEBUG > End   ModelFactory.create: [elapsed] >> 00:00:00
[0020] 2020-03-15 17:32:44 INFO  > Fold 3 withholding month 13
[0020] 2020-03-15 17:32:44 INFO  > rows of train= 499, rows of holdout= 92
[0020] 2020-03-15 17:32:44 DEBUG > Start LightGBM.train
[0020] 2020-03-15 17:32:44 DEBUG > End   LightGBM.train: [elapsed] >> 00:00:00
[0020] 2020-03-15 17:32:44 DEBUG > Start LightGBM.predict
[0020] 2020-03-15 17:32:44 DEBUG > End   LightGBM.predict: [elapsed] >> 00:00:00
[0020] 2020-03-15 17:32:44 DEBUG > Start LightGBM.predict
[0020] 2020-03-15 17:32:45 DEBUG > End   LightGBM.predict: [elapsed] >> 00:00:00
[0020] 2020-03-15 17:32:45 DEBUG > Start BaseModel.save
[0020] 2020-03-15 17:32:45 DEBUG > End   BaseModel.save: [elapsed] >> 00:00:00
[0020] 2020-03-15 17:32:45 DEBUG > Start ModelFactory.create
[0020] 2020-03-15 17:32:45 DEBUG > Creating model lightgbm
[0020] 2020-03-15 17:32:45 DEBUG > Start LightGBM.__init__
[0020] 2020-03-15 17:32:45 DEBUG > End   LightGBM.__init__: [elapsed] >> 00:00:00
[0020] 2020-03-15 17:32:45 DEBUG > End   ModelFactory.create: [elapsed] >> 00:00:00
[0020] 2020-03-15 17:32:45 INFO  > Fold 4 withholding month 17
[0020] 2020-03-15 17:32:45 INFO  > rows of train= 501, rows of holdout= 90
[0020] 2020-03-15 17:32:45 DEBUG > Start LightGBM.train
[0020] 2020-03-15 17:32:46 DEBUG > End   LightGBM.train: [elapsed] >> 00:00:00
[0020] 2020-03-15 17:32:46 DEBUG > Start LightGBM.predict
[0020] 2020-03-15 17:32:46 DEBUG > End   LightGBM.predict: [elapsed] >> 00:00:00
[0020] 2020-03-15 17:32:46 DEBUG > Start LightGBM.predict
[0020] 2020-03-15 17:32:46 DEBUG > End   LightGBM.predict: [elapsed] >> 00:00:00
[0020] 2020-03-15 17:32:46 DEBUG > Start BaseModel.save
[0020] 2020-03-15 17:32:46 DEBUG > End   BaseModel.save: [elapsed] >> 00:00:00
[0020] 2020-03-15 17:32:46 DEBUG > Start ModelFactory.create
[0020] 2020-03-15 17:32:46 DEBUG > Creating model lightgbm
[0020] 2020-03-15 17:32:46 DEBUG > Start LightGBM.__init__
[0020] 2020-03-15 17:32:46 DEBUG > End   LightGBM.__init__: [elapsed] >> 00:00:00
[0020] 2020-03-15 17:32:46 DEBUG > End   ModelFactory.create: [elapsed] >> 00:00:00
[0020] 2020-03-15 17:32:46 INFO  > Fold 5 withholding month 14
[0020] 2020-03-15 17:32:46 INFO  > rows of train= 503, rows of holdout= 88
[0020] 2020-03-15 17:32:46 DEBUG > Start LightGBM.train
[0020] 2020-03-15 17:32:47 DEBUG > End   LightGBM.train: [elapsed] >> 00:00:00
[0020] 2020-03-15 17:32:47 DEBUG > Start LightGBM.predict
[0020] 2020-03-15 17:32:47 DEBUG > End   LightGBM.predict: [elapsed] >> 00:00:00
[0020] 2020-03-15 17:32:47 DEBUG > Start LightGBM.predict
[0020] 2020-03-15 17:32:47 DEBUG > End   LightGBM.predict: [elapsed] >> 00:00:00
[0020] 2020-03-15 17:32:47 DEBUG > Start BaseModel.save
[0020] 2020-03-15 17:32:47 DEBUG > End   BaseModel.save: [elapsed] >> 00:00:00
[0020] 2020-03-15 17:32:47 DEBUG > Start ModelFactory.create
[0020] 2020-03-15 17:32:47 DEBUG > Creating model lightgbm
[0020] 2020-03-15 17:32:47 DEBUG > Start LightGBM.__init__
[0020] 2020-03-15 17:32:47 DEBUG > End   LightGBM.__init__: [elapsed] >> 00:00:00
[0020] 2020-03-15 17:32:47 DEBUG > End   ModelFactory.create: [elapsed] >> 00:00:00
[0020] 2020-03-15 17:32:47 INFO  > Fold 6 withholding month 16
[0020] 2020-03-15 17:32:47 INFO  > rows of train= 507, rows of holdout= 84
[0020] 2020-03-15 17:32:47 DEBUG > Start LightGBM.train
[0020] 2020-03-15 17:32:48 DEBUG > End   LightGBM.train: [elapsed] >> 00:00:00
[0020] 2020-03-15 17:32:48 DEBUG > Start LightGBM.predict
[0020] 2020-03-15 17:32:48 DEBUG > End   LightGBM.predict: [elapsed] >> 00:00:00
[0020] 2020-03-15 17:32:48 DEBUG > Start LightGBM.predict
[0020] 2020-03-15 17:32:49 DEBUG > End   LightGBM.predict: [elapsed] >> 00:00:00
[0020] 2020-03-15 17:32:49 DEBUG > Start BaseModel.save
[0020] 2020-03-15 17:32:49 DEBUG > End   BaseModel.save: [elapsed] >> 00:00:00
[0020] 2020-03-15 17:32:49 INFO  > Fold 6 OOF cv= 0.8291446208112875
[0020] 2020-03-15 17:32:51 DEBUG > Start ModelFactory.create
[0020] 2020-03-15 17:32:51 DEBUG > Creating model lightgbm
[0020] 2020-03-15 17:32:51 DEBUG > Start LightGBM.__init__
[0020] 2020-03-15 17:32:51 DEBUG > End   LightGBM.__init__: [elapsed] >> 00:00:00
[0020] 2020-03-15 17:32:51 DEBUG > End   ModelFactory.create: [elapsed] >> 00:00:00
[0020] 2020-03-15 17:32:51 INFO  > Fold 1 withholding month 12
[0020] 2020-03-15 17:32:51 INFO  > rows of train= 463, rows of holdout= 128
[0020] 2020-03-15 17:32:51 DEBUG > Start LightGBM.train
[0020] 2020-03-15 17:32:51 DEBUG > End   LightGBM.train: [elapsed] >> 00:00:00
[0020] 2020-03-15 17:32:51 DEBUG > Start LightGBM.predict
[0020] 2020-03-15 17:32:52 DEBUG > End   LightGBM.predict: [elapsed] >> 00:00:00
[0020] 2020-03-15 17:32:52 DEBUG > Start LightGBM.predict
[0020] 2020-03-15 17:32:52 DEBUG > End   LightGBM.predict: [elapsed] >> 00:00:00
[0020] 2020-03-15 17:32:52 DEBUG > Start BaseModel.save
[0020] 2020-03-15 17:32:52 DEBUG > End   BaseModel.save: [elapsed] >> 00:00:00
[0020] 2020-03-15 17:32:52 DEBUG > Start ModelFactory.create
[0020] 2020-03-15 17:32:52 DEBUG > Creating model lightgbm
[0020] 2020-03-15 17:32:52 DEBUG > Start LightGBM.__init__
[0020] 2020-03-15 17:32:52 DEBUG > End   LightGBM.__init__: [elapsed] >> 00:00:00
[0020] 2020-03-15 17:32:52 DEBUG > End   ModelFactory.create: [elapsed] >> 00:00:00
[0020] 2020-03-15 17:32:52 INFO  > Fold 2 withholding month 15
[0020] 2020-03-15 17:32:52 INFO  > rows of train= 482, rows of holdout= 109
[0020] 2020-03-15 17:32:52 DEBUG > Start LightGBM.train
[0020] 2020-03-15 17:32:52 DEBUG > End   LightGBM.train: [elapsed] >> 00:00:00
[0020] 2020-03-15 17:32:52 DEBUG > Start LightGBM.predict
[0020] 2020-03-15 17:32:53 DEBUG > End   LightGBM.predict: [elapsed] >> 00:00:00
[0020] 2020-03-15 17:32:53 DEBUG > Start LightGBM.predict
[0020] 2020-03-15 17:32:53 DEBUG > End   LightGBM.predict: [elapsed] >> 00:00:00
[0020] 2020-03-15 17:32:53 DEBUG > Start BaseModel.save
[0020] 2020-03-15 17:32:53 DEBUG > End   BaseModel.save: [elapsed] >> 00:00:00
[0020] 2020-03-15 17:32:53 DEBUG > Start ModelFactory.create
[0020] 2020-03-15 17:32:53 DEBUG > Creating model lightgbm
[0020] 2020-03-15 17:32:53 DEBUG > Start LightGBM.__init__
[0020] 2020-03-15 17:32:53 DEBUG > End   LightGBM.__init__: [elapsed] >> 00:00:00
[0020] 2020-03-15 17:32:53 DEBUG > End   ModelFactory.create: [elapsed] >> 00:00:00
[0020] 2020-03-15 17:32:53 INFO  > Fold 3 withholding month 13
[0020] 2020-03-15 17:32:53 INFO  > rows of train= 499, rows of holdout= 92
[0020] 2020-03-15 17:32:53 DEBUG > Start LightGBM.train
[0020] 2020-03-15 17:32:54 DEBUG > End   LightGBM.train: [elapsed] >> 00:00:00
[0020] 2020-03-15 17:32:54 DEBUG > Start LightGBM.predict
[0020] 2020-03-15 17:32:54 DEBUG > End   LightGBM.predict: [elapsed] >> 00:00:00
[0020] 2020-03-15 17:32:54 DEBUG > Start LightGBM.predict
[0020] 2020-03-15 17:32:54 DEBUG > End   LightGBM.predict: [elapsed] >> 00:00:00
[0020] 2020-03-15 17:32:54 DEBUG > Start BaseModel.save
[0020] 2020-03-15 17:32:54 DEBUG > End   BaseModel.save: [elapsed] >> 00:00:00
[0020] 2020-03-15 17:32:54 DEBUG > Start ModelFactory.create
[0020] 2020-03-15 17:32:54 DEBUG > Creating model lightgbm
[0020] 2020-03-15 17:32:54 DEBUG > Start LightGBM.__init__
[0020] 2020-03-15 17:32:54 DEBUG > End   LightGBM.__init__: [elapsed] >> 00:00:00
[0020] 2020-03-15 17:32:54 DEBUG > End   ModelFactory.create: [elapsed] >> 00:00:00
[0020] 2020-03-15 17:32:54 INFO  > Fold 4 withholding month 17
[0020] 2020-03-15 17:32:54 INFO  > rows of train= 501, rows of holdout= 90
[0020] 2020-03-15 17:32:54 DEBUG > Start LightGBM.train
[0020] 2020-03-15 17:32:55 DEBUG > End   LightGBM.train: [elapsed] >> 00:00:00
[0020] 2020-03-15 17:32:55 DEBUG > Start LightGBM.predict
[0020] 2020-03-15 17:32:55 DEBUG > End   LightGBM.predict: [elapsed] >> 00:00:00
[0020] 2020-03-15 17:32:55 DEBUG > Start LightGBM.predict
[0020] 2020-03-15 17:32:55 DEBUG > End   LightGBM.predict: [elapsed] >> 00:00:00
[0020] 2020-03-15 17:32:55 DEBUG > Start BaseModel.save
[0020] 2020-03-15 17:32:55 DEBUG > End   BaseModel.save: [elapsed] >> 00:00:00
[0020] 2020-03-15 17:32:55 DEBUG > Start ModelFactory.create
[0020] 2020-03-15 17:32:55 DEBUG > Creating model lightgbm
[0020] 2020-03-15 17:32:55 DEBUG > Start LightGBM.__init__
[0020] 2020-03-15 17:32:55 DEBUG > End   LightGBM.__init__: [elapsed] >> 00:00:00
[0020] 2020-03-15 17:32:55 DEBUG > End   ModelFactory.create: [elapsed] >> 00:00:00
[0020] 2020-03-15 17:32:55 INFO  > Fold 5 withholding month 14
[0020] 2020-03-15 17:32:55 INFO  > rows of train= 503, rows of holdout= 88
[0020] 2020-03-15 17:32:55 DEBUG > Start LightGBM.train
[0020] 2020-03-15 17:32:56 DEBUG > End   LightGBM.train: [elapsed] >> 00:00:00
[0020] 2020-03-15 17:32:56 DEBUG > Start LightGBM.predict
[0020] 2020-03-15 17:32:56 DEBUG > End   LightGBM.predict: [elapsed] >> 00:00:00
[0020] 2020-03-15 17:32:56 DEBUG > Start LightGBM.predict
[0020] 2020-03-15 17:32:57 DEBUG > End   LightGBM.predict: [elapsed] >> 00:00:00
[0020] 2020-03-15 17:32:57 DEBUG > Start BaseModel.save
[0020] 2020-03-15 17:32:57 DEBUG > End   BaseModel.save: [elapsed] >> 00:00:00
[0020] 2020-03-15 17:32:57 DEBUG > Start ModelFactory.create
[0020] 2020-03-15 17:32:57 DEBUG > Creating model lightgbm
[0020] 2020-03-15 17:32:57 DEBUG > Start LightGBM.__init__
[0020] 2020-03-15 17:32:57 DEBUG > End   LightGBM.__init__: [elapsed] >> 00:00:00
[0020] 2020-03-15 17:32:57 DEBUG > End   ModelFactory.create: [elapsed] >> 00:00:00
[0020] 2020-03-15 17:32:57 INFO  > Fold 6 withholding month 16
[0020] 2020-03-15 17:32:57 INFO  > rows of train= 507, rows of holdout= 84
[0020] 2020-03-15 17:32:57 DEBUG > Start LightGBM.train
[0020] 2020-03-15 17:32:57 DEBUG > End   LightGBM.train: [elapsed] >> 00:00:00
[0020] 2020-03-15 17:32:57 DEBUG > Start LightGBM.predict
[0020] 2020-03-15 17:32:58 DEBUG > End   LightGBM.predict: [elapsed] >> 00:00:00
[0020] 2020-03-15 17:32:58 DEBUG > Start LightGBM.predict
[0020] 2020-03-15 17:32:58 DEBUG > End   LightGBM.predict: [elapsed] >> 00:00:00
[0020] 2020-03-15 17:32:58 DEBUG > Start BaseModel.save
[0020] 2020-03-15 17:32:58 DEBUG > End   BaseModel.save: [elapsed] >> 00:00:00
[0020] 2020-03-15 17:32:58 INFO  > Fold 6 OOF cv= 0.8149985302763081
[0020] 2020-03-15 17:33:00 DEBUG > Start ModelFactory.create
[0020] 2020-03-15 17:33:00 DEBUG > Creating model lightgbm
[0020] 2020-03-15 17:33:00 DEBUG > Start LightGBM.__init__
[0020] 2020-03-15 17:33:00 DEBUG > End   LightGBM.__init__: [elapsed] >> 00:00:00
[0020] 2020-03-15 17:33:00 DEBUG > End   ModelFactory.create: [elapsed] >> 00:00:00
[0020] 2020-03-15 17:33:00 INFO  > Fold 1 withholding month 12
[0020] 2020-03-15 17:33:00 INFO  > rows of train= 463, rows of holdout= 128
[0020] 2020-03-15 17:33:00 DEBUG > Start LightGBM.train
[0020] 2020-03-15 17:33:01 DEBUG > End   LightGBM.train: [elapsed] >> 00:00:00
[0020] 2020-03-15 17:33:01 DEBUG > Start LightGBM.predict
[0020] 2020-03-15 17:33:01 DEBUG > End   LightGBM.predict: [elapsed] >> 00:00:00
[0020] 2020-03-15 17:33:01 DEBUG > Start LightGBM.predict
[0020] 2020-03-15 17:33:01 DEBUG > End   LightGBM.predict: [elapsed] >> 00:00:00
[0020] 2020-03-15 17:33:01 DEBUG > Start BaseModel.save
[0020] 2020-03-15 17:33:01 DEBUG > End   BaseModel.save: [elapsed] >> 00:00:00
[0020] 2020-03-15 17:33:01 DEBUG > Start ModelFactory.create
[0020] 2020-03-15 17:33:01 DEBUG > Creating model lightgbm
[0020] 2020-03-15 17:33:01 DEBUG > Start LightGBM.__init__
[0020] 2020-03-15 17:33:01 DEBUG > End   LightGBM.__init__: [elapsed] >> 00:00:00
[0020] 2020-03-15 17:33:01 DEBUG > End   ModelFactory.create: [elapsed] >> 00:00:00
[0020] 2020-03-15 17:33:01 INFO  > Fold 2 withholding month 15
[0020] 2020-03-15 17:33:01 INFO  > rows of train= 482, rows of holdout= 109
[0020] 2020-03-15 17:33:01 DEBUG > Start LightGBM.train
[0020] 2020-03-15 17:33:02 DEBUG > End   LightGBM.train: [elapsed] >> 00:00:00
[0020] 2020-03-15 17:33:02 DEBUG > Start LightGBM.predict
[0020] 2020-03-15 17:33:02 DEBUG > End   LightGBM.predict: [elapsed] >> 00:00:00
[0020] 2020-03-15 17:33:02 DEBUG > Start LightGBM.predict
[0020] 2020-03-15 17:33:02 DEBUG > End   LightGBM.predict: [elapsed] >> 00:00:00
[0020] 2020-03-15 17:33:02 DEBUG > Start BaseModel.save
[0020] 2020-03-15 17:33:02 DEBUG > End   BaseModel.save: [elapsed] >> 00:00:00
[0020] 2020-03-15 17:33:02 DEBUG > Start ModelFactory.create
[0020] 2020-03-15 17:33:02 DEBUG > Creating model lightgbm
[0020] 2020-03-15 17:33:02 DEBUG > Start LightGBM.__init__
[0020] 2020-03-15 17:33:02 DEBUG > End   LightGBM.__init__: [elapsed] >> 00:00:00
[0020] 2020-03-15 17:33:02 DEBUG > End   ModelFactory.create: [elapsed] >> 00:00:00
[0020] 2020-03-15 17:33:02 INFO  > Fold 3 withholding month 13
[0020] 2020-03-15 17:33:02 INFO  > rows of train= 499, rows of holdout= 92
[0020] 2020-03-15 17:33:02 DEBUG > Start LightGBM.train
[0020] 2020-03-15 17:33:03 DEBUG > End   LightGBM.train: [elapsed] >> 00:00:00
[0020] 2020-03-15 17:33:03 DEBUG > Start LightGBM.predict
[0020] 2020-03-15 17:33:03 DEBUG > End   LightGBM.predict: [elapsed] >> 00:00:00
[0020] 2020-03-15 17:33:03 DEBUG > Start LightGBM.predict
[0020] 2020-03-15 17:33:03 DEBUG > End   LightGBM.predict: [elapsed] >> 00:00:00
[0020] 2020-03-15 17:33:03 DEBUG > Start BaseModel.save
[0020] 2020-03-15 17:33:03 DEBUG > End   BaseModel.save: [elapsed] >> 00:00:00
[0020] 2020-03-15 17:33:03 DEBUG > Start ModelFactory.create
[0020] 2020-03-15 17:33:03 DEBUG > Creating model lightgbm
[0020] 2020-03-15 17:33:03 DEBUG > Start LightGBM.__init__
[0020] 2020-03-15 17:33:03 DEBUG > End   LightGBM.__init__: [elapsed] >> 00:00:00
[0020] 2020-03-15 17:33:03 DEBUG > End   ModelFactory.create: [elapsed] >> 00:00:00
[0020] 2020-03-15 17:33:03 INFO  > Fold 4 withholding month 17
[0020] 2020-03-15 17:33:03 INFO  > rows of train= 501, rows of holdout= 90
[0020] 2020-03-15 17:33:03 DEBUG > Start LightGBM.train
[0020] 2020-03-15 17:33:04 DEBUG > End   LightGBM.train: [elapsed] >> 00:00:00
[0020] 2020-03-15 17:33:04 DEBUG > Start LightGBM.predict
[0020] 2020-03-15 17:33:04 DEBUG > End   LightGBM.predict: [elapsed] >> 00:00:00
[0020] 2020-03-15 17:33:04 DEBUG > Start LightGBM.predict
[0020] 2020-03-15 17:33:05 DEBUG > End   LightGBM.predict: [elapsed] >> 00:00:00
[0020] 2020-03-15 17:33:05 DEBUG > Start BaseModel.save
[0020] 2020-03-15 17:33:05 DEBUG > End   BaseModel.save: [elapsed] >> 00:00:00
[0020] 2020-03-15 17:33:05 DEBUG > Start ModelFactory.create
[0020] 2020-03-15 17:33:05 DEBUG > Creating model lightgbm
[0020] 2020-03-15 17:33:05 DEBUG > Start LightGBM.__init__
[0020] 2020-03-15 17:33:05 DEBUG > End   LightGBM.__init__: [elapsed] >> 00:00:00
[0020] 2020-03-15 17:33:05 DEBUG > End   ModelFactory.create: [elapsed] >> 00:00:00
[0020] 2020-03-15 17:33:05 INFO  > Fold 5 withholding month 14
[0020] 2020-03-15 17:33:05 INFO  > rows of train= 503, rows of holdout= 88
[0020] 2020-03-15 17:33:05 DEBUG > Start LightGBM.train
[0020] 2020-03-15 17:33:05 DEBUG > End   LightGBM.train: [elapsed] >> 00:00:00
[0020] 2020-03-15 17:33:05 DEBUG > Start LightGBM.predict
[0020] 2020-03-15 17:33:06 DEBUG > End   LightGBM.predict: [elapsed] >> 00:00:00
[0020] 2020-03-15 17:33:06 DEBUG > Start LightGBM.predict
[0020] 2020-03-15 17:33:06 DEBUG > End   LightGBM.predict: [elapsed] >> 00:00:00
[0020] 2020-03-15 17:33:06 DEBUG > Start BaseModel.save
[0020] 2020-03-15 17:33:06 DEBUG > End   BaseModel.save: [elapsed] >> 00:00:00
[0020] 2020-03-15 17:33:06 DEBUG > Start ModelFactory.create
[0020] 2020-03-15 17:33:06 DEBUG > Creating model lightgbm
[0020] 2020-03-15 17:33:06 DEBUG > Start LightGBM.__init__
[0020] 2020-03-15 17:33:06 DEBUG > End   LightGBM.__init__: [elapsed] >> 00:00:00
[0020] 2020-03-15 17:33:06 DEBUG > End   ModelFactory.create: [elapsed] >> 00:00:00
[0020] 2020-03-15 17:33:06 INFO  > Fold 6 withholding month 16
[0020] 2020-03-15 17:33:06 INFO  > rows of train= 507, rows of holdout= 84
[0020] 2020-03-15 17:33:06 DEBUG > Start LightGBM.train
[0020] 2020-03-15 17:33:07 DEBUG > End   LightGBM.train: [elapsed] >> 00:00:00
[0020] 2020-03-15 17:33:07 DEBUG > Start LightGBM.predict
[0020] 2020-03-15 17:33:07 DEBUG > End   LightGBM.predict: [elapsed] >> 00:00:00
[0020] 2020-03-15 17:33:07 DEBUG > Start LightGBM.predict
[0020] 2020-03-15 17:33:07 DEBUG > End   LightGBM.predict: [elapsed] >> 00:00:00
[0020] 2020-03-15 17:33:07 DEBUG > Start BaseModel.save
[0020] 2020-03-15 17:33:07 DEBUG > End   BaseModel.save: [elapsed] >> 00:00:00
[0020] 2020-03-15 17:33:07 INFO  > Fold 6 OOF cv= 0.7950837742504409
[0020] 2020-03-15 17:33:09 DEBUG > Start ModelFactory.create
[0020] 2020-03-15 17:33:09 DEBUG > Creating model lightgbm
[0020] 2020-03-15 17:33:09 DEBUG > Start LightGBM.__init__
[0020] 2020-03-15 17:33:09 DEBUG > End   LightGBM.__init__: [elapsed] >> 00:00:00
[0020] 2020-03-15 17:33:09 DEBUG > End   ModelFactory.create: [elapsed] >> 00:00:00
[0020] 2020-03-15 17:33:09 INFO  > Fold 1 withholding month 12
[0020] 2020-03-15 17:33:09 INFO  > rows of train= 463, rows of holdout= 128
[0020] 2020-03-15 17:33:09 DEBUG > Start LightGBM.train
[0020] 2020-03-15 17:33:10 DEBUG > End   LightGBM.train: [elapsed] >> 00:00:00
[0020] 2020-03-15 17:33:10 DEBUG > Start LightGBM.predict
[0020] 2020-03-15 17:33:10 DEBUG > End   LightGBM.predict: [elapsed] >> 00:00:00
[0020] 2020-03-15 17:33:10 DEBUG > Start LightGBM.predict
[0020] 2020-03-15 17:33:10 DEBUG > End   LightGBM.predict: [elapsed] >> 00:00:00
[0020] 2020-03-15 17:33:10 DEBUG > Start BaseModel.save
[0020] 2020-03-15 17:33:10 DEBUG > End   BaseModel.save: [elapsed] >> 00:00:00
[0020] 2020-03-15 17:33:10 DEBUG > Start ModelFactory.create
[0020] 2020-03-15 17:33:10 DEBUG > Creating model lightgbm
[0020] 2020-03-15 17:33:10 DEBUG > Start LightGBM.__init__
[0020] 2020-03-15 17:33:10 DEBUG > End   LightGBM.__init__: [elapsed] >> 00:00:00
[0020] 2020-03-15 17:33:10 DEBUG > End   ModelFactory.create: [elapsed] >> 00:00:00
[0020] 2020-03-15 17:33:10 INFO  > Fold 2 withholding month 15
[0020] 2020-03-15 17:33:10 INFO  > rows of train= 482, rows of holdout= 109
[0020] 2020-03-15 17:33:10 DEBUG > Start LightGBM.train
[0020] 2020-03-15 17:33:11 DEBUG > End   LightGBM.train: [elapsed] >> 00:00:00
[0020] 2020-03-15 17:33:11 DEBUG > Start LightGBM.predict
[0020] 2020-03-15 17:33:11 DEBUG > End   LightGBM.predict: [elapsed] >> 00:00:00
[0020] 2020-03-15 17:33:11 DEBUG > Start LightGBM.predict
[0020] 2020-03-15 17:33:11 DEBUG > End   LightGBM.predict: [elapsed] >> 00:00:00
[0020] 2020-03-15 17:33:11 DEBUG > Start BaseModel.save
[0020] 2020-03-15 17:33:11 DEBUG > End   BaseModel.save: [elapsed] >> 00:00:00
[0020] 2020-03-15 17:33:11 DEBUG > Start ModelFactory.create
[0020] 2020-03-15 17:33:11 DEBUG > Creating model lightgbm
[0020] 2020-03-15 17:33:11 DEBUG > Start LightGBM.__init__
[0020] 2020-03-15 17:33:11 DEBUG > End   LightGBM.__init__: [elapsed] >> 00:00:00
[0020] 2020-03-15 17:33:11 DEBUG > End   ModelFactory.create: [elapsed] >> 00:00:00
[0020] 2020-03-15 17:33:11 INFO  > Fold 3 withholding month 13
[0020] 2020-03-15 17:33:11 INFO  > rows of train= 499, rows of holdout= 92
[0020] 2020-03-15 17:33:11 DEBUG > Start LightGBM.train
[0020] 2020-03-15 17:33:12 DEBUG > End   LightGBM.train: [elapsed] >> 00:00:00
[0020] 2020-03-15 17:33:12 DEBUG > Start LightGBM.predict
[0020] 2020-03-15 17:33:13 DEBUG > End   LightGBM.predict: [elapsed] >> 00:00:00
[0020] 2020-03-15 17:33:13 DEBUG > Start LightGBM.predict
[0020] 2020-03-15 17:33:13 DEBUG > End   LightGBM.predict: [elapsed] >> 00:00:00
[0020] 2020-03-15 17:33:13 DEBUG > Start BaseModel.save
[0020] 2020-03-15 17:33:13 DEBUG > End   BaseModel.save: [elapsed] >> 00:00:00
[0020] 2020-03-15 17:33:13 DEBUG > Start ModelFactory.create
[0020] 2020-03-15 17:33:13 DEBUG > Creating model lightgbm
[0020] 2020-03-15 17:33:13 DEBUG > Start LightGBM.__init__
[0020] 2020-03-15 17:33:13 DEBUG > End   LightGBM.__init__: [elapsed] >> 00:00:00
[0020] 2020-03-15 17:33:13 DEBUG > End   ModelFactory.create: [elapsed] >> 00:00:00
[0020] 2020-03-15 17:33:13 INFO  > Fold 4 withholding month 17
[0020] 2020-03-15 17:33:13 INFO  > rows of train= 501, rows of holdout= 90
[0020] 2020-03-15 17:33:13 DEBUG > Start LightGBM.train
[0020] 2020-03-15 17:33:14 DEBUG > End   LightGBM.train: [elapsed] >> 00:00:00
[0020] 2020-03-15 17:33:14 DEBUG > Start LightGBM.predict
[0020] 2020-03-15 17:33:14 DEBUG > End   LightGBM.predict: [elapsed] >> 00:00:00
[0020] 2020-03-15 17:33:14 DEBUG > Start LightGBM.predict
[0020] 2020-03-15 17:33:14 DEBUG > End   LightGBM.predict: [elapsed] >> 00:00:00
[0020] 2020-03-15 17:33:14 DEBUG > Start BaseModel.save
[0020] 2020-03-15 17:33:14 DEBUG > End   BaseModel.save: [elapsed] >> 00:00:00
[0020] 2020-03-15 17:33:14 DEBUG > Start ModelFactory.create
[0020] 2020-03-15 17:33:14 DEBUG > Creating model lightgbm
[0020] 2020-03-15 17:33:14 DEBUG > Start LightGBM.__init__
[0020] 2020-03-15 17:33:14 DEBUG > End   LightGBM.__init__: [elapsed] >> 00:00:00
[0020] 2020-03-15 17:33:14 DEBUG > End   ModelFactory.create: [elapsed] >> 00:00:00
[0020] 2020-03-15 17:33:14 INFO  > Fold 5 withholding month 14
[0020] 2020-03-15 17:33:14 INFO  > rows of train= 503, rows of holdout= 88
[0020] 2020-03-15 17:33:14 DEBUG > Start LightGBM.train
[0020] 2020-03-15 17:33:15 DEBUG > End   LightGBM.train: [elapsed] >> 00:00:00
[0020] 2020-03-15 17:33:15 DEBUG > Start LightGBM.predict
[0020] 2020-03-15 17:33:15 DEBUG > End   LightGBM.predict: [elapsed] >> 00:00:00
[0020] 2020-03-15 17:33:15 DEBUG > Start LightGBM.predict
[0020] 2020-03-15 17:33:15 DEBUG > End   LightGBM.predict: [elapsed] >> 00:00:00
[0020] 2020-03-15 17:33:15 DEBUG > Start BaseModel.save
[0020] 2020-03-15 17:33:15 DEBUG > End   BaseModel.save: [elapsed] >> 00:00:00
[0020] 2020-03-15 17:33:15 DEBUG > Start ModelFactory.create
[0020] 2020-03-15 17:33:15 DEBUG > Creating model lightgbm
[0020] 2020-03-15 17:33:15 DEBUG > Start LightGBM.__init__
[0020] 2020-03-15 17:33:15 DEBUG > End   LightGBM.__init__: [elapsed] >> 00:00:00
[0020] 2020-03-15 17:33:15 DEBUG > End   ModelFactory.create: [elapsed] >> 00:00:00
[0020] 2020-03-15 17:33:15 INFO  > Fold 6 withholding month 16
[0020] 2020-03-15 17:33:15 INFO  > rows of train= 507, rows of holdout= 84
[0020] 2020-03-15 17:33:15 DEBUG > Start LightGBM.train
[0020] 2020-03-15 17:33:16 DEBUG > End   LightGBM.train: [elapsed] >> 00:00:00
[0020] 2020-03-15 17:33:16 DEBUG > Start LightGBM.predict
[0020] 2020-03-15 17:33:16 DEBUG > End   LightGBM.predict: [elapsed] >> 00:00:00
[0020] 2020-03-15 17:33:16 DEBUG > Start LightGBM.predict
[0020] 2020-03-15 17:33:17 DEBUG > End   LightGBM.predict: [elapsed] >> 00:00:00
[0020] 2020-03-15 17:33:17 DEBUG > Start BaseModel.save
[0020] 2020-03-15 17:33:17 DEBUG > End   BaseModel.save: [elapsed] >> 00:00:00
[0020] 2020-03-15 17:33:17 INFO  > Fold 6 OOF cv= 0.8402410346854792
[0020] 2020-03-15 17:33:19 DEBUG > Start ModelFactory.create
[0020] 2020-03-15 17:33:19 DEBUG > Creating model lightgbm
[0020] 2020-03-15 17:33:19 DEBUG > Start LightGBM.__init__
[0020] 2020-03-15 17:33:19 DEBUG > End   LightGBM.__init__: [elapsed] >> 00:00:00
[0020] 2020-03-15 17:33:19 DEBUG > End   ModelFactory.create: [elapsed] >> 00:00:00
[0020] 2020-03-15 17:33:19 INFO  > Fold 1 withholding month 12
[0020] 2020-03-15 17:33:19 INFO  > rows of train= 463, rows of holdout= 128
[0020] 2020-03-15 17:33:19 DEBUG > Start LightGBM.train
[0020] 2020-03-15 17:33:19 DEBUG > End   LightGBM.train: [elapsed] >> 00:00:00
[0020] 2020-03-15 17:33:19 DEBUG > Start LightGBM.predict
[0020] 2020-03-15 17:33:20 DEBUG > End   LightGBM.predict: [elapsed] >> 00:00:00
[0020] 2020-03-15 17:33:20 DEBUG > Start LightGBM.predict
[0020] 2020-03-15 17:33:20 DEBUG > End   LightGBM.predict: [elapsed] >> 00:00:00
[0020] 2020-03-15 17:33:20 DEBUG > Start BaseModel.save
[0020] 2020-03-15 17:33:20 DEBUG > End   BaseModel.save: [elapsed] >> 00:00:00
[0020] 2020-03-15 17:33:20 DEBUG > Start ModelFactory.create
[0020] 2020-03-15 17:33:20 DEBUG > Creating model lightgbm
[0020] 2020-03-15 17:33:20 DEBUG > Start LightGBM.__init__
[0020] 2020-03-15 17:33:20 DEBUG > End   LightGBM.__init__: [elapsed] >> 00:00:00
[0020] 2020-03-15 17:33:20 DEBUG > End   ModelFactory.create: [elapsed] >> 00:00:00
[0020] 2020-03-15 17:33:20 INFO  > Fold 2 withholding month 15
[0020] 2020-03-15 17:33:20 INFO  > rows of train= 482, rows of holdout= 109
[0020] 2020-03-15 17:33:20 DEBUG > Start LightGBM.train
[0020] 2020-03-15 17:33:21 DEBUG > End   LightGBM.train: [elapsed] >> 00:00:00
[0020] 2020-03-15 17:33:21 DEBUG > Start LightGBM.predict
[0020] 2020-03-15 17:33:21 DEBUG > End   LightGBM.predict: [elapsed] >> 00:00:00
[0020] 2020-03-15 17:33:21 DEBUG > Start LightGBM.predict
[0020] 2020-03-15 17:33:21 DEBUG > End   LightGBM.predict: [elapsed] >> 00:00:00
[0020] 2020-03-15 17:33:21 DEBUG > Start BaseModel.save
[0020] 2020-03-15 17:33:21 DEBUG > End   BaseModel.save: [elapsed] >> 00:00:00
[0020] 2020-03-15 17:33:21 DEBUG > Start ModelFactory.create
[0020] 2020-03-15 17:33:21 DEBUG > Creating model lightgbm
[0020] 2020-03-15 17:33:21 DEBUG > Start LightGBM.__init__
[0020] 2020-03-15 17:33:21 DEBUG > End   LightGBM.__init__: [elapsed] >> 00:00:00
[0020] 2020-03-15 17:33:21 DEBUG > End   ModelFactory.create: [elapsed] >> 00:00:00
[0020] 2020-03-15 17:33:21 INFO  > Fold 3 withholding month 13
[0020] 2020-03-15 17:33:21 INFO  > rows of train= 499, rows of holdout= 92
[0020] 2020-03-15 17:33:21 DEBUG > Start LightGBM.train
[0020] 2020-03-15 17:33:22 DEBUG > End   LightGBM.train: [elapsed] >> 00:00:00
[0020] 2020-03-15 17:33:22 DEBUG > Start LightGBM.predict
[0020] 2020-03-15 17:33:22 DEBUG > End   LightGBM.predict: [elapsed] >> 00:00:00
[0020] 2020-03-15 17:33:22 DEBUG > Start LightGBM.predict
[0020] 2020-03-15 17:33:22 DEBUG > End   LightGBM.predict: [elapsed] >> 00:00:00
[0020] 2020-03-15 17:33:22 DEBUG > Start BaseModel.save
[0020] 2020-03-15 17:33:22 DEBUG > End   BaseModel.save: [elapsed] >> 00:00:00
[0020] 2020-03-15 17:33:22 DEBUG > Start ModelFactory.create
[0020] 2020-03-15 17:33:22 DEBUG > Creating model lightgbm
[0020] 2020-03-15 17:33:22 DEBUG > Start LightGBM.__init__
[0020] 2020-03-15 17:33:22 DEBUG > End   LightGBM.__init__: [elapsed] >> 00:00:00
[0020] 2020-03-15 17:33:22 DEBUG > End   ModelFactory.create: [elapsed] >> 00:00:00
[0020] 2020-03-15 17:33:22 INFO  > Fold 4 withholding month 17
[0020] 2020-03-15 17:33:22 INFO  > rows of train= 501, rows of holdout= 90
[0020] 2020-03-15 17:33:22 DEBUG > Start LightGBM.train
[0020] 2020-03-15 17:33:23 DEBUG > End   LightGBM.train: [elapsed] >> 00:00:00
[0020] 2020-03-15 17:33:23 DEBUG > Start LightGBM.predict
[0020] 2020-03-15 17:33:23 DEBUG > End   LightGBM.predict: [elapsed] >> 00:00:00
[0020] 2020-03-15 17:33:23 DEBUG > Start LightGBM.predict
[0020] 2020-03-15 17:33:24 DEBUG > End   LightGBM.predict: [elapsed] >> 00:00:00
[0020] 2020-03-15 17:33:24 DEBUG > Start BaseModel.save
[0020] 2020-03-15 17:33:24 DEBUG > End   BaseModel.save: [elapsed] >> 00:00:00
[0020] 2020-03-15 17:33:24 DEBUG > Start ModelFactory.create
[0020] 2020-03-15 17:33:24 DEBUG > Creating model lightgbm
[0020] 2020-03-15 17:33:24 DEBUG > Start LightGBM.__init__
[0020] 2020-03-15 17:33:24 DEBUG > End   LightGBM.__init__: [elapsed] >> 00:00:00
[0020] 2020-03-15 17:33:24 DEBUG > End   ModelFactory.create: [elapsed] >> 00:00:00
[0020] 2020-03-15 17:33:24 INFO  > Fold 5 withholding month 14
[0020] 2020-03-15 17:33:24 INFO  > rows of train= 503, rows of holdout= 88
[0020] 2020-03-15 17:33:24 DEBUG > Start LightGBM.train
[0020] 2020-03-15 17:33:24 DEBUG > End   LightGBM.train: [elapsed] >> 00:00:00
[0020] 2020-03-15 17:33:24 DEBUG > Start LightGBM.predict
[0020] 2020-03-15 17:33:25 DEBUG > End   LightGBM.predict: [elapsed] >> 00:00:00
[0020] 2020-03-15 17:33:25 DEBUG > Start LightGBM.predict
[0020] 2020-03-15 17:33:25 DEBUG > End   LightGBM.predict: [elapsed] >> 00:00:00
[0020] 2020-03-15 17:33:25 DEBUG > Start BaseModel.save
[0020] 2020-03-15 17:33:25 DEBUG > End   BaseModel.save: [elapsed] >> 00:00:00
[0020] 2020-03-15 17:33:25 DEBUG > Start ModelFactory.create
[0020] 2020-03-15 17:33:25 DEBUG > Creating model lightgbm
[0020] 2020-03-15 17:33:25 DEBUG > Start LightGBM.__init__
[0020] 2020-03-15 17:33:25 DEBUG > End   LightGBM.__init__: [elapsed] >> 00:00:00
[0020] 2020-03-15 17:33:25 DEBUG > End   ModelFactory.create: [elapsed] >> 00:00:00
[0020] 2020-03-15 17:33:25 INFO  > Fold 6 withholding month 16
[0020] 2020-03-15 17:33:25 INFO  > rows of train= 507, rows of holdout= 84
[0020] 2020-03-15 17:33:25 DEBUG > Start LightGBM.train
[0020] 2020-03-15 17:33:26 DEBUG > End   LightGBM.train: [elapsed] >> 00:00:00
[0020] 2020-03-15 17:33:26 DEBUG > Start LightGBM.predict
[0020] 2020-03-15 17:33:26 DEBUG > End   LightGBM.predict: [elapsed] >> 00:00:00
[0020] 2020-03-15 17:33:26 DEBUG > Start LightGBM.predict
[0020] 2020-03-15 17:33:26 DEBUG > End   LightGBM.predict: [elapsed] >> 00:00:00
[0020] 2020-03-15 17:33:26 DEBUG > Start BaseModel.save
[0020] 2020-03-15 17:33:26 DEBUG > End   BaseModel.save: [elapsed] >> 00:00:00
[0020] 2020-03-15 17:33:26 INFO  > Fold 6 OOF cv= 0.8324882422104645
[0020] 2020-03-15 17:34:03 DEBUG > Best trial: 99
[0020] 2020-03-15 17:34:03 DEBUG > Best score: 0.8408656672545561
[0020] 2020-03-15 17:34:03 DEBUG > Best params: {'bagging_fraction': 0.7842158074480768, 'feature_fraction': 0.45287216627256877, 'max_depth': 6, 'min_child_weight': 0.16033719804068472, 'min_data_in_leaf': 84, 'reg_alpha': 0.010898181240653492, 'reg_lambda': 0.01849027398424937}
[0020] 2020-03-15 17:34:03 INFO  > End   Tune hyper params: [elapsed] >> 00:02:11
[0020] 2020-03-15 17:34:03 INFO  > End   main: [elapsed] >> 00:02:18
[0020] 2020-03-15 17:34:03 INFO  > :sunglasses: Finished experiment 0020.small
