[0017] 2020-03-08 23:40:21 INFO  > :thinking_face: Starting experiment 0017_lightgbm.small
[0017] 2020-03-08 23:40:21 INFO  > Options indicated: Namespace(nomsg=True, seed=42, small=True, version='0017')
[0017] 2020-03-08 23:40:21 INFO  > Start main
[0017] 2020-03-08 23:40:21 INFO  > Start Preprocess
[0017] 2020-03-08 23:40:26 DEBUG > Loaded feature cdeotte
[0017] 2020-03-08 23:40:27 DEBUG > train.shape: (591, 292), test.shape: (507, 291)
[0017] 2020-03-08 23:40:27 INFO  > End   Preprocess: [elapsed] >> 00:00:06
[0017] 2020-03-08 23:40:27 INFO  > Start Tune hyper params
[0017] 2020-03-08 23:40:28 DEBUG > Start ModelFactory.create
[0017] 2020-03-08 23:40:28 DEBUG > Creating model lightgbm
[0017] 2020-03-08 23:40:28 DEBUG > Start LightGBM.__init__
[0017] 2020-03-08 23:40:28 DEBUG > End   LightGBM.__init__: [elapsed] >> 00:00:00
[0017] 2020-03-08 23:40:28 DEBUG > End   ModelFactory.create: [elapsed] >> 00:00:00
[0017] 2020-03-08 23:40:28 INFO  > Fold 1 withholding month 12
[0017] 2020-03-08 23:40:28 INFO  > rows of train= 463, rows of holdout= 128
[0017] 2020-03-08 23:40:28 DEBUG > Start LightGBM.train
[0017] 2020-03-08 23:40:30 DEBUG > End   LightGBM.train: [elapsed] >> 00:00:01
[0017] 2020-03-08 23:40:30 DEBUG > Start LightGBM.predict
[0017] 2020-03-08 23:40:30 DEBUG > End   LightGBM.predict: [elapsed] >> 00:00:00
[0017] 2020-03-08 23:40:30 DEBUG > Start LightGBM.predict
[0017] 2020-03-08 23:40:30 DEBUG > End   LightGBM.predict: [elapsed] >> 00:00:00
[0017] 2020-03-08 23:40:30 DEBUG > Start BaseModel.save
[0017] 2020-03-08 23:40:30 DEBUG > End   BaseModel.save: [elapsed] >> 00:00:00
[0017] 2020-03-08 23:40:30 DEBUG > Start ModelFactory.create
[0017] 2020-03-08 23:40:30 DEBUG > Creating model lightgbm
[0017] 2020-03-08 23:40:30 DEBUG > Start LightGBM.__init__
[0017] 2020-03-08 23:40:30 DEBUG > End   LightGBM.__init__: [elapsed] >> 00:00:00
[0017] 2020-03-08 23:40:30 DEBUG > End   ModelFactory.create: [elapsed] >> 00:00:00
[0017] 2020-03-08 23:40:30 INFO  > Fold 2 withholding month 15
[0017] 2020-03-08 23:40:30 INFO  > rows of train= 482, rows of holdout= 109
[0017] 2020-03-08 23:40:30 DEBUG > Start LightGBM.train
[0017] 2020-03-08 23:40:31 DEBUG > End   LightGBM.train: [elapsed] >> 00:00:01
[0017] 2020-03-08 23:40:31 DEBUG > Start LightGBM.predict
[0017] 2020-03-08 23:40:32 DEBUG > End   LightGBM.predict: [elapsed] >> 00:00:00
[0017] 2020-03-08 23:40:32 DEBUG > Start LightGBM.predict
[0017] 2020-03-08 23:40:32 DEBUG > End   LightGBM.predict: [elapsed] >> 00:00:00
[0017] 2020-03-08 23:40:32 DEBUG > Start BaseModel.save
[0017] 2020-03-08 23:40:32 DEBUG > End   BaseModel.save: [elapsed] >> 00:00:00
[0017] 2020-03-08 23:40:32 DEBUG > Start ModelFactory.create
[0017] 2020-03-08 23:40:32 DEBUG > Creating model lightgbm
[0017] 2020-03-08 23:40:32 DEBUG > Start LightGBM.__init__
[0017] 2020-03-08 23:40:32 DEBUG > End   LightGBM.__init__: [elapsed] >> 00:00:00
[0017] 2020-03-08 23:40:32 DEBUG > End   ModelFactory.create: [elapsed] >> 00:00:00
[0017] 2020-03-08 23:40:32 INFO  > Fold 3 withholding month 13
[0017] 2020-03-08 23:40:32 INFO  > rows of train= 499, rows of holdout= 92
[0017] 2020-03-08 23:40:32 DEBUG > Start LightGBM.train
[0017] 2020-03-08 23:40:33 DEBUG > End   LightGBM.train: [elapsed] >> 00:00:01
[0017] 2020-03-08 23:40:33 DEBUG > Start LightGBM.predict
[0017] 2020-03-08 23:40:33 DEBUG > End   LightGBM.predict: [elapsed] >> 00:00:00
[0017] 2020-03-08 23:40:33 DEBUG > Start LightGBM.predict
[0017] 2020-03-08 23:40:33 DEBUG > End   LightGBM.predict: [elapsed] >> 00:00:00
[0017] 2020-03-08 23:40:33 DEBUG > Start BaseModel.save
[0017] 2020-03-08 23:40:34 DEBUG > End   BaseModel.save: [elapsed] >> 00:00:00
[0017] 2020-03-08 23:40:34 DEBUG > Start ModelFactory.create
[0017] 2020-03-08 23:40:34 DEBUG > Creating model lightgbm
[0017] 2020-03-08 23:40:34 DEBUG > Start LightGBM.__init__
[0017] 2020-03-08 23:40:34 DEBUG > End   LightGBM.__init__: [elapsed] >> 00:00:00
[0017] 2020-03-08 23:40:34 DEBUG > End   ModelFactory.create: [elapsed] >> 00:00:00
[0017] 2020-03-08 23:40:34 INFO  > Fold 4 withholding month 17
[0017] 2020-03-08 23:40:34 INFO  > rows of train= 501, rows of holdout= 90
[0017] 2020-03-08 23:40:34 DEBUG > Start LightGBM.train
[0017] 2020-03-08 23:40:35 DEBUG > End   LightGBM.train: [elapsed] >> 00:00:01
[0017] 2020-03-08 23:40:35 DEBUG > Start LightGBM.predict
[0017] 2020-03-08 23:40:35 DEBUG > End   LightGBM.predict: [elapsed] >> 00:00:00
[0017] 2020-03-08 23:40:35 DEBUG > Start LightGBM.predict
[0017] 2020-03-08 23:40:35 DEBUG > End   LightGBM.predict: [elapsed] >> 00:00:00
[0017] 2020-03-08 23:40:35 DEBUG > Start BaseModel.save
[0017] 2020-03-08 23:40:35 DEBUG > End   BaseModel.save: [elapsed] >> 00:00:00
[0017] 2020-03-08 23:40:35 DEBUG > Start ModelFactory.create
[0017] 2020-03-08 23:40:35 DEBUG > Creating model lightgbm
[0017] 2020-03-08 23:40:35 DEBUG > Start LightGBM.__init__
[0017] 2020-03-08 23:40:35 DEBUG > End   LightGBM.__init__: [elapsed] >> 00:00:00
[0017] 2020-03-08 23:40:35 DEBUG > End   ModelFactory.create: [elapsed] >> 00:00:00
[0017] 2020-03-08 23:40:35 INFO  > Fold 5 withholding month 14
[0017] 2020-03-08 23:40:35 INFO  > rows of train= 503, rows of holdout= 88
[0017] 2020-03-08 23:40:35 DEBUG > Start LightGBM.train
[0017] 2020-03-08 23:40:37 DEBUG > End   LightGBM.train: [elapsed] >> 00:00:01
[0017] 2020-03-08 23:40:37 DEBUG > Start LightGBM.predict
[0017] 2020-03-08 23:40:37 DEBUG > End   LightGBM.predict: [elapsed] >> 00:00:00
[0017] 2020-03-08 23:40:37 DEBUG > Start LightGBM.predict
[0017] 2020-03-08 23:40:37 DEBUG > End   LightGBM.predict: [elapsed] >> 00:00:00
[0017] 2020-03-08 23:40:37 DEBUG > Start BaseModel.save
[0017] 2020-03-08 23:40:37 DEBUG > End   BaseModel.save: [elapsed] >> 00:00:00
[0017] 2020-03-08 23:40:37 DEBUG > Start ModelFactory.create
[0017] 2020-03-08 23:40:37 DEBUG > Creating model lightgbm
[0017] 2020-03-08 23:40:37 DEBUG > Start LightGBM.__init__
[0017] 2020-03-08 23:40:37 DEBUG > End   LightGBM.__init__: [elapsed] >> 00:00:00
[0017] 2020-03-08 23:40:37 DEBUG > End   ModelFactory.create: [elapsed] >> 00:00:00
[0017] 2020-03-08 23:40:37 INFO  > Fold 6 withholding month 16
[0017] 2020-03-08 23:40:37 INFO  > rows of train= 507, rows of holdout= 84
[0017] 2020-03-08 23:40:37 DEBUG > Start LightGBM.train
[0017] 2020-03-08 23:40:38 DEBUG > End   LightGBM.train: [elapsed] >> 00:00:01
[0017] 2020-03-08 23:40:38 DEBUG > Start LightGBM.predict
[0017] 2020-03-08 23:40:38 DEBUG > End   LightGBM.predict: [elapsed] >> 00:00:00
[0017] 2020-03-08 23:40:38 DEBUG > Start LightGBM.predict
[0017] 2020-03-08 23:40:39 DEBUG > End   LightGBM.predict: [elapsed] >> 00:00:00
[0017] 2020-03-08 23:40:39 DEBUG > Start BaseModel.save
[0017] 2020-03-08 23:40:39 DEBUG > End   BaseModel.save: [elapsed] >> 00:00:00
[0017] 2020-03-08 23:40:39 INFO  > Fold 6 OOF cv= 0.5073853615520283
[0017] 2020-03-08 23:40:39 DEBUG > Start ModelFactory.create
[0017] 2020-03-08 23:40:39 DEBUG > Creating model lightgbm
[0017] 2020-03-08 23:40:39 DEBUG > Start LightGBM.__init__
[0017] 2020-03-08 23:40:39 DEBUG > End   LightGBM.__init__: [elapsed] >> 00:00:00
[0017] 2020-03-08 23:40:39 DEBUG > End   ModelFactory.create: [elapsed] >> 00:00:00
[0017] 2020-03-08 23:40:39 INFO  > Fold 1 withholding month 12
[0017] 2020-03-08 23:40:39 INFO  > rows of train= 463, rows of holdout= 128
[0017] 2020-03-08 23:40:39 DEBUG > Start LightGBM.train
[0017] 2020-03-08 23:40:42 DEBUG > End   LightGBM.train: [elapsed] >> 00:00:03
[0017] 2020-03-08 23:40:43 DEBUG > Start LightGBM.predict
[0017] 2020-03-08 23:40:43 DEBUG > End   LightGBM.predict: [elapsed] >> 00:00:00
[0017] 2020-03-08 23:40:43 DEBUG > Start LightGBM.predict
[0017] 2020-03-08 23:40:43 DEBUG > End   LightGBM.predict: [elapsed] >> 00:00:00
[0017] 2020-03-08 23:40:43 DEBUG > Start BaseModel.save
[0017] 2020-03-08 23:40:43 DEBUG > End   BaseModel.save: [elapsed] >> 00:00:00
[0017] 2020-03-08 23:40:43 DEBUG > Start ModelFactory.create
[0017] 2020-03-08 23:40:43 DEBUG > Creating model lightgbm
[0017] 2020-03-08 23:40:43 DEBUG > Start LightGBM.__init__
[0017] 2020-03-08 23:40:43 DEBUG > End   LightGBM.__init__: [elapsed] >> 00:00:00
[0017] 2020-03-08 23:40:43 DEBUG > End   ModelFactory.create: [elapsed] >> 00:00:00
[0017] 2020-03-08 23:40:43 INFO  > Fold 2 withholding month 15
[0017] 2020-03-08 23:40:43 INFO  > rows of train= 482, rows of holdout= 109
[0017] 2020-03-08 23:40:43 DEBUG > Start LightGBM.train
[0017] 2020-03-08 23:40:46 DEBUG > End   LightGBM.train: [elapsed] >> 00:00:02
[0017] 2020-03-08 23:40:46 DEBUG > Start LightGBM.predict
[0017] 2020-03-08 23:40:46 DEBUG > End   LightGBM.predict: [elapsed] >> 00:00:00
[0017] 2020-03-08 23:40:46 DEBUG > Start LightGBM.predict
[0017] 2020-03-08 23:40:46 DEBUG > End   LightGBM.predict: [elapsed] >> 00:00:00
[0017] 2020-03-08 23:40:46 DEBUG > Start BaseModel.save
[0017] 2020-03-08 23:40:46 DEBUG > End   BaseModel.save: [elapsed] >> 00:00:00
[0017] 2020-03-08 23:40:46 DEBUG > Start ModelFactory.create
[0017] 2020-03-08 23:40:46 DEBUG > Creating model lightgbm
[0017] 2020-03-08 23:40:46 DEBUG > Start LightGBM.__init__
[0017] 2020-03-08 23:40:46 DEBUG > End   LightGBM.__init__: [elapsed] >> 00:00:00
[0017] 2020-03-08 23:40:46 DEBUG > End   ModelFactory.create: [elapsed] >> 00:00:00
[0017] 2020-03-08 23:40:46 INFO  > Fold 3 withholding month 13
[0017] 2020-03-08 23:40:46 INFO  > rows of train= 499, rows of holdout= 92
[0017] 2020-03-08 23:40:46 DEBUG > Start LightGBM.train
[0017] 2020-03-08 23:40:49 DEBUG > End   LightGBM.train: [elapsed] >> 00:00:02
[0017] 2020-03-08 23:40:49 DEBUG > Start LightGBM.predict
[0017] 2020-03-08 23:40:49 DEBUG > End   LightGBM.predict: [elapsed] >> 00:00:00
[0017] 2020-03-08 23:40:49 DEBUG > Start LightGBM.predict
[0017] 2020-03-08 23:40:49 DEBUG > End   LightGBM.predict: [elapsed] >> 00:00:00
[0017] 2020-03-08 23:40:49 DEBUG > Start BaseModel.save
[0017] 2020-03-08 23:40:49 DEBUG > End   BaseModel.save: [elapsed] >> 00:00:00
[0017] 2020-03-08 23:40:49 DEBUG > Start ModelFactory.create
[0017] 2020-03-08 23:40:49 DEBUG > Creating model lightgbm
[0017] 2020-03-08 23:40:49 DEBUG > Start LightGBM.__init__
[0017] 2020-03-08 23:40:49 DEBUG > End   LightGBM.__init__: [elapsed] >> 00:00:00
[0017] 2020-03-08 23:40:49 DEBUG > End   ModelFactory.create: [elapsed] >> 00:00:00
[0017] 2020-03-08 23:40:49 INFO  > Fold 4 withholding month 17
[0017] 2020-03-08 23:40:49 INFO  > rows of train= 501, rows of holdout= 90
[0017] 2020-03-08 23:40:49 DEBUG > Start LightGBM.train
[0017] 2020-03-08 23:40:52 DEBUG > End   LightGBM.train: [elapsed] >> 00:00:02
[0017] 2020-03-08 23:40:52 DEBUG > Start LightGBM.predict
[0017] 2020-03-08 23:40:52 DEBUG > End   LightGBM.predict: [elapsed] >> 00:00:00
[0017] 2020-03-08 23:40:52 DEBUG > Start LightGBM.predict
[0017] 2020-03-08 23:40:52 DEBUG > End   LightGBM.predict: [elapsed] >> 00:00:00
[0017] 2020-03-08 23:40:52 DEBUG > Start BaseModel.save
[0017] 2020-03-08 23:40:52 DEBUG > End   BaseModel.save: [elapsed] >> 00:00:00
[0017] 2020-03-08 23:40:52 DEBUG > Start ModelFactory.create
[0017] 2020-03-08 23:40:52 DEBUG > Creating model lightgbm
[0017] 2020-03-08 23:40:52 DEBUG > Start LightGBM.__init__
[0017] 2020-03-08 23:40:52 DEBUG > End   LightGBM.__init__: [elapsed] >> 00:00:00
[0017] 2020-03-08 23:40:52 DEBUG > End   ModelFactory.create: [elapsed] >> 00:00:00
[0017] 2020-03-08 23:40:52 INFO  > Fold 5 withholding month 14
[0017] 2020-03-08 23:40:52 INFO  > rows of train= 503, rows of holdout= 88
[0017] 2020-03-08 23:40:52 DEBUG > Start LightGBM.train
[0017] 2020-03-08 23:40:54 DEBUG > End   LightGBM.train: [elapsed] >> 00:00:02
[0017] 2020-03-08 23:40:54 DEBUG > Start LightGBM.predict
[0017] 2020-03-08 23:40:54 DEBUG > End   LightGBM.predict: [elapsed] >> 00:00:00
[0017] 2020-03-08 23:40:54 DEBUG > Start LightGBM.predict
[0017] 2020-03-08 23:40:55 DEBUG > End   LightGBM.predict: [elapsed] >> 00:00:00
[0017] 2020-03-08 23:40:55 DEBUG > Start BaseModel.save
[0017] 2020-03-08 23:40:55 DEBUG > End   BaseModel.save: [elapsed] >> 00:00:00
[0017] 2020-03-08 23:40:55 DEBUG > Start ModelFactory.create
[0017] 2020-03-08 23:40:55 DEBUG > Creating model lightgbm
[0017] 2020-03-08 23:40:55 DEBUG > Start LightGBM.__init__
[0017] 2020-03-08 23:40:55 DEBUG > End   LightGBM.__init__: [elapsed] >> 00:00:00
[0017] 2020-03-08 23:40:55 DEBUG > End   ModelFactory.create: [elapsed] >> 00:00:00
[0017] 2020-03-08 23:40:55 INFO  > Fold 6 withholding month 16
[0017] 2020-03-08 23:40:55 INFO  > rows of train= 507, rows of holdout= 84
[0017] 2020-03-08 23:40:55 DEBUG > Start LightGBM.train
[0017] 2020-03-08 23:40:57 DEBUG > End   LightGBM.train: [elapsed] >> 00:00:02
[0017] 2020-03-08 23:40:57 DEBUG > Start LightGBM.predict
[0017] 2020-03-08 23:40:58 DEBUG > End   LightGBM.predict: [elapsed] >> 00:00:00
[0017] 2020-03-08 23:40:58 DEBUG > Start LightGBM.predict
[0017] 2020-03-08 23:40:58 DEBUG > End   LightGBM.predict: [elapsed] >> 00:00:00
[0017] 2020-03-08 23:40:58 DEBUG > Start BaseModel.save
[0017] 2020-03-08 23:40:58 DEBUG > End   BaseModel.save: [elapsed] >> 00:00:00
[0017] 2020-03-08 23:40:58 INFO  > Fold 6 OOF cv= 0.7034832451499117
[0017] 2020-03-08 23:40:58 DEBUG > Best trial: 10
[0017] 2020-03-08 23:40:58 DEBUG > Best score: 0.7627498530276308
[0017] 2020-03-08 23:40:58 DEBUG > Best params: {'max_depth': 7, 'min_child_weight': 0.005377953170214886, 'min_data_in_leaf': 159, 'reg_alpha': 0.06699540120140125, 'reg_lambda': 0.4514916662266483}
[0017] 2020-03-08 23:40:58 INFO  > End   Tune hyper params: [elapsed] >> 00:00:30
[0017] 2020-03-08 23:40:58 INFO  > End   main: [elapsed] >> 00:00:37
[0017] 2020-03-08 23:40:58 INFO  > :sunglasses: Finished experiment 0017.small
